[35m[1mScanning dependencies of target gtest[0m
[35m[1mScanning dependencies of target gtest_main[0m
[35m[1mScanning dependencies of target nav2_lifecycle_manager_core[0m
[  9%] [32mBuilding CXX object gtest/CMakeFiles/gtest_main.dir/src/gtest_main.cc.o[0m
[ 18%] [32mBuilding CXX object gtest/CMakeFiles/gtest.dir/src/gtest-all.cc.o[0m
[ 27%] [32mBuilding CXX object CMakeFiles/nav2_lifecycle_manager_core.dir/src/lifecycle_manager.cpp.o[0m
[ 36%] [32mBuilding CXX object CMakeFiles/nav2_lifecycle_manager_core.dir/src/lifecycle_manager_client.cpp.o[0m
[ 45%] [32m[1mLinking CXX static library libgtest_main.a[0m
[ 45%] Built target gtest_main
[ 54%] [32m[1mLinking CXX shared library libnav2_lifecycle_manager_core.so[0m
[ 54%] Built target nav2_lifecycle_manager_core
[35m[1mScanning dependencies of target lifecycle_manager[0m
[ 63%] [32mBuilding CXX object CMakeFiles/lifecycle_manager.dir/src/main.cpp.o[0m
[ 72%] [32m[1mLinking CXX executable lifecycle_manager[0m
[ 72%] Built target lifecycle_manager
[ 81%] [32m[1mLinking CXX static library libgtest.a[0m
[ 81%] Built target gtest
[35m[1mScanning dependencies of target test_lifecycle_gtest[0m
[ 90%] [32mBuilding CXX object test/CMakeFiles/test_lifecycle_gtest.dir/test_lifecycle_manager.cpp.o[0m
[100%] [32m[1mLinking CXX executable test_lifecycle_gtest[0m
[100%] Built target test_lifecycle_gtest
