[0.039s] Invoking command in '/home/propp/Independent_Study/ros_workspace/build/nav2_lifecycle_manager': AMENT_PREFIX_PATH=/home/propp/Independent_Study/ros_workspace/install/nav2_util:/home/propp/Independent_Study/ros_workspace/install/nav2_msgs:/home/propp/Independent_Study/ros_workspace/install/nav2_common:${AMENT_PREFIX_PATH} CMAKE_PREFIX_PATH=/home/propp/Independent_Study/ros_workspace/install/nav2_util:/home/propp/Independent_Study/ros_workspace/install/nav2_msgs:/home/propp/Independent_Study/ros_workspace/install/nav2_common:${CMAKE_PREFIX_PATH} LD_LIBRARY_PATH=/home/propp/Independent_Study/ros_workspace/install/nav2_util/lib:/home/propp/Independent_Study/ros_workspace/install/nav2_msgs/lib:${LD_LIBRARY_PATH} PYTHONPATH=/home/propp/Independent_Study/ros_workspace/install/nav2_msgs/lib/python3.8/site-packages:/home/propp/Independent_Study/ros_workspace/install/nav2_common/lib/python3.8/site-packages:${PYTHONPATH} /usr/bin/cmake --build /home/propp/Independent_Study/ros_workspace/build/nav2_lifecycle_manager -- -j12 -l12
[0.080s] [35m[1mScanning dependencies of target gtest[0m
[0.081s] [35m[1mScanning dependencies of target gtest_main[0m
[0.082s] [35m[1mScanning dependencies of target nav2_lifecycle_manager_core[0m
[0.095s] [  9%] [32mBuilding CXX object gtest/CMakeFiles/gtest_main.dir/src/gtest_main.cc.o[0m
[0.115s] [ 18%] [32mBuilding CXX object gtest/CMakeFiles/gtest.dir/src/gtest-all.cc.o[0m
[0.167s] [ 27%] [32mBuilding CXX object CMakeFiles/nav2_lifecycle_manager_core.dir/src/lifecycle_manager.cpp.o[0m
[0.185s] [ 36%] [32mBuilding CXX object CMakeFiles/nav2_lifecycle_manager_core.dir/src/lifecycle_manager_client.cpp.o[0m
[1.111s] [ 45%] [32m[1mLinking CXX static library libgtest_main.a[0m
[1.303s] [ 45%] Built target gtest_main
[5.276s] [ 54%] [32m[1mLinking CXX shared library libnav2_lifecycle_manager_core.so[0m
[5.492s] [ 54%] Built target nav2_lifecycle_manager_core
[5.504s] [35m[1mScanning dependencies of target lifecycle_manager[0m
[5.554s] [ 63%] [32mBuilding CXX object CMakeFiles/lifecycle_manager.dir/src/main.cpp.o[0m
[7.858s] [ 72%] [32m[1mLinking CXX executable lifecycle_manager[0m
[8.101s] [ 72%] Built target lifecycle_manager
[9.259s] [ 81%] [32m[1mLinking CXX static library libgtest.a[0m
[9.301s] [ 81%] Built target gtest
[9.314s] [35m[1mScanning dependencies of target test_lifecycle_gtest[0m
[9.380s] [ 90%] [32mBuilding CXX object test/CMakeFiles/test_lifecycle_gtest.dir/test_lifecycle_manager.cpp.o[0m
[12.291s] [100%] [32m[1mLinking CXX executable test_lifecycle_gtest[0m
[12.524s] [100%] Built target test_lifecycle_gtest
