-- Found geometry_msgs: 2.0.3 (/home/propp/ros2_foxy/ros2-linux/share/geometry_msgs/cmake)
-- Found PythonInterp: /usr/bin/python3 (found suitable version "3.8.5", minimum required is "3") 
-- Using PYTHON_EXECUTABLE: /usr/bin/python3
-- Override CMake install command with custom implementation using symlinks instead of copying resources
-- Using all available rosidl_typesupport_c: rosidl_typesupport_connext_c;rosidl_typesupport_fastrtps_c;rosidl_typesupport_introspection_c
-- Found rosidl_adapter: 1.1.0 (/home/propp/ros2_foxy/ros2-linux/share/rosidl_adapter/cmake)
-- Found ament_cmake: 0.9.7 (/home/propp/ros2_foxy/ros2-linux/share/ament_cmake/cmake)
-- Found RTI Connext: /opt/rti.com/rti_connext_dds-5.3.1
-- Using all available rosidl_typesupport_cpp: rosidl_typesupport_connext_cpp;rosidl_typesupport_fastrtps_cpp;rosidl_typesupport_introspection_cpp
-- Found rosidl_default_generators: 1.0.0 (/home/propp/ros2_foxy/ros2-linux/share/rosidl_default_generators/cmake)
-- Found PythonInterp: /usr/bin/python3 (found version "3.8.5") 
-- Found ament_cmake_ros: 0.9.0 (/home/propp/ros2_foxy/ros2-linux/share/ament_cmake_ros/cmake)
-- Using all available rosidl_typesupport_c: rosidl_typesupport_connext_c;rosidl_typesupport_fastrtps_c;rosidl_typesupport_introspection_c
-- Using all available rosidl_typesupport_cpp: rosidl_typesupport_connext_cpp;rosidl_typesupport_fastrtps_cpp;rosidl_typesupport_introspection_cpp
-- Found PythonInterp: /usr/bin/python3 (found suitable version "3.8.5", minimum required is "3.5") 
-- Found python_cmake_module: 0.8.0 (/home/propp/ros2_foxy/ros2-linux/share/python_cmake_module/cmake)
-- Using PYTHON_EXECUTABLE: /usr/bin/python3
-- Using PYTHON_INCLUDE_DIRS: /usr/include/python3.8
-- Using PYTHON_LIBRARIES: /usr/lib/x86_64-linux-gnu/libpython3.8.so
-- Configuring done
-- Generating done
-- Build files have been written to: /home/propp/Independent_Study/ros_workspace/build/nav_2d_msgs
[  0%] Built target nav_2d_msgs__cpp
[  1%] Built target nav_2d_msgs__dds_connext_idl
[  7%] Built target nav_2d_msgs__rosidl_generator_c
[ 14%] Built target nav_2d_msgs__rosidl_typesupport_introspection_cpp
[ 21%] Built target nav_2d_msgs__rosidl_typesupport_cpp
[ 27%] Built target nav_2d_msgs__rosidl_typesupport_introspection_c
[ 34%] Built target nav_2d_msgs__rosidl_typesupport_fastrtps_cpp
[ 41%] Built target nav_2d_msgs__rosidl_typesupport_c
[ 47%] Built target nav_2d_msgs__rosidl_typesupport_fastrtps_c
[ 68%] Built target nav_2d_msgs__rosidl_typesupport_connext_cpp
[ 90%] Built target nav_2d_msgs__rosidl_typesupport_connext_c
[ 90%] Built target nav_2d_msgs
[ 91%] Built target nav_2d_msgs__py
[ 96%] Built target nav_2d_msgs__python
[ 97%] Built target nav_2d_msgs__rosidl_typesupport_fastrtps_c__pyext
[ 98%] Built target nav_2d_msgs__rosidl_typesupport_introspection_c__pyext
[ 99%] Built target nav_2d_msgs__rosidl_typesupport_c__pyext
[100%] Built target nav_2d_msgs__rosidl_typesupport_connext_c__pyext
-- Install configuration: ""
-- Execute custom install script
-- Up-to-date symlink: /home/propp/Independent_Study/ros_workspace/install/nav_2d_msgs/share/ament_index/resource_index/rosidl_interfaces/nav_2d_msgs
-- Up-to-date symlink: /home/propp/Independent_Study/ros_workspace/install/nav_2d_msgs/include/nav_2d_msgs/msg/detail/path2_d__functions.h
-- Up-to-date symlink: /home/propp/Independent_Study/ros_workspace/install/nav_2d_msgs/include/nav_2d_msgs/msg/detail/path2_d__struct.h
-- Up-to-date symlink: /home/propp/Independent_Study/ros_workspace/install/nav_2d_msgs/include/nav_2d_msgs/msg/detail/path2_d__type_support.h
-- Up-to-date symlink: /home/propp/Independent_Study/ros_workspace/install/nav_2d_msgs/include/nav_2d_msgs/msg/detail/pose2_d32__functions.h
-- Up-to-date symlink: /home/propp/Independent_Study/ros_workspace/install/nav_2d_msgs/include/nav_2d_msgs/msg/detail/pose2_d32__struct.h
-- Up-to-date symlink: /home/propp/Independent_Study/ros_workspace/install/nav_2d_msgs/include/nav_2d_msgs/msg/detail/pose2_d32__type_support.h
-- Up-to-date symlink: /home/propp/Independent_Study/ros_workspace/install/nav_2d_msgs/include/nav_2d_msgs/msg/detail/pose2_d_stamped__functions.h
-- Up-to-date symlink: /home/propp/Independent_Study/ros_workspace/install/nav_2d_msgs/include/nav_2d_msgs/msg/detail/pose2_d_stamped__struct.h
-- Up-to-date symlink: /home/propp/Independent_Study/ros_workspace/install/nav_2d_msgs/include/nav_2d_msgs/msg/detail/pose2_d_stamped__type_support.h
-- Up-to-date symlink: /home/propp/Independent_Study/ros_workspace/install/nav_2d_msgs/include/nav_2d_msgs/msg/detail/twist2_d32__functions.h
-- Up-to-date symlink: /home/propp/Independent_Study/ros_workspace/install/nav_2d_msgs/include/nav_2d_msgs/msg/detail/twist2_d32__struct.h
-- Up-to-date symlink: /home/propp/Independent_Study/ros_workspace/install/nav_2d_msgs/include/nav_2d_msgs/msg/detail/twist2_d32__type_support.h
-- Up-to-date symlink: /home/propp/Independent_Study/ros_workspace/install/nav_2d_msgs/include/nav_2d_msgs/msg/detail/twist2_d__functions.h
-- Up-to-date symlink: /home/propp/Independent_Study/ros_workspace/install/nav_2d_msgs/include/nav_2d_msgs/msg/detail/twist2_d__struct.h
-- Up-to-date symlink: /home/propp/Independent_Study/ros_workspace/install/nav_2d_msgs/include/nav_2d_msgs/msg/detail/twist2_d__type_support.h
-- Up-to-date symlink: /home/propp/Independent_Study/ros_workspace/install/nav_2d_msgs/include/nav_2d_msgs/msg/detail/twist2_d_stamped__functions.h
-- Up-to-date symlink: /home/propp/Independent_Study/ros_workspace/install/nav_2d_msgs/include/nav_2d_msgs/msg/detail/twist2_d_stamped__struct.h
-- Up-to-date symlink: /home/propp/Independent_Study/ros_workspace/install/nav_2d_msgs/include/nav_2d_msgs/msg/detail/twist2_d_stamped__type_support.h
-- Up-to-date symlink: /home/propp/Independent_Study/ros_workspace/install/nav_2d_msgs/include/nav_2d_msgs/msg/path2_d.h
-- Up-to-date symlink: /home/propp/Independent_Study/ros_workspace/install/nav_2d_msgs/include/nav_2d_msgs/msg/pose2_d32.h
-- Up-to-date symlink: /home/propp/Independent_Study/ros_workspace/install/nav_2d_msgs/include/nav_2d_msgs/msg/pose2_d_stamped.h
-- Up-to-date symlink: /home/propp/Independent_Study/ros_workspace/install/nav_2d_msgs/include/nav_2d_msgs/msg/rosidl_generator_c__visibility_control.h
-- Up-to-date symlink: /home/propp/Independent_Study/ros_workspace/install/nav_2d_msgs/include/nav_2d_msgs/msg/twist2_d.h
-- Up-to-date symlink: /home/propp/Independent_Study/ros_workspace/install/nav_2d_msgs/include/nav_2d_msgs/msg/twist2_d32.h
-- Up-to-date symlink: /home/propp/Independent_Study/ros_workspace/install/nav_2d_msgs/include/nav_2d_msgs/msg/twist2_d_stamped.h
-- Up-to-date symlink: /home/propp/Independent_Study/ros_workspace/install/nav_2d_msgs/share/nav_2d_msgs/environment/library_path.sh
-- Up-to-date symlink: /home/propp/Independent_Study/ros_workspace/install/nav_2d_msgs/share/nav_2d_msgs/environment/library_path.dsv
-- Up-to-date symlink: /home/propp/Independent_Study/ros_workspace/install/nav_2d_msgs/include/nav_2d_msgs/msg/path2_d__rosidl_typesupport_connext_c.h
-- Up-to-date symlink: /home/propp/Independent_Study/ros_workspace/install/nav_2d_msgs/include/nav_2d_msgs/msg/pose2_d32__rosidl_typesupport_connext_c.h
-- Up-to-date symlink: /home/propp/Independent_Study/ros_workspace/install/nav_2d_msgs/include/nav_2d_msgs/msg/pose2_d_stamped__rosidl_typesupport_connext_c.h
-- Up-to-date symlink: /home/propp/Independent_Study/ros_workspace/install/nav_2d_msgs/include/nav_2d_msgs/msg/rosidl_typesupport_connext_c__visibility_control.h
-- Up-to-date symlink: /home/propp/Independent_Study/ros_workspace/install/nav_2d_msgs/include/nav_2d_msgs/msg/twist2_d32__rosidl_typesupport_connext_c.h
-- Up-to-date symlink: /home/propp/Independent_Study/ros_workspace/install/nav_2d_msgs/include/nav_2d_msgs/msg/twist2_d__rosidl_typesupport_connext_c.h
-- Up-to-date symlink: /home/propp/Independent_Study/ros_workspace/install/nav_2d_msgs/include/nav_2d_msgs/msg/twist2_d_stamped__rosidl_typesupport_connext_c.h
-- Up-to-date symlink: /home/propp/Independent_Study/ros_workspace/install/nav_2d_msgs/lib/libnav_2d_msgs__rosidl_typesupport_connext_c.so
-- Up-to-date symlink: /home/propp/Independent_Study/ros_workspace/install/nav_2d_msgs/share/nav_2d_msgs/msg/dds_connext/Path2D_.idl
-- Up-to-date symlink: /home/propp/Independent_Study/ros_workspace/install/nav_2d_msgs/share/nav_2d_msgs/msg/dds_connext/Pose2D32_.idl
-- Up-to-date symlink: /home/propp/Independent_Study/ros_workspace/install/nav_2d_msgs/share/nav_2d_msgs/msg/dds_connext/Pose2DStamped_.idl
-- Up-to-date symlink: /home/propp/Independent_Study/ros_workspace/install/nav_2d_msgs/share/nav_2d_msgs/msg/dds_connext/Twist2D32_.idl
-- Up-to-date symlink: /home/propp/Independent_Study/ros_workspace/install/nav_2d_msgs/share/nav_2d_msgs/msg/dds_connext/Twist2DStamped_.idl
-- Up-to-date symlink: /home/propp/Independent_Study/ros_workspace/install/nav_2d_msgs/share/nav_2d_msgs/msg/dds_connext/Twist2D_.idl
-- Up-to-date symlink: /home/propp/Independent_Study/ros_workspace/install/nav_2d_msgs/include/nav_2d_msgs/msg/dds_connext/Path2D_.cxx
-- Up-to-date symlink: /home/propp/Independent_Study/ros_workspace/install/nav_2d_msgs/include/nav_2d_msgs/msg/dds_connext/Path2D_.h
-- Up-to-date symlink: /home/propp/Independent_Study/ros_workspace/install/nav_2d_msgs/include/nav_2d_msgs/msg/dds_connext/Path2D_Plugin.cxx
-- Up-to-date symlink: /home/propp/Independent_Study/ros_workspace/install/nav_2d_msgs/include/nav_2d_msgs/msg/dds_connext/Path2D_Plugin.h
-- Up-to-date symlink: /home/propp/Independent_Study/ros_workspace/install/nav_2d_msgs/include/nav_2d_msgs/msg/dds_connext/Path2D_Support.cxx
-- Up-to-date symlink: /home/propp/Independent_Study/ros_workspace/install/nav_2d_msgs/include/nav_2d_msgs/msg/dds_connext/Path2D_Support.h
-- Up-to-date symlink: /home/propp/Independent_Study/ros_workspace/install/nav_2d_msgs/include/nav_2d_msgs/msg/dds_connext/Pose2D32_.cxx
-- Up-to-date symlink: /home/propp/Independent_Study/ros_workspace/install/nav_2d_msgs/include/nav_2d_msgs/msg/dds_connext/Pose2D32_.h
-- Up-to-date symlink: /home/propp/Independent_Study/ros_workspace/install/nav_2d_msgs/include/nav_2d_msgs/msg/dds_connext/Pose2D32_Plugin.cxx
-- Up-to-date symlink: /home/propp/Independent_Study/ros_workspace/install/nav_2d_msgs/include/nav_2d_msgs/msg/dds_connext/Pose2D32_Plugin.h
-- Up-to-date symlink: /home/propp/Independent_Study/ros_workspace/install/nav_2d_msgs/include/nav_2d_msgs/msg/dds_connext/Pose2D32_Support.cxx
-- Up-to-date symlink: /home/propp/Independent_Study/ros_workspace/install/nav_2d_msgs/include/nav_2d_msgs/msg/dds_connext/Pose2D32_Support.h
-- Up-to-date symlink: /home/propp/Independent_Study/ros_workspace/install/nav_2d_msgs/include/nav_2d_msgs/msg/dds_connext/Pose2DStamped_.cxx
-- Up-to-date symlink: /home/propp/Independent_Study/ros_workspace/install/nav_2d_msgs/include/nav_2d_msgs/msg/dds_connext/Pose2DStamped_.h
-- Up-to-date symlink: /home/propp/Independent_Study/ros_workspace/install/nav_2d_msgs/include/nav_2d_msgs/msg/dds_connext/Pose2DStamped_Plugin.cxx
-- Up-to-date symlink: /home/propp/Independent_Study/ros_workspace/install/nav_2d_msgs/include/nav_2d_msgs/msg/dds_connext/Pose2DStamped_Plugin.h
-- Up-to-date symlink: /home/propp/Independent_Study/ros_workspace/install/nav_2d_msgs/include/nav_2d_msgs/msg/dds_connext/Pose2DStamped_Support.cxx
-- Up-to-date symlink: /home/propp/Independent_Study/ros_workspace/install/nav_2d_msgs/include/nav_2d_msgs/msg/dds_connext/Pose2DStamped_Support.h
-- Up-to-date symlink: /home/propp/Independent_Study/ros_workspace/install/nav_2d_msgs/include/nav_2d_msgs/msg/dds_connext/Twist2D32_.cxx
-- Up-to-date symlink: /home/propp/Independent_Study/ros_workspace/install/nav_2d_msgs/include/nav_2d_msgs/msg/dds_connext/Twist2D32_.h
-- Up-to-date symlink: /home/propp/Independent_Study/ros_workspace/install/nav_2d_msgs/include/nav_2d_msgs/msg/dds_connext/Twist2D32_Plugin.cxx
-- Up-to-date symlink: /home/propp/Independent_Study/ros_workspace/install/nav_2d_msgs/include/nav_2d_msgs/msg/dds_connext/Twist2D32_Plugin.h
-- Up-to-date symlink: /home/propp/Independent_Study/ros_workspace/install/nav_2d_msgs/include/nav_2d_msgs/msg/dds_connext/Twist2D32_Support.cxx
-- Up-to-date symlink: /home/propp/Independent_Study/ros_workspace/install/nav_2d_msgs/include/nav_2d_msgs/msg/dds_connext/Twist2D32_Support.h
-- Up-to-date symlink: /home/propp/Independent_Study/ros_workspace/install/nav_2d_msgs/include/nav_2d_msgs/msg/dds_connext/Twist2DStamped_.cxx
-- Up-to-date symlink: /home/propp/Independent_Study/ros_workspace/install/nav_2d_msgs/include/nav_2d_msgs/msg/dds_connext/Twist2DStamped_.h
-- Up-to-date symlink: /home/propp/Independent_Study/ros_workspace/install/nav_2d_msgs/include/nav_2d_msgs/msg/dds_connext/Twist2DStamped_Plugin.cxx
-- Up-to-date symlink: /home/propp/Independent_Study/ros_workspace/install/nav_2d_msgs/include/nav_2d_msgs/msg/dds_connext/Twist2DStamped_Plugin.h
-- Up-to-date symlink: /home/propp/Independent_Study/ros_workspace/install/nav_2d_msgs/include/nav_2d_msgs/msg/dds_connext/Twist2DStamped_Support.cxx
-- Up-to-date symlink: /home/propp/Independent_Study/ros_workspace/install/nav_2d_msgs/include/nav_2d_msgs/msg/dds_connext/Twist2DStamped_Support.h
-- Up-to-date symlink: /home/propp/Independent_Study/ros_workspace/install/nav_2d_msgs/include/nav_2d_msgs/msg/dds_connext/Twist2D_.cxx
-- Up-to-date symlink: /home/propp/Independent_Study/ros_workspace/install/nav_2d_msgs/include/nav_2d_msgs/msg/dds_connext/Twist2D_.h
-- Up-to-date symlink: /home/propp/Independent_Study/ros_workspace/install/nav_2d_msgs/include/nav_2d_msgs/msg/dds_connext/Twist2D_Plugin.cxx
-- Up-to-date symlink: /home/propp/Independent_Study/ros_workspace/install/nav_2d_msgs/include/nav_2d_msgs/msg/dds_connext/Twist2D_Plugin.h
-- Up-to-date symlink: /home/propp/Independent_Study/ros_workspace/install/nav_2d_msgs/include/nav_2d_msgs/msg/dds_connext/Twist2D_Support.cxx
-- Up-to-date symlink: /home/propp/Independent_Study/ros_workspace/install/nav_2d_msgs/include/nav_2d_msgs/msg/dds_connext/Twist2D_Support.h
-- Up-to-date symlink: /home/propp/Independent_Study/ros_workspace/install/nav_2d_msgs/include/nav_2d_msgs/msg/path2_d__rosidl_typesupport_connext_cpp.hpp
-- Up-to-date symlink: /home/propp/Independent_Study/ros_workspace/install/nav_2d_msgs/include/nav_2d_msgs/msg/pose2_d32__rosidl_typesupport_connext_cpp.hpp
-- Up-to-date symlink: /home/propp/Independent_Study/ros_workspace/install/nav_2d_msgs/include/nav_2d_msgs/msg/pose2_d_stamped__rosidl_typesupport_connext_cpp.hpp
-- Up-to-date symlink: /home/propp/Independent_Study/ros_workspace/install/nav_2d_msgs/include/nav_2d_msgs/msg/rosidl_typesupport_connext_cpp__visibility_control.h
-- Up-to-date symlink: /home/propp/Independent_Study/ros_workspace/install/nav_2d_msgs/include/nav_2d_msgs/msg/twist2_d32__rosidl_typesupport_connext_cpp.hpp
-- Up-to-date symlink: /home/propp/Independent_Study/ros_workspace/install/nav_2d_msgs/include/nav_2d_msgs/msg/twist2_d__rosidl_typesupport_connext_cpp.hpp
-- Up-to-date symlink: /home/propp/Independent_Study/ros_workspace/install/nav_2d_msgs/include/nav_2d_msgs/msg/twist2_d_stamped__rosidl_typesupport_connext_cpp.hpp
-- Up-to-date symlink: /home/propp/Independent_Study/ros_workspace/install/nav_2d_msgs/lib/libnav_2d_msgs__rosidl_typesupport_connext_cpp.so
-- Up-to-date symlink: /home/propp/Independent_Study/ros_workspace/install/nav_2d_msgs/include/nav_2d_msgs/msg/detail/path2_d__rosidl_typesupport_fastrtps_c.h
-- Up-to-date symlink: /home/propp/Independent_Study/ros_workspace/install/nav_2d_msgs/include/nav_2d_msgs/msg/detail/pose2_d32__rosidl_typesupport_fastrtps_c.h
-- Up-to-date symlink: /home/propp/Independent_Study/ros_workspace/install/nav_2d_msgs/include/nav_2d_msgs/msg/detail/pose2_d_stamped__rosidl_typesupport_fastrtps_c.h
-- Up-to-date symlink: /home/propp/Independent_Study/ros_workspace/install/nav_2d_msgs/include/nav_2d_msgs/msg/detail/twist2_d32__rosidl_typesupport_fastrtps_c.h
-- Up-to-date symlink: /home/propp/Independent_Study/ros_workspace/install/nav_2d_msgs/include/nav_2d_msgs/msg/detail/twist2_d__rosidl_typesupport_fastrtps_c.h
-- Up-to-date symlink: /home/propp/Independent_Study/ros_workspace/install/nav_2d_msgs/include/nav_2d_msgs/msg/detail/twist2_d_stamped__rosidl_typesupport_fastrtps_c.h
-- Up-to-date symlink: /home/propp/Independent_Study/ros_workspace/install/nav_2d_msgs/include/nav_2d_msgs/msg/rosidl_typesupport_fastrtps_c__visibility_control.h
-- Up-to-date symlink: /home/propp/Independent_Study/ros_workspace/install/nav_2d_msgs/lib/libnav_2d_msgs__rosidl_typesupport_fastrtps_c.so
-- Up-to-date symlink: /home/propp/Independent_Study/ros_workspace/install/nav_2d_msgs/include/nav_2d_msgs/msg/detail/path2_d__rosidl_typesupport_fastrtps_cpp.hpp
-- Up-to-date symlink: /home/propp/Independent_Study/ros_workspace/install/nav_2d_msgs/include/nav_2d_msgs/msg/detail/pose2_d32__rosidl_typesupport_fastrtps_cpp.hpp
-- Up-to-date symlink: /home/propp/Independent_Study/ros_workspace/install/nav_2d_msgs/include/nav_2d_msgs/msg/detail/pose2_d_stamped__rosidl_typesupport_fastrtps_cpp.hpp
-- Up-to-date symlink: /home/propp/Independent_Study/ros_workspace/install/nav_2d_msgs/include/nav_2d_msgs/msg/detail/twist2_d32__rosidl_typesupport_fastrtps_cpp.hpp
-- Up-to-date symlink: /home/propp/Independent_Study/ros_workspace/install/nav_2d_msgs/include/nav_2d_msgs/msg/detail/twist2_d__rosidl_typesupport_fastrtps_cpp.hpp
-- Up-to-date symlink: /home/propp/Independent_Study/ros_workspace/install/nav_2d_msgs/include/nav_2d_msgs/msg/detail/twist2_d_stamped__rosidl_typesupport_fastrtps_cpp.hpp
-- Up-to-date symlink: /home/propp/Independent_Study/ros_workspace/install/nav_2d_msgs/include/nav_2d_msgs/msg/rosidl_typesupport_fastrtps_cpp__visibility_control.h
-- Up-to-date symlink: /home/propp/Independent_Study/ros_workspace/install/nav_2d_msgs/lib/libnav_2d_msgs__rosidl_typesupport_fastrtps_cpp.so
-- Up-to-date symlink: /home/propp/Independent_Study/ros_workspace/install/nav_2d_msgs/include/nav_2d_msgs/msg/detail/path2_d__rosidl_typesupport_introspection_c.h
-- Up-to-date symlink: /home/propp/Independent_Study/ros_workspace/install/nav_2d_msgs/include/nav_2d_msgs/msg/detail/pose2_d32__rosidl_typesupport_introspection_c.h
-- Up-to-date symlink: /home/propp/Independent_Study/ros_workspace/install/nav_2d_msgs/include/nav_2d_msgs/msg/detail/pose2_d_stamped__rosidl_typesupport_introspection_c.h
-- Up-to-date symlink: /home/propp/Independent_Study/ros_workspace/install/nav_2d_msgs/include/nav_2d_msgs/msg/detail/twist2_d32__rosidl_typesupport_introspection_c.h
-- Up-to-date symlink: /home/propp/Independent_Study/ros_workspace/install/nav_2d_msgs/include/nav_2d_msgs/msg/detail/twist2_d__rosidl_typesupport_introspection_c.h
-- Up-to-date symlink: /home/propp/Independent_Study/ros_workspace/install/nav_2d_msgs/include/nav_2d_msgs/msg/detail/twist2_d_stamped__rosidl_typesupport_introspection_c.h
-- Up-to-date symlink: /home/propp/Independent_Study/ros_workspace/install/nav_2d_msgs/include/nav_2d_msgs/msg/rosidl_typesupport_introspection_c__visibility_control.h
-- Up-to-date symlink: /home/propp/Independent_Study/ros_workspace/install/nav_2d_msgs/include/nav_2d_msgs/msg/detail/path2_d__builder.hpp
-- Up-to-date symlink: /home/propp/Independent_Study/ros_workspace/install/nav_2d_msgs/include/nav_2d_msgs/msg/detail/path2_d__struct.hpp
-- Up-to-date symlink: /home/propp/Independent_Study/ros_workspace/install/nav_2d_msgs/include/nav_2d_msgs/msg/detail/path2_d__traits.hpp
-- Up-to-date symlink: /home/propp/Independent_Study/ros_workspace/install/nav_2d_msgs/include/nav_2d_msgs/msg/detail/pose2_d32__builder.hpp
-- Up-to-date symlink: /home/propp/Independent_Study/ros_workspace/install/nav_2d_msgs/include/nav_2d_msgs/msg/detail/pose2_d32__struct.hpp
-- Up-to-date symlink: /home/propp/Independent_Study/ros_workspace/install/nav_2d_msgs/include/nav_2d_msgs/msg/detail/pose2_d32__traits.hpp
-- Up-to-date symlink: /home/propp/Independent_Study/ros_workspace/install/nav_2d_msgs/include/nav_2d_msgs/msg/detail/pose2_d_stamped__builder.hpp
-- Up-to-date symlink: /home/propp/Independent_Study/ros_workspace/install/nav_2d_msgs/include/nav_2d_msgs/msg/detail/pose2_d_stamped__struct.hpp
-- Up-to-date symlink: /home/propp/Independent_Study/ros_workspace/install/nav_2d_msgs/include/nav_2d_msgs/msg/detail/pose2_d_stamped__traits.hpp
-- Up-to-date symlink: /home/propp/Independent_Study/ros_workspace/install/nav_2d_msgs/include/nav_2d_msgs/msg/detail/twist2_d32__builder.hpp
-- Up-to-date symlink: /home/propp/Independent_Study/ros_workspace/install/nav_2d_msgs/include/nav_2d_msgs/msg/detail/twist2_d32__struct.hpp
-- Up-to-date symlink: /home/propp/Independent_Study/ros_workspace/install/nav_2d_msgs/include/nav_2d_msgs/msg/detail/twist2_d32__traits.hpp
-- Up-to-date symlink: /home/propp/Independent_Study/ros_workspace/install/nav_2d_msgs/include/nav_2d_msgs/msg/detail/twist2_d__builder.hpp
-- Up-to-date symlink: /home/propp/Independent_Study/ros_workspace/install/nav_2d_msgs/include/nav_2d_msgs/msg/detail/twist2_d__struct.hpp
-- Up-to-date symlink: /home/propp/Independent_Study/ros_workspace/install/nav_2d_msgs/include/nav_2d_msgs/msg/detail/twist2_d__traits.hpp
-- Up-to-date symlink: /home/propp/Independent_Study/ros_workspace/install/nav_2d_msgs/include/nav_2d_msgs/msg/detail/twist2_d_stamped__builder.hpp
-- Up-to-date symlink: /home/propp/Independent_Study/ros_workspace/install/nav_2d_msgs/include/nav_2d_msgs/msg/detail/twist2_d_stamped__struct.hpp
-- Up-to-date symlink: /home/propp/Independent_Study/ros_workspace/install/nav_2d_msgs/include/nav_2d_msgs/msg/detail/twist2_d_stamped__traits.hpp
-- Up-to-date symlink: /home/propp/Independent_Study/ros_workspace/install/nav_2d_msgs/include/nav_2d_msgs/msg/path2_d.hpp
-- Up-to-date symlink: /home/propp/Independent_Study/ros_workspace/install/nav_2d_msgs/include/nav_2d_msgs/msg/pose2_d32.hpp
-- Up-to-date symlink: /home/propp/Independent_Study/ros_workspace/install/nav_2d_msgs/include/nav_2d_msgs/msg/pose2_d_stamped.hpp
-- Up-to-date symlink: /home/propp/Independent_Study/ros_workspace/install/nav_2d_msgs/include/nav_2d_msgs/msg/twist2_d.hpp
-- Up-to-date symlink: /home/propp/Independent_Study/ros_workspace/install/nav_2d_msgs/include/nav_2d_msgs/msg/twist2_d32.hpp
-- Up-to-date symlink: /home/propp/Independent_Study/ros_workspace/install/nav_2d_msgs/include/nav_2d_msgs/msg/twist2_d_stamped.hpp
-- Up-to-date symlink: /home/propp/Independent_Study/ros_workspace/install/nav_2d_msgs/include/nav_2d_msgs/msg/detail/path2_d__rosidl_typesupport_introspection_cpp.hpp
-- Up-to-date symlink: /home/propp/Independent_Study/ros_workspace/install/nav_2d_msgs/include/nav_2d_msgs/msg/detail/pose2_d32__rosidl_typesupport_introspection_cpp.hpp
-- Up-to-date symlink: /home/propp/Independent_Study/ros_workspace/install/nav_2d_msgs/include/nav_2d_msgs/msg/detail/pose2_d_stamped__rosidl_typesupport_introspection_cpp.hpp
-- Up-to-date symlink: /home/propp/Independent_Study/ros_workspace/install/nav_2d_msgs/include/nav_2d_msgs/msg/detail/twist2_d32__rosidl_typesupport_introspection_cpp.hpp
-- Up-to-date symlink: /home/propp/Independent_Study/ros_workspace/install/nav_2d_msgs/include/nav_2d_msgs/msg/detail/twist2_d__rosidl_typesupport_introspection_cpp.hpp
-- Up-to-date symlink: /home/propp/Independent_Study/ros_workspace/install/nav_2d_msgs/include/nav_2d_msgs/msg/detail/twist2_d_stamped__rosidl_typesupport_introspection_cpp.hpp
-- Up-to-date symlink: /home/propp/Independent_Study/ros_workspace/install/nav_2d_msgs/share/nav_2d_msgs/environment/pythonpath.sh
-- Up-to-date symlink: /home/propp/Independent_Study/ros_workspace/install/nav_2d_msgs/share/nav_2d_msgs/environment/pythonpath.dsv
-- Up-to-date symlink: /home/propp/Independent_Study/ros_workspace/install/nav_2d_msgs/lib/python3.8/site-packages/nav_2d_msgs/__init__.py
-- Up-to-date symlink: /home/propp/Independent_Study/ros_workspace/install/nav_2d_msgs/lib/python3.8/site-packages/nav_2d_msgs/msg/__init__.py
-- Up-to-date symlink: /home/propp/Independent_Study/ros_workspace/install/nav_2d_msgs/lib/python3.8/site-packages/nav_2d_msgs/msg/_path2_d.py
-- Up-to-date symlink: /home/propp/Independent_Study/ros_workspace/install/nav_2d_msgs/lib/python3.8/site-packages/nav_2d_msgs/msg/_pose2_d32.py
-- Up-to-date symlink: /home/propp/Independent_Study/ros_workspace/install/nav_2d_msgs/lib/python3.8/site-packages/nav_2d_msgs/msg/_pose2_d_stamped.py
-- Up-to-date symlink: /home/propp/Independent_Study/ros_workspace/install/nav_2d_msgs/lib/python3.8/site-packages/nav_2d_msgs/msg/_twist2_d.py
-- Up-to-date symlink: /home/propp/Independent_Study/ros_workspace/install/nav_2d_msgs/lib/python3.8/site-packages/nav_2d_msgs/msg/_twist2_d32.py
-- Up-to-date symlink: /home/propp/Independent_Study/ros_workspace/install/nav_2d_msgs/lib/python3.8/site-packages/nav_2d_msgs/msg/_twist2_d_stamped.py
-- Up-to-date symlink: /home/propp/Independent_Study/ros_workspace/install/nav_2d_msgs/lib/python3.8/site-packages/nav_2d_msgs/nav_2d_msgs_s__rosidl_typesupport_connext_c.cpython-38-x86_64-linux-gnu.so
-- Up-to-date symlink: /home/propp/Independent_Study/ros_workspace/install/nav_2d_msgs/lib/python3.8/site-packages/nav_2d_msgs/nav_2d_msgs_s__rosidl_typesupport_fastrtps_c.cpython-38-x86_64-linux-gnu.so
-- Up-to-date symlink: /home/propp/Independent_Study/ros_workspace/install/nav_2d_msgs/lib/python3.8/site-packages/nav_2d_msgs/nav_2d_msgs_s__rosidl_typesupport_introspection_c.cpython-38-x86_64-linux-gnu.so
-- Up-to-date symlink: /home/propp/Independent_Study/ros_workspace/install/nav_2d_msgs/lib/python3.8/site-packages/nav_2d_msgs/nav_2d_msgs_s__rosidl_typesupport_c.cpython-38-x86_64-linux-gnu.so
-- Up-to-date symlink: /home/propp/Independent_Study/ros_workspace/install/nav_2d_msgs/lib/libnav_2d_msgs__python.so
-- Up-to-date symlink: /home/propp/Independent_Study/ros_workspace/install/nav_2d_msgs/share/nav_2d_msgs/msg/Path2D.idl
-- Up-to-date symlink: /home/propp/Independent_Study/ros_workspace/install/nav_2d_msgs/share/nav_2d_msgs/msg/Pose2D32.idl
-- Up-to-date symlink: /home/propp/Independent_Study/ros_workspace/install/nav_2d_msgs/share/nav_2d_msgs/msg/Pose2DStamped.idl
-- Up-to-date symlink: /home/propp/Independent_Study/ros_workspace/install/nav_2d_msgs/share/nav_2d_msgs/msg/Twist2D.idl
-- Up-to-date symlink: /home/propp/Independent_Study/ros_workspace/install/nav_2d_msgs/share/nav_2d_msgs/msg/Twist2D32.idl
-- Up-to-date symlink: /home/propp/Independent_Study/ros_workspace/install/nav_2d_msgs/share/nav_2d_msgs/msg/Twist2DStamped.idl
-- Up-to-date symlink: /home/propp/Independent_Study/ros_workspace/install/nav_2d_msgs/share/nav_2d_msgs/msg/Path2D.msg
-- Up-to-date symlink: /home/propp/Independent_Study/ros_workspace/install/nav_2d_msgs/share/nav_2d_msgs/msg/Pose2D32.msg
-- Up-to-date symlink: /home/propp/Independent_Study/ros_workspace/install/nav_2d_msgs/share/nav_2d_msgs/msg/Pose2DStamped.msg
-- Up-to-date symlink: /home/propp/Independent_Study/ros_workspace/install/nav_2d_msgs/share/nav_2d_msgs/msg/Twist2D.msg
-- Up-to-date symlink: /home/propp/Independent_Study/ros_workspace/install/nav_2d_msgs/share/nav_2d_msgs/msg/Twist2D32.msg
-- Up-to-date symlink: /home/propp/Independent_Study/ros_workspace/install/nav_2d_msgs/share/nav_2d_msgs/msg/Twist2DStamped.msg
-- Up-to-date symlink: /home/propp/Independent_Study/ros_workspace/install/nav_2d_msgs/share/ament_index/resource_index/package_run_dependencies/nav_2d_msgs
-- Up-to-date symlink: /home/propp/Independent_Study/ros_workspace/install/nav_2d_msgs/share/ament_index/resource_index/parent_prefix_path/nav_2d_msgs
-- Up-to-date symlink: /home/propp/Independent_Study/ros_workspace/install/nav_2d_msgs/share/nav_2d_msgs/environment/ament_prefix_path.sh
-- Up-to-date symlink: /home/propp/Independent_Study/ros_workspace/install/nav_2d_msgs/share/nav_2d_msgs/environment/ament_prefix_path.dsv
-- Up-to-date symlink: /home/propp/Independent_Study/ros_workspace/install/nav_2d_msgs/share/nav_2d_msgs/environment/path.sh
-- Up-to-date symlink: /home/propp/Independent_Study/ros_workspace/install/nav_2d_msgs/share/nav_2d_msgs/environment/path.dsv
-- Up-to-date symlink: /home/propp/Independent_Study/ros_workspace/install/nav_2d_msgs/share/nav_2d_msgs/local_setup.bash
-- Up-to-date symlink: /home/propp/Independent_Study/ros_workspace/install/nav_2d_msgs/share/nav_2d_msgs/local_setup.sh
-- Up-to-date symlink: /home/propp/Independent_Study/ros_workspace/install/nav_2d_msgs/share/nav_2d_msgs/local_setup.zsh
-- Up-to-date symlink: /home/propp/Independent_Study/ros_workspace/install/nav_2d_msgs/share/nav_2d_msgs/local_setup.dsv
-- Symlinking: /home/propp/Independent_Study/ros_workspace/install/nav_2d_msgs/share/nav_2d_msgs/package.dsv
-- Up-to-date symlink: /home/propp/Independent_Study/ros_workspace/install/nav_2d_msgs/share/ament_index/resource_index/packages/nav_2d_msgs
-- Up-to-date symlink: /home/propp/Independent_Study/ros_workspace/install/nav_2d_msgs/share/nav_2d_msgs/cmake/rosidl_cmake-extras.cmake
-- Up-to-date symlink: /home/propp/Independent_Study/ros_workspace/install/nav_2d_msgs/share/nav_2d_msgs/cmake/ament_cmake_export_dependencies-extras.cmake
-- Up-to-date symlink: /home/propp/Independent_Study/ros_workspace/install/nav_2d_msgs/share/nav_2d_msgs/cmake/ament_cmake_export_libraries-extras.cmake
-- Up-to-date symlink: /home/propp/Independent_Study/ros_workspace/install/nav_2d_msgs/share/nav_2d_msgs/cmake/ament_cmake_export_targets-extras.cmake
-- Up-to-date symlink: /home/propp/Independent_Study/ros_workspace/install/nav_2d_msgs/share/nav_2d_msgs/cmake/ament_cmake_export_include_directories-extras.cmake
-- Up-to-date symlink: /home/propp/Independent_Study/ros_workspace/install/nav_2d_msgs/share/nav_2d_msgs/cmake/rosidl_cmake_export_typesupport_libraries-extras.cmake
-- Up-to-date symlink: /home/propp/Independent_Study/ros_workspace/install/nav_2d_msgs/share/nav_2d_msgs/cmake/rosidl_cmake_export_typesupport_targets-extras.cmake
-- Up-to-date symlink: /home/propp/Independent_Study/ros_workspace/install/nav_2d_msgs/share/nav_2d_msgs/cmake/nav_2d_msgsConfig.cmake
-- Up-to-date symlink: /home/propp/Independent_Study/ros_workspace/install/nav_2d_msgs/share/nav_2d_msgs/cmake/nav_2d_msgsConfig-version.cmake
-- Up-to-date symlink: /home/propp/Independent_Study/ros_workspace/install/nav_2d_msgs/share/nav_2d_msgs/package.xml
-- Up-to-date: /home/propp/Independent_Study/ros_workspace/install/nav_2d_msgs/lib/libnav_2d_msgs__rosidl_generator_c.so
-- Up-to-date: /home/propp/Independent_Study/ros_workspace/install/nav_2d_msgs/lib/libnav_2d_msgs__rosidl_typesupport_introspection_c.so
-- Up-to-date: /home/propp/Independent_Study/ros_workspace/install/nav_2d_msgs/lib/libnav_2d_msgs__rosidl_typesupport_c.so
-- Up-to-date: /home/propp/Independent_Study/ros_workspace/install/nav_2d_msgs/lib/libnav_2d_msgs__rosidl_typesupport_introspection_cpp.so
-- Up-to-date: /home/propp/Independent_Study/ros_workspace/install/nav_2d_msgs/lib/libnav_2d_msgs__rosidl_typesupport_cpp.so
Compiling '/home/propp/Independent_Study/ros_workspace/install/nav_2d_msgs/lib/python3.8/site-packages/nav_2d_msgs/__init__.py'...
-- Up-to-date: /home/propp/Independent_Study/ros_workspace/install/nav_2d_msgs/share/nav_2d_msgs/cmake/nav_2d_msgs__rosidl_generator_cExport.cmake
-- Installing: /home/propp/Independent_Study/ros_workspace/install/nav_2d_msgs/share/nav_2d_msgs/cmake/nav_2d_msgs__rosidl_generator_cExport-noconfig.cmake
-- Up-to-date: /home/propp/Independent_Study/ros_workspace/install/nav_2d_msgs/share/nav_2d_msgs/cmake/nav_2d_msgs__rosidl_typesupport_introspection_cExport.cmake
-- Installing: /home/propp/Independent_Study/ros_workspace/install/nav_2d_msgs/share/nav_2d_msgs/cmake/nav_2d_msgs__rosidl_typesupport_introspection_cExport-noconfig.cmake
-- Up-to-date: /home/propp/Independent_Study/ros_workspace/install/nav_2d_msgs/share/nav_2d_msgs/cmake/nav_2d_msgs__rosidl_typesupport_cExport.cmake
-- Installing: /home/propp/Independent_Study/ros_workspace/install/nav_2d_msgs/share/nav_2d_msgs/cmake/nav_2d_msgs__rosidl_typesupport_cExport-noconfig.cmake
-- Up-to-date: /home/propp/Independent_Study/ros_workspace/install/nav_2d_msgs/share/nav_2d_msgs/cmake/nav_2d_msgs__rosidl_generator_cppExport.cmake
-- Up-to-date: /home/propp/Independent_Study/ros_workspace/install/nav_2d_msgs/share/nav_2d_msgs/cmake/nav_2d_msgs__rosidl_typesupport_introspection_cppExport.cmake
-- Installing: /home/propp/Independent_Study/ros_workspace/install/nav_2d_msgs/share/nav_2d_msgs/cmake/nav_2d_msgs__rosidl_typesupport_introspection_cppExport-noconfig.cmake
-- Up-to-date: /home/propp/Independent_Study/ros_workspace/install/nav_2d_msgs/share/nav_2d_msgs/cmake/nav_2d_msgs__rosidl_typesupport_cppExport.cmake
-- Installing: /home/propp/Independent_Study/ros_workspace/install/nav_2d_msgs/share/nav_2d_msgs/cmake/nav_2d_msgs__rosidl_typesupport_cppExport-noconfig.cmake
