[0.028s] Invoking command in '/home/propp/Independent_Study/ros_workspace/build/nav_2d_msgs': /usr/bin/cmake --build /home/propp/Independent_Study/ros_workspace/build/nav_2d_msgs -- -j12 -l12
[0.235s] [  1%] Built target nav_2d_msgs__dds_connext_idl
[0.235s] [  7%] Built target nav_2d_msgs__rosidl_generator_c
[0.235s] [  7%] Built target nav_2d_msgs__cpp
[0.235s] [ 14%] Built target nav_2d_msgs__rosidl_typesupport_c
[0.235s] [ 21%] Built target nav_2d_msgs__rosidl_typesupport_cpp
[0.236s] [ 27%] Built target nav_2d_msgs__rosidl_typesupport_introspection_c
[0.236s] [ 34%] Built target nav_2d_msgs__rosidl_typesupport_introspection_cpp
[0.236s] [ 41%] Built target nav_2d_msgs__rosidl_typesupport_fastrtps_cpp
[0.237s] [ 47%] Built target nav_2d_msgs__rosidl_typesupport_fastrtps_c
[0.238s] [ 68%] Built target nav_2d_msgs__rosidl_typesupport_connext_cpp
[0.238s] [ 90%] Built target nav_2d_msgs__rosidl_typesupport_connext_c
[0.246s] [ 90%] Built target nav_2d_msgs
[0.263s] [ 91%] Built target nav_2d_msgs__py
[0.296s] [ 96%] Built target nav_2d_msgs__python
[0.323s] [ 97%] Built target nav_2d_msgs__rosidl_typesupport_connext_c__pyext
[0.329s] [ 99%] Built target nav_2d_msgs__rosidl_typesupport_introspection_c__pyext
[0.330s] [ 99%] Built target nav_2d_msgs__rosidl_typesupport_c__pyext
[0.330s] [100%] Built target nav_2d_msgs__rosidl_typesupport_fastrtps_c__pyext
[0.348s] Invoked command in '/home/propp/Independent_Study/ros_workspace/build/nav_2d_msgs' returned '0': /usr/bin/cmake --build /home/propp/Independent_Study/ros_workspace/build/nav_2d_msgs -- -j12 -l12
[0.550s] Invoking command in '/home/propp/Independent_Study/ros_workspace/build/nav_2d_msgs': /usr/bin/cmake --install /home/propp/Independent_Study/ros_workspace/build/nav_2d_msgs
[0.558s] -- Install configuration: ""
[0.559s] -- Execute custom install script
[0.559s] -- Up-to-date symlink: /home/propp/Independent_Study/ros_workspace/install/nav_2d_msgs/share/ament_index/resource_index/rosidl_interfaces/nav_2d_msgs
[0.560s] -- Up-to-date symlink: /home/propp/Independent_Study/ros_workspace/install/nav_2d_msgs/include/nav_2d_msgs/msg/detail/path2_d__functions.h
[0.560s] -- Up-to-date symlink: /home/propp/Independent_Study/ros_workspace/install/nav_2d_msgs/include/nav_2d_msgs/msg/detail/path2_d__struct.h
[0.560s] -- Up-to-date symlink: /home/propp/Independent_Study/ros_workspace/install/nav_2d_msgs/include/nav_2d_msgs/msg/detail/path2_d__type_support.h
[0.561s] -- Up-to-date symlink: /home/propp/Independent_Study/ros_workspace/install/nav_2d_msgs/include/nav_2d_msgs/msg/detail/pose2_d32__functions.h
[0.561s] -- Up-to-date symlink: /home/propp/Independent_Study/ros_workspace/install/nav_2d_msgs/include/nav_2d_msgs/msg/detail/pose2_d32__struct.h
[0.561s] -- Up-to-date symlink: /home/propp/Independent_Study/ros_workspace/install/nav_2d_msgs/include/nav_2d_msgs/msg/detail/pose2_d32__type_support.h
[0.561s] -- Up-to-date symlink: /home/propp/Independent_Study/ros_workspace/install/nav_2d_msgs/include/nav_2d_msgs/msg/detail/pose2_d_stamped__functions.h
[0.561s] -- Up-to-date symlink: /home/propp/Independent_Study/ros_workspace/install/nav_2d_msgs/include/nav_2d_msgs/msg/detail/pose2_d_stamped__struct.h
[0.562s] -- Up-to-date symlink: /home/propp/Independent_Study/ros_workspace/install/nav_2d_msgs/include/nav_2d_msgs/msg/detail/pose2_d_stamped__type_support.h
[0.562s] -- Up-to-date symlink: /home/propp/Independent_Study/ros_workspace/install/nav_2d_msgs/include/nav_2d_msgs/msg/detail/twist2_d32__functions.h
[0.562s] -- Up-to-date symlink: /home/propp/Independent_Study/ros_workspace/install/nav_2d_msgs/include/nav_2d_msgs/msg/detail/twist2_d32__struct.h
[0.562s] -- Up-to-date symlink: /home/propp/Independent_Study/ros_workspace/install/nav_2d_msgs/include/nav_2d_msgs/msg/detail/twist2_d32__type_support.h
[0.562s] -- Up-to-date symlink: /home/propp/Independent_Study/ros_workspace/install/nav_2d_msgs/include/nav_2d_msgs/msg/detail/twist2_d__functions.h
[0.563s] -- Up-to-date symlink: /home/propp/Independent_Study/ros_workspace/install/nav_2d_msgs/include/nav_2d_msgs/msg/detail/twist2_d__struct.h
[0.563s] -- Up-to-date symlink: /home/propp/Independent_Study/ros_workspace/install/nav_2d_msgs/include/nav_2d_msgs/msg/detail/twist2_d__type_support.h
[0.563s] -- Up-to-date symlink: /home/propp/Independent_Study/ros_workspace/install/nav_2d_msgs/include/nav_2d_msgs/msg/detail/twist2_d_stamped__functions.h
[0.563s] -- Up-to-date symlink: /home/propp/Independent_Study/ros_workspace/install/nav_2d_msgs/include/nav_2d_msgs/msg/detail/twist2_d_stamped__struct.h
[0.563s] -- Up-to-date symlink: /home/propp/Independent_Study/ros_workspace/install/nav_2d_msgs/include/nav_2d_msgs/msg/detail/twist2_d_stamped__type_support.h
[0.564s] -- Up-to-date symlink: /home/propp/Independent_Study/ros_workspace/install/nav_2d_msgs/include/nav_2d_msgs/msg/path2_d.h
[0.564s] -- Up-to-date symlink: /home/propp/Independent_Study/ros_workspace/install/nav_2d_msgs/include/nav_2d_msgs/msg/pose2_d32.h
[0.564s] -- Up-to-date symlink: /home/propp/Independent_Study/ros_workspace/install/nav_2d_msgs/include/nav_2d_msgs/msg/pose2_d_stamped.h
[0.564s] -- Up-to-date symlink: /home/propp/Independent_Study/ros_workspace/install/nav_2d_msgs/include/nav_2d_msgs/msg/rosidl_generator_c__visibility_control.h
[0.564s] -- Up-to-date symlink: /home/propp/Independent_Study/ros_workspace/install/nav_2d_msgs/include/nav_2d_msgs/msg/twist2_d.h
[0.564s] -- Up-to-date symlink: /home/propp/Independent_Study/ros_workspace/install/nav_2d_msgs/include/nav_2d_msgs/msg/twist2_d32.h
[0.565s] -- Up-to-date symlink: /home/propp/Independent_Study/ros_workspace/install/nav_2d_msgs/include/nav_2d_msgs/msg/twist2_d_stamped.h
[0.565s] -- Up-to-date symlink: /home/propp/Independent_Study/ros_workspace/install/nav_2d_msgs/share/nav_2d_msgs/environment/library_path.sh
[0.565s] -- Up-to-date symlink: /home/propp/Independent_Study/ros_workspace/install/nav_2d_msgs/share/nav_2d_msgs/environment/library_path.dsv
[0.567s] -- Up-to-date symlink: /home/propp/Independent_Study/ros_workspace/install/nav_2d_msgs/include/nav_2d_msgs/msg/path2_d__rosidl_typesupport_connext_c.h
[0.568s] -- Up-to-date symlink: /home/propp/Independent_Study/ros_workspace/install/nav_2d_msgs/include/nav_2d_msgs/msg/pose2_d32__rosidl_typesupport_connext_c.h
[0.568s] -- Up-to-date symlink: /home/propp/Independent_Study/ros_workspace/install/nav_2d_msgs/include/nav_2d_msgs/msg/pose2_d_stamped__rosidl_typesupport_connext_c.h
[0.568s] -- Up-to-date symlink: /home/propp/Independent_Study/ros_workspace/install/nav_2d_msgs/include/nav_2d_msgs/msg/rosidl_typesupport_connext_c__visibility_control.h
[0.568s] -- Up-to-date symlink: /home/propp/Independent_Study/ros_workspace/install/nav_2d_msgs/include/nav_2d_msgs/msg/twist2_d32__rosidl_typesupport_connext_c.h
[0.568s] -- Up-to-date symlink: /home/propp/Independent_Study/ros_workspace/install/nav_2d_msgs/include/nav_2d_msgs/msg/twist2_d__rosidl_typesupport_connext_c.h
[0.568s] -- Up-to-date symlink: /home/propp/Independent_Study/ros_workspace/install/nav_2d_msgs/include/nav_2d_msgs/msg/twist2_d_stamped__rosidl_typesupport_connext_c.h
[0.569s] -- Up-to-date symlink: /home/propp/Independent_Study/ros_workspace/install/nav_2d_msgs/lib/libnav_2d_msgs__rosidl_typesupport_connext_c.so
[0.569s] -- Up-to-date symlink: /home/propp/Independent_Study/ros_workspace/install/nav_2d_msgs/share/nav_2d_msgs/msg/dds_connext/Path2D_.idl
[0.569s] -- Up-to-date symlink: /home/propp/Independent_Study/ros_workspace/install/nav_2d_msgs/share/nav_2d_msgs/msg/dds_connext/Pose2D32_.idl
[0.569s] -- Up-to-date symlink: /home/propp/Independent_Study/ros_workspace/install/nav_2d_msgs/share/nav_2d_msgs/msg/dds_connext/Pose2DStamped_.idl
[0.569s] -- Up-to-date symlink: /home/propp/Independent_Study/ros_workspace/install/nav_2d_msgs/share/nav_2d_msgs/msg/dds_connext/Twist2D32_.idl
[0.570s] -- Up-to-date symlink: /home/propp/Independent_Study/ros_workspace/install/nav_2d_msgs/share/nav_2d_msgs/msg/dds_connext/Twist2DStamped_.idl
[0.570s] -- Up-to-date symlink: /home/propp/Independent_Study/ros_workspace/install/nav_2d_msgs/share/nav_2d_msgs/msg/dds_connext/Twist2D_.idl
[0.571s] -- Up-to-date symlink: /home/propp/Independent_Study/ros_workspace/install/nav_2d_msgs/include/nav_2d_msgs/msg/dds_connext/Path2D_.cxx
[0.571s] -- Up-to-date symlink: /home/propp/Independent_Study/ros_workspace/install/nav_2d_msgs/include/nav_2d_msgs/msg/dds_connext/Path2D_.h
[0.571s] -- Up-to-date symlink: /home/propp/Independent_Study/ros_workspace/install/nav_2d_msgs/include/nav_2d_msgs/msg/dds_connext/Path2D_Plugin.cxx
[0.571s] -- Up-to-date symlink: /home/propp/Independent_Study/ros_workspace/install/nav_2d_msgs/include/nav_2d_msgs/msg/dds_connext/Path2D_Plugin.h
[0.572s] -- Up-to-date symlink: /home/propp/Independent_Study/ros_workspace/install/nav_2d_msgs/include/nav_2d_msgs/msg/dds_connext/Path2D_Support.cxx
[0.572s] -- Up-to-date symlink: /home/propp/Independent_Study/ros_workspace/install/nav_2d_msgs/include/nav_2d_msgs/msg/dds_connext/Path2D_Support.h
[0.572s] -- Up-to-date symlink: /home/propp/Independent_Study/ros_workspace/install/nav_2d_msgs/include/nav_2d_msgs/msg/dds_connext/Pose2D32_.cxx
[0.572s] -- Up-to-date symlink: /home/propp/Independent_Study/ros_workspace/install/nav_2d_msgs/include/nav_2d_msgs/msg/dds_connext/Pose2D32_.h
[0.573s] -- Up-to-date symlink: /home/propp/Independent_Study/ros_workspace/install/nav_2d_msgs/include/nav_2d_msgs/msg/dds_connext/Pose2D32_Plugin.cxx
[0.573s] -- Up-to-date symlink: /home/propp/Independent_Study/ros_workspace/install/nav_2d_msgs/include/nav_2d_msgs/msg/dds_connext/Pose2D32_Plugin.h
[0.574s] -- Up-to-date symlink: /home/propp/Independent_Study/ros_workspace/install/nav_2d_msgs/include/nav_2d_msgs/msg/dds_connext/Pose2D32_Support.cxx
[0.574s] -- Up-to-date symlink: /home/propp/Independent_Study/ros_workspace/install/nav_2d_msgs/include/nav_2d_msgs/msg/dds_connext/Pose2D32_Support.h
[0.574s] -- Up-to-date symlink: /home/propp/Independent_Study/ros_workspace/install/nav_2d_msgs/include/nav_2d_msgs/msg/dds_connext/Pose2DStamped_.cxx
[0.574s] -- Up-to-date symlink: /home/propp/Independent_Study/ros_workspace/install/nav_2d_msgs/include/nav_2d_msgs/msg/dds_connext/Pose2DStamped_.h
[0.574s] -- Up-to-date symlink: /home/propp/Independent_Study/ros_workspace/install/nav_2d_msgs/include/nav_2d_msgs/msg/dds_connext/Pose2DStamped_Plugin.cxx
[0.575s] -- Up-to-date symlink: /home/propp/Independent_Study/ros_workspace/install/nav_2d_msgs/include/nav_2d_msgs/msg/dds_connext/Pose2DStamped_Plugin.h
[0.575s] -- Up-to-date symlink: /home/propp/Independent_Study/ros_workspace/install/nav_2d_msgs/include/nav_2d_msgs/msg/dds_connext/Pose2DStamped_Support.cxx
[0.575s] -- Up-to-date symlink: /home/propp/Independent_Study/ros_workspace/install/nav_2d_msgs/include/nav_2d_msgs/msg/dds_connext/Pose2DStamped_Support.h
[0.575s] -- Up-to-date symlink: /home/propp/Independent_Study/ros_workspace/install/nav_2d_msgs/include/nav_2d_msgs/msg/dds_connext/Twist2D32_.cxx
[0.576s] -- Up-to-date symlink: /home/propp/Independent_Study/ros_workspace/install/nav_2d_msgs/include/nav_2d_msgs/msg/dds_connext/Twist2D32_.h
[0.576s] -- Up-to-date symlink: /home/propp/Independent_Study/ros_workspace/install/nav_2d_msgs/include/nav_2d_msgs/msg/dds_connext/Twist2D32_Plugin.cxx
[0.577s] -- Up-to-date symlink: /home/propp/Independent_Study/ros_workspace/install/nav_2d_msgs/include/nav_2d_msgs/msg/dds_connext/Twist2D32_Plugin.h
[0.577s] -- Up-to-date symlink: /home/propp/Independent_Study/ros_workspace/install/nav_2d_msgs/include/nav_2d_msgs/msg/dds_connext/Twist2D32_Support.cxx
[0.577s] -- Up-to-date symlink: /home/propp/Independent_Study/ros_workspace/install/nav_2d_msgs/include/nav_2d_msgs/msg/dds_connext/Twist2D32_Support.h
[0.577s] -- Up-to-date symlink: /home/propp/Independent_Study/ros_workspace/install/nav_2d_msgs/include/nav_2d_msgs/msg/dds_connext/Twist2DStamped_.cxx
[0.577s] -- Up-to-date symlink: /home/propp/Independent_Study/ros_workspace/install/nav_2d_msgs/include/nav_2d_msgs/msg/dds_connext/Twist2DStamped_.h
[0.578s] -- Up-to-date symlink: /home/propp/Independent_Study/ros_workspace/install/nav_2d_msgs/include/nav_2d_msgs/msg/dds_connext/Twist2DStamped_Plugin.cxx
[0.578s] -- Up-to-date symlink: /home/propp/Independent_Study/ros_workspace/install/nav_2d_msgs/include/nav_2d_msgs/msg/dds_connext/Twist2DStamped_Plugin.h
[0.578s] -- Up-to-date symlink: /home/propp/Independent_Study/ros_workspace/install/nav_2d_msgs/include/nav_2d_msgs/msg/dds_connext/Twist2DStamped_Support.cxx
[0.578s] -- Up-to-date symlink: /home/propp/Independent_Study/ros_workspace/install/nav_2d_msgs/include/nav_2d_msgs/msg/dds_connext/Twist2DStamped_Support.h
[0.579s] -- Up-to-date symlink: /home/propp/Independent_Study/ros_workspace/install/nav_2d_msgs/include/nav_2d_msgs/msg/dds_connext/Twist2D_.cxx
[0.579s] -- Up-to-date symlink: /home/propp/Independent_Study/ros_workspace/install/nav_2d_msgs/include/nav_2d_msgs/msg/dds_connext/Twist2D_.h
[0.579s] -- Up-to-date symlink: /home/propp/Independent_Study/ros_workspace/install/nav_2d_msgs/include/nav_2d_msgs/msg/dds_connext/Twist2D_Plugin.cxx
[0.579s] -- Up-to-date symlink: /home/propp/Independent_Study/ros_workspace/install/nav_2d_msgs/include/nav_2d_msgs/msg/dds_connext/Twist2D_Plugin.h
[0.580s] -- Up-to-date symlink: /home/propp/Independent_Study/ros_workspace/install/nav_2d_msgs/include/nav_2d_msgs/msg/dds_connext/Twist2D_Support.cxx
[0.580s] -- Up-to-date symlink: /home/propp/Independent_Study/ros_workspace/install/nav_2d_msgs/include/nav_2d_msgs/msg/dds_connext/Twist2D_Support.h
[0.580s] -- Up-to-date symlink: /home/propp/Independent_Study/ros_workspace/install/nav_2d_msgs/include/nav_2d_msgs/msg/path2_d__rosidl_typesupport_connext_cpp.hpp
[0.581s] -- Up-to-date symlink: /home/propp/Independent_Study/ros_workspace/install/nav_2d_msgs/include/nav_2d_msgs/msg/pose2_d32__rosidl_typesupport_connext_cpp.hpp
[0.581s] -- Up-to-date symlink: /home/propp/Independent_Study/ros_workspace/install/nav_2d_msgs/include/nav_2d_msgs/msg/pose2_d_stamped__rosidl_typesupport_connext_cpp.hpp
[0.581s] -- Up-to-date symlink: /home/propp/Independent_Study/ros_workspace/install/nav_2d_msgs/include/nav_2d_msgs/msg/rosidl_typesupport_connext_cpp__visibility_control.h
[0.581s] -- Up-to-date symlink: /home/propp/Independent_Study/ros_workspace/install/nav_2d_msgs/include/nav_2d_msgs/msg/twist2_d32__rosidl_typesupport_connext_cpp.hpp
[0.581s] -- Up-to-date symlink: /home/propp/Independent_Study/ros_workspace/install/nav_2d_msgs/include/nav_2d_msgs/msg/twist2_d__rosidl_typesupport_connext_cpp.hpp
[0.581s] -- Up-to-date symlink: /home/propp/Independent_Study/ros_workspace/install/nav_2d_msgs/include/nav_2d_msgs/msg/twist2_d_stamped__rosidl_typesupport_connext_cpp.hpp
[0.581s] -- Up-to-date symlink: /home/propp/Independent_Study/ros_workspace/install/nav_2d_msgs/lib/libnav_2d_msgs__rosidl_typesupport_connext_cpp.so
[0.581s] -- Up-to-date symlink: /home/propp/Independent_Study/ros_workspace/install/nav_2d_msgs/include/nav_2d_msgs/msg/detail/path2_d__rosidl_typesupport_fastrtps_c.h
[0.581s] -- Up-to-date symlink: /home/propp/Independent_Study/ros_workspace/install/nav_2d_msgs/include/nav_2d_msgs/msg/detail/pose2_d32__rosidl_typesupport_fastrtps_c.h
[0.582s] -- Up-to-date symlink: /home/propp/Independent_Study/ros_workspace/install/nav_2d_msgs/include/nav_2d_msgs/msg/detail/pose2_d_stamped__rosidl_typesupport_fastrtps_c.h
[0.582s] -- Up-to-date symlink: /home/propp/Independent_Study/ros_workspace/install/nav_2d_msgs/include/nav_2d_msgs/msg/detail/twist2_d32__rosidl_typesupport_fastrtps_c.h
[0.582s] -- Up-to-date symlink: /home/propp/Independent_Study/ros_workspace/install/nav_2d_msgs/include/nav_2d_msgs/msg/detail/twist2_d__rosidl_typesupport_fastrtps_c.h
[0.582s] -- Up-to-date symlink: /home/propp/Independent_Study/ros_workspace/install/nav_2d_msgs/include/nav_2d_msgs/msg/detail/twist2_d_stamped__rosidl_typesupport_fastrtps_c.h
[0.582s] -- Up-to-date symlink: /home/propp/Independent_Study/ros_workspace/install/nav_2d_msgs/include/nav_2d_msgs/msg/rosidl_typesupport_fastrtps_c__visibility_control.h
[0.582s] -- Up-to-date symlink: /home/propp/Independent_Study/ros_workspace/install/nav_2d_msgs/lib/libnav_2d_msgs__rosidl_typesupport_fastrtps_c.so
[0.582s] -- Up-to-date symlink: /home/propp/Independent_Study/ros_workspace/install/nav_2d_msgs/include/nav_2d_msgs/msg/detail/path2_d__rosidl_typesupport_fastrtps_cpp.hpp
[0.582s] -- Up-to-date symlink: /home/propp/Independent_Study/ros_workspace/install/nav_2d_msgs/include/nav_2d_msgs/msg/detail/pose2_d32__rosidl_typesupport_fastrtps_cpp.hpp
[0.583s] -- Up-to-date symlink: /home/propp/Independent_Study/ros_workspace/install/nav_2d_msgs/include/nav_2d_msgs/msg/detail/pose2_d_stamped__rosidl_typesupport_fastrtps_cpp.hpp
[0.583s] -- Up-to-date symlink: /home/propp/Independent_Study/ros_workspace/install/nav_2d_msgs/include/nav_2d_msgs/msg/detail/twist2_d32__rosidl_typesupport_fastrtps_cpp.hpp
[0.583s] -- Up-to-date symlink: /home/propp/Independent_Study/ros_workspace/install/nav_2d_msgs/include/nav_2d_msgs/msg/detail/twist2_d__rosidl_typesupport_fastrtps_cpp.hpp
[0.583s] -- Up-to-date symlink: /home/propp/Independent_Study/ros_workspace/install/nav_2d_msgs/include/nav_2d_msgs/msg/detail/twist2_d_stamped__rosidl_typesupport_fastrtps_cpp.hpp
[0.583s] -- Up-to-date symlink: /home/propp/Independent_Study/ros_workspace/install/nav_2d_msgs/include/nav_2d_msgs/msg/rosidl_typesupport_fastrtps_cpp__visibility_control.h
[0.583s] -- Up-to-date symlink: /home/propp/Independent_Study/ros_workspace/install/nav_2d_msgs/lib/libnav_2d_msgs__rosidl_typesupport_fastrtps_cpp.so
[0.583s] -- Up-to-date symlink: /home/propp/Independent_Study/ros_workspace/install/nav_2d_msgs/include/nav_2d_msgs/msg/detail/path2_d__rosidl_typesupport_introspection_c.h
[0.583s] -- Up-to-date symlink: /home/propp/Independent_Study/ros_workspace/install/nav_2d_msgs/include/nav_2d_msgs/msg/detail/pose2_d32__rosidl_typesupport_introspection_c.h
[0.583s] -- Up-to-date symlink: /home/propp/Independent_Study/ros_workspace/install/nav_2d_msgs/include/nav_2d_msgs/msg/detail/pose2_d_stamped__rosidl_typesupport_introspection_c.h
[0.584s] -- Up-to-date symlink: /home/propp/Independent_Study/ros_workspace/install/nav_2d_msgs/include/nav_2d_msgs/msg/detail/twist2_d32__rosidl_typesupport_introspection_c.h
[0.584s] -- Up-to-date symlink: /home/propp/Independent_Study/ros_workspace/install/nav_2d_msgs/include/nav_2d_msgs/msg/detail/twist2_d__rosidl_typesupport_introspection_c.h
[0.584s] -- Up-to-date symlink: /home/propp/Independent_Study/ros_workspace/install/nav_2d_msgs/include/nav_2d_msgs/msg/detail/twist2_d_stamped__rosidl_typesupport_introspection_c.h
[0.584s] -- Up-to-date symlink: /home/propp/Independent_Study/ros_workspace/install/nav_2d_msgs/include/nav_2d_msgs/msg/rosidl_typesupport_introspection_c__visibility_control.h
[0.585s] -- Up-to-date symlink: /home/propp/Independent_Study/ros_workspace/install/nav_2d_msgs/include/nav_2d_msgs/msg/detail/path2_d__builder.hpp
[0.585s] -- Up-to-date symlink: /home/propp/Independent_Study/ros_workspace/install/nav_2d_msgs/include/nav_2d_msgs/msg/detail/path2_d__struct.hpp
[0.585s] -- Up-to-date symlink: /home/propp/Independent_Study/ros_workspace/install/nav_2d_msgs/include/nav_2d_msgs/msg/detail/path2_d__traits.hpp
[0.585s] -- Up-to-date symlink: /home/propp/Independent_Study/ros_workspace/install/nav_2d_msgs/include/nav_2d_msgs/msg/detail/pose2_d32__builder.hpp
[0.585s] -- Up-to-date symlink: /home/propp/Independent_Study/ros_workspace/install/nav_2d_msgs/include/nav_2d_msgs/msg/detail/pose2_d32__struct.hpp
[0.585s] -- Up-to-date symlink: /home/propp/Independent_Study/ros_workspace/install/nav_2d_msgs/include/nav_2d_msgs/msg/detail/pose2_d32__traits.hpp
[0.586s] -- Up-to-date symlink: /home/propp/Independent_Study/ros_workspace/install/nav_2d_msgs/include/nav_2d_msgs/msg/detail/pose2_d_stamped__builder.hpp
[0.586s] -- Up-to-date symlink: /home/propp/Independent_Study/ros_workspace/install/nav_2d_msgs/include/nav_2d_msgs/msg/detail/pose2_d_stamped__struct.hpp
[0.586s] -- Up-to-date symlink: /home/propp/Independent_Study/ros_workspace/install/nav_2d_msgs/include/nav_2d_msgs/msg/detail/pose2_d_stamped__traits.hpp
[0.586s] -- Up-to-date symlink: /home/propp/Independent_Study/ros_workspace/install/nav_2d_msgs/include/nav_2d_msgs/msg/detail/twist2_d32__builder.hpp
[0.586s] -- Up-to-date symlink: /home/propp/Independent_Study/ros_workspace/install/nav_2d_msgs/include/nav_2d_msgs/msg/detail/twist2_d32__struct.hpp
[0.586s] -- Up-to-date symlink: /home/propp/Independent_Study/ros_workspace/install/nav_2d_msgs/include/nav_2d_msgs/msg/detail/twist2_d32__traits.hpp
[0.586s] -- Up-to-date symlink: /home/propp/Independent_Study/ros_workspace/install/nav_2d_msgs/include/nav_2d_msgs/msg/detail/twist2_d__builder.hpp
[0.586s] -- Up-to-date symlink: /home/propp/Independent_Study/ros_workspace/install/nav_2d_msgs/include/nav_2d_msgs/msg/detail/twist2_d__struct.hpp
[0.586s] -- Up-to-date symlink: /home/propp/Independent_Study/ros_workspace/install/nav_2d_msgs/include/nav_2d_msgs/msg/detail/twist2_d__traits.hpp
[0.586s] -- Up-to-date symlink: /home/propp/Independent_Study/ros_workspace/install/nav_2d_msgs/include/nav_2d_msgs/msg/detail/twist2_d_stamped__builder.hpp
[0.586s] -- Up-to-date symlink: /home/propp/Independent_Study/ros_workspace/install/nav_2d_msgs/include/nav_2d_msgs/msg/detail/twist2_d_stamped__struct.hpp
[0.587s] -- Up-to-date symlink: /home/propp/Independent_Study/ros_workspace/install/nav_2d_msgs/include/nav_2d_msgs/msg/detail/twist2_d_stamped__traits.hpp
[0.587s] -- Up-to-date symlink: /home/propp/Independent_Study/ros_workspace/install/nav_2d_msgs/include/nav_2d_msgs/msg/path2_d.hpp
[0.587s] -- Up-to-date symlink: /home/propp/Independent_Study/ros_workspace/install/nav_2d_msgs/include/nav_2d_msgs/msg/pose2_d32.hpp
[0.587s] -- Up-to-date symlink: /home/propp/Independent_Study/ros_workspace/install/nav_2d_msgs/include/nav_2d_msgs/msg/pose2_d_stamped.hpp
[0.587s] -- Up-to-date symlink: /home/propp/Independent_Study/ros_workspace/install/nav_2d_msgs/include/nav_2d_msgs/msg/twist2_d.hpp
[0.587s] -- Up-to-date symlink: /home/propp/Independent_Study/ros_workspace/install/nav_2d_msgs/include/nav_2d_msgs/msg/twist2_d32.hpp
[0.587s] -- Up-to-date symlink: /home/propp/Independent_Study/ros_workspace/install/nav_2d_msgs/include/nav_2d_msgs/msg/twist2_d_stamped.hpp
[0.587s] -- Up-to-date symlink: /home/propp/Independent_Study/ros_workspace/install/nav_2d_msgs/include/nav_2d_msgs/msg/detail/path2_d__rosidl_typesupport_introspection_cpp.hpp
[0.587s] -- Up-to-date symlink: /home/propp/Independent_Study/ros_workspace/install/nav_2d_msgs/include/nav_2d_msgs/msg/detail/pose2_d32__rosidl_typesupport_introspection_cpp.hpp
[0.587s] -- Up-to-date symlink: /home/propp/Independent_Study/ros_workspace/install/nav_2d_msgs/include/nav_2d_msgs/msg/detail/pose2_d_stamped__rosidl_typesupport_introspection_cpp.hpp
[0.587s] -- Up-to-date symlink: /home/propp/Independent_Study/ros_workspace/install/nav_2d_msgs/include/nav_2d_msgs/msg/detail/twist2_d32__rosidl_typesupport_introspection_cpp.hpp
[0.588s] -- Up-to-date symlink: /home/propp/Independent_Study/ros_workspace/install/nav_2d_msgs/include/nav_2d_msgs/msg/detail/twist2_d__rosidl_typesupport_introspection_cpp.hpp
[0.588s] -- Up-to-date symlink: /home/propp/Independent_Study/ros_workspace/install/nav_2d_msgs/include/nav_2d_msgs/msg/detail/twist2_d_stamped__rosidl_typesupport_introspection_cpp.hpp
[0.588s] -- Up-to-date symlink: /home/propp/Independent_Study/ros_workspace/install/nav_2d_msgs/share/nav_2d_msgs/environment/pythonpath.sh
[0.588s] -- Up-to-date symlink: /home/propp/Independent_Study/ros_workspace/install/nav_2d_msgs/share/nav_2d_msgs/environment/pythonpath.dsv
[0.588s] -- Up-to-date symlink: /home/propp/Independent_Study/ros_workspace/install/nav_2d_msgs/lib/python3.8/site-packages/nav_2d_msgs/__init__.py
[0.588s] -- Up-to-date symlink: /home/propp/Independent_Study/ros_workspace/install/nav_2d_msgs/lib/python3.8/site-packages/nav_2d_msgs/msg/__init__.py
[0.588s] -- Up-to-date symlink: /home/propp/Independent_Study/ros_workspace/install/nav_2d_msgs/lib/python3.8/site-packages/nav_2d_msgs/msg/_path2_d.py
[0.588s] -- Up-to-date symlink: /home/propp/Independent_Study/ros_workspace/install/nav_2d_msgs/lib/python3.8/site-packages/nav_2d_msgs/msg/_pose2_d32.py
[0.588s] -- Up-to-date symlink: /home/propp/Independent_Study/ros_workspace/install/nav_2d_msgs/lib/python3.8/site-packages/nav_2d_msgs/msg/_pose2_d_stamped.py
[0.588s] -- Up-to-date symlink: /home/propp/Independent_Study/ros_workspace/install/nav_2d_msgs/lib/python3.8/site-packages/nav_2d_msgs/msg/_twist2_d.py
[0.589s] -- Up-to-date symlink: /home/propp/Independent_Study/ros_workspace/install/nav_2d_msgs/lib/python3.8/site-packages/nav_2d_msgs/msg/_twist2_d32.py
[0.589s] -- Up-to-date symlink: /home/propp/Independent_Study/ros_workspace/install/nav_2d_msgs/lib/python3.8/site-packages/nav_2d_msgs/msg/_twist2_d_stamped.py
[0.589s] -- Up-to-date symlink: /home/propp/Independent_Study/ros_workspace/install/nav_2d_msgs/lib/python3.8/site-packages/nav_2d_msgs/nav_2d_msgs_s__rosidl_typesupport_connext_c.cpython-38-x86_64-linux-gnu.so
[0.589s] -- Up-to-date symlink: /home/propp/Independent_Study/ros_workspace/install/nav_2d_msgs/lib/python3.8/site-packages/nav_2d_msgs/nav_2d_msgs_s__rosidl_typesupport_fastrtps_c.cpython-38-x86_64-linux-gnu.so
[0.589s] -- Up-to-date symlink: /home/propp/Independent_Study/ros_workspace/install/nav_2d_msgs/lib/python3.8/site-packages/nav_2d_msgs/nav_2d_msgs_s__rosidl_typesupport_introspection_c.cpython-38-x86_64-linux-gnu.so
[0.589s] -- Up-to-date symlink: /home/propp/Independent_Study/ros_workspace/install/nav_2d_msgs/lib/python3.8/site-packages/nav_2d_msgs/nav_2d_msgs_s__rosidl_typesupport_c.cpython-38-x86_64-linux-gnu.so
[0.589s] -- Up-to-date symlink: /home/propp/Independent_Study/ros_workspace/install/nav_2d_msgs/lib/libnav_2d_msgs__python.so
[0.589s] -- Up-to-date symlink: /home/propp/Independent_Study/ros_workspace/install/nav_2d_msgs/share/nav_2d_msgs/msg/Path2D.idl
[0.589s] -- Up-to-date symlink: /home/propp/Independent_Study/ros_workspace/install/nav_2d_msgs/share/nav_2d_msgs/msg/Pose2D32.idl
[0.590s] -- Up-to-date symlink: /home/propp/Independent_Study/ros_workspace/install/nav_2d_msgs/share/nav_2d_msgs/msg/Pose2DStamped.idl
[0.590s] -- Up-to-date symlink: /home/propp/Independent_Study/ros_workspace/install/nav_2d_msgs/share/nav_2d_msgs/msg/Twist2D.idl
[0.590s] -- Up-to-date symlink: /home/propp/Independent_Study/ros_workspace/install/nav_2d_msgs/share/nav_2d_msgs/msg/Twist2D32.idl
[0.590s] -- Up-to-date symlink: /home/propp/Independent_Study/ros_workspace/install/nav_2d_msgs/share/nav_2d_msgs/msg/Twist2DStamped.idl
[0.590s] -- Up-to-date symlink: /home/propp/Independent_Study/ros_workspace/install/nav_2d_msgs/share/nav_2d_msgs/msg/Path2D.msg
[0.591s] -- Up-to-date symlink: /home/propp/Independent_Study/ros_workspace/install/nav_2d_msgs/share/nav_2d_msgs/msg/Pose2D32.msg
[0.591s] -- Up-to-date symlink: /home/propp/Independent_Study/ros_workspace/install/nav_2d_msgs/share/nav_2d_msgs/msg/Pose2DStamped.msg
[0.591s] -- Up-to-date symlink: /home/propp/Independent_Study/ros_workspace/install/nav_2d_msgs/share/nav_2d_msgs/msg/Twist2D.msg
[0.591s] -- Up-to-date symlink: /home/propp/Independent_Study/ros_workspace/install/nav_2d_msgs/share/nav_2d_msgs/msg/Twist2D32.msg
[0.591s] -- Up-to-date symlink: /home/propp/Independent_Study/ros_workspace/install/nav_2d_msgs/share/nav_2d_msgs/msg/Twist2DStamped.msg
[0.592s] -- Up-to-date symlink: /home/propp/Independent_Study/ros_workspace/install/nav_2d_msgs/share/ament_index/resource_index/package_run_dependencies/nav_2d_msgs
[0.592s] -- Up-to-date symlink: /home/propp/Independent_Study/ros_workspace/install/nav_2d_msgs/share/ament_index/resource_index/parent_prefix_path/nav_2d_msgs
[0.592s] -- Up-to-date symlink: /home/propp/Independent_Study/ros_workspace/install/nav_2d_msgs/share/nav_2d_msgs/environment/ament_prefix_path.sh
[0.592s] -- Up-to-date symlink: /home/propp/Independent_Study/ros_workspace/install/nav_2d_msgs/share/nav_2d_msgs/environment/ament_prefix_path.dsv
[0.593s] -- Up-to-date symlink: /home/propp/Independent_Study/ros_workspace/install/nav_2d_msgs/share/nav_2d_msgs/environment/path.sh
[0.593s] -- Up-to-date symlink: /home/propp/Independent_Study/ros_workspace/install/nav_2d_msgs/share/nav_2d_msgs/environment/path.dsv
[0.593s] -- Up-to-date symlink: /home/propp/Independent_Study/ros_workspace/install/nav_2d_msgs/share/nav_2d_msgs/local_setup.bash
[0.593s] -- Up-to-date symlink: /home/propp/Independent_Study/ros_workspace/install/nav_2d_msgs/share/nav_2d_msgs/local_setup.sh
[0.593s] -- Up-to-date symlink: /home/propp/Independent_Study/ros_workspace/install/nav_2d_msgs/share/nav_2d_msgs/local_setup.zsh
[0.594s] -- Up-to-date symlink: /home/propp/Independent_Study/ros_workspace/install/nav_2d_msgs/share/nav_2d_msgs/local_setup.dsv
[0.594s] -- Symlinking: /home/propp/Independent_Study/ros_workspace/install/nav_2d_msgs/share/nav_2d_msgs/package.dsv
[0.602s] -- Up-to-date symlink: /home/propp/Independent_Study/ros_workspace/install/nav_2d_msgs/share/ament_index/resource_index/packages/nav_2d_msgs
[0.602s] -- Up-to-date symlink: /home/propp/Independent_Study/ros_workspace/install/nav_2d_msgs/share/nav_2d_msgs/cmake/rosidl_cmake-extras.cmake
[0.602s] -- Up-to-date symlink: /home/propp/Independent_Study/ros_workspace/install/nav_2d_msgs/share/nav_2d_msgs/cmake/ament_cmake_export_dependencies-extras.cmake
[0.602s] -- Up-to-date symlink: /home/propp/Independent_Study/ros_workspace/install/nav_2d_msgs/share/nav_2d_msgs/cmake/ament_cmake_export_libraries-extras.cmake
[0.602s] -- Up-to-date symlink: /home/propp/Independent_Study/ros_workspace/install/nav_2d_msgs/share/nav_2d_msgs/cmake/ament_cmake_export_targets-extras.cmake
[0.603s] -- Up-to-date symlink: /home/propp/Independent_Study/ros_workspace/install/nav_2d_msgs/share/nav_2d_msgs/cmake/ament_cmake_export_include_directories-extras.cmake
[0.603s] -- Up-to-date symlink: /home/propp/Independent_Study/ros_workspace/install/nav_2d_msgs/share/nav_2d_msgs/cmake/rosidl_cmake_export_typesupport_libraries-extras.cmake
[0.603s] -- Up-to-date symlink: /home/propp/Independent_Study/ros_workspace/install/nav_2d_msgs/share/nav_2d_msgs/cmake/rosidl_cmake_export_typesupport_targets-extras.cmake
[0.603s] -- Up-to-date symlink: /home/propp/Independent_Study/ros_workspace/install/nav_2d_msgs/share/nav_2d_msgs/cmake/nav_2d_msgsConfig.cmake
[0.603s] -- Up-to-date symlink: /home/propp/Independent_Study/ros_workspace/install/nav_2d_msgs/share/nav_2d_msgs/cmake/nav_2d_msgsConfig-version.cmake
[0.604s] -- Up-to-date symlink: /home/propp/Independent_Study/ros_workspace/install/nav_2d_msgs/share/nav_2d_msgs/package.xml
[0.604s] -- Up-to-date: /home/propp/Independent_Study/ros_workspace/install/nav_2d_msgs/lib/libnav_2d_msgs__rosidl_generator_c.so
[0.604s] -- Up-to-date: /home/propp/Independent_Study/ros_workspace/install/nav_2d_msgs/lib/libnav_2d_msgs__rosidl_typesupport_introspection_c.so
[0.605s] -- Up-to-date: /home/propp/Independent_Study/ros_workspace/install/nav_2d_msgs/lib/libnav_2d_msgs__rosidl_typesupport_c.so
[0.605s] -- Up-to-date: /home/propp/Independent_Study/ros_workspace/install/nav_2d_msgs/lib/libnav_2d_msgs__rosidl_typesupport_introspection_cpp.so
[0.605s] -- Up-to-date: /home/propp/Independent_Study/ros_workspace/install/nav_2d_msgs/lib/libnav_2d_msgs__rosidl_typesupport_cpp.so
[0.631s] -- Up-to-date: /home/propp/Independent_Study/ros_workspace/install/nav_2d_msgs/share/nav_2d_msgs/cmake/nav_2d_msgs__rosidl_generator_cExport.cmake
[0.631s] -- Up-to-date: /home/propp/Independent_Study/ros_workspace/install/nav_2d_msgs/share/nav_2d_msgs/cmake/nav_2d_msgs__rosidl_generator_cExport-noconfig.cmake
[0.631s] -- Up-to-date: /home/propp/Independent_Study/ros_workspace/install/nav_2d_msgs/share/nav_2d_msgs/cmake/nav_2d_msgs__rosidl_typesupport_introspection_cExport.cmake
[0.631s] -- Up-to-date: /home/propp/Independent_Study/ros_workspace/install/nav_2d_msgs/share/nav_2d_msgs/cmake/nav_2d_msgs__rosidl_typesupport_introspection_cExport-noconfig.cmake
[0.631s] -- Up-to-date: /home/propp/Independent_Study/ros_workspace/install/nav_2d_msgs/share/nav_2d_msgs/cmake/nav_2d_msgs__rosidl_typesupport_cExport.cmake
[0.632s] -- Up-to-date: /home/propp/Independent_Study/ros_workspace/install/nav_2d_msgs/share/nav_2d_msgs/cmake/nav_2d_msgs__rosidl_typesupport_cExport-noconfig.cmake
[0.632s] -- Up-to-date: /home/propp/Independent_Study/ros_workspace/install/nav_2d_msgs/share/nav_2d_msgs/cmake/nav_2d_msgs__rosidl_generator_cppExport.cmake
[0.632s] -- Up-to-date: /home/propp/Independent_Study/ros_workspace/install/nav_2d_msgs/share/nav_2d_msgs/cmake/nav_2d_msgs__rosidl_typesupport_introspection_cppExport.cmake
[0.632s] -- Up-to-date: /home/propp/Independent_Study/ros_workspace/install/nav_2d_msgs/share/nav_2d_msgs/cmake/nav_2d_msgs__rosidl_typesupport_introspection_cppExport-noconfig.cmake
[0.632s] -- Up-to-date: /home/propp/Independent_Study/ros_workspace/install/nav_2d_msgs/share/nav_2d_msgs/cmake/nav_2d_msgs__rosidl_typesupport_cppExport.cmake
[0.632s] -- Up-to-date: /home/propp/Independent_Study/ros_workspace/install/nav_2d_msgs/share/nav_2d_msgs/cmake/nav_2d_msgs__rosidl_typesupport_cppExport-noconfig.cmake
[0.634s] Invoked command in '/home/propp/Independent_Study/ros_workspace/build/nav_2d_msgs' returned '0': /usr/bin/cmake --install /home/propp/Independent_Study/ros_workspace/build/nav_2d_msgs
