-- Found ament_cmake: 0.9.7 (/opt/ros/foxy/share/ament_cmake/cmake)
-- Using PYTHON_EXECUTABLE: /usr/bin/python3
-- Found rclcpp: 2.2.0 (/opt/ros/foxy/share/rclcpp/cmake)
-- Using all available rosidl_typesupport_c: rosidl_typesupport_fastrtps_c;rosidl_typesupport_introspection_c
-- Found rosidl_adapter: 1.1.0 (/opt/ros/foxy/share/rosidl_adapter/cmake)
-- Using all available rosidl_typesupport_cpp: rosidl_typesupport_fastrtps_cpp;rosidl_typesupport_introspection_cpp
-- Found rmw_implementation_cmake: 1.0.2 (/opt/ros/foxy/share/rmw_implementation_cmake/cmake)
-- Using RMW implementation 'rmw_fastrtps_cpp' as default
-- Found tf2: 0.13.6 (/opt/ros/foxy/share/tf2/cmake)
-- Found tf2_ros: 0.13.6 (/opt/ros/foxy/share/tf2_ros/cmake)
-- Found nav_msgs: 2.0.3 (/opt/ros/foxy/share/nav_msgs/cmake)
-- Found sensor_msgs: 2.0.3 (/opt/ros/foxy/share/sensor_msgs/cmake)
CMake Error at /opt/ros/foxy/share/ament_cmake_target_dependencies/cmake/ament_target_dependencies.cmake:66 (message):
  ament_target_dependencies() the passed package name
  'pointcloud_to_laserscan' was not found before
Call Stack (most recent call first):
  CMakeLists.txt:33 (ament_target_dependencies)


-- Configuring incomplete, errors occurred!
See also "/home/propp/Independent_Study/ros_workspace/build/all_points/CMakeFiles/CMakeOutput.log".
See also "/home/propp/Independent_Study/ros_workspace/build/all_points/CMakeFiles/CMakeError.log".
