[0.018s] Invoking command in '/home/propp/Independent_Study/ros_workspace/build/all_points': CMAKE_PREFIX_PATH=${CMAKE_PREFIX_PATH}:/opt/ros/foxy /usr/bin/cmake /home/propp/Independent_Study/ros_workspace/src/all_points -DCMAKE_INSTALL_PREFIX=/home/propp/Independent_Study/ros_workspace/install/all_points
[0.152s] -- The C compiler identification is GNU 9.3.0
[0.201s] -- The CXX compiler identification is GNU 9.3.0
[0.205s] -- Check for working C compiler: /usr/bin/cc
[0.257s] -- Check for working C compiler: /usr/bin/cc -- works
[0.258s] -- Detecting C compiler ABI info
[0.310s] -- Detecting C compiler ABI info - done
[0.319s] -- Detecting C compile features
[0.320s] -- Detecting C compile features - done
[0.322s] -- Check for working CXX compiler: /usr/bin/c++
[0.380s] -- Check for working CXX compiler: /usr/bin/c++ -- works
[0.381s] -- Detecting CXX compiler ABI info
[0.442s] -- Detecting CXX compiler ABI info - done
[0.451s] -- Detecting CXX compile features
[0.452s] -- Detecting CXX compile features - done
[0.453s] -- Found ament_cmake: 0.9.7 (/opt/ros/foxy/share/ament_cmake/cmake)
[0.472s] -- Found PythonInterp: /usr/bin/python3 (found suitable version "3.8.5", minimum required is "3") 
[0.472s] -- Using PYTHON_EXECUTABLE: /usr/bin/python3
[0.648s] -- Found rclcpp: 2.2.0 (/opt/ros/foxy/share/rclcpp/cmake)
[0.675s] -- Using all available rosidl_typesupport_c: rosidl_typesupport_fastrtps_c;rosidl_typesupport_introspection_c
[0.680s] -- Found rosidl_adapter: 1.1.0 (/opt/ros/foxy/share/rosidl_adapter/cmake)
[0.744s] -- Found OpenSSL: /usr/lib/x86_64-linux-gnu/libcrypto.so (found version "1.1.1f")  
[0.761s] -- Found FastRTPS: /opt/ros/foxy/include  
[0.822s] -- Using all available rosidl_typesupport_cpp: rosidl_typesupport_fastrtps_cpp;rosidl_typesupport_introspection_cpp
[0.868s] -- Found rmw_implementation_cmake: 1.0.2 (/opt/ros/foxy/share/rmw_implementation_cmake/cmake)
[0.869s] -- Using RMW implementation 'rmw_fastrtps_cpp' as default
[0.870s] -- Looking for pthread.h
[0.925s] -- Looking for pthread.h - found
[0.925s] -- Performing Test CMAKE_HAVE_LIBC_PTHREAD
[0.980s] -- Performing Test CMAKE_HAVE_LIBC_PTHREAD - Failed
[0.980s] -- Looking for pthread_create in pthreads
[1.024s] -- Looking for pthread_create in pthreads - not found
[1.024s] -- Looking for pthread_create in pthread
[1.077s] -- Looking for pthread_create in pthread - found
[1.078s] -- Found Threads: TRUE  
[1.218s] -- Found tf2: 0.13.6 (/opt/ros/foxy/share/tf2/cmake)
[1.259s] -- Found tf2_ros: 0.13.6 (/opt/ros/foxy/share/tf2_ros/cmake)
[1.538s] -- Found nav_msgs: 2.0.3 (/opt/ros/foxy/share/nav_msgs/cmake)
[1.599s] -- Found sensor_msgs: 2.0.3 (/opt/ros/foxy/share/sensor_msgs/cmake)
[1.660s] CMake Error at /opt/ros/foxy/share/ament_cmake_target_dependencies/cmake/ament_target_dependencies.cmake:66 (message):
[1.660s]   ament_target_dependencies() the passed package name
[1.660s]   'pointcloud_to_laserscan' was not found before
[1.660s] Call Stack (most recent call first):
[1.660s]   CMakeLists.txt:33 (ament_target_dependencies)
[1.660s] 
[1.660s] 
[1.662s] -- Configuring incomplete, errors occurred!
[1.662s] See also "/home/propp/Independent_Study/ros_workspace/build/all_points/CMakeFiles/CMakeOutput.log".
[1.662s] See also "/home/propp/Independent_Study/ros_workspace/build/all_points/CMakeFiles/CMakeError.log".
