[0.039s] Invoking command in '/home/propp/Independent_Study/ros_workspace/build/ralph': CMAKE_PREFIX_PATH=/opt/ros/foxy /usr/bin/cmake /home/propp/Independent_Study/ros_workspace/src/ralph -DCMAKE_INSTALL_PREFIX=/home/propp/Independent_Study/ros_workspace/install/ralph
[0.262s] -- Found ament_cmake: 0.9.7 (/opt/ros/foxy/share/ament_cmake/cmake)
[0.263s] -- Using PYTHON_EXECUTABLE: /usr/bin/python3
[0.267s] CMake Error at CMakeLists.txt:20 (find_package):
[0.268s]   By not providing "Findopencv2.cmake" in CMAKE_MODULE_PATH this project has
[0.268s]   asked CMake to find a package configuration file provided by "opencv2", but
[0.269s]   CMake did not find one.
[0.270s] 
[0.271s]   Could not find a package configuration file provided by "opencv2" with any
[0.271s]   of the following names:
[0.272s] 
[0.272s]     opencv2Config.cmake
[0.273s]     opencv2-config.cmake
[0.273s] 
[0.274s]   Add the installation prefix of "opencv2" to CMAKE_PREFIX_PATH or set
[0.275s]   "opencv2_DIR" to a directory containing one of the above files.  If
[0.275s]   "opencv2" provides a separate development package or SDK, be sure it has
[0.275s]   been installed.
[0.275s] 
[0.275s] 
[0.276s] -- Configuring incomplete, errors occurred!
[0.276s] See also "/home/propp/Independent_Study/ros_workspace/build/ralph/CMakeFiles/CMakeOutput.log".
[0.279s] Invoked command in '/home/propp/Independent_Study/ros_workspace/build/ralph' returned '1': CMAKE_PREFIX_PATH=/opt/ros/foxy /usr/bin/cmake /home/propp/Independent_Study/ros_workspace/src/ralph -DCMAKE_INSTALL_PREFIX=/home/propp/Independent_Study/ros_workspace/install/ralph
