[0.273s] Invoking command in '/home/propp/Independent_Study/ros_workspace/src/ralph_py': PYTHONPATH=/home/propp/Independent_Study/ros_workspace/install/ralph_py/lib/python3.8/site-packages:${PYTHONPATH} /usr/bin/python3 setup.py egg_info --egg-base ../../build/ralph_py build --build-base /home/propp/Independent_Study/ros_workspace/build/ralph_py/build install --prefix /home/propp/Independent_Study/ros_workspace/install/ralph_py --record /home/propp/Independent_Study/ros_workspace/build/ralph_py/install.log --single-version-externally-managed
[0.463s] running egg_info
[0.464s] creating ../../build/ralph_py/ralph_py.egg-info
[0.464s] writing ../../build/ralph_py/ralph_py.egg-info/PKG-INFO
[0.464s] writing dependency_links to ../../build/ralph_py/ralph_py.egg-info/dependency_links.txt
[0.464s] writing entry points to ../../build/ralph_py/ralph_py.egg-info/entry_points.txt
[0.464s] writing requirements to ../../build/ralph_py/ralph_py.egg-info/requires.txt
[0.464s] writing top-level names to ../../build/ralph_py/ralph_py.egg-info/top_level.txt
[0.466s] writing manifest file '../../build/ralph_py/ralph_py.egg-info/SOURCES.txt'
[0.501s] reading manifest file '../../build/ralph_py/ralph_py.egg-info/SOURCES.txt'
[0.502s] writing manifest file '../../build/ralph_py/ralph_py.egg-info/SOURCES.txt'
[0.503s] running build
[0.503s] running build_py
[0.503s] creating /home/propp/Independent_Study/ros_workspace/build/ralph_py/build
[0.503s] creating /home/propp/Independent_Study/ros_workspace/build/ralph_py/build/lib
[0.503s] creating /home/propp/Independent_Study/ros_workspace/build/ralph_py/build/lib/ralph_py
[0.503s] copying ralph_py/ralph.py -> /home/propp/Independent_Study/ros_workspace/build/ralph_py/build/lib/ralph_py
[0.503s] copying ralph_py/core_opencv_bridge.py -> /home/propp/Independent_Study/ros_workspace/build/ralph_py/build/lib/ralph_py
[0.503s] copying ralph_py/__init__.py -> /home/propp/Independent_Study/ros_workspace/build/ralph_py/build/lib/ralph_py
[0.504s] running install
[0.505s] running install_lib
[0.506s] creating /home/propp/Independent_Study/ros_workspace/install/ralph_py/lib/python3.8/site-packages/ralph_py
[0.506s] copying /home/propp/Independent_Study/ros_workspace/build/ralph_py/build/lib/ralph_py/ralph.py -> /home/propp/Independent_Study/ros_workspace/install/ralph_py/lib/python3.8/site-packages/ralph_py
[0.506s] copying /home/propp/Independent_Study/ros_workspace/build/ralph_py/build/lib/ralph_py/core_opencv_bridge.py -> /home/propp/Independent_Study/ros_workspace/install/ralph_py/lib/python3.8/site-packages/ralph_py
[0.506s] copying /home/propp/Independent_Study/ros_workspace/build/ralph_py/build/lib/ralph_py/__init__.py -> /home/propp/Independent_Study/ros_workspace/install/ralph_py/lib/python3.8/site-packages/ralph_py
[0.507s] byte-compiling /home/propp/Independent_Study/ros_workspace/install/ralph_py/lib/python3.8/site-packages/ralph_py/ralph.py to ralph.cpython-38.pyc
[0.508s] byte-compiling /home/propp/Independent_Study/ros_workspace/install/ralph_py/lib/python3.8/site-packages/ralph_py/core_opencv_bridge.py to core_opencv_bridge.cpython-38.pyc
[0.509s] byte-compiling /home/propp/Independent_Study/ros_workspace/install/ralph_py/lib/python3.8/site-packages/ralph_py/__init__.py to __init__.cpython-38.pyc
[0.509s] running install_data
[0.510s] creating /home/propp/Independent_Study/ros_workspace/install/ralph_py/share/ament_index
[0.510s] creating /home/propp/Independent_Study/ros_workspace/install/ralph_py/share/ament_index/resource_index
[0.510s] creating /home/propp/Independent_Study/ros_workspace/install/ralph_py/share/ament_index/resource_index/packages
[0.510s] copying resource/ralph_py -> /home/propp/Independent_Study/ros_workspace/install/ralph_py/share/ament_index/resource_index/packages
[0.510s] copying package.xml -> /home/propp/Independent_Study/ros_workspace/install/ralph_py/share/ralph_py
[0.510s] running install_egg_info
[0.512s] Copying ../../build/ralph_py/ralph_py.egg-info to /home/propp/Independent_Study/ros_workspace/install/ralph_py/lib/python3.8/site-packages/ralph_py-0.0.0-py3.8.egg-info
[0.513s] running install_scripts
[0.529s] Installing ralph_node script to /home/propp/Independent_Study/ros_workspace/install/ralph_py/lib/ralph_py
[0.529s] writing list of installed files to '/home/propp/Independent_Study/ros_workspace/build/ralph_py/install.log'
