-- The C compiler identification is GNU 9.3.0
-- The CXX compiler identification is GNU 9.3.0
-- Check for working C compiler: /usr/bin/cc
-- Check for working C compiler: /usr/bin/cc -- works
-- Detecting C compiler ABI info
-- Detecting C compiler ABI info - done
-- Detecting C compile features
-- Detecting C compile features - done
-- Check for working CXX compiler: /usr/bin/c++
-- Check for working CXX compiler: /usr/bin/c++ -- works
-- Detecting CXX compiler ABI info
-- Detecting CXX compiler ABI info - done
-- Detecting CXX compile features
-- Detecting CXX compile features - done
-- Found ament_cmake: 0.9.7 (/opt/ros/foxy/share/ament_cmake/cmake)
-- Found PythonInterp: /usr/bin/python3 (found suitable version "3.8.5", minimum required is "3") 
-- Using PYTHON_EXECUTABLE: /usr/bin/python3
-- Found rclcpp: 2.2.0 (/opt/ros/foxy/share/rclcpp/cmake)
-- Using all available rosidl_typesupport_c: rosidl_typesupport_fastrtps_c;rosidl_typesupport_introspection_c
-- Found rosidl_adapter: 1.1.0 (/opt/ros/foxy/share/rosidl_adapter/cmake)
-- Found OpenSSL: /usr/lib/x86_64-linux-gnu/libcrypto.so (found version "1.1.1f")  
-- Found FastRTPS: /opt/ros/foxy/include  
-- Using all available rosidl_typesupport_cpp: rosidl_typesupport_fastrtps_cpp;rosidl_typesupport_introspection_cpp
-- Found rmw_implementation_cmake: 1.0.2 (/opt/ros/foxy/share/rmw_implementation_cmake/cmake)
-- Using RMW implementation 'rmw_fastrtps_cpp' as default
-- Looking for pthread.h
-- Looking for pthread.h - found
-- Performing Test CMAKE_HAVE_LIBC_PTHREAD
-- Performing Test CMAKE_HAVE_LIBC_PTHREAD - Failed
-- Looking for pthread_create in pthreads
-- Looking for pthread_create in pthreads - not found
-- Looking for pthread_create in pthread
-- Looking for pthread_create in pthread - found
-- Found Threads: TRUE  
-- Found tf2: 0.13.6 (/opt/ros/foxy/share/tf2/cmake)
-- Found tf2_ros: 0.13.6 (/opt/ros/foxy/share/tf2_ros/cmake)
-- Found nav_msgs: 2.0.3 (/opt/ros/foxy/share/nav_msgs/cmake)
-- Found sensor_msgs: 2.0.3 (/opt/ros/foxy/share/sensor_msgs/cmake)
-- Configuring done
-- Generating done
-- Build files have been written to: /home/propp/Independent_Study/ros_workspace/build/box_nav
[35m[1mScanning dependencies of target lidar_odometry[0m
[ 50%] [32mBuilding CXX object CMakeFiles/lidar_odometry.dir/src/lidar_odometry.cpp.o[0m
In file included from [01m[K/home/propp/Independent_Study/ros_workspace/src/box_nav/src/lidar_odometry.cpp:28[m[K:
[01m[K/opt/ros/foxy/include/sensor_msgs/point_cloud_conversion.hpp:51:6:[m[K [01;35m[Kwarning: [m[K#warning POINT_CLOUD_DEPRECATION_MESSAGE [[01;35m[K-Wcpp[m[K]
   51 | #    [01;35m[Kwarning[m[K POINT_CLOUD_DEPRECATION_MESSAGE
      |      [01;35m[K^~~~~~~[m[K
[01m[K/home/propp/Independent_Study/ros_workspace/src/box_nav/src/lidar_odometry.cpp:[m[K In member function ‘[01m[Kvoid OdometryFromLidar::topic_callback(std::shared_ptr<const sensor_msgs::msg::PointCloud2_<std::allocator<void> > >)[m[K’:
[01m[K/home/propp/Independent_Study/ros_workspace/src/box_nav/src/lidar_odometry.cpp:54:22:[m[K [01;35m[Kwarning: [m[K‘[01m[Kbool sensor_msgs::convertPointCloud2ToPointCloud(const PointCloud2&, sensor_msgs::msg::PointCloud&)[m[K’ is deprecated: PointCloud is deprecated as of Foxy if favor of sensor_msgs/PointCloud2. [[01;35m[K-Wdeprecated-declarations[m[K]
   54 |         sensor_msgs::[01;35m[KconvertPointCloud2ToPointCloud[m[K(*msg,p1);
      |                      [01;35m[K^~~~~~~~~~~~~~~~~~~~~~~~~~~~~~[m[K
In file included from [01m[K/home/propp/Independent_Study/ros_workspace/src/box_nav/src/lidar_odometry.cpp:28[m[K:
[01m[K/opt/ros/foxy/include/sensor_msgs/point_cloud_conversion.hpp:140:20:[m[K [01;36m[Knote: [m[Kdeclared here
  140 | static inline bool [01;36m[KconvertPointCloud2ToPointCloud[m[K(
      |                    [01;36m[K^~~~~~~~~~~~~~~~~~~~~~~~~~~~~~[m[K
[01m[K/home/propp/Independent_Study/ros_workspace/src/box_nav/src/lidar_odometry.cpp:54:60:[m[K [01;35m[Kwarning: [m[K‘[01m[Kbool sensor_msgs::convertPointCloud2ToPointCloud(const PointCloud2&, sensor_msgs::msg::PointCloud&)[m[K’ is deprecated: PointCloud is deprecated as of Foxy if favor of sensor_msgs/PointCloud2. [[01;35m[K-Wdeprecated-declarations[m[K]
   54 |         sensor_msgs::convertPointCloud2ToPointCloud(*msg,p1[01;35m[K)[m[K;
      |                                                            [01;35m[K^[m[K
In file included from [01m[K/home/propp/Independent_Study/ros_workspace/src/box_nav/src/lidar_odometry.cpp:28[m[K:
[01m[K/opt/ros/foxy/include/sensor_msgs/point_cloud_conversion.hpp:140:20:[m[K [01;36m[Knote: [m[Kdeclared here
  140 | static inline bool [01;36m[KconvertPointCloud2ToPointCloud[m[K(
      |                    [01;36m[K^~~~~~~~~~~~~~~~~~~~~~~~~~~~~~[m[K
[01m[K/home/propp/Independent_Study/ros_workspace/src/box_nav/src/lidar_odometry.cpp:54:60:[m[K [01;35m[Kwarning: [m[K‘[01m[Kbool sensor_msgs::convertPointCloud2ToPointCloud(const PointCloud2&, sensor_msgs::msg::PointCloud&)[m[K’ is deprecated: PointCloud is deprecated as of Foxy if favor of sensor_msgs/PointCloud2. [[01;35m[K-Wdeprecated-declarations[m[K]
   54 |         sensor_msgs::convertPointCloud2ToPointCloud(*msg,p1[01;35m[K)[m[K;
      |                                                            [01;35m[K^[m[K
In file included from [01m[K/home/propp/Independent_Study/ros_workspace/src/box_nav/src/lidar_odometry.cpp:28[m[K:
[01m[K/opt/ros/foxy/include/sensor_msgs/point_cloud_conversion.hpp:140:20:[m[K [01;36m[Knote: [m[Kdeclared here
  140 | static inline bool [01;36m[KconvertPointCloud2ToPointCloud[m[K(
      |                    [01;36m[K^~~~~~~~~~~~~~~~~~~~~~~~~~~~~~[m[K
[100%] [32m[1mLinking CXX executable lidar_odometry[0m
[100%] Built target lidar_odometry
-- Install configuration: ""
-- Installing: /home/propp/Independent_Study/ros_workspace/install/box_nav/lib/box_nav/lidar_odometry
-- Set runtime path of "/home/propp/Independent_Study/ros_workspace/install/box_nav/lib/box_nav/lidar_odometry" to ""
-- Installing: /home/propp/Independent_Study/ros_workspace/install/box_nav/share/ament_index/resource_index/package_run_dependencies/box_nav
-- Installing: /home/propp/Independent_Study/ros_workspace/install/box_nav/share/ament_index/resource_index/parent_prefix_path/box_nav
-- Installing: /home/propp/Independent_Study/ros_workspace/install/box_nav/share/box_nav/environment/ament_prefix_path.sh
-- Installing: /home/propp/Independent_Study/ros_workspace/install/box_nav/share/box_nav/environment/ament_prefix_path.dsv
-- Installing: /home/propp/Independent_Study/ros_workspace/install/box_nav/share/box_nav/environment/path.sh
-- Installing: /home/propp/Independent_Study/ros_workspace/install/box_nav/share/box_nav/environment/path.dsv
-- Installing: /home/propp/Independent_Study/ros_workspace/install/box_nav/share/box_nav/local_setup.bash
-- Installing: /home/propp/Independent_Study/ros_workspace/install/box_nav/share/box_nav/local_setup.sh
-- Installing: /home/propp/Independent_Study/ros_workspace/install/box_nav/share/box_nav/local_setup.zsh
-- Installing: /home/propp/Independent_Study/ros_workspace/install/box_nav/share/box_nav/local_setup.dsv
-- Installing: /home/propp/Independent_Study/ros_workspace/install/box_nav/share/box_nav/package.dsv
-- Installing: /home/propp/Independent_Study/ros_workspace/install/box_nav/share/ament_index/resource_index/packages/box_nav
-- Installing: /home/propp/Independent_Study/ros_workspace/install/box_nav/share/box_nav/cmake/box_navConfig.cmake
-- Installing: /home/propp/Independent_Study/ros_workspace/install/box_nav/share/box_nav/cmake/box_navConfig-version.cmake
-- Installing: /home/propp/Independent_Study/ros_workspace/install/box_nav/share/box_nav/package.xml
