[0.020s] Invoking command in '/home/propp/Independent_Study/ros_workspace/build/nav2_msgs': AMENT_PREFIX_PATH=/home/propp/Independent_Study/ros_workspace/install/nav2_common:${AMENT_PREFIX_PATH} CMAKE_PREFIX_PATH=/home/propp/Independent_Study/ros_workspace/install/nav2_common:${CMAKE_PREFIX_PATH} PYTHONPATH=/home/propp/Independent_Study/ros_workspace/install/nav2_common/lib/python3.8/site-packages:${PYTHONPATH} /usr/bin/cmake /home/propp/Independent_Study/ros_workspace/src/navigation2/nav2_msgs -DCMAKE_INSTALL_PREFIX=/home/propp/Independent_Study/ros_workspace/install/nav2_msgs
[0.036s] -- Found ament_cmake: 0.9.7 (/home/propp/ros2_foxy/ros2-linux/share/ament_cmake/cmake)
[0.055s] -- Found PythonInterp: /usr/bin/python3 (found suitable version "3.8.5", minimum required is "3") 
[0.055s] -- Using PYTHON_EXECUTABLE: /usr/bin/python3
[0.239s] -- Override CMake install command with custom implementation using symlinks instead of copying resources
[0.245s] -- Found nav2_common: 0.4.5 (/home/propp/Independent_Study/ros_workspace/install/nav2_common/share/nav2_common/cmake)
[0.246s] -- Found builtin_interfaces: 1.0.0 (/home/propp/ros2_foxy/ros2-linux/share/builtin_interfaces/cmake)
[0.253s] -- Using all available rosidl_typesupport_c: rosidl_typesupport_connext_c;rosidl_typesupport_fastrtps_c;rosidl_typesupport_introspection_c
[0.256s] -- Found rosidl_adapter: 1.1.0 (/home/propp/ros2_foxy/ros2-linux/share/rosidl_adapter/cmake)
[0.258s] -- Found RTI Connext: /opt/rti.com/rti_connext_dds-5.3.1
[0.727s] -- Using all available rosidl_typesupport_cpp: rosidl_typesupport_connext_cpp;rosidl_typesupport_fastrtps_cpp;rosidl_typesupport_introspection_cpp
[0.761s] -- Found nav_msgs: 2.0.3 (/home/propp/ros2_foxy/ros2-linux/share/nav_msgs/cmake)
[0.897s] -- Found rosidl_default_generators: 1.0.0 (/home/propp/ros2_foxy/ros2-linux/share/rosidl_default_generators/cmake)
[0.905s] -- Found action_msgs: 1.0.0 (/home/propp/ros2_foxy/ros2-linux/share/action_msgs/cmake)
[0.965s] -- Found PythonInterp: /usr/bin/python3 (found version "3.8.5") 
[1.566s] -- Found ament_cmake_ros: 0.9.0 (/home/propp/ros2_foxy/ros2-linux/share/ament_cmake_ros/cmake)
[1.847s] -- Using all available rosidl_typesupport_c: rosidl_typesupport_connext_c;rosidl_typesupport_fastrtps_c;rosidl_typesupport_introspection_c
[1.989s] -- Using all available rosidl_typesupport_cpp: rosidl_typesupport_connext_cpp;rosidl_typesupport_fastrtps_cpp;rosidl_typesupport_introspection_cpp
[2.011s] -- Found PythonInterp: /usr/bin/python3 (found suitable version "3.8.5", minimum required is "3.5") 
[2.011s] -- Found python_cmake_module: 0.8.0 (/home/propp/ros2_foxy/ros2-linux/share/python_cmake_module/cmake)
[2.033s] -- Using PYTHON_EXECUTABLE: /usr/bin/python3
[2.033s] -- Using PYTHON_INCLUDE_DIRS: /usr/include/python3.8
[2.033s] -- Using PYTHON_LIBRARIES: /usr/lib/x86_64-linux-gnu/libpython3.8.so
[2.138s] -- Configuring done
[2.348s] -- Generating done
[2.352s] -- Build files have been written to: /home/propp/Independent_Study/ros_workspace/build/nav2_msgs
[2.364s] Invoked command in '/home/propp/Independent_Study/ros_workspace/build/nav2_msgs' returned '0': AMENT_PREFIX_PATH=/home/propp/Independent_Study/ros_workspace/install/nav2_common:${AMENT_PREFIX_PATH} CMAKE_PREFIX_PATH=/home/propp/Independent_Study/ros_workspace/install/nav2_common:${CMAKE_PREFIX_PATH} PYTHONPATH=/home/propp/Independent_Study/ros_workspace/install/nav2_common/lib/python3.8/site-packages:${PYTHONPATH} /usr/bin/cmake /home/propp/Independent_Study/ros_workspace/src/navigation2/nav2_msgs -DCMAKE_INSTALL_PREFIX=/home/propp/Independent_Study/ros_workspace/install/nav2_msgs
[2.366s] Invoking command in '/home/propp/Independent_Study/ros_workspace/build/nav2_msgs': AMENT_PREFIX_PATH=/home/propp/Independent_Study/ros_workspace/install/nav2_common:${AMENT_PREFIX_PATH} CMAKE_PREFIX_PATH=/home/propp/Independent_Study/ros_workspace/install/nav2_common:${CMAKE_PREFIX_PATH} PYTHONPATH=/home/propp/Independent_Study/ros_workspace/install/nav2_common/lib/python3.8/site-packages:${PYTHONPATH} /usr/bin/cmake --build /home/propp/Independent_Study/ros_workspace/build/nav2_msgs -- -j12 -l12
[2.436s] [  6%] Built target nav2_msgs__rosidl_generator_c
[2.439s] [  6%] Built target nav2_msgs__dds_connext_idl
[2.444s] [  6%] Built target nav2_msgs__cpp
[2.476s] [ 13%] Built target nav2_msgs__rosidl_typesupport_c
[2.483s] [ 20%] Built target nav2_msgs__rosidl_typesupport_introspection_cpp
[2.485s] [ 27%] Built target nav2_msgs__rosidl_typesupport_cpp
[2.494s] [ 33%] Built target nav2_msgs__rosidl_typesupport_introspection_c
[2.502s] [ 40%] Built target nav2_msgs__rosidl_typesupport_fastrtps_cpp
[2.553s] [ 46%] Built target nav2_msgs__rosidl_typesupport_fastrtps_c
[2.747s] [ 69%] Built target nav2_msgs__rosidl_typesupport_connext_cpp
[2.968s] [ 93%] Built target nav2_msgs__rosidl_typesupport_connext_c
[2.996s] [ 93%] Built target nav2_msgs
[3.023s] [ 93%] Built target nav2_msgs__py
[3.078s] [ 99%] Built target nav2_msgs__python
[3.135s] [ 99%] Built target nav2_msgs__rosidl_typesupport_introspection_c__pyext
[3.137s] [ 99%] Built target nav2_msgs__rosidl_typesupport_fastrtps_c__pyext
[3.141s] [100%] Built target nav2_msgs__rosidl_typesupport_connext_c__pyext
[3.149s] [100%] Built target nav2_msgs__rosidl_typesupport_c__pyext
[3.166s] Invoked command in '/home/propp/Independent_Study/ros_workspace/build/nav2_msgs' returned '0': AMENT_PREFIX_PATH=/home/propp/Independent_Study/ros_workspace/install/nav2_common:${AMENT_PREFIX_PATH} CMAKE_PREFIX_PATH=/home/propp/Independent_Study/ros_workspace/install/nav2_common:${CMAKE_PREFIX_PATH} PYTHONPATH=/home/propp/Independent_Study/ros_workspace/install/nav2_common/lib/python3.8/site-packages:${PYTHONPATH} /usr/bin/cmake --build /home/propp/Independent_Study/ros_workspace/build/nav2_msgs -- -j12 -l12
[5.063s] Invoking command in '/home/propp/Independent_Study/ros_workspace/build/nav2_msgs': AMENT_PREFIX_PATH=/home/propp/Independent_Study/ros_workspace/install/nav2_common:${AMENT_PREFIX_PATH} CMAKE_PREFIX_PATH=/home/propp/Independent_Study/ros_workspace/install/nav2_common:${CMAKE_PREFIX_PATH} PYTHONPATH=/home/propp/Independent_Study/ros_workspace/install/nav2_common/lib/python3.8/site-packages:${PYTHONPATH} /usr/bin/cmake --install /home/propp/Independent_Study/ros_workspace/build/nav2_msgs
[5.077s] -- Install configuration: "Release"
[5.078s] -- Execute custom install script
[5.078s] -- Up-to-date symlink: /home/propp/Independent_Study/ros_workspace/install/nav2_msgs/share/ament_index/resource_index/rosidl_interfaces/nav2_msgs
[5.080s] -- Up-to-date symlink: /home/propp/Independent_Study/ros_workspace/install/nav2_msgs/include/nav2_msgs/action/back_up.h
[5.081s] -- Up-to-date symlink: /home/propp/Independent_Study/ros_workspace/install/nav2_msgs/include/nav2_msgs/action/compute_path_to_pose.h
[5.081s] -- Up-to-date symlink: /home/propp/Independent_Study/ros_workspace/install/nav2_msgs/include/nav2_msgs/action/detail/back_up__functions.h
[5.081s] -- Up-to-date symlink: /home/propp/Independent_Study/ros_workspace/install/nav2_msgs/include/nav2_msgs/action/detail/back_up__struct.h
[5.081s] -- Up-to-date symlink: /home/propp/Independent_Study/ros_workspace/install/nav2_msgs/include/nav2_msgs/action/detail/back_up__type_support.h
[5.081s] -- Up-to-date symlink: /home/propp/Independent_Study/ros_workspace/install/nav2_msgs/include/nav2_msgs/action/detail/compute_path_to_pose__functions.h
[5.082s] -- Up-to-date symlink: /home/propp/Independent_Study/ros_workspace/install/nav2_msgs/include/nav2_msgs/action/detail/compute_path_to_pose__struct.h
[5.082s] -- Up-to-date symlink: /home/propp/Independent_Study/ros_workspace/install/nav2_msgs/include/nav2_msgs/action/detail/compute_path_to_pose__type_support.h
[5.082s] -- Up-to-date symlink: /home/propp/Independent_Study/ros_workspace/install/nav2_msgs/include/nav2_msgs/action/detail/dummy_recovery__functions.h
[5.082s] -- Up-to-date symlink: /home/propp/Independent_Study/ros_workspace/install/nav2_msgs/include/nav2_msgs/action/detail/dummy_recovery__struct.h
[5.083s] -- Up-to-date symlink: /home/propp/Independent_Study/ros_workspace/install/nav2_msgs/include/nav2_msgs/action/detail/dummy_recovery__type_support.h
[5.083s] -- Up-to-date symlink: /home/propp/Independent_Study/ros_workspace/install/nav2_msgs/include/nav2_msgs/action/detail/follow_path__functions.h
[5.083s] -- Up-to-date symlink: /home/propp/Independent_Study/ros_workspace/install/nav2_msgs/include/nav2_msgs/action/detail/follow_path__struct.h
[5.083s] -- Up-to-date symlink: /home/propp/Independent_Study/ros_workspace/install/nav2_msgs/include/nav2_msgs/action/detail/follow_path__type_support.h
[5.083s] -- Up-to-date symlink: /home/propp/Independent_Study/ros_workspace/install/nav2_msgs/include/nav2_msgs/action/detail/follow_waypoints__functions.h
[5.084s] -- Up-to-date symlink: /home/propp/Independent_Study/ros_workspace/install/nav2_msgs/include/nav2_msgs/action/detail/follow_waypoints__struct.h
[5.084s] -- Up-to-date symlink: /home/propp/Independent_Study/ros_workspace/install/nav2_msgs/include/nav2_msgs/action/detail/follow_waypoints__type_support.h
[5.084s] -- Up-to-date symlink: /home/propp/Independent_Study/ros_workspace/install/nav2_msgs/include/nav2_msgs/action/detail/navigate_to_pose__functions.h
[5.084s] -- Up-to-date symlink: /home/propp/Independent_Study/ros_workspace/install/nav2_msgs/include/nav2_msgs/action/detail/navigate_to_pose__struct.h
[5.085s] -- Up-to-date symlink: /home/propp/Independent_Study/ros_workspace/install/nav2_msgs/include/nav2_msgs/action/detail/navigate_to_pose__type_support.h
[5.085s] -- Up-to-date symlink: /home/propp/Independent_Study/ros_workspace/install/nav2_msgs/include/nav2_msgs/action/detail/spin__functions.h
[5.085s] -- Up-to-date symlink: /home/propp/Independent_Study/ros_workspace/install/nav2_msgs/include/nav2_msgs/action/detail/spin__struct.h
[5.085s] -- Up-to-date symlink: /home/propp/Independent_Study/ros_workspace/install/nav2_msgs/include/nav2_msgs/action/detail/spin__type_support.h
[5.085s] -- Up-to-date symlink: /home/propp/Independent_Study/ros_workspace/install/nav2_msgs/include/nav2_msgs/action/detail/wait__functions.h
[5.086s] -- Up-to-date symlink: /home/propp/Independent_Study/ros_workspace/install/nav2_msgs/include/nav2_msgs/action/detail/wait__struct.h
[5.086s] -- Up-to-date symlink: /home/propp/Independent_Study/ros_workspace/install/nav2_msgs/include/nav2_msgs/action/detail/wait__type_support.h
[5.086s] -- Up-to-date symlink: /home/propp/Independent_Study/ros_workspace/install/nav2_msgs/include/nav2_msgs/action/dummy_recovery.h
[5.086s] -- Up-to-date symlink: /home/propp/Independent_Study/ros_workspace/install/nav2_msgs/include/nav2_msgs/action/follow_path.h
[5.087s] -- Up-to-date symlink: /home/propp/Independent_Study/ros_workspace/install/nav2_msgs/include/nav2_msgs/action/follow_waypoints.h
[5.087s] -- Up-to-date symlink: /home/propp/Independent_Study/ros_workspace/install/nav2_msgs/include/nav2_msgs/action/navigate_to_pose.h
[5.087s] -- Up-to-date symlink: /home/propp/Independent_Study/ros_workspace/install/nav2_msgs/include/nav2_msgs/action/spin.h
[5.087s] -- Up-to-date symlink: /home/propp/Independent_Study/ros_workspace/install/nav2_msgs/include/nav2_msgs/action/wait.h
[5.087s] -- Up-to-date symlink: /home/propp/Independent_Study/ros_workspace/install/nav2_msgs/include/nav2_msgs/msg/behavior_tree_log.h
[5.088s] -- Up-to-date symlink: /home/propp/Independent_Study/ros_workspace/install/nav2_msgs/include/nav2_msgs/msg/behavior_tree_status_change.h
[5.088s] -- Up-to-date symlink: /home/propp/Independent_Study/ros_workspace/install/nav2_msgs/include/nav2_msgs/msg/costmap.h
[5.088s] -- Up-to-date symlink: /home/propp/Independent_Study/ros_workspace/install/nav2_msgs/include/nav2_msgs/msg/costmap_meta_data.h
[5.088s] -- Up-to-date symlink: /home/propp/Independent_Study/ros_workspace/install/nav2_msgs/include/nav2_msgs/msg/detail/behavior_tree_log__functions.h
[5.089s] -- Up-to-date symlink: /home/propp/Independent_Study/ros_workspace/install/nav2_msgs/include/nav2_msgs/msg/detail/behavior_tree_log__struct.h
[5.089s] -- Up-to-date symlink: /home/propp/Independent_Study/ros_workspace/install/nav2_msgs/include/nav2_msgs/msg/detail/behavior_tree_log__type_support.h
[5.089s] -- Up-to-date symlink: /home/propp/Independent_Study/ros_workspace/install/nav2_msgs/include/nav2_msgs/msg/detail/behavior_tree_status_change__functions.h
[5.089s] -- Up-to-date symlink: /home/propp/Independent_Study/ros_workspace/install/nav2_msgs/include/nav2_msgs/msg/detail/behavior_tree_status_change__struct.h
[5.089s] -- Up-to-date symlink: /home/propp/Independent_Study/ros_workspace/install/nav2_msgs/include/nav2_msgs/msg/detail/behavior_tree_status_change__type_support.h
[5.090s] -- Up-to-date symlink: /home/propp/Independent_Study/ros_workspace/install/nav2_msgs/include/nav2_msgs/msg/detail/costmap__functions.h
[5.090s] -- Up-to-date symlink: /home/propp/Independent_Study/ros_workspace/install/nav2_msgs/include/nav2_msgs/msg/detail/costmap__struct.h
[5.090s] -- Up-to-date symlink: /home/propp/Independent_Study/ros_workspace/install/nav2_msgs/include/nav2_msgs/msg/detail/costmap__type_support.h
[5.090s] -- Up-to-date symlink: /home/propp/Independent_Study/ros_workspace/install/nav2_msgs/include/nav2_msgs/msg/detail/costmap_meta_data__functions.h
[5.091s] -- Up-to-date symlink: /home/propp/Independent_Study/ros_workspace/install/nav2_msgs/include/nav2_msgs/msg/detail/costmap_meta_data__struct.h
[5.091s] -- Up-to-date symlink: /home/propp/Independent_Study/ros_workspace/install/nav2_msgs/include/nav2_msgs/msg/detail/costmap_meta_data__type_support.h
[5.091s] -- Up-to-date symlink: /home/propp/Independent_Study/ros_workspace/install/nav2_msgs/include/nav2_msgs/msg/detail/particle__functions.h
[5.091s] -- Up-to-date symlink: /home/propp/Independent_Study/ros_workspace/install/nav2_msgs/include/nav2_msgs/msg/detail/particle__struct.h
[5.092s] -- Up-to-date symlink: /home/propp/Independent_Study/ros_workspace/install/nav2_msgs/include/nav2_msgs/msg/detail/particle__type_support.h
[5.092s] -- Up-to-date symlink: /home/propp/Independent_Study/ros_workspace/install/nav2_msgs/include/nav2_msgs/msg/detail/particle_cloud__functions.h
[5.092s] -- Up-to-date symlink: /home/propp/Independent_Study/ros_workspace/install/nav2_msgs/include/nav2_msgs/msg/detail/particle_cloud__struct.h
[5.092s] -- Up-to-date symlink: /home/propp/Independent_Study/ros_workspace/install/nav2_msgs/include/nav2_msgs/msg/detail/particle_cloud__type_support.h
[5.093s] -- Up-to-date symlink: /home/propp/Independent_Study/ros_workspace/install/nav2_msgs/include/nav2_msgs/msg/detail/voxel_grid__functions.h
[5.093s] -- Up-to-date symlink: /home/propp/Independent_Study/ros_workspace/install/nav2_msgs/include/nav2_msgs/msg/detail/voxel_grid__struct.h
[5.093s] -- Up-to-date symlink: /home/propp/Independent_Study/ros_workspace/install/nav2_msgs/include/nav2_msgs/msg/detail/voxel_grid__type_support.h
[5.093s] -- Up-to-date symlink: /home/propp/Independent_Study/ros_workspace/install/nav2_msgs/include/nav2_msgs/msg/particle.h
[5.093s] -- Up-to-date symlink: /home/propp/Independent_Study/ros_workspace/install/nav2_msgs/include/nav2_msgs/msg/particle_cloud.h
[5.094s] -- Up-to-date symlink: /home/propp/Independent_Study/ros_workspace/install/nav2_msgs/include/nav2_msgs/msg/rosidl_generator_c__visibility_control.h
[5.094s] -- Up-to-date symlink: /home/propp/Independent_Study/ros_workspace/install/nav2_msgs/include/nav2_msgs/msg/voxel_grid.h
[5.094s] -- Up-to-date symlink: /home/propp/Independent_Study/ros_workspace/install/nav2_msgs/include/nav2_msgs/srv/clear_costmap_around_robot.h
[5.094s] -- Up-to-date symlink: /home/propp/Independent_Study/ros_workspace/install/nav2_msgs/include/nav2_msgs/srv/clear_costmap_except_region.h
[5.095s] -- Up-to-date symlink: /home/propp/Independent_Study/ros_workspace/install/nav2_msgs/include/nav2_msgs/srv/clear_entire_costmap.h
[5.095s] -- Up-to-date symlink: /home/propp/Independent_Study/ros_workspace/install/nav2_msgs/include/nav2_msgs/srv/detail/clear_costmap_around_robot__functions.h
[5.095s] -- Up-to-date symlink: /home/propp/Independent_Study/ros_workspace/install/nav2_msgs/include/nav2_msgs/srv/detail/clear_costmap_around_robot__struct.h
[5.095s] -- Up-to-date symlink: /home/propp/Independent_Study/ros_workspace/install/nav2_msgs/include/nav2_msgs/srv/detail/clear_costmap_around_robot__type_support.h
[5.095s] -- Up-to-date symlink: /home/propp/Independent_Study/ros_workspace/install/nav2_msgs/include/nav2_msgs/srv/detail/clear_costmap_except_region__functions.h
[5.096s] -- Up-to-date symlink: /home/propp/Independent_Study/ros_workspace/install/nav2_msgs/include/nav2_msgs/srv/detail/clear_costmap_except_region__struct.h
[5.096s] -- Up-to-date symlink: /home/propp/Independent_Study/ros_workspace/install/nav2_msgs/include/nav2_msgs/srv/detail/clear_costmap_except_region__type_support.h
[5.097s] -- Up-to-date symlink: /home/propp/Independent_Study/ros_workspace/install/nav2_msgs/include/nav2_msgs/srv/detail/clear_entire_costmap__functions.h
[5.097s] -- Up-to-date symlink: /home/propp/Independent_Study/ros_workspace/install/nav2_msgs/include/nav2_msgs/srv/detail/clear_entire_costmap__struct.h
[5.097s] -- Up-to-date symlink: /home/propp/Independent_Study/ros_workspace/install/nav2_msgs/include/nav2_msgs/srv/detail/clear_entire_costmap__type_support.h
[5.097s] -- Up-to-date symlink: /home/propp/Independent_Study/ros_workspace/install/nav2_msgs/include/nav2_msgs/srv/detail/get_costmap__functions.h
[5.097s] -- Up-to-date symlink: /home/propp/Independent_Study/ros_workspace/install/nav2_msgs/include/nav2_msgs/srv/detail/get_costmap__struct.h
[5.098s] -- Up-to-date symlink: /home/propp/Independent_Study/ros_workspace/install/nav2_msgs/include/nav2_msgs/srv/detail/get_costmap__type_support.h
[5.098s] -- Up-to-date symlink: /home/propp/Independent_Study/ros_workspace/install/nav2_msgs/include/nav2_msgs/srv/detail/load_map__functions.h
[5.098s] -- Up-to-date symlink: /home/propp/Independent_Study/ros_workspace/install/nav2_msgs/include/nav2_msgs/srv/detail/load_map__struct.h
[5.098s] -- Up-to-date symlink: /home/propp/Independent_Study/ros_workspace/install/nav2_msgs/include/nav2_msgs/srv/detail/load_map__type_support.h
[5.098s] -- Up-to-date symlink: /home/propp/Independent_Study/ros_workspace/install/nav2_msgs/include/nav2_msgs/srv/detail/manage_lifecycle_nodes__functions.h
[5.099s] -- Up-to-date symlink: /home/propp/Independent_Study/ros_workspace/install/nav2_msgs/include/nav2_msgs/srv/detail/manage_lifecycle_nodes__struct.h
[5.099s] -- Up-to-date symlink: /home/propp/Independent_Study/ros_workspace/install/nav2_msgs/include/nav2_msgs/srv/detail/manage_lifecycle_nodes__type_support.h
[5.099s] -- Up-to-date symlink: /home/propp/Independent_Study/ros_workspace/install/nav2_msgs/include/nav2_msgs/srv/detail/save_map__functions.h
[5.099s] -- Up-to-date symlink: /home/propp/Independent_Study/ros_workspace/install/nav2_msgs/include/nav2_msgs/srv/detail/save_map__struct.h
[5.100s] -- Up-to-date symlink: /home/propp/Independent_Study/ros_workspace/install/nav2_msgs/include/nav2_msgs/srv/detail/save_map__type_support.h
[5.100s] -- Up-to-date symlink: /home/propp/Independent_Study/ros_workspace/install/nav2_msgs/include/nav2_msgs/srv/get_costmap.h
[5.100s] -- Up-to-date symlink: /home/propp/Independent_Study/ros_workspace/install/nav2_msgs/include/nav2_msgs/srv/load_map.h
[5.100s] -- Up-to-date symlink: /home/propp/Independent_Study/ros_workspace/install/nav2_msgs/include/nav2_msgs/srv/manage_lifecycle_nodes.h
[5.100s] -- Up-to-date symlink: /home/propp/Independent_Study/ros_workspace/install/nav2_msgs/include/nav2_msgs/srv/save_map.h
[5.101s] -- Up-to-date symlink: /home/propp/Independent_Study/ros_workspace/install/nav2_msgs/share/nav2_msgs/environment/library_path.sh
[5.101s] -- Up-to-date symlink: /home/propp/Independent_Study/ros_workspace/install/nav2_msgs/share/nav2_msgs/environment/library_path.dsv
[5.103s] -- Up-to-date symlink: /home/propp/Independent_Study/ros_workspace/install/nav2_msgs/include/nav2_msgs/action/back_up__rosidl_typesupport_connext_c.h
[5.103s] -- Up-to-date symlink: /home/propp/Independent_Study/ros_workspace/install/nav2_msgs/include/nav2_msgs/action/compute_path_to_pose__rosidl_typesupport_connext_c.h
[5.103s] -- Up-to-date symlink: /home/propp/Independent_Study/ros_workspace/install/nav2_msgs/include/nav2_msgs/action/dummy_recovery__rosidl_typesupport_connext_c.h
[5.103s] -- Up-to-date symlink: /home/propp/Independent_Study/ros_workspace/install/nav2_msgs/include/nav2_msgs/action/follow_path__rosidl_typesupport_connext_c.h
[5.103s] -- Up-to-date symlink: /home/propp/Independent_Study/ros_workspace/install/nav2_msgs/include/nav2_msgs/action/follow_waypoints__rosidl_typesupport_connext_c.h
[5.104s] -- Up-to-date symlink: /home/propp/Independent_Study/ros_workspace/install/nav2_msgs/include/nav2_msgs/action/navigate_to_pose__rosidl_typesupport_connext_c.h
[5.104s] -- Up-to-date symlink: /home/propp/Independent_Study/ros_workspace/install/nav2_msgs/include/nav2_msgs/action/spin__rosidl_typesupport_connext_c.h
[5.104s] -- Up-to-date symlink: /home/propp/Independent_Study/ros_workspace/install/nav2_msgs/include/nav2_msgs/action/wait__rosidl_typesupport_connext_c.h
[5.104s] -- Up-to-date symlink: /home/propp/Independent_Study/ros_workspace/install/nav2_msgs/include/nav2_msgs/msg/behavior_tree_log__rosidl_typesupport_connext_c.h
[5.104s] -- Up-to-date symlink: /home/propp/Independent_Study/ros_workspace/install/nav2_msgs/include/nav2_msgs/msg/behavior_tree_status_change__rosidl_typesupport_connext_c.h
[5.105s] -- Up-to-date symlink: /home/propp/Independent_Study/ros_workspace/install/nav2_msgs/include/nav2_msgs/msg/costmap__rosidl_typesupport_connext_c.h
[5.105s] -- Up-to-date symlink: /home/propp/Independent_Study/ros_workspace/install/nav2_msgs/include/nav2_msgs/msg/costmap_meta_data__rosidl_typesupport_connext_c.h
[5.105s] -- Up-to-date symlink: /home/propp/Independent_Study/ros_workspace/install/nav2_msgs/include/nav2_msgs/msg/particle__rosidl_typesupport_connext_c.h
[5.105s] -- Up-to-date symlink: /home/propp/Independent_Study/ros_workspace/install/nav2_msgs/include/nav2_msgs/msg/particle_cloud__rosidl_typesupport_connext_c.h
[5.105s] -- Up-to-date symlink: /home/propp/Independent_Study/ros_workspace/install/nav2_msgs/include/nav2_msgs/msg/rosidl_typesupport_connext_c__visibility_control.h
[5.106s] -- Up-to-date symlink: /home/propp/Independent_Study/ros_workspace/install/nav2_msgs/include/nav2_msgs/msg/voxel_grid__rosidl_typesupport_connext_c.h
[5.106s] -- Up-to-date symlink: /home/propp/Independent_Study/ros_workspace/install/nav2_msgs/include/nav2_msgs/srv/clear_costmap_around_robot__rosidl_typesupport_connext_c.h
[5.106s] -- Up-to-date symlink: /home/propp/Independent_Study/ros_workspace/install/nav2_msgs/include/nav2_msgs/srv/clear_costmap_except_region__rosidl_typesupport_connext_c.h
[5.106s] -- Up-to-date symlink: /home/propp/Independent_Study/ros_workspace/install/nav2_msgs/include/nav2_msgs/srv/clear_entire_costmap__rosidl_typesupport_connext_c.h
[5.107s] -- Up-to-date symlink: /home/propp/Independent_Study/ros_workspace/install/nav2_msgs/include/nav2_msgs/srv/get_costmap__rosidl_typesupport_connext_c.h
[5.107s] -- Up-to-date symlink: /home/propp/Independent_Study/ros_workspace/install/nav2_msgs/include/nav2_msgs/srv/load_map__rosidl_typesupport_connext_c.h
[5.107s] -- Up-to-date symlink: /home/propp/Independent_Study/ros_workspace/install/nav2_msgs/include/nav2_msgs/srv/manage_lifecycle_nodes__rosidl_typesupport_connext_c.h
[5.107s] -- Up-to-date symlink: /home/propp/Independent_Study/ros_workspace/install/nav2_msgs/include/nav2_msgs/srv/save_map__rosidl_typesupport_connext_c.h
[5.107s] -- Up-to-date symlink: /home/propp/Independent_Study/ros_workspace/install/nav2_msgs/lib/libnav2_msgs__rosidl_typesupport_connext_c.so
[5.108s] -- Up-to-date symlink: /home/propp/Independent_Study/ros_workspace/install/nav2_msgs/share/nav2_msgs/msg/dds_connext/BehaviorTreeLog_.idl
[5.108s] -- Up-to-date symlink: /home/propp/Independent_Study/ros_workspace/install/nav2_msgs/share/nav2_msgs/msg/dds_connext/BehaviorTreeStatusChange_.idl
[5.108s] -- Up-to-date symlink: /home/propp/Independent_Study/ros_workspace/install/nav2_msgs/share/nav2_msgs/msg/dds_connext/CostmapMetaData_.idl
[5.109s] -- Up-to-date symlink: /home/propp/Independent_Study/ros_workspace/install/nav2_msgs/share/nav2_msgs/msg/dds_connext/Costmap_.idl
[5.109s] -- Up-to-date symlink: /home/propp/Independent_Study/ros_workspace/install/nav2_msgs/share/nav2_msgs/msg/dds_connext/ParticleCloud_.idl
[5.109s] -- Up-to-date symlink: /home/propp/Independent_Study/ros_workspace/install/nav2_msgs/share/nav2_msgs/msg/dds_connext/Particle_.idl
[5.109s] -- Up-to-date symlink: /home/propp/Independent_Study/ros_workspace/install/nav2_msgs/share/nav2_msgs/msg/dds_connext/VoxelGrid_.idl
[5.110s] -- Up-to-date symlink: /home/propp/Independent_Study/ros_workspace/install/nav2_msgs/share/nav2_msgs/srv/dds_connext/ClearCostmapAroundRobot_.idl
[5.110s] -- Up-to-date symlink: /home/propp/Independent_Study/ros_workspace/install/nav2_msgs/share/nav2_msgs/srv/dds_connext/ClearCostmapExceptRegion_.idl
[5.110s] -- Up-to-date symlink: /home/propp/Independent_Study/ros_workspace/install/nav2_msgs/share/nav2_msgs/srv/dds_connext/ClearEntireCostmap_.idl
[5.111s] -- Up-to-date symlink: /home/propp/Independent_Study/ros_workspace/install/nav2_msgs/share/nav2_msgs/srv/dds_connext/GetCostmap_.idl
[5.111s] -- Up-to-date symlink: /home/propp/Independent_Study/ros_workspace/install/nav2_msgs/share/nav2_msgs/srv/dds_connext/LoadMap_.idl
[5.111s] -- Up-to-date symlink: /home/propp/Independent_Study/ros_workspace/install/nav2_msgs/share/nav2_msgs/srv/dds_connext/ManageLifecycleNodes_.idl
[5.111s] -- Up-to-date symlink: /home/propp/Independent_Study/ros_workspace/install/nav2_msgs/share/nav2_msgs/srv/dds_connext/SaveMap_.idl
[5.112s] -- Up-to-date symlink: /home/propp/Independent_Study/ros_workspace/install/nav2_msgs/share/nav2_msgs/action/dds_connext/BackUp_.idl
[5.112s] -- Up-to-date symlink: /home/propp/Independent_Study/ros_workspace/install/nav2_msgs/share/nav2_msgs/action/dds_connext/ComputePathToPose_.idl
[5.112s] -- Up-to-date symlink: /home/propp/Independent_Study/ros_workspace/install/nav2_msgs/share/nav2_msgs/action/dds_connext/DummyRecovery_.idl
[5.112s] -- Up-to-date symlink: /home/propp/Independent_Study/ros_workspace/install/nav2_msgs/share/nav2_msgs/action/dds_connext/FollowPath_.idl
[5.113s] -- Up-to-date symlink: /home/propp/Independent_Study/ros_workspace/install/nav2_msgs/share/nav2_msgs/action/dds_connext/FollowWaypoints_.idl
[5.113s] -- Up-to-date symlink: /home/propp/Independent_Study/ros_workspace/install/nav2_msgs/share/nav2_msgs/action/dds_connext/NavigateToPose_.idl
[5.113s] -- Up-to-date symlink: /home/propp/Independent_Study/ros_workspace/install/nav2_msgs/share/nav2_msgs/action/dds_connext/Spin_.idl
[5.113s] -- Up-to-date symlink: /home/propp/Independent_Study/ros_workspace/install/nav2_msgs/share/nav2_msgs/action/dds_connext/Wait_.idl
[5.117s] -- Up-to-date symlink: /home/propp/Independent_Study/ros_workspace/install/nav2_msgs/include/nav2_msgs/action/back_up__rosidl_typesupport_connext_cpp.hpp
[5.117s] -- Up-to-date symlink: /home/propp/Independent_Study/ros_workspace/install/nav2_msgs/include/nav2_msgs/action/compute_path_to_pose__rosidl_typesupport_connext_cpp.hpp
[5.118s] -- Up-to-date symlink: /home/propp/Independent_Study/ros_workspace/install/nav2_msgs/include/nav2_msgs/action/dds_connext/BackUp_.cxx
[5.118s] -- Up-to-date symlink: /home/propp/Independent_Study/ros_workspace/install/nav2_msgs/include/nav2_msgs/action/dds_connext/BackUp_.h
[5.118s] -- Up-to-date symlink: /home/propp/Independent_Study/ros_workspace/install/nav2_msgs/include/nav2_msgs/action/dds_connext/BackUp_Plugin.cxx
[5.119s] -- Up-to-date symlink: /home/propp/Independent_Study/ros_workspace/install/nav2_msgs/include/nav2_msgs/action/dds_connext/BackUp_Plugin.h
[5.119s] -- Up-to-date symlink: /home/propp/Independent_Study/ros_workspace/install/nav2_msgs/include/nav2_msgs/action/dds_connext/BackUp_Support.cxx
[5.119s] -- Up-to-date symlink: /home/propp/Independent_Study/ros_workspace/install/nav2_msgs/include/nav2_msgs/action/dds_connext/BackUp_Support.h
[5.119s] -- Up-to-date symlink: /home/propp/Independent_Study/ros_workspace/install/nav2_msgs/include/nav2_msgs/action/dds_connext/ComputePathToPose_.cxx
[5.120s] -- Up-to-date symlink: /home/propp/Independent_Study/ros_workspace/install/nav2_msgs/include/nav2_msgs/action/dds_connext/ComputePathToPose_.h
[5.120s] -- Up-to-date symlink: /home/propp/Independent_Study/ros_workspace/install/nav2_msgs/include/nav2_msgs/action/dds_connext/ComputePathToPose_Plugin.cxx
[5.120s] -- Up-to-date symlink: /home/propp/Independent_Study/ros_workspace/install/nav2_msgs/include/nav2_msgs/action/dds_connext/ComputePathToPose_Plugin.h
[5.120s] -- Up-to-date symlink: /home/propp/Independent_Study/ros_workspace/install/nav2_msgs/include/nav2_msgs/action/dds_connext/ComputePathToPose_Support.cxx
[5.120s] -- Up-to-date symlink: /home/propp/Independent_Study/ros_workspace/install/nav2_msgs/include/nav2_msgs/action/dds_connext/ComputePathToPose_Support.h
[5.120s] -- Up-to-date symlink: /home/propp/Independent_Study/ros_workspace/install/nav2_msgs/include/nav2_msgs/action/dds_connext/DummyRecovery_.cxx
[5.120s] -- Up-to-date symlink: /home/propp/Independent_Study/ros_workspace/install/nav2_msgs/include/nav2_msgs/action/dds_connext/DummyRecovery_.h
[5.120s] -- Up-to-date symlink: /home/propp/Independent_Study/ros_workspace/install/nav2_msgs/include/nav2_msgs/action/dds_connext/DummyRecovery_Plugin.cxx
[5.121s] -- Up-to-date symlink: /home/propp/Independent_Study/ros_workspace/install/nav2_msgs/include/nav2_msgs/action/dds_connext/DummyRecovery_Plugin.h
[5.121s] -- Up-to-date symlink: /home/propp/Independent_Study/ros_workspace/install/nav2_msgs/include/nav2_msgs/action/dds_connext/DummyRecovery_Support.cxx
[5.122s] -- Up-to-date symlink: /home/propp/Independent_Study/ros_workspace/install/nav2_msgs/include/nav2_msgs/action/dds_connext/DummyRecovery_Support.h
[5.123s] -- Up-to-date symlink: /home/propp/Independent_Study/ros_workspace/install/nav2_msgs/include/nav2_msgs/action/dds_connext/FollowPath_.cxx
[5.123s] -- Up-to-date symlink: /home/propp/Independent_Study/ros_workspace/install/nav2_msgs/include/nav2_msgs/action/dds_connext/FollowPath_.h
[5.123s] -- Up-to-date symlink: /home/propp/Independent_Study/ros_workspace/install/nav2_msgs/include/nav2_msgs/action/dds_connext/FollowPath_Plugin.cxx
[5.124s] -- Up-to-date symlink: /home/propp/Independent_Study/ros_workspace/install/nav2_msgs/include/nav2_msgs/action/dds_connext/FollowPath_Plugin.h
[5.124s] -- Up-to-date symlink: /home/propp/Independent_Study/ros_workspace/install/nav2_msgs/include/nav2_msgs/action/dds_connext/FollowPath_Support.cxx
[5.124s] -- Up-to-date symlink: /home/propp/Independent_Study/ros_workspace/install/nav2_msgs/include/nav2_msgs/action/dds_connext/FollowPath_Support.h
[5.124s] -- Up-to-date symlink: /home/propp/Independent_Study/ros_workspace/install/nav2_msgs/include/nav2_msgs/action/dds_connext/FollowWaypoints_.cxx
[5.124s] -- Up-to-date symlink: /home/propp/Independent_Study/ros_workspace/install/nav2_msgs/include/nav2_msgs/action/dds_connext/FollowWaypoints_.h
[5.124s] -- Up-to-date symlink: /home/propp/Independent_Study/ros_workspace/install/nav2_msgs/include/nav2_msgs/action/dds_connext/FollowWaypoints_Plugin.cxx
[5.125s] -- Up-to-date symlink: /home/propp/Independent_Study/ros_workspace/install/nav2_msgs/include/nav2_msgs/action/dds_connext/FollowWaypoints_Plugin.h
[5.125s] -- Up-to-date symlink: /home/propp/Independent_Study/ros_workspace/install/nav2_msgs/include/nav2_msgs/action/dds_connext/FollowWaypoints_Support.cxx
[5.125s] -- Up-to-date symlink: /home/propp/Independent_Study/ros_workspace/install/nav2_msgs/include/nav2_msgs/action/dds_connext/FollowWaypoints_Support.h
[5.125s] -- Up-to-date symlink: /home/propp/Independent_Study/ros_workspace/install/nav2_msgs/include/nav2_msgs/action/dds_connext/NavigateToPose_.cxx
[5.126s] -- Up-to-date symlink: /home/propp/Independent_Study/ros_workspace/install/nav2_msgs/include/nav2_msgs/action/dds_connext/NavigateToPose_.h
[5.126s] -- Up-to-date symlink: /home/propp/Independent_Study/ros_workspace/install/nav2_msgs/include/nav2_msgs/action/dds_connext/NavigateToPose_Plugin.cxx
[5.126s] -- Up-to-date symlink: /home/propp/Independent_Study/ros_workspace/install/nav2_msgs/include/nav2_msgs/action/dds_connext/NavigateToPose_Plugin.h
[5.126s] -- Up-to-date symlink: /home/propp/Independent_Study/ros_workspace/install/nav2_msgs/include/nav2_msgs/action/dds_connext/NavigateToPose_Support.cxx
[5.126s] -- Up-to-date symlink: /home/propp/Independent_Study/ros_workspace/install/nav2_msgs/include/nav2_msgs/action/dds_connext/NavigateToPose_Support.h
[5.127s] -- Up-to-date symlink: /home/propp/Independent_Study/ros_workspace/install/nav2_msgs/include/nav2_msgs/action/dds_connext/Spin_.cxx
[5.127s] -- Up-to-date symlink: /home/propp/Independent_Study/ros_workspace/install/nav2_msgs/include/nav2_msgs/action/dds_connext/Spin_.h
[5.127s] -- Up-to-date symlink: /home/propp/Independent_Study/ros_workspace/install/nav2_msgs/include/nav2_msgs/action/dds_connext/Spin_Plugin.cxx
[5.127s] -- Up-to-date symlink: /home/propp/Independent_Study/ros_workspace/install/nav2_msgs/include/nav2_msgs/action/dds_connext/Spin_Plugin.h
[5.127s] -- Up-to-date symlink: /home/propp/Independent_Study/ros_workspace/install/nav2_msgs/include/nav2_msgs/action/dds_connext/Spin_Support.cxx
[5.127s] -- Up-to-date symlink: /home/propp/Independent_Study/ros_workspace/install/nav2_msgs/include/nav2_msgs/action/dds_connext/Spin_Support.h
[5.127s] -- Up-to-date symlink: /home/propp/Independent_Study/ros_workspace/install/nav2_msgs/include/nav2_msgs/action/dds_connext/Wait_.cxx
[5.128s] -- Up-to-date symlink: /home/propp/Independent_Study/ros_workspace/install/nav2_msgs/include/nav2_msgs/action/dds_connext/Wait_.h
[5.128s] -- Up-to-date symlink: /home/propp/Independent_Study/ros_workspace/install/nav2_msgs/include/nav2_msgs/action/dds_connext/Wait_Plugin.cxx
[5.128s] -- Up-to-date symlink: /home/propp/Independent_Study/ros_workspace/install/nav2_msgs/include/nav2_msgs/action/dds_connext/Wait_Plugin.h
[5.128s] -- Up-to-date symlink: /home/propp/Independent_Study/ros_workspace/install/nav2_msgs/include/nav2_msgs/action/dds_connext/Wait_Support.cxx
[5.128s] -- Up-to-date symlink: /home/propp/Independent_Study/ros_workspace/install/nav2_msgs/include/nav2_msgs/action/dds_connext/Wait_Support.h
[5.129s] -- Up-to-date symlink: /home/propp/Independent_Study/ros_workspace/install/nav2_msgs/include/nav2_msgs/action/dummy_recovery__rosidl_typesupport_connext_cpp.hpp
[5.129s] -- Up-to-date symlink: /home/propp/Independent_Study/ros_workspace/install/nav2_msgs/include/nav2_msgs/action/follow_path__rosidl_typesupport_connext_cpp.hpp
[5.129s] -- Up-to-date symlink: /home/propp/Independent_Study/ros_workspace/install/nav2_msgs/include/nav2_msgs/action/follow_waypoints__rosidl_typesupport_connext_cpp.hpp
[5.129s] -- Up-to-date symlink: /home/propp/Independent_Study/ros_workspace/install/nav2_msgs/include/nav2_msgs/action/navigate_to_pose__rosidl_typesupport_connext_cpp.hpp
[5.129s] -- Up-to-date symlink: /home/propp/Independent_Study/ros_workspace/install/nav2_msgs/include/nav2_msgs/action/spin__rosidl_typesupport_connext_cpp.hpp
[5.130s] -- Up-to-date symlink: /home/propp/Independent_Study/ros_workspace/install/nav2_msgs/include/nav2_msgs/action/wait__rosidl_typesupport_connext_cpp.hpp
[5.130s] -- Up-to-date symlink: /home/propp/Independent_Study/ros_workspace/install/nav2_msgs/include/nav2_msgs/msg/behavior_tree_log__rosidl_typesupport_connext_cpp.hpp
[5.130s] -- Up-to-date symlink: /home/propp/Independent_Study/ros_workspace/install/nav2_msgs/include/nav2_msgs/msg/behavior_tree_status_change__rosidl_typesupport_connext_cpp.hpp
[5.130s] -- Up-to-date symlink: /home/propp/Independent_Study/ros_workspace/install/nav2_msgs/include/nav2_msgs/msg/costmap__rosidl_typesupport_connext_cpp.hpp
[5.130s] -- Up-to-date symlink: /home/propp/Independent_Study/ros_workspace/install/nav2_msgs/include/nav2_msgs/msg/costmap_meta_data__rosidl_typesupport_connext_cpp.hpp
[5.131s] -- Up-to-date symlink: /home/propp/Independent_Study/ros_workspace/install/nav2_msgs/include/nav2_msgs/msg/dds_connext/BehaviorTreeLog_.cxx
[5.131s] -- Up-to-date symlink: /home/propp/Independent_Study/ros_workspace/install/nav2_msgs/include/nav2_msgs/msg/dds_connext/BehaviorTreeLog_.h
[5.131s] -- Up-to-date symlink: /home/propp/Independent_Study/ros_workspace/install/nav2_msgs/include/nav2_msgs/msg/dds_connext/BehaviorTreeLog_Plugin.cxx
[5.131s] -- Up-to-date symlink: /home/propp/Independent_Study/ros_workspace/install/nav2_msgs/include/nav2_msgs/msg/dds_connext/BehaviorTreeLog_Plugin.h
[5.131s] -- Up-to-date symlink: /home/propp/Independent_Study/ros_workspace/install/nav2_msgs/include/nav2_msgs/msg/dds_connext/BehaviorTreeLog_Support.cxx
[5.132s] -- Up-to-date symlink: /home/propp/Independent_Study/ros_workspace/install/nav2_msgs/include/nav2_msgs/msg/dds_connext/BehaviorTreeLog_Support.h
[5.132s] -- Up-to-date symlink: /home/propp/Independent_Study/ros_workspace/install/nav2_msgs/include/nav2_msgs/msg/dds_connext/BehaviorTreeStatusChange_.cxx
[5.132s] -- Up-to-date symlink: /home/propp/Independent_Study/ros_workspace/install/nav2_msgs/include/nav2_msgs/msg/dds_connext/BehaviorTreeStatusChange_.h
[5.139s] -- Up-to-date symlink: /home/propp/Independent_Study/ros_workspace/install/nav2_msgs/include/nav2_msgs/msg/dds_connext/BehaviorTreeStatusChange_Plugin.cxx
[5.140s] -- Up-to-date symlink: /home/propp/Independent_Study/ros_workspace/install/nav2_msgs/include/nav2_msgs/msg/dds_connext/BehaviorTreeStatusChange_Plugin.h
[5.140s] -- Up-to-date symlink: /home/propp/Independent_Study/ros_workspace/install/nav2_msgs/include/nav2_msgs/msg/dds_connext/BehaviorTreeStatusChange_Support.cxx
[5.140s] -- Up-to-date symlink: /home/propp/Independent_Study/ros_workspace/install/nav2_msgs/include/nav2_msgs/msg/dds_connext/BehaviorTreeStatusChange_Support.h
[5.140s] -- Up-to-date symlink: /home/propp/Independent_Study/ros_workspace/install/nav2_msgs/include/nav2_msgs/msg/dds_connext/CostmapMetaData_.cxx
[5.140s] -- Up-to-date symlink: /home/propp/Independent_Study/ros_workspace/install/nav2_msgs/include/nav2_msgs/msg/dds_connext/CostmapMetaData_.h
[5.140s] -- Up-to-date symlink: /home/propp/Independent_Study/ros_workspace/install/nav2_msgs/include/nav2_msgs/msg/dds_connext/CostmapMetaData_Plugin.cxx
[5.141s] -- Up-to-date symlink: /home/propp/Independent_Study/ros_workspace/install/nav2_msgs/include/nav2_msgs/msg/dds_connext/CostmapMetaData_Plugin.h
[5.141s] -- Up-to-date symlink: /home/propp/Independent_Study/ros_workspace/install/nav2_msgs/include/nav2_msgs/msg/dds_connext/CostmapMetaData_Support.cxx
[5.141s] -- Up-to-date symlink: /home/propp/Independent_Study/ros_workspace/install/nav2_msgs/include/nav2_msgs/msg/dds_connext/CostmapMetaData_Support.h
[5.141s] -- Up-to-date symlink: /home/propp/Independent_Study/ros_workspace/install/nav2_msgs/include/nav2_msgs/msg/dds_connext/Costmap_.cxx
[5.141s] -- Up-to-date symlink: /home/propp/Independent_Study/ros_workspace/install/nav2_msgs/include/nav2_msgs/msg/dds_connext/Costmap_.h
[5.141s] -- Up-to-date symlink: /home/propp/Independent_Study/ros_workspace/install/nav2_msgs/include/nav2_msgs/msg/dds_connext/Costmap_Plugin.cxx
[5.141s] -- Up-to-date symlink: /home/propp/Independent_Study/ros_workspace/install/nav2_msgs/include/nav2_msgs/msg/dds_connext/Costmap_Plugin.h
[5.142s] -- Up-to-date symlink: /home/propp/Independent_Study/ros_workspace/install/nav2_msgs/include/nav2_msgs/msg/dds_connext/Costmap_Support.cxx
[5.142s] -- Up-to-date symlink: /home/propp/Independent_Study/ros_workspace/install/nav2_msgs/include/nav2_msgs/msg/dds_connext/Costmap_Support.h
[5.142s] -- Up-to-date symlink: /home/propp/Independent_Study/ros_workspace/install/nav2_msgs/include/nav2_msgs/msg/dds_connext/ParticleCloud_.cxx
[5.142s] -- Up-to-date symlink: /home/propp/Independent_Study/ros_workspace/install/nav2_msgs/include/nav2_msgs/msg/dds_connext/ParticleCloud_.h
[5.142s] -- Up-to-date symlink: /home/propp/Independent_Study/ros_workspace/install/nav2_msgs/include/nav2_msgs/msg/dds_connext/ParticleCloud_Plugin.cxx
[5.142s] -- Up-to-date symlink: /home/propp/Independent_Study/ros_workspace/install/nav2_msgs/include/nav2_msgs/msg/dds_connext/ParticleCloud_Plugin.h
[5.142s] -- Up-to-date symlink: /home/propp/Independent_Study/ros_workspace/install/nav2_msgs/include/nav2_msgs/msg/dds_connext/ParticleCloud_Support.cxx
[5.142s] -- Up-to-date symlink: /home/propp/Independent_Study/ros_workspace/install/nav2_msgs/include/nav2_msgs/msg/dds_connext/ParticleCloud_Support.h
[5.143s] -- Up-to-date symlink: /home/propp/Independent_Study/ros_workspace/install/nav2_msgs/include/nav2_msgs/msg/dds_connext/Particle_.cxx
[5.143s] -- Up-to-date symlink: /home/propp/Independent_Study/ros_workspace/install/nav2_msgs/include/nav2_msgs/msg/dds_connext/Particle_.h
[5.143s] -- Up-to-date symlink: /home/propp/Independent_Study/ros_workspace/install/nav2_msgs/include/nav2_msgs/msg/dds_connext/Particle_Plugin.cxx
[5.143s] -- Up-to-date symlink: /home/propp/Independent_Study/ros_workspace/install/nav2_msgs/include/nav2_msgs/msg/dds_connext/Particle_Plugin.h
[5.143s] -- Up-to-date symlink: /home/propp/Independent_Study/ros_workspace/install/nav2_msgs/include/nav2_msgs/msg/dds_connext/Particle_Support.cxx
[5.143s] -- Up-to-date symlink: /home/propp/Independent_Study/ros_workspace/install/nav2_msgs/include/nav2_msgs/msg/dds_connext/Particle_Support.h
[5.143s] -- Up-to-date symlink: /home/propp/Independent_Study/ros_workspace/install/nav2_msgs/include/nav2_msgs/msg/dds_connext/VoxelGrid_.cxx
[5.144s] -- Up-to-date symlink: /home/propp/Independent_Study/ros_workspace/install/nav2_msgs/include/nav2_msgs/msg/dds_connext/VoxelGrid_.h
[5.144s] -- Up-to-date symlink: /home/propp/Independent_Study/ros_workspace/install/nav2_msgs/include/nav2_msgs/msg/dds_connext/VoxelGrid_Plugin.cxx
[5.144s] -- Up-to-date symlink: /home/propp/Independent_Study/ros_workspace/install/nav2_msgs/include/nav2_msgs/msg/dds_connext/VoxelGrid_Plugin.h
[5.144s] -- Up-to-date symlink: /home/propp/Independent_Study/ros_workspace/install/nav2_msgs/include/nav2_msgs/msg/dds_connext/VoxelGrid_Support.cxx
[5.144s] -- Up-to-date symlink: /home/propp/Independent_Study/ros_workspace/install/nav2_msgs/include/nav2_msgs/msg/dds_connext/VoxelGrid_Support.h
[5.144s] -- Up-to-date symlink: /home/propp/Independent_Study/ros_workspace/install/nav2_msgs/include/nav2_msgs/msg/particle__rosidl_typesupport_connext_cpp.hpp
[5.145s] -- Up-to-date symlink: /home/propp/Independent_Study/ros_workspace/install/nav2_msgs/include/nav2_msgs/msg/particle_cloud__rosidl_typesupport_connext_cpp.hpp
[5.145s] -- Up-to-date symlink: /home/propp/Independent_Study/ros_workspace/install/nav2_msgs/include/nav2_msgs/msg/rosidl_typesupport_connext_cpp__visibility_control.h
[5.145s] -- Up-to-date symlink: /home/propp/Independent_Study/ros_workspace/install/nav2_msgs/include/nav2_msgs/msg/voxel_grid__rosidl_typesupport_connext_cpp.hpp
[5.145s] -- Up-to-date symlink: /home/propp/Independent_Study/ros_workspace/install/nav2_msgs/include/nav2_msgs/srv/clear_costmap_around_robot__rosidl_typesupport_connext_cpp.hpp
[5.145s] -- Up-to-date symlink: /home/propp/Independent_Study/ros_workspace/install/nav2_msgs/include/nav2_msgs/srv/clear_costmap_except_region__rosidl_typesupport_connext_cpp.hpp
[5.145s] -- Up-to-date symlink: /home/propp/Independent_Study/ros_workspace/install/nav2_msgs/include/nav2_msgs/srv/clear_entire_costmap__rosidl_typesupport_connext_cpp.hpp
[5.145s] -- Up-to-date symlink: /home/propp/Independent_Study/ros_workspace/install/nav2_msgs/include/nav2_msgs/srv/dds_connext/ClearCostmapAroundRobot_.cxx
[5.146s] -- Up-to-date symlink: /home/propp/Independent_Study/ros_workspace/install/nav2_msgs/include/nav2_msgs/srv/dds_connext/ClearCostmapAroundRobot_.h
[5.146s] -- Up-to-date symlink: /home/propp/Independent_Study/ros_workspace/install/nav2_msgs/include/nav2_msgs/srv/dds_connext/ClearCostmapAroundRobot_Plugin.cxx
[5.146s] -- Up-to-date symlink: /home/propp/Independent_Study/ros_workspace/install/nav2_msgs/include/nav2_msgs/srv/dds_connext/ClearCostmapAroundRobot_Plugin.h
[5.146s] -- Up-to-date symlink: /home/propp/Independent_Study/ros_workspace/install/nav2_msgs/include/nav2_msgs/srv/dds_connext/ClearCostmapAroundRobot_Support.cxx
[5.146s] -- Up-to-date symlink: /home/propp/Independent_Study/ros_workspace/install/nav2_msgs/include/nav2_msgs/srv/dds_connext/ClearCostmapAroundRobot_Support.h
[5.146s] -- Up-to-date symlink: /home/propp/Independent_Study/ros_workspace/install/nav2_msgs/include/nav2_msgs/srv/dds_connext/ClearCostmapExceptRegion_.cxx
[5.146s] -- Up-to-date symlink: /home/propp/Independent_Study/ros_workspace/install/nav2_msgs/include/nav2_msgs/srv/dds_connext/ClearCostmapExceptRegion_.h
[5.146s] -- Up-to-date symlink: /home/propp/Independent_Study/ros_workspace/install/nav2_msgs/include/nav2_msgs/srv/dds_connext/ClearCostmapExceptRegion_Plugin.cxx
[5.146s] -- Up-to-date symlink: /home/propp/Independent_Study/ros_workspace/install/nav2_msgs/include/nav2_msgs/srv/dds_connext/ClearCostmapExceptRegion_Plugin.h
[5.147s] -- Up-to-date symlink: /home/propp/Independent_Study/ros_workspace/install/nav2_msgs/include/nav2_msgs/srv/dds_connext/ClearCostmapExceptRegion_Support.cxx
[5.147s] -- Up-to-date symlink: /home/propp/Independent_Study/ros_workspace/install/nav2_msgs/include/nav2_msgs/srv/dds_connext/ClearCostmapExceptRegion_Support.h
[5.147s] -- Up-to-date symlink: /home/propp/Independent_Study/ros_workspace/install/nav2_msgs/include/nav2_msgs/srv/dds_connext/ClearEntireCostmap_.cxx
[5.147s] -- Up-to-date symlink: /home/propp/Independent_Study/ros_workspace/install/nav2_msgs/include/nav2_msgs/srv/dds_connext/ClearEntireCostmap_.h
[5.147s] -- Up-to-date symlink: /home/propp/Independent_Study/ros_workspace/install/nav2_msgs/include/nav2_msgs/srv/dds_connext/ClearEntireCostmap_Plugin.cxx
[5.147s] -- Up-to-date symlink: /home/propp/Independent_Study/ros_workspace/install/nav2_msgs/include/nav2_msgs/srv/dds_connext/ClearEntireCostmap_Plugin.h
[5.148s] -- Up-to-date symlink: /home/propp/Independent_Study/ros_workspace/install/nav2_msgs/include/nav2_msgs/srv/dds_connext/ClearEntireCostmap_Support.cxx
[5.148s] -- Up-to-date symlink: /home/propp/Independent_Study/ros_workspace/install/nav2_msgs/include/nav2_msgs/srv/dds_connext/ClearEntireCostmap_Support.h
[5.148s] -- Up-to-date symlink: /home/propp/Independent_Study/ros_workspace/install/nav2_msgs/include/nav2_msgs/srv/dds_connext/GetCostmap_.cxx
[5.148s] -- Up-to-date symlink: /home/propp/Independent_Study/ros_workspace/install/nav2_msgs/include/nav2_msgs/srv/dds_connext/GetCostmap_.h
[5.148s] -- Up-to-date symlink: /home/propp/Independent_Study/ros_workspace/install/nav2_msgs/include/nav2_msgs/srv/dds_connext/GetCostmap_Plugin.cxx
[5.148s] -- Up-to-date symlink: /home/propp/Independent_Study/ros_workspace/install/nav2_msgs/include/nav2_msgs/srv/dds_connext/GetCostmap_Plugin.h
[5.148s] -- Up-to-date symlink: /home/propp/Independent_Study/ros_workspace/install/nav2_msgs/include/nav2_msgs/srv/dds_connext/GetCostmap_Support.cxx
[5.148s] -- Up-to-date symlink: /home/propp/Independent_Study/ros_workspace/install/nav2_msgs/include/nav2_msgs/srv/dds_connext/GetCostmap_Support.h
[5.148s] -- Up-to-date symlink: /home/propp/Independent_Study/ros_workspace/install/nav2_msgs/include/nav2_msgs/srv/dds_connext/LoadMap_.cxx
[5.149s] -- Up-to-date symlink: /home/propp/Independent_Study/ros_workspace/install/nav2_msgs/include/nav2_msgs/srv/dds_connext/LoadMap_.h
[5.149s] -- Up-to-date symlink: /home/propp/Independent_Study/ros_workspace/install/nav2_msgs/include/nav2_msgs/srv/dds_connext/LoadMap_Plugin.cxx
[5.149s] -- Up-to-date symlink: /home/propp/Independent_Study/ros_workspace/install/nav2_msgs/include/nav2_msgs/srv/dds_connext/LoadMap_Plugin.h
[5.149s] -- Up-to-date symlink: /home/propp/Independent_Study/ros_workspace/install/nav2_msgs/include/nav2_msgs/srv/dds_connext/LoadMap_Support.cxx
[5.149s] -- Up-to-date symlink: /home/propp/Independent_Study/ros_workspace/install/nav2_msgs/include/nav2_msgs/srv/dds_connext/LoadMap_Support.h
[5.149s] -- Up-to-date symlink: /home/propp/Independent_Study/ros_workspace/install/nav2_msgs/include/nav2_msgs/srv/dds_connext/ManageLifecycleNodes_.cxx
[5.149s] -- Up-to-date symlink: /home/propp/Independent_Study/ros_workspace/install/nav2_msgs/include/nav2_msgs/srv/dds_connext/ManageLifecycleNodes_.h
[5.149s] -- Up-to-date symlink: /home/propp/Independent_Study/ros_workspace/install/nav2_msgs/include/nav2_msgs/srv/dds_connext/ManageLifecycleNodes_Plugin.cxx
[5.149s] -- Up-to-date symlink: /home/propp/Independent_Study/ros_workspace/install/nav2_msgs/include/nav2_msgs/srv/dds_connext/ManageLifecycleNodes_Plugin.h
[5.150s] -- Up-to-date symlink: /home/propp/Independent_Study/ros_workspace/install/nav2_msgs/include/nav2_msgs/srv/dds_connext/ManageLifecycleNodes_Support.cxx
[5.150s] -- Up-to-date symlink: /home/propp/Independent_Study/ros_workspace/install/nav2_msgs/include/nav2_msgs/srv/dds_connext/ManageLifecycleNodes_Support.h
[5.150s] -- Up-to-date symlink: /home/propp/Independent_Study/ros_workspace/install/nav2_msgs/include/nav2_msgs/srv/dds_connext/SaveMap_.cxx
[5.150s] -- Up-to-date symlink: /home/propp/Independent_Study/ros_workspace/install/nav2_msgs/include/nav2_msgs/srv/dds_connext/SaveMap_.h
[5.150s] -- Up-to-date symlink: /home/propp/Independent_Study/ros_workspace/install/nav2_msgs/include/nav2_msgs/srv/dds_connext/SaveMap_Plugin.cxx
[5.150s] -- Up-to-date symlink: /home/propp/Independent_Study/ros_workspace/install/nav2_msgs/include/nav2_msgs/srv/dds_connext/SaveMap_Plugin.h
[5.150s] -- Up-to-date symlink: /home/propp/Independent_Study/ros_workspace/install/nav2_msgs/include/nav2_msgs/srv/dds_connext/SaveMap_Support.cxx
[5.150s] -- Up-to-date symlink: /home/propp/Independent_Study/ros_workspace/install/nav2_msgs/include/nav2_msgs/srv/dds_connext/SaveMap_Support.h
[5.151s] -- Up-to-date symlink: /home/propp/Independent_Study/ros_workspace/install/nav2_msgs/include/nav2_msgs/srv/get_costmap__rosidl_typesupport_connext_cpp.hpp
[5.151s] -- Up-to-date symlink: /home/propp/Independent_Study/ros_workspace/install/nav2_msgs/include/nav2_msgs/srv/load_map__rosidl_typesupport_connext_cpp.hpp
[5.151s] -- Up-to-date symlink: /home/propp/Independent_Study/ros_workspace/install/nav2_msgs/include/nav2_msgs/srv/manage_lifecycle_nodes__rosidl_typesupport_connext_cpp.hpp
[5.151s] -- Up-to-date symlink: /home/propp/Independent_Study/ros_workspace/install/nav2_msgs/include/nav2_msgs/srv/save_map__rosidl_typesupport_connext_cpp.hpp
[5.151s] -- Up-to-date symlink: /home/propp/Independent_Study/ros_workspace/install/nav2_msgs/lib/libnav2_msgs__rosidl_typesupport_connext_cpp.so
[5.153s] -- Up-to-date symlink: /home/propp/Independent_Study/ros_workspace/install/nav2_msgs/include/nav2_msgs/action/detail/back_up__rosidl_typesupport_fastrtps_c.h
[5.153s] -- Up-to-date symlink: /home/propp/Independent_Study/ros_workspace/install/nav2_msgs/include/nav2_msgs/action/detail/compute_path_to_pose__rosidl_typesupport_fastrtps_c.h
[5.153s] -- Up-to-date symlink: /home/propp/Independent_Study/ros_workspace/install/nav2_msgs/include/nav2_msgs/action/detail/dummy_recovery__rosidl_typesupport_fastrtps_c.h
[5.153s] -- Up-to-date symlink: /home/propp/Independent_Study/ros_workspace/install/nav2_msgs/include/nav2_msgs/action/detail/follow_path__rosidl_typesupport_fastrtps_c.h
[5.153s] -- Up-to-date symlink: /home/propp/Independent_Study/ros_workspace/install/nav2_msgs/include/nav2_msgs/action/detail/follow_waypoints__rosidl_typesupport_fastrtps_c.h
[5.153s] -- Up-to-date symlink: /home/propp/Independent_Study/ros_workspace/install/nav2_msgs/include/nav2_msgs/action/detail/navigate_to_pose__rosidl_typesupport_fastrtps_c.h
[5.154s] -- Up-to-date symlink: /home/propp/Independent_Study/ros_workspace/install/nav2_msgs/include/nav2_msgs/action/detail/spin__rosidl_typesupport_fastrtps_c.h
[5.154s] -- Up-to-date symlink: /home/propp/Independent_Study/ros_workspace/install/nav2_msgs/include/nav2_msgs/action/detail/wait__rosidl_typesupport_fastrtps_c.h
[5.154s] -- Up-to-date symlink: /home/propp/Independent_Study/ros_workspace/install/nav2_msgs/include/nav2_msgs/msg/detail/behavior_tree_log__rosidl_typesupport_fastrtps_c.h
[5.154s] -- Up-to-date symlink: /home/propp/Independent_Study/ros_workspace/install/nav2_msgs/include/nav2_msgs/msg/detail/behavior_tree_status_change__rosidl_typesupport_fastrtps_c.h
[5.154s] -- Up-to-date symlink: /home/propp/Independent_Study/ros_workspace/install/nav2_msgs/include/nav2_msgs/msg/detail/costmap__rosidl_typesupport_fastrtps_c.h
[5.155s] -- Up-to-date symlink: /home/propp/Independent_Study/ros_workspace/install/nav2_msgs/include/nav2_msgs/msg/detail/costmap_meta_data__rosidl_typesupport_fastrtps_c.h
[5.155s] -- Up-to-date symlink: /home/propp/Independent_Study/ros_workspace/install/nav2_msgs/include/nav2_msgs/msg/detail/particle__rosidl_typesupport_fastrtps_c.h
[5.155s] -- Up-to-date symlink: /home/propp/Independent_Study/ros_workspace/install/nav2_msgs/include/nav2_msgs/msg/detail/particle_cloud__rosidl_typesupport_fastrtps_c.h
[5.156s] -- Up-to-date symlink: /home/propp/Independent_Study/ros_workspace/install/nav2_msgs/include/nav2_msgs/msg/detail/voxel_grid__rosidl_typesupport_fastrtps_c.h
[5.156s] -- Up-to-date symlink: /home/propp/Independent_Study/ros_workspace/install/nav2_msgs/include/nav2_msgs/msg/rosidl_typesupport_fastrtps_c__visibility_control.h
[5.156s] -- Up-to-date symlink: /home/propp/Independent_Study/ros_workspace/install/nav2_msgs/include/nav2_msgs/srv/detail/clear_costmap_around_robot__rosidl_typesupport_fastrtps_c.h
[5.156s] -- Up-to-date symlink: /home/propp/Independent_Study/ros_workspace/install/nav2_msgs/include/nav2_msgs/srv/detail/clear_costmap_except_region__rosidl_typesupport_fastrtps_c.h
[5.156s] -- Up-to-date symlink: /home/propp/Independent_Study/ros_workspace/install/nav2_msgs/include/nav2_msgs/srv/detail/clear_entire_costmap__rosidl_typesupport_fastrtps_c.h
[5.157s] -- Up-to-date symlink: /home/propp/Independent_Study/ros_workspace/install/nav2_msgs/include/nav2_msgs/srv/detail/get_costmap__rosidl_typesupport_fastrtps_c.h
[5.157s] -- Up-to-date symlink: /home/propp/Independent_Study/ros_workspace/install/nav2_msgs/include/nav2_msgs/srv/detail/load_map__rosidl_typesupport_fastrtps_c.h
[5.157s] -- Up-to-date symlink: /home/propp/Independent_Study/ros_workspace/install/nav2_msgs/include/nav2_msgs/srv/detail/manage_lifecycle_nodes__rosidl_typesupport_fastrtps_c.h
[5.157s] -- Up-to-date symlink: /home/propp/Independent_Study/ros_workspace/install/nav2_msgs/include/nav2_msgs/srv/detail/save_map__rosidl_typesupport_fastrtps_c.h
[5.157s] -- Up-to-date symlink: /home/propp/Independent_Study/ros_workspace/install/nav2_msgs/lib/libnav2_msgs__rosidl_typesupport_fastrtps_c.so
[5.159s] -- Up-to-date symlink: /home/propp/Independent_Study/ros_workspace/install/nav2_msgs/include/nav2_msgs/action/detail/back_up__rosidl_typesupport_fastrtps_cpp.hpp
[5.160s] -- Up-to-date symlink: /home/propp/Independent_Study/ros_workspace/install/nav2_msgs/include/nav2_msgs/action/detail/compute_path_to_pose__rosidl_typesupport_fastrtps_cpp.hpp
[5.160s] -- Up-to-date symlink: /home/propp/Independent_Study/ros_workspace/install/nav2_msgs/include/nav2_msgs/action/detail/dummy_recovery__rosidl_typesupport_fastrtps_cpp.hpp
[5.160s] -- Up-to-date symlink: /home/propp/Independent_Study/ros_workspace/install/nav2_msgs/include/nav2_msgs/action/detail/follow_path__rosidl_typesupport_fastrtps_cpp.hpp
[5.160s] -- Up-to-date symlink: /home/propp/Independent_Study/ros_workspace/install/nav2_msgs/include/nav2_msgs/action/detail/follow_waypoints__rosidl_typesupport_fastrtps_cpp.hpp
[5.160s] -- Up-to-date symlink: /home/propp/Independent_Study/ros_workspace/install/nav2_msgs/include/nav2_msgs/action/detail/navigate_to_pose__rosidl_typesupport_fastrtps_cpp.hpp
[5.160s] -- Up-to-date symlink: /home/propp/Independent_Study/ros_workspace/install/nav2_msgs/include/nav2_msgs/action/detail/spin__rosidl_typesupport_fastrtps_cpp.hpp
[5.161s] -- Up-to-date symlink: /home/propp/Independent_Study/ros_workspace/install/nav2_msgs/include/nav2_msgs/action/detail/wait__rosidl_typesupport_fastrtps_cpp.hpp
[5.161s] -- Up-to-date symlink: /home/propp/Independent_Study/ros_workspace/install/nav2_msgs/include/nav2_msgs/msg/detail/behavior_tree_log__rosidl_typesupport_fastrtps_cpp.hpp
[5.161s] -- Up-to-date symlink: /home/propp/Independent_Study/ros_workspace/install/nav2_msgs/include/nav2_msgs/msg/detail/behavior_tree_status_change__rosidl_typesupport_fastrtps_cpp.hpp
[5.161s] -- Up-to-date symlink: /home/propp/Independent_Study/ros_workspace/install/nav2_msgs/include/nav2_msgs/msg/detail/costmap__rosidl_typesupport_fastrtps_cpp.hpp
[5.161s] -- Up-to-date symlink: /home/propp/Independent_Study/ros_workspace/install/nav2_msgs/include/nav2_msgs/msg/detail/costmap_meta_data__rosidl_typesupport_fastrtps_cpp.hpp
[5.162s] -- Up-to-date symlink: /home/propp/Independent_Study/ros_workspace/install/nav2_msgs/include/nav2_msgs/msg/detail/particle__rosidl_typesupport_fastrtps_cpp.hpp
[5.162s] -- Up-to-date symlink: /home/propp/Independent_Study/ros_workspace/install/nav2_msgs/include/nav2_msgs/msg/detail/particle_cloud__rosidl_typesupport_fastrtps_cpp.hpp
[5.162s] -- Up-to-date symlink: /home/propp/Independent_Study/ros_workspace/install/nav2_msgs/include/nav2_msgs/msg/detail/voxel_grid__rosidl_typesupport_fastrtps_cpp.hpp
[5.162s] -- Up-to-date symlink: /home/propp/Independent_Study/ros_workspace/install/nav2_msgs/include/nav2_msgs/msg/rosidl_typesupport_fastrtps_cpp__visibility_control.h
[5.162s] -- Up-to-date symlink: /home/propp/Independent_Study/ros_workspace/install/nav2_msgs/include/nav2_msgs/srv/detail/clear_costmap_around_robot__rosidl_typesupport_fastrtps_cpp.hpp
[5.162s] -- Up-to-date symlink: /home/propp/Independent_Study/ros_workspace/install/nav2_msgs/include/nav2_msgs/srv/detail/clear_costmap_except_region__rosidl_typesupport_fastrtps_cpp.hpp
[5.163s] -- Up-to-date symlink: /home/propp/Independent_Study/ros_workspace/install/nav2_msgs/include/nav2_msgs/srv/detail/clear_entire_costmap__rosidl_typesupport_fastrtps_cpp.hpp
[5.163s] -- Up-to-date symlink: /home/propp/Independent_Study/ros_workspace/install/nav2_msgs/include/nav2_msgs/srv/detail/get_costmap__rosidl_typesupport_fastrtps_cpp.hpp
[5.163s] -- Up-to-date symlink: /home/propp/Independent_Study/ros_workspace/install/nav2_msgs/include/nav2_msgs/srv/detail/load_map__rosidl_typesupport_fastrtps_cpp.hpp
[5.163s] -- Up-to-date symlink: /home/propp/Independent_Study/ros_workspace/install/nav2_msgs/include/nav2_msgs/srv/detail/manage_lifecycle_nodes__rosidl_typesupport_fastrtps_cpp.hpp
[5.164s] -- Up-to-date symlink: /home/propp/Independent_Study/ros_workspace/install/nav2_msgs/include/nav2_msgs/srv/detail/save_map__rosidl_typesupport_fastrtps_cpp.hpp
[5.164s] -- Up-to-date symlink: /home/propp/Independent_Study/ros_workspace/install/nav2_msgs/lib/libnav2_msgs__rosidl_typesupport_fastrtps_cpp.so
[5.165s] -- Up-to-date symlink: /home/propp/Independent_Study/ros_workspace/install/nav2_msgs/include/nav2_msgs/action/detail/back_up__rosidl_typesupport_introspection_c.h
[5.165s] -- Up-to-date symlink: /home/propp/Independent_Study/ros_workspace/install/nav2_msgs/include/nav2_msgs/action/detail/compute_path_to_pose__rosidl_typesupport_introspection_c.h
[5.166s] -- Up-to-date symlink: /home/propp/Independent_Study/ros_workspace/install/nav2_msgs/include/nav2_msgs/action/detail/dummy_recovery__rosidl_typesupport_introspection_c.h
[5.166s] -- Up-to-date symlink: /home/propp/Independent_Study/ros_workspace/install/nav2_msgs/include/nav2_msgs/action/detail/follow_path__rosidl_typesupport_introspection_c.h
[5.166s] -- Up-to-date symlink: /home/propp/Independent_Study/ros_workspace/install/nav2_msgs/include/nav2_msgs/action/detail/follow_waypoints__rosidl_typesupport_introspection_c.h
[5.166s] -- Up-to-date symlink: /home/propp/Independent_Study/ros_workspace/install/nav2_msgs/include/nav2_msgs/action/detail/navigate_to_pose__rosidl_typesupport_introspection_c.h
[5.166s] -- Up-to-date symlink: /home/propp/Independent_Study/ros_workspace/install/nav2_msgs/include/nav2_msgs/action/detail/spin__rosidl_typesupport_introspection_c.h
[5.167s] -- Up-to-date symlink: /home/propp/Independent_Study/ros_workspace/install/nav2_msgs/include/nav2_msgs/action/detail/wait__rosidl_typesupport_introspection_c.h
[5.167s] -- Up-to-date symlink: /home/propp/Independent_Study/ros_workspace/install/nav2_msgs/include/nav2_msgs/msg/detail/behavior_tree_log__rosidl_typesupport_introspection_c.h
[5.167s] -- Up-to-date symlink: /home/propp/Independent_Study/ros_workspace/install/nav2_msgs/include/nav2_msgs/msg/detail/behavior_tree_status_change__rosidl_typesupport_introspection_c.h
[5.179s] -- Up-to-date symlink: /home/propp/Independent_Study/ros_workspace/install/nav2_msgs/include/nav2_msgs/msg/detail/costmap__rosidl_typesupport_introspection_c.h
[5.180s] -- Up-to-date symlink: /home/propp/Independent_Study/ros_workspace/install/nav2_msgs/include/nav2_msgs/msg/detail/costmap_meta_data__rosidl_typesupport_introspection_c.h
[5.180s] -- Up-to-date symlink: /home/propp/Independent_Study/ros_workspace/install/nav2_msgs/include/nav2_msgs/msg/detail/particle__rosidl_typesupport_introspection_c.h
[5.180s] -- Up-to-date symlink: /home/propp/Independent_Study/ros_workspace/install/nav2_msgs/include/nav2_msgs/msg/detail/particle_cloud__rosidl_typesupport_introspection_c.h
[5.180s] -- Up-to-date symlink: /home/propp/Independent_Study/ros_workspace/install/nav2_msgs/include/nav2_msgs/msg/detail/voxel_grid__rosidl_typesupport_introspection_c.h
[5.180s] -- Up-to-date symlink: /home/propp/Independent_Study/ros_workspace/install/nav2_msgs/include/nav2_msgs/msg/rosidl_typesupport_introspection_c__visibility_control.h
[5.181s] -- Up-to-date symlink: /home/propp/Independent_Study/ros_workspace/install/nav2_msgs/include/nav2_msgs/srv/detail/clear_costmap_around_robot__rosidl_typesupport_introspection_c.h
[5.181s] -- Up-to-date symlink: /home/propp/Independent_Study/ros_workspace/install/nav2_msgs/include/nav2_msgs/srv/detail/clear_costmap_except_region__rosidl_typesupport_introspection_c.h
[5.181s] -- Up-to-date symlink: /home/propp/Independent_Study/ros_workspace/install/nav2_msgs/include/nav2_msgs/srv/detail/clear_entire_costmap__rosidl_typesupport_introspection_c.h
[5.181s] -- Up-to-date symlink: /home/propp/Independent_Study/ros_workspace/install/nav2_msgs/include/nav2_msgs/srv/detail/get_costmap__rosidl_typesupport_introspection_c.h
[5.181s] -- Up-to-date symlink: /home/propp/Independent_Study/ros_workspace/install/nav2_msgs/include/nav2_msgs/srv/detail/load_map__rosidl_typesupport_introspection_c.h
[5.181s] -- Up-to-date symlink: /home/propp/Independent_Study/ros_workspace/install/nav2_msgs/include/nav2_msgs/srv/detail/manage_lifecycle_nodes__rosidl_typesupport_introspection_c.h
[5.181s] -- Up-to-date symlink: /home/propp/Independent_Study/ros_workspace/install/nav2_msgs/include/nav2_msgs/srv/detail/save_map__rosidl_typesupport_introspection_c.h
[5.182s] -- Up-to-date symlink: /home/propp/Independent_Study/ros_workspace/install/nav2_msgs/include/nav2_msgs/action/back_up.hpp
[5.182s] -- Up-to-date symlink: /home/propp/Independent_Study/ros_workspace/install/nav2_msgs/include/nav2_msgs/action/compute_path_to_pose.hpp
[5.182s] -- Up-to-date symlink: /home/propp/Independent_Study/ros_workspace/install/nav2_msgs/include/nav2_msgs/action/detail/back_up__builder.hpp
[5.182s] -- Up-to-date symlink: /home/propp/Independent_Study/ros_workspace/install/nav2_msgs/include/nav2_msgs/action/detail/back_up__struct.hpp
[5.182s] -- Up-to-date symlink: /home/propp/Independent_Study/ros_workspace/install/nav2_msgs/include/nav2_msgs/action/detail/back_up__traits.hpp
[5.182s] -- Up-to-date symlink: /home/propp/Independent_Study/ros_workspace/install/nav2_msgs/include/nav2_msgs/action/detail/compute_path_to_pose__builder.hpp
[5.182s] -- Up-to-date symlink: /home/propp/Independent_Study/ros_workspace/install/nav2_msgs/include/nav2_msgs/action/detail/compute_path_to_pose__struct.hpp
[5.182s] -- Up-to-date symlink: /home/propp/Independent_Study/ros_workspace/install/nav2_msgs/include/nav2_msgs/action/detail/compute_path_to_pose__traits.hpp
[5.182s] -- Up-to-date symlink: /home/propp/Independent_Study/ros_workspace/install/nav2_msgs/include/nav2_msgs/action/detail/dummy_recovery__builder.hpp
[5.183s] -- Up-to-date symlink: /home/propp/Independent_Study/ros_workspace/install/nav2_msgs/include/nav2_msgs/action/detail/dummy_recovery__struct.hpp
[5.183s] -- Up-to-date symlink: /home/propp/Independent_Study/ros_workspace/install/nav2_msgs/include/nav2_msgs/action/detail/dummy_recovery__traits.hpp
[5.183s] -- Up-to-date symlink: /home/propp/Independent_Study/ros_workspace/install/nav2_msgs/include/nav2_msgs/action/detail/follow_path__builder.hpp
[5.183s] -- Up-to-date symlink: /home/propp/Independent_Study/ros_workspace/install/nav2_msgs/include/nav2_msgs/action/detail/follow_path__struct.hpp
[5.183s] -- Up-to-date symlink: /home/propp/Independent_Study/ros_workspace/install/nav2_msgs/include/nav2_msgs/action/detail/follow_path__traits.hpp
[5.183s] -- Up-to-date symlink: /home/propp/Independent_Study/ros_workspace/install/nav2_msgs/include/nav2_msgs/action/detail/follow_waypoints__builder.hpp
[5.183s] -- Up-to-date symlink: /home/propp/Independent_Study/ros_workspace/install/nav2_msgs/include/nav2_msgs/action/detail/follow_waypoints__struct.hpp
[5.184s] -- Up-to-date symlink: /home/propp/Independent_Study/ros_workspace/install/nav2_msgs/include/nav2_msgs/action/detail/follow_waypoints__traits.hpp
[5.184s] -- Up-to-date symlink: /home/propp/Independent_Study/ros_workspace/install/nav2_msgs/include/nav2_msgs/action/detail/navigate_to_pose__builder.hpp
[5.184s] -- Up-to-date symlink: /home/propp/Independent_Study/ros_workspace/install/nav2_msgs/include/nav2_msgs/action/detail/navigate_to_pose__struct.hpp
[5.184s] -- Up-to-date symlink: /home/propp/Independent_Study/ros_workspace/install/nav2_msgs/include/nav2_msgs/action/detail/navigate_to_pose__traits.hpp
[5.184s] -- Up-to-date symlink: /home/propp/Independent_Study/ros_workspace/install/nav2_msgs/include/nav2_msgs/action/detail/spin__builder.hpp
[5.184s] -- Up-to-date symlink: /home/propp/Independent_Study/ros_workspace/install/nav2_msgs/include/nav2_msgs/action/detail/spin__struct.hpp
[5.184s] -- Up-to-date symlink: /home/propp/Independent_Study/ros_workspace/install/nav2_msgs/include/nav2_msgs/action/detail/spin__traits.hpp
[5.185s] -- Up-to-date symlink: /home/propp/Independent_Study/ros_workspace/install/nav2_msgs/include/nav2_msgs/action/detail/wait__builder.hpp
[5.185s] -- Up-to-date symlink: /home/propp/Independent_Study/ros_workspace/install/nav2_msgs/include/nav2_msgs/action/detail/wait__struct.hpp
[5.185s] -- Up-to-date symlink: /home/propp/Independent_Study/ros_workspace/install/nav2_msgs/include/nav2_msgs/action/detail/wait__traits.hpp
[5.185s] -- Up-to-date symlink: /home/propp/Independent_Study/ros_workspace/install/nav2_msgs/include/nav2_msgs/action/dummy_recovery.hpp
[5.185s] -- Up-to-date symlink: /home/propp/Independent_Study/ros_workspace/install/nav2_msgs/include/nav2_msgs/action/follow_path.hpp
[5.185s] -- Up-to-date symlink: /home/propp/Independent_Study/ros_workspace/install/nav2_msgs/include/nav2_msgs/action/follow_waypoints.hpp
[5.186s] -- Up-to-date symlink: /home/propp/Independent_Study/ros_workspace/install/nav2_msgs/include/nav2_msgs/action/navigate_to_pose.hpp
[5.186s] -- Up-to-date symlink: /home/propp/Independent_Study/ros_workspace/install/nav2_msgs/include/nav2_msgs/action/spin.hpp
[5.186s] -- Up-to-date symlink: /home/propp/Independent_Study/ros_workspace/install/nav2_msgs/include/nav2_msgs/action/wait.hpp
[5.186s] -- Up-to-date symlink: /home/propp/Independent_Study/ros_workspace/install/nav2_msgs/include/nav2_msgs/msg/behavior_tree_log.hpp
[5.186s] -- Up-to-date symlink: /home/propp/Independent_Study/ros_workspace/install/nav2_msgs/include/nav2_msgs/msg/behavior_tree_status_change.hpp
[5.186s] -- Up-to-date symlink: /home/propp/Independent_Study/ros_workspace/install/nav2_msgs/include/nav2_msgs/msg/costmap.hpp
[5.186s] -- Up-to-date symlink: /home/propp/Independent_Study/ros_workspace/install/nav2_msgs/include/nav2_msgs/msg/costmap_meta_data.hpp
[5.186s] -- Up-to-date symlink: /home/propp/Independent_Study/ros_workspace/install/nav2_msgs/include/nav2_msgs/msg/detail/behavior_tree_log__builder.hpp
[5.186s] -- Up-to-date symlink: /home/propp/Independent_Study/ros_workspace/install/nav2_msgs/include/nav2_msgs/msg/detail/behavior_tree_log__struct.hpp
[5.187s] -- Up-to-date symlink: /home/propp/Independent_Study/ros_workspace/install/nav2_msgs/include/nav2_msgs/msg/detail/behavior_tree_log__traits.hpp
[5.187s] -- Up-to-date symlink: /home/propp/Independent_Study/ros_workspace/install/nav2_msgs/include/nav2_msgs/msg/detail/behavior_tree_status_change__builder.hpp
[5.187s] -- Up-to-date symlink: /home/propp/Independent_Study/ros_workspace/install/nav2_msgs/include/nav2_msgs/msg/detail/behavior_tree_status_change__struct.hpp
[5.187s] -- Up-to-date symlink: /home/propp/Independent_Study/ros_workspace/install/nav2_msgs/include/nav2_msgs/msg/detail/behavior_tree_status_change__traits.hpp
[5.187s] -- Up-to-date symlink: /home/propp/Independent_Study/ros_workspace/install/nav2_msgs/include/nav2_msgs/msg/detail/costmap__builder.hpp
[5.187s] -- Up-to-date symlink: /home/propp/Independent_Study/ros_workspace/install/nav2_msgs/include/nav2_msgs/msg/detail/costmap__struct.hpp
[5.187s] -- Up-to-date symlink: /home/propp/Independent_Study/ros_workspace/install/nav2_msgs/include/nav2_msgs/msg/detail/costmap__traits.hpp
[5.187s] -- Up-to-date symlink: /home/propp/Independent_Study/ros_workspace/install/nav2_msgs/include/nav2_msgs/msg/detail/costmap_meta_data__builder.hpp
[5.187s] -- Up-to-date symlink: /home/propp/Independent_Study/ros_workspace/install/nav2_msgs/include/nav2_msgs/msg/detail/costmap_meta_data__struct.hpp
[5.188s] -- Up-to-date symlink: /home/propp/Independent_Study/ros_workspace/install/nav2_msgs/include/nav2_msgs/msg/detail/costmap_meta_data__traits.hpp
[5.188s] -- Up-to-date symlink: /home/propp/Independent_Study/ros_workspace/install/nav2_msgs/include/nav2_msgs/msg/detail/particle__builder.hpp
[5.188s] -- Up-to-date symlink: /home/propp/Independent_Study/ros_workspace/install/nav2_msgs/include/nav2_msgs/msg/detail/particle__struct.hpp
[5.188s] -- Up-to-date symlink: /home/propp/Independent_Study/ros_workspace/install/nav2_msgs/include/nav2_msgs/msg/detail/particle__traits.hpp
[5.188s] -- Up-to-date symlink: /home/propp/Independent_Study/ros_workspace/install/nav2_msgs/include/nav2_msgs/msg/detail/particle_cloud__builder.hpp
[5.188s] -- Up-to-date symlink: /home/propp/Independent_Study/ros_workspace/install/nav2_msgs/include/nav2_msgs/msg/detail/particle_cloud__struct.hpp
[5.188s] -- Up-to-date symlink: /home/propp/Independent_Study/ros_workspace/install/nav2_msgs/include/nav2_msgs/msg/detail/particle_cloud__traits.hpp
[5.189s] -- Up-to-date symlink: /home/propp/Independent_Study/ros_workspace/install/nav2_msgs/include/nav2_msgs/msg/detail/voxel_grid__builder.hpp
[5.189s] -- Up-to-date symlink: /home/propp/Independent_Study/ros_workspace/install/nav2_msgs/include/nav2_msgs/msg/detail/voxel_grid__struct.hpp
[5.189s] -- Up-to-date symlink: /home/propp/Independent_Study/ros_workspace/install/nav2_msgs/include/nav2_msgs/msg/detail/voxel_grid__traits.hpp
[5.189s] -- Up-to-date symlink: /home/propp/Independent_Study/ros_workspace/install/nav2_msgs/include/nav2_msgs/msg/particle.hpp
[5.189s] -- Up-to-date symlink: /home/propp/Independent_Study/ros_workspace/install/nav2_msgs/include/nav2_msgs/msg/particle_cloud.hpp
[5.189s] -- Up-to-date symlink: /home/propp/Independent_Study/ros_workspace/install/nav2_msgs/include/nav2_msgs/msg/voxel_grid.hpp
[5.189s] -- Up-to-date symlink: /home/propp/Independent_Study/ros_workspace/install/nav2_msgs/include/nav2_msgs/srv/clear_costmap_around_robot.hpp
[5.189s] -- Up-to-date symlink: /home/propp/Independent_Study/ros_workspace/install/nav2_msgs/include/nav2_msgs/srv/clear_costmap_except_region.hpp
[5.190s] -- Up-to-date symlink: /home/propp/Independent_Study/ros_workspace/install/nav2_msgs/include/nav2_msgs/srv/clear_entire_costmap.hpp
[5.190s] -- Up-to-date symlink: /home/propp/Independent_Study/ros_workspace/install/nav2_msgs/include/nav2_msgs/srv/detail/clear_costmap_around_robot__builder.hpp
[5.190s] -- Up-to-date symlink: /home/propp/Independent_Study/ros_workspace/install/nav2_msgs/include/nav2_msgs/srv/detail/clear_costmap_around_robot__struct.hpp
[5.190s] -- Up-to-date symlink: /home/propp/Independent_Study/ros_workspace/install/nav2_msgs/include/nav2_msgs/srv/detail/clear_costmap_around_robot__traits.hpp
[5.190s] -- Up-to-date symlink: /home/propp/Independent_Study/ros_workspace/install/nav2_msgs/include/nav2_msgs/srv/detail/clear_costmap_except_region__builder.hpp
[5.190s] -- Up-to-date symlink: /home/propp/Independent_Study/ros_workspace/install/nav2_msgs/include/nav2_msgs/srv/detail/clear_costmap_except_region__struct.hpp
[5.190s] -- Up-to-date symlink: /home/propp/Independent_Study/ros_workspace/install/nav2_msgs/include/nav2_msgs/srv/detail/clear_costmap_except_region__traits.hpp
[5.190s] -- Up-to-date symlink: /home/propp/Independent_Study/ros_workspace/install/nav2_msgs/include/nav2_msgs/srv/detail/clear_entire_costmap__builder.hpp
[5.190s] -- Up-to-date symlink: /home/propp/Independent_Study/ros_workspace/install/nav2_msgs/include/nav2_msgs/srv/detail/clear_entire_costmap__struct.hpp
[5.190s] -- Up-to-date symlink: /home/propp/Independent_Study/ros_workspace/install/nav2_msgs/include/nav2_msgs/srv/detail/clear_entire_costmap__traits.hpp
[5.190s] -- Up-to-date symlink: /home/propp/Independent_Study/ros_workspace/install/nav2_msgs/include/nav2_msgs/srv/detail/get_costmap__builder.hpp
[5.191s] -- Up-to-date symlink: /home/propp/Independent_Study/ros_workspace/install/nav2_msgs/include/nav2_msgs/srv/detail/get_costmap__struct.hpp
[5.191s] -- Up-to-date symlink: /home/propp/Independent_Study/ros_workspace/install/nav2_msgs/include/nav2_msgs/srv/detail/get_costmap__traits.hpp
[5.191s] -- Up-to-date symlink: /home/propp/Independent_Study/ros_workspace/install/nav2_msgs/include/nav2_msgs/srv/detail/load_map__builder.hpp
[5.191s] -- Up-to-date symlink: /home/propp/Independent_Study/ros_workspace/install/nav2_msgs/include/nav2_msgs/srv/detail/load_map__struct.hpp
[5.191s] -- Up-to-date symlink: /home/propp/Independent_Study/ros_workspace/install/nav2_msgs/include/nav2_msgs/srv/detail/load_map__traits.hpp
[5.191s] -- Up-to-date symlink: /home/propp/Independent_Study/ros_workspace/install/nav2_msgs/include/nav2_msgs/srv/detail/manage_lifecycle_nodes__builder.hpp
[5.191s] -- Up-to-date symlink: /home/propp/Independent_Study/ros_workspace/install/nav2_msgs/include/nav2_msgs/srv/detail/manage_lifecycle_nodes__struct.hpp
[5.191s] -- Up-to-date symlink: /home/propp/Independent_Study/ros_workspace/install/nav2_msgs/include/nav2_msgs/srv/detail/manage_lifecycle_nodes__traits.hpp
[5.192s] -- Up-to-date symlink: /home/propp/Independent_Study/ros_workspace/install/nav2_msgs/include/nav2_msgs/srv/detail/save_map__builder.hpp
[5.192s] -- Up-to-date symlink: /home/propp/Independent_Study/ros_workspace/install/nav2_msgs/include/nav2_msgs/srv/detail/save_map__struct.hpp
[5.192s] -- Up-to-date symlink: /home/propp/Independent_Study/ros_workspace/install/nav2_msgs/include/nav2_msgs/srv/detail/save_map__traits.hpp
[5.192s] -- Up-to-date symlink: /home/propp/Independent_Study/ros_workspace/install/nav2_msgs/include/nav2_msgs/srv/get_costmap.hpp
[5.192s] -- Up-to-date symlink: /home/propp/Independent_Study/ros_workspace/install/nav2_msgs/include/nav2_msgs/srv/load_map.hpp
[5.192s] -- Up-to-date symlink: /home/propp/Independent_Study/ros_workspace/install/nav2_msgs/include/nav2_msgs/srv/manage_lifecycle_nodes.hpp
[5.192s] -- Up-to-date symlink: /home/propp/Independent_Study/ros_workspace/install/nav2_msgs/include/nav2_msgs/srv/save_map.hpp
[5.192s] -- Up-to-date symlink: /home/propp/Independent_Study/ros_workspace/install/nav2_msgs/include/nav2_msgs/action/detail/back_up__rosidl_typesupport_introspection_cpp.hpp
[5.193s] -- Up-to-date symlink: /home/propp/Independent_Study/ros_workspace/install/nav2_msgs/include/nav2_msgs/action/detail/compute_path_to_pose__rosidl_typesupport_introspection_cpp.hpp
[5.193s] -- Up-to-date symlink: /home/propp/Independent_Study/ros_workspace/install/nav2_msgs/include/nav2_msgs/action/detail/dummy_recovery__rosidl_typesupport_introspection_cpp.hpp
[5.193s] -- Up-to-date symlink: /home/propp/Independent_Study/ros_workspace/install/nav2_msgs/include/nav2_msgs/action/detail/follow_path__rosidl_typesupport_introspection_cpp.hpp
[5.193s] -- Up-to-date symlink: /home/propp/Independent_Study/ros_workspace/install/nav2_msgs/include/nav2_msgs/action/detail/follow_waypoints__rosidl_typesupport_introspection_cpp.hpp
[5.193s] -- Up-to-date symlink: /home/propp/Independent_Study/ros_workspace/install/nav2_msgs/include/nav2_msgs/action/detail/navigate_to_pose__rosidl_typesupport_introspection_cpp.hpp
[5.193s] -- Up-to-date symlink: /home/propp/Independent_Study/ros_workspace/install/nav2_msgs/include/nav2_msgs/action/detail/spin__rosidl_typesupport_introspection_cpp.hpp
[5.193s] -- Up-to-date symlink: /home/propp/Independent_Study/ros_workspace/install/nav2_msgs/include/nav2_msgs/action/detail/wait__rosidl_typesupport_introspection_cpp.hpp
[5.193s] -- Up-to-date symlink: /home/propp/Independent_Study/ros_workspace/install/nav2_msgs/include/nav2_msgs/msg/detail/behavior_tree_log__rosidl_typesupport_introspection_cpp.hpp
[5.193s] -- Up-to-date symlink: /home/propp/Independent_Study/ros_workspace/install/nav2_msgs/include/nav2_msgs/msg/detail/behavior_tree_status_change__rosidl_typesupport_introspection_cpp.hpp
[5.194s] -- Up-to-date symlink: /home/propp/Independent_Study/ros_workspace/install/nav2_msgs/include/nav2_msgs/msg/detail/costmap__rosidl_typesupport_introspection_cpp.hpp
[5.194s] -- Up-to-date symlink: /home/propp/Independent_Study/ros_workspace/install/nav2_msgs/include/nav2_msgs/msg/detail/costmap_meta_data__rosidl_typesupport_introspection_cpp.hpp
[5.194s] -- Up-to-date symlink: /home/propp/Independent_Study/ros_workspace/install/nav2_msgs/include/nav2_msgs/msg/detail/particle__rosidl_typesupport_introspection_cpp.hpp
[5.194s] -- Up-to-date symlink: /home/propp/Independent_Study/ros_workspace/install/nav2_msgs/include/nav2_msgs/msg/detail/particle_cloud__rosidl_typesupport_introspection_cpp.hpp
[5.194s] -- Up-to-date symlink: /home/propp/Independent_Study/ros_workspace/install/nav2_msgs/include/nav2_msgs/msg/detail/voxel_grid__rosidl_typesupport_introspection_cpp.hpp
[5.194s] -- Up-to-date symlink: /home/propp/Independent_Study/ros_workspace/install/nav2_msgs/include/nav2_msgs/srv/detail/clear_costmap_around_robot__rosidl_typesupport_introspection_cpp.hpp
[5.194s] -- Up-to-date symlink: /home/propp/Independent_Study/ros_workspace/install/nav2_msgs/include/nav2_msgs/srv/detail/clear_costmap_except_region__rosidl_typesupport_introspection_cpp.hpp
[5.195s] -- Up-to-date symlink: /home/propp/Independent_Study/ros_workspace/install/nav2_msgs/include/nav2_msgs/srv/detail/clear_entire_costmap__rosidl_typesupport_introspection_cpp.hpp
[5.195s] -- Up-to-date symlink: /home/propp/Independent_Study/ros_workspace/install/nav2_msgs/include/nav2_msgs/srv/detail/get_costmap__rosidl_typesupport_introspection_cpp.hpp
[5.195s] -- Up-to-date symlink: /home/propp/Independent_Study/ros_workspace/install/nav2_msgs/include/nav2_msgs/srv/detail/load_map__rosidl_typesupport_introspection_cpp.hpp
[5.195s] -- Up-to-date symlink: /home/propp/Independent_Study/ros_workspace/install/nav2_msgs/include/nav2_msgs/srv/detail/manage_lifecycle_nodes__rosidl_typesupport_introspection_cpp.hpp
[5.195s] -- Up-to-date symlink: /home/propp/Independent_Study/ros_workspace/install/nav2_msgs/include/nav2_msgs/srv/detail/save_map__rosidl_typesupport_introspection_cpp.hpp
[5.195s] -- Up-to-date symlink: /home/propp/Independent_Study/ros_workspace/install/nav2_msgs/share/nav2_msgs/environment/pythonpath.sh
[5.195s] -- Up-to-date symlink: /home/propp/Independent_Study/ros_workspace/install/nav2_msgs/share/nav2_msgs/environment/pythonpath.dsv
[5.195s] -- Up-to-date symlink: /home/propp/Independent_Study/ros_workspace/install/nav2_msgs/lib/python3.8/site-packages/nav2_msgs/__init__.py
[5.196s] -- Up-to-date symlink: /home/propp/Independent_Study/ros_workspace/install/nav2_msgs/lib/python3.8/site-packages/nav2_msgs/msg/__init__.py
[5.196s] -- Up-to-date symlink: /home/propp/Independent_Study/ros_workspace/install/nav2_msgs/lib/python3.8/site-packages/nav2_msgs/msg/_behavior_tree_log.py
[5.196s] -- Up-to-date symlink: /home/propp/Independent_Study/ros_workspace/install/nav2_msgs/lib/python3.8/site-packages/nav2_msgs/msg/_behavior_tree_status_change.py
[5.197s] -- Up-to-date symlink: /home/propp/Independent_Study/ros_workspace/install/nav2_msgs/lib/python3.8/site-packages/nav2_msgs/msg/_costmap.py
[5.197s] -- Up-to-date symlink: /home/propp/Independent_Study/ros_workspace/install/nav2_msgs/lib/python3.8/site-packages/nav2_msgs/msg/_costmap_meta_data.py
[5.197s] -- Up-to-date symlink: /home/propp/Independent_Study/ros_workspace/install/nav2_msgs/lib/python3.8/site-packages/nav2_msgs/msg/_particle.py
[5.197s] -- Up-to-date symlink: /home/propp/Independent_Study/ros_workspace/install/nav2_msgs/lib/python3.8/site-packages/nav2_msgs/msg/_particle_cloud.py
[5.197s] -- Up-to-date symlink: /home/propp/Independent_Study/ros_workspace/install/nav2_msgs/lib/python3.8/site-packages/nav2_msgs/msg/_voxel_grid.py
[5.198s] -- Up-to-date symlink: /home/propp/Independent_Study/ros_workspace/install/nav2_msgs/lib/python3.8/site-packages/nav2_msgs/srv/__init__.py
[5.198s] -- Up-to-date symlink: /home/propp/Independent_Study/ros_workspace/install/nav2_msgs/lib/python3.8/site-packages/nav2_msgs/srv/_clear_costmap_around_robot.py
[5.198s] -- Up-to-date symlink: /home/propp/Independent_Study/ros_workspace/install/nav2_msgs/lib/python3.8/site-packages/nav2_msgs/srv/_clear_costmap_except_region.py
[5.198s] -- Up-to-date symlink: /home/propp/Independent_Study/ros_workspace/install/nav2_msgs/lib/python3.8/site-packages/nav2_msgs/srv/_clear_entire_costmap.py
[5.199s] -- Up-to-date symlink: /home/propp/Independent_Study/ros_workspace/install/nav2_msgs/lib/python3.8/site-packages/nav2_msgs/srv/_get_costmap.py
[5.199s] -- Up-to-date symlink: /home/propp/Independent_Study/ros_workspace/install/nav2_msgs/lib/python3.8/site-packages/nav2_msgs/srv/_load_map.py
[5.199s] -- Up-to-date symlink: /home/propp/Independent_Study/ros_workspace/install/nav2_msgs/lib/python3.8/site-packages/nav2_msgs/srv/_manage_lifecycle_nodes.py
[5.199s] -- Up-to-date symlink: /home/propp/Independent_Study/ros_workspace/install/nav2_msgs/lib/python3.8/site-packages/nav2_msgs/srv/_save_map.py
[5.200s] -- Up-to-date symlink: /home/propp/Independent_Study/ros_workspace/install/nav2_msgs/lib/python3.8/site-packages/nav2_msgs/action/__init__.py
[5.201s] -- Up-to-date symlink: /home/propp/Independent_Study/ros_workspace/install/nav2_msgs/lib/python3.8/site-packages/nav2_msgs/action/_back_up.py
[5.201s] -- Up-to-date symlink: /home/propp/Independent_Study/ros_workspace/install/nav2_msgs/lib/python3.8/site-packages/nav2_msgs/action/_compute_path_to_pose.py
[5.201s] -- Up-to-date symlink: /home/propp/Independent_Study/ros_workspace/install/nav2_msgs/lib/python3.8/site-packages/nav2_msgs/action/_dummy_recovery.py
[5.201s] -- Up-to-date symlink: /home/propp/Independent_Study/ros_workspace/install/nav2_msgs/lib/python3.8/site-packages/nav2_msgs/action/_follow_path.py
[5.201s] -- Up-to-date symlink: /home/propp/Independent_Study/ros_workspace/install/nav2_msgs/lib/python3.8/site-packages/nav2_msgs/action/_follow_waypoints.py
[5.201s] -- Up-to-date symlink: /home/propp/Independent_Study/ros_workspace/install/nav2_msgs/lib/python3.8/site-packages/nav2_msgs/action/_navigate_to_pose.py
[5.201s] -- Up-to-date symlink: /home/propp/Independent_Study/ros_workspace/install/nav2_msgs/lib/python3.8/site-packages/nav2_msgs/action/_spin.py
[5.202s] -- Up-to-date symlink: /home/propp/Independent_Study/ros_workspace/install/nav2_msgs/lib/python3.8/site-packages/nav2_msgs/action/_wait.py
[5.202s] -- Up-to-date symlink: /home/propp/Independent_Study/ros_workspace/install/nav2_msgs/lib/python3.8/site-packages/nav2_msgs/nav2_msgs_s__rosidl_typesupport_connext_c.cpython-38-x86_64-linux-gnu.so
[5.203s] -- Up-to-date symlink: /home/propp/Independent_Study/ros_workspace/install/nav2_msgs/lib/python3.8/site-packages/nav2_msgs/nav2_msgs_s__rosidl_typesupport_fastrtps_c.cpython-38-x86_64-linux-gnu.so
[5.203s] -- Up-to-date symlink: /home/propp/Independent_Study/ros_workspace/install/nav2_msgs/lib/python3.8/site-packages/nav2_msgs/nav2_msgs_s__rosidl_typesupport_introspection_c.cpython-38-x86_64-linux-gnu.so
[5.203s] -- Up-to-date symlink: /home/propp/Independent_Study/ros_workspace/install/nav2_msgs/lib/python3.8/site-packages/nav2_msgs/nav2_msgs_s__rosidl_typesupport_c.cpython-38-x86_64-linux-gnu.so
[5.204s] -- Up-to-date symlink: /home/propp/Independent_Study/ros_workspace/install/nav2_msgs/lib/libnav2_msgs__python.so
[5.204s] -- Up-to-date symlink: /home/propp/Independent_Study/ros_workspace/install/nav2_msgs/share/nav2_msgs/msg/Costmap.idl
[5.204s] -- Up-to-date symlink: /home/propp/Independent_Study/ros_workspace/install/nav2_msgs/share/nav2_msgs/msg/CostmapMetaData.idl
[5.205s] -- Up-to-date symlink: /home/propp/Independent_Study/ros_workspace/install/nav2_msgs/share/nav2_msgs/msg/VoxelGrid.idl
[5.205s] -- Up-to-date symlink: /home/propp/Independent_Study/ros_workspace/install/nav2_msgs/share/nav2_msgs/msg/BehaviorTreeStatusChange.idl
[5.205s] -- Up-to-date symlink: /home/propp/Independent_Study/ros_workspace/install/nav2_msgs/share/nav2_msgs/msg/BehaviorTreeLog.idl
[5.206s] -- Up-to-date symlink: /home/propp/Independent_Study/ros_workspace/install/nav2_msgs/share/nav2_msgs/msg/Particle.idl
[5.206s] -- Up-to-date symlink: /home/propp/Independent_Study/ros_workspace/install/nav2_msgs/share/nav2_msgs/msg/ParticleCloud.idl
[5.207s] -- Up-to-date symlink: /home/propp/Independent_Study/ros_workspace/install/nav2_msgs/share/nav2_msgs/srv/GetCostmap.idl
[5.207s] -- Up-to-date symlink: /home/propp/Independent_Study/ros_workspace/install/nav2_msgs/share/nav2_msgs/srv/ClearCostmapExceptRegion.idl
[5.207s] -- Up-to-date symlink: /home/propp/Independent_Study/ros_workspace/install/nav2_msgs/share/nav2_msgs/srv/ClearCostmapAroundRobot.idl
[5.207s] -- Up-to-date symlink: /home/propp/Independent_Study/ros_workspace/install/nav2_msgs/share/nav2_msgs/srv/ClearEntireCostmap.idl
[5.208s] -- Up-to-date symlink: /home/propp/Independent_Study/ros_workspace/install/nav2_msgs/share/nav2_msgs/srv/ManageLifecycleNodes.idl
[5.208s] -- Up-to-date symlink: /home/propp/Independent_Study/ros_workspace/install/nav2_msgs/share/nav2_msgs/srv/LoadMap.idl
[5.208s] -- Up-to-date symlink: /home/propp/Independent_Study/ros_workspace/install/nav2_msgs/share/nav2_msgs/srv/SaveMap.idl
[5.209s] -- Up-to-date symlink: /home/propp/Independent_Study/ros_workspace/install/nav2_msgs/share/nav2_msgs/action/BackUp.idl
[5.209s] -- Up-to-date symlink: /home/propp/Independent_Study/ros_workspace/install/nav2_msgs/share/nav2_msgs/action/ComputePathToPose.idl
[5.209s] -- Up-to-date symlink: /home/propp/Independent_Study/ros_workspace/install/nav2_msgs/share/nav2_msgs/action/FollowPath.idl
[5.209s] -- Up-to-date symlink: /home/propp/Independent_Study/ros_workspace/install/nav2_msgs/share/nav2_msgs/action/NavigateToPose.idl
[5.210s] -- Up-to-date symlink: /home/propp/Independent_Study/ros_workspace/install/nav2_msgs/share/nav2_msgs/action/Wait.idl
[5.210s] -- Up-to-date symlink: /home/propp/Independent_Study/ros_workspace/install/nav2_msgs/share/nav2_msgs/action/Spin.idl
[5.210s] -- Up-to-date symlink: /home/propp/Independent_Study/ros_workspace/install/nav2_msgs/share/nav2_msgs/action/DummyRecovery.idl
[5.211s] -- Up-to-date symlink: /home/propp/Independent_Study/ros_workspace/install/nav2_msgs/share/nav2_msgs/action/FollowWaypoints.idl
[5.211s] -- Up-to-date symlink: /home/propp/Independent_Study/ros_workspace/install/nav2_msgs/share/nav2_msgs/msg/Costmap.msg
[5.211s] -- Up-to-date symlink: /home/propp/Independent_Study/ros_workspace/install/nav2_msgs/share/nav2_msgs/msg/CostmapMetaData.msg
[5.212s] -- Up-to-date symlink: /home/propp/Independent_Study/ros_workspace/install/nav2_msgs/share/nav2_msgs/msg/VoxelGrid.msg
[5.212s] -- Up-to-date symlink: /home/propp/Independent_Study/ros_workspace/install/nav2_msgs/share/nav2_msgs/msg/BehaviorTreeStatusChange.msg
[5.213s] -- Up-to-date symlink: /home/propp/Independent_Study/ros_workspace/install/nav2_msgs/share/nav2_msgs/msg/BehaviorTreeLog.msg
[5.213s] -- Up-to-date symlink: /home/propp/Independent_Study/ros_workspace/install/nav2_msgs/share/nav2_msgs/msg/Particle.msg
[5.213s] -- Up-to-date symlink: /home/propp/Independent_Study/ros_workspace/install/nav2_msgs/share/nav2_msgs/msg/ParticleCloud.msg
[5.213s] -- Up-to-date symlink: /home/propp/Independent_Study/ros_workspace/install/nav2_msgs/share/nav2_msgs/srv/GetCostmap.srv
[5.213s] -- Up-to-date symlink: /home/propp/Independent_Study/ros_workspace/install/nav2_msgs/share/nav2_msgs/srv/GetCostmap_Request.msg
[5.214s] -- Up-to-date symlink: /home/propp/Independent_Study/ros_workspace/install/nav2_msgs/share/nav2_msgs/srv/GetCostmap_Response.msg
[5.214s] -- Up-to-date symlink: /home/propp/Independent_Study/ros_workspace/install/nav2_msgs/share/nav2_msgs/srv/ClearCostmapExceptRegion.srv
[5.215s] -- Up-to-date symlink: /home/propp/Independent_Study/ros_workspace/install/nav2_msgs/share/nav2_msgs/srv/ClearCostmapExceptRegion_Request.msg
[5.215s] -- Up-to-date symlink: /home/propp/Independent_Study/ros_workspace/install/nav2_msgs/share/nav2_msgs/srv/ClearCostmapExceptRegion_Response.msg
[5.215s] -- Up-to-date symlink: /home/propp/Independent_Study/ros_workspace/install/nav2_msgs/share/nav2_msgs/srv/ClearCostmapAroundRobot.srv
[5.215s] -- Up-to-date symlink: /home/propp/Independent_Study/ros_workspace/install/nav2_msgs/share/nav2_msgs/srv/ClearCostmapAroundRobot_Request.msg
[5.216s] -- Up-to-date symlink: /home/propp/Independent_Study/ros_workspace/install/nav2_msgs/share/nav2_msgs/srv/ClearCostmapAroundRobot_Response.msg
[5.216s] -- Up-to-date symlink: /home/propp/Independent_Study/ros_workspace/install/nav2_msgs/share/nav2_msgs/srv/ClearEntireCostmap.srv
[5.216s] -- Up-to-date symlink: /home/propp/Independent_Study/ros_workspace/install/nav2_msgs/share/nav2_msgs/srv/ClearEntireCostmap_Request.msg
[5.216s] -- Up-to-date symlink: /home/propp/Independent_Study/ros_workspace/install/nav2_msgs/share/nav2_msgs/srv/ClearEntireCostmap_Response.msg
[5.217s] -- Up-to-date symlink: /home/propp/Independent_Study/ros_workspace/install/nav2_msgs/share/nav2_msgs/srv/ManageLifecycleNodes.srv
[5.217s] -- Up-to-date symlink: /home/propp/Independent_Study/ros_workspace/install/nav2_msgs/share/nav2_msgs/srv/ManageLifecycleNodes_Request.msg
[5.217s] -- Up-to-date symlink: /home/propp/Independent_Study/ros_workspace/install/nav2_msgs/share/nav2_msgs/srv/ManageLifecycleNodes_Response.msg
[5.218s] -- Up-to-date symlink: /home/propp/Independent_Study/ros_workspace/install/nav2_msgs/share/nav2_msgs/srv/LoadMap.srv
[5.218s] -- Up-to-date symlink: /home/propp/Independent_Study/ros_workspace/install/nav2_msgs/share/nav2_msgs/srv/LoadMap_Request.msg
[5.219s] -- Up-to-date symlink: /home/propp/Independent_Study/ros_workspace/install/nav2_msgs/share/nav2_msgs/srv/LoadMap_Response.msg
[5.219s] -- Up-to-date symlink: /home/propp/Independent_Study/ros_workspace/install/nav2_msgs/share/nav2_msgs/srv/SaveMap.srv
[5.219s] -- Up-to-date symlink: /home/propp/Independent_Study/ros_workspace/install/nav2_msgs/share/nav2_msgs/srv/SaveMap_Request.msg
[5.219s] -- Up-to-date symlink: /home/propp/Independent_Study/ros_workspace/install/nav2_msgs/share/nav2_msgs/srv/SaveMap_Response.msg
[5.219s] -- Up-to-date symlink: /home/propp/Independent_Study/ros_workspace/install/nav2_msgs/share/nav2_msgs/action/BackUp.action
[5.220s] -- Up-to-date symlink: /home/propp/Independent_Study/ros_workspace/install/nav2_msgs/share/nav2_msgs/action/ComputePathToPose.action
[5.220s] -- Up-to-date symlink: /home/propp/Independent_Study/ros_workspace/install/nav2_msgs/share/nav2_msgs/action/FollowPath.action
[5.220s] -- Up-to-date symlink: /home/propp/Independent_Study/ros_workspace/install/nav2_msgs/share/nav2_msgs/action/NavigateToPose.action
[5.220s] -- Up-to-date symlink: /home/propp/Independent_Study/ros_workspace/install/nav2_msgs/share/nav2_msgs/action/Wait.action
[5.221s] -- Up-to-date symlink: /home/propp/Independent_Study/ros_workspace/install/nav2_msgs/share/nav2_msgs/action/Spin.action
[5.221s] -- Up-to-date symlink: /home/propp/Independent_Study/ros_workspace/install/nav2_msgs/share/nav2_msgs/action/DummyRecovery.action
[5.221s] -- Up-to-date symlink: /home/propp/Independent_Study/ros_workspace/install/nav2_msgs/share/nav2_msgs/action/FollowWaypoints.action
[5.222s] -- Up-to-date symlink: /home/propp/Independent_Study/ros_workspace/install/nav2_msgs/share/ament_index/resource_index/package_run_dependencies/nav2_msgs
[5.222s] -- Up-to-date symlink: /home/propp/Independent_Study/ros_workspace/install/nav2_msgs/share/ament_index/resource_index/parent_prefix_path/nav2_msgs
[5.222s] -- Up-to-date symlink: /home/propp/Independent_Study/ros_workspace/install/nav2_msgs/share/nav2_msgs/environment/ament_prefix_path.sh
[5.223s] -- Up-to-date symlink: /home/propp/Independent_Study/ros_workspace/install/nav2_msgs/share/nav2_msgs/environment/ament_prefix_path.dsv
[5.223s] -- Up-to-date symlink: /home/propp/Independent_Study/ros_workspace/install/nav2_msgs/share/nav2_msgs/environment/path.sh
[5.223s] -- Up-to-date symlink: /home/propp/Independent_Study/ros_workspace/install/nav2_msgs/share/nav2_msgs/environment/path.dsv
[5.224s] -- Up-to-date symlink: /home/propp/Independent_Study/ros_workspace/install/nav2_msgs/share/nav2_msgs/local_setup.bash
[5.224s] -- Up-to-date symlink: /home/propp/Independent_Study/ros_workspace/install/nav2_msgs/share/nav2_msgs/local_setup.sh
[5.224s] -- Up-to-date symlink: /home/propp/Independent_Study/ros_workspace/install/nav2_msgs/share/nav2_msgs/local_setup.zsh
[5.225s] -- Up-to-date symlink: /home/propp/Independent_Study/ros_workspace/install/nav2_msgs/share/nav2_msgs/local_setup.dsv
[5.225s] -- Symlinking: /home/propp/Independent_Study/ros_workspace/install/nav2_msgs/share/nav2_msgs/package.dsv
[5.262s] -- Up-to-date symlink: /home/propp/Independent_Study/ros_workspace/install/nav2_msgs/share/ament_index/resource_index/packages/nav2_msgs
[5.263s] -- Up-to-date symlink: /home/propp/Independent_Study/ros_workspace/install/nav2_msgs/share/nav2_msgs/cmake/rosidl_cmake-extras.cmake
[5.263s] -- Up-to-date symlink: /home/propp/Independent_Study/ros_workspace/install/nav2_msgs/share/nav2_msgs/cmake/ament_cmake_export_dependencies-extras.cmake
[5.265s] -- Up-to-date symlink: /home/propp/Independent_Study/ros_workspace/install/nav2_msgs/share/nav2_msgs/cmake/ament_cmake_export_libraries-extras.cmake
[5.265s] -- Up-to-date symlink: /home/propp/Independent_Study/ros_workspace/install/nav2_msgs/share/nav2_msgs/cmake/ament_cmake_export_targets-extras.cmake
[5.266s] -- Up-to-date symlink: /home/propp/Independent_Study/ros_workspace/install/nav2_msgs/share/nav2_msgs/cmake/ament_cmake_export_include_directories-extras.cmake
[5.266s] -- Up-to-date symlink: /home/propp/Independent_Study/ros_workspace/install/nav2_msgs/share/nav2_msgs/cmake/rosidl_cmake_export_typesupport_libraries-extras.cmake
[5.270s] -- Up-to-date symlink: /home/propp/Independent_Study/ros_workspace/install/nav2_msgs/share/nav2_msgs/cmake/rosidl_cmake_export_typesupport_targets-extras.cmake
[5.270s] -- Up-to-date symlink: /home/propp/Independent_Study/ros_workspace/install/nav2_msgs/share/nav2_msgs/cmake/nav2_msgsConfig.cmake
[5.271s] -- Up-to-date symlink: /home/propp/Independent_Study/ros_workspace/install/nav2_msgs/share/nav2_msgs/cmake/nav2_msgsConfig-version.cmake
[5.271s] -- Up-to-date symlink: /home/propp/Independent_Study/ros_workspace/install/nav2_msgs/share/nav2_msgs/package.xml
[5.271s] -- Up-to-date: /home/propp/Independent_Study/ros_workspace/install/nav2_msgs/lib/libnav2_msgs__rosidl_generator_c.so
[5.271s] -- Up-to-date: /home/propp/Independent_Study/ros_workspace/install/nav2_msgs/lib/libnav2_msgs__rosidl_typesupport_introspection_c.so
[5.271s] -- Up-to-date: /home/propp/Independent_Study/ros_workspace/install/nav2_msgs/lib/libnav2_msgs__rosidl_typesupport_c.so
[5.271s] -- Up-to-date: /home/propp/Independent_Study/ros_workspace/install/nav2_msgs/lib/libnav2_msgs__rosidl_typesupport_introspection_cpp.so
[5.272s] -- Up-to-date: /home/propp/Independent_Study/ros_workspace/install/nav2_msgs/lib/libnav2_msgs__rosidl_typesupport_cpp.so
[5.311s] Compiling '/home/propp/Independent_Study/ros_workspace/install/nav2_msgs/lib/python3.8/site-packages/nav2_msgs/__init__.py'...
[5.318s] -- Up-to-date: /home/propp/Independent_Study/ros_workspace/install/nav2_msgs/share/nav2_msgs/cmake/nav2_msgs__rosidl_generator_cExport.cmake
[5.319s] -- Installing: /home/propp/Independent_Study/ros_workspace/install/nav2_msgs/share/nav2_msgs/cmake/nav2_msgs__rosidl_generator_cExport-release.cmake
[5.319s] -- Up-to-date: /home/propp/Independent_Study/ros_workspace/install/nav2_msgs/share/nav2_msgs/cmake/nav2_msgs__rosidl_typesupport_introspection_cExport.cmake
[5.319s] -- Installing: /home/propp/Independent_Study/ros_workspace/install/nav2_msgs/share/nav2_msgs/cmake/nav2_msgs__rosidl_typesupport_introspection_cExport-release.cmake
[5.319s] -- Up-to-date: /home/propp/Independent_Study/ros_workspace/install/nav2_msgs/share/nav2_msgs/cmake/nav2_msgs__rosidl_typesupport_cExport.cmake
[5.319s] -- Installing: /home/propp/Independent_Study/ros_workspace/install/nav2_msgs/share/nav2_msgs/cmake/nav2_msgs__rosidl_typesupport_cExport-release.cmake
[5.320s] -- Up-to-date: /home/propp/Independent_Study/ros_workspace/install/nav2_msgs/share/nav2_msgs/cmake/nav2_msgs__rosidl_generator_cppExport.cmake
[5.320s] -- Up-to-date: /home/propp/Independent_Study/ros_workspace/install/nav2_msgs/share/nav2_msgs/cmake/nav2_msgs__rosidl_typesupport_introspection_cppExport.cmake
[5.320s] -- Installing: /home/propp/Independent_Study/ros_workspace/install/nav2_msgs/share/nav2_msgs/cmake/nav2_msgs__rosidl_typesupport_introspection_cppExport-release.cmake
[5.320s] -- Up-to-date: /home/propp/Independent_Study/ros_workspace/install/nav2_msgs/share/nav2_msgs/cmake/nav2_msgs__rosidl_typesupport_cppExport.cmake
[5.320s] -- Installing: /home/propp/Independent_Study/ros_workspace/install/nav2_msgs/share/nav2_msgs/cmake/nav2_msgs__rosidl_typesupport_cppExport-release.cmake
[5.325s] Invoked command in '/home/propp/Independent_Study/ros_workspace/build/nav2_msgs' returned '0': AMENT_PREFIX_PATH=/home/propp/Independent_Study/ros_workspace/install/nav2_common:${AMENT_PREFIX_PATH} CMAKE_PREFIX_PATH=/home/propp/Independent_Study/ros_workspace/install/nav2_common:${CMAKE_PREFIX_PATH} PYTHONPATH=/home/propp/Independent_Study/ros_workspace/install/nav2_common/lib/python3.8/site-packages:${PYTHONPATH} /usr/bin/cmake --install /home/propp/Independent_Study/ros_workspace/build/nav2_msgs
