[0.188s] Invoking command in '/home/propp/Independent_Study/ros_workspace/src/ralph_py': PYTHONPATH=/home/propp/Independent_Study/ros_workspace/install/ralph_py/lib/python3.8/site-packages:${PYTHONPATH} /usr/bin/python3 setup.py egg_info --egg-base ../../build/ralph_py build --build-base /home/propp/Independent_Study/ros_workspace/build/ralph_py/build install --prefix /home/propp/Independent_Study/ros_workspace/install/ralph_py --record /home/propp/Independent_Study/ros_workspace/build/ralph_py/install.log --single-version-externally-managed
[0.353s] running egg_info
[0.353s] writing ../../build/ralph_py/ralph_py.egg-info/PKG-INFO
[0.354s] writing dependency_links to ../../build/ralph_py/ralph_py.egg-info/dependency_links.txt
[0.354s] writing entry points to ../../build/ralph_py/ralph_py.egg-info/entry_points.txt
[0.354s] writing requirements to ../../build/ralph_py/ralph_py.egg-info/requires.txt
[0.354s] writing top-level names to ../../build/ralph_py/ralph_py.egg-info/top_level.txt
[0.379s] reading manifest file '../../build/ralph_py/ralph_py.egg-info/SOURCES.txt'
[0.379s] writing manifest file '../../build/ralph_py/ralph_py.egg-info/SOURCES.txt'
[0.380s] running build
[0.380s] running build_py
[0.380s] copying ralph_py/ralph.py -> /home/propp/Independent_Study/ros_workspace/build/ralph_py/build/lib/ralph_py
[0.380s] running install
[0.381s] running install_lib
[0.382s] copying /home/propp/Independent_Study/ros_workspace/build/ralph_py/build/lib/ralph_py/ralph.py -> /home/propp/Independent_Study/ros_workspace/install/ralph_py/lib/python3.8/site-packages/ralph_py
[0.383s] byte-compiling /home/propp/Independent_Study/ros_workspace/install/ralph_py/lib/python3.8/site-packages/ralph_py/ralph.py to ralph.cpython-38.pyc
[0.386s] running install_data
[0.387s] running install_egg_info
[0.388s] removing '/home/propp/Independent_Study/ros_workspace/install/ralph_py/lib/python3.8/site-packages/ralph_py-0.0.0-py3.8.egg-info' (and everything under it)
[0.389s] Copying ../../build/ralph_py/ralph_py.egg-info to /home/propp/Independent_Study/ros_workspace/install/ralph_py/lib/python3.8/site-packages/ralph_py-0.0.0-py3.8.egg-info
[0.390s] running install_scripts
[0.404s] Installing ralph_node script to /home/propp/Independent_Study/ros_workspace/install/ralph_py/lib/ralph_py
[0.404s] writing list of installed files to '/home/propp/Independent_Study/ros_workspace/build/ralph_py/install.log'
[0.419s] Invoked command in '/home/propp/Independent_Study/ros_workspace/src/ralph_py' returned '0': PYTHONPATH=/home/propp/Independent_Study/ros_workspace/install/ralph_py/lib/python3.8/site-packages:${PYTHONPATH} /usr/bin/python3 setup.py egg_info --egg-base ../../build/ralph_py build --build-base /home/propp/Independent_Study/ros_workspace/build/ralph_py/build install --prefix /home/propp/Independent_Study/ros_workspace/install/ralph_py --record /home/propp/Independent_Study/ros_workspace/build/ralph_py/install.log --single-version-externally-managed
