[0.017s] Invoking command in '/home/propp/Independent_Study/ros_workspace/build/box_nav': CMAKE_PREFIX_PATH=${CMAKE_PREFIX_PATH}:/home/propp/Independent_Study/ros_workspace/install/nav2_gazebo_spawner:/opt/ros/foxy /usr/bin/cmake --build /home/propp/Independent_Study/ros_workspace/build/box_nav -- -j12 -l12
[0.039s] -- Found ament_cmake: 0.9.7 (/opt/ros/foxy/share/ament_cmake/cmake)
[0.056s] -- Using PYTHON_EXECUTABLE: /usr/bin/python3
[0.211s] -- Found rclcpp: 2.2.0 (/opt/ros/foxy/share/rclcpp/cmake)
[0.229s] -- Using all available rosidl_typesupport_c: rosidl_typesupport_fastrtps_c;rosidl_typesupport_introspection_c
[0.232s] -- Found rosidl_adapter: 1.1.0 (/opt/ros/foxy/share/rosidl_adapter/cmake)
[0.319s] -- Using all available rosidl_typesupport_cpp: rosidl_typesupport_fastrtps_cpp;rosidl_typesupport_introspection_cpp
[0.359s] -- Found rmw_implementation_cmake: 1.0.2 (/opt/ros/foxy/share/rmw_implementation_cmake/cmake)
[0.360s] -- Using RMW implementation 'rmw_fastrtps_cpp' as default
[0.472s] -- Found tf2: 0.13.6 (/opt/ros/foxy/share/tf2/cmake)
[0.509s] -- Found tf2_ros: 0.13.6 (/opt/ros/foxy/share/tf2_ros/cmake)
[0.771s] -- Found nav_msgs: 2.0.3 (/opt/ros/foxy/share/nav_msgs/cmake)
[0.830s] -- Found sensor_msgs: 2.0.3 (/opt/ros/foxy/share/sensor_msgs/cmake)
[0.888s] -- Found slam_toolbox: 2.3.0 (/opt/ros/foxy/share/slam_toolbox/cmake)
[1.186s] -- Found eigen3_cmake_module: 0.1.1 (/opt/ros/foxy/share/eigen3_cmake_module/cmake)
[1.304s] -- Configuring done
[1.306s] CMake Error at CMakeLists.txt:18 (add_library):
[1.306s]   Cannot find source file:
[1.307s] 
[1.307s]     Eigen.c
[1.307s] 
[1.307s]   Tried extensions .c .C .c++ .cc .cpp .cxx .cu .m .M .mm .h .hh .h++ .hm
[1.307s]   .hpp .hxx .in .txx
[1.307s] 
[1.307s] 
[1.307s] CMake Error at CMakeLists.txt:18 (add_library):
[1.307s]   No SOURCES given to target: eigen3
[1.307s] 
[1.307s] 
[1.307s] CMake Generate step failed.  Build files cannot be regenerated correctly.
[1.311s] make: *** [Makefile:266: cmake_check_build_system] Error 1
[1.312s] Invoked command in '/home/propp/Independent_Study/ros_workspace/build/box_nav' returned '2': CMAKE_PREFIX_PATH=${CMAKE_PREFIX_PATH}:/home/propp/Independent_Study/ros_workspace/install/nav2_gazebo_spawner:/opt/ros/foxy /usr/bin/cmake --build /home/propp/Independent_Study/ros_workspace/build/box_nav -- -j12 -l12
