[0.017s] Invoking command in '/home/propp/Independent_Study/ros_workspace/build/first_ros_package': /usr/bin/cmake --build /home/propp/Independent_Study/ros_workspace/build/first_ros_package -- -j12 -l12
[0.040s] -- Found ament_cmake: 0.9.7 (/home/propp/ros2_foxy/ros2-linux/share/ament_cmake/cmake)
[0.057s] -- Using PYTHON_EXECUTABLE: /usr/bin/python3
[0.205s] -- Override CMake install command with custom implementation using symlinks instead of copying resources
[0.211s] -- Found rclcpp: 2.2.0 (/home/propp/ros2_foxy/ros2-linux/share/rclcpp/cmake)
[0.225s] -- Using all available rosidl_typesupport_c: rosidl_typesupport_connext_c;rosidl_typesupport_fastrtps_c;rosidl_typesupport_introspection_c
[0.228s] -- Found rosidl_adapter: 1.1.0 (/home/propp/ros2_foxy/ros2-linux/share/rosidl_adapter/cmake)
[0.230s] -- Found RTI Connext: /opt/rti.com/rti_connext_dds-5.3.1
[0.512s] -- Using all available rosidl_typesupport_cpp: rosidl_typesupport_connext_cpp;rosidl_typesupport_fastrtps_cpp;rosidl_typesupport_introspection_cpp
[0.551s] -- Found rmw_implementation_cmake: 1.0.1 (/home/propp/ros2_foxy/ros2-linux/share/rmw_implementation_cmake/cmake)
[0.552s] -- Using RMW implementation 'rmw_fastrtps_cpp' as default
[0.618s] -- Found tf2: 0.13.5 (/home/propp/ros2_foxy/ros2-linux/share/tf2/cmake)
[0.671s] -- Found tf2_ros: 0.13.5 (/home/propp/ros2_foxy/ros2-linux/share/tf2_ros/cmake)
[0.916s] -- Found nav_msgs: 2.0.3 (/home/propp/ros2_foxy/ros2-linux/share/nav_msgs/cmake)
[0.973s] -- Found sensor_msgs: 2.0.3 (/home/propp/ros2_foxy/ros2-linux/share/sensor_msgs/cmake)
[1.031s] CMake Error at /home/propp/ros2_foxy/ros2-linux/share/ament_cmake_target_dependencies/cmake/ament_target_dependencies.cmake:66 (message):
[1.031s]   ament_target_dependencies() the passed package name
[1.031s]   'pointcloud_to_laserscan' was not found before
[1.031s] Call Stack (most recent call first):
[1.031s]   CMakeLists.txt:29 (ament_target_dependencies)
[1.031s] 
[1.031s] 
[1.033s] -- Configuring incomplete, errors occurred!
[1.033s] See also "/home/propp/Independent_Study/ros_workspace/build/first_ros_package/CMakeFiles/CMakeOutput.log".
[1.033s] See also "/home/propp/Independent_Study/ros_workspace/build/first_ros_package/CMakeFiles/CMakeError.log".
[1.037s] make: *** [Makefile:310: cmake_check_build_system] Error 1
[1.038s] Invoked command in '/home/propp/Independent_Study/ros_workspace/build/first_ros_package' returned '2': /usr/bin/cmake --build /home/propp/Independent_Study/ros_workspace/build/first_ros_package -- -j12 -l12
