[0.013s] Invoking command in '/home/propp/Independent_Study/first_ros_package/src/first_ros_package/build/first_ros_package': CMAKE_PREFIX_PATH=${CMAKE_PREFIX_PATH}:/home/propp/Independent_Study/src/Test_Ros/install/my_package /usr/bin/cmake --build /home/propp/Independent_Study/first_ros_package/src/first_ros_package/build/first_ros_package -- -j12 -l12
[0.045s] [35m[1mScanning dependencies of target talker[0m
[0.069s] [ 50%] [32mBuilding CXX object CMakeFiles/talker.dir/src/publisher_member_function.cpp.o[0m
[0.972s] [01m[K/home/propp/Independent_Study/first_ros_package/src/first_ros_package/src/publisher_member_function.cpp:[m[K In member function ‘[01m[Kvoid OdometryToTF::topic_callback(std::shared_ptr<const std_msgs::msg::String_<std::allocator<void> > >)[m[K’:
[0.972s] [01m[K/home/propp/Independent_Study/first_ros_package/src/first_ros_package/src/publisher_member_function.cpp:43:68:[m[K [01;35m[Kwarning: [m[Kunused parameter ‘[01m[Kmsg[m[K’ [[01;35m[K-Wunused-parameter[m[K]
[0.972s]    43 |   void topic_callback([01;35m[Kstd::shared_ptr<const std_msgs::msg::String> msg[m[K) {
[0.973s]       |                       [01;35m[K~~~~~~~~~~~~~~~~~~~~~~~~~~~~~~~~~~~~~~~~~~~~~^~~[m[K
[3.337s] [100%] [32m[1mLinking CXX executable talker[0m
[3.500s] [100%] Built target talker
[3.508s] Invoked command in '/home/propp/Independent_Study/first_ros_package/src/first_ros_package/build/first_ros_package' returned '0': CMAKE_PREFIX_PATH=${CMAKE_PREFIX_PATH}:/home/propp/Independent_Study/src/Test_Ros/install/my_package /usr/bin/cmake --build /home/propp/Independent_Study/first_ros_package/src/first_ros_package/build/first_ros_package -- -j12 -l12
[3.534s] Invoking command in '/home/propp/Independent_Study/first_ros_package/src/first_ros_package/build/first_ros_package': CMAKE_PREFIX_PATH=${CMAKE_PREFIX_PATH}:/home/propp/Independent_Study/src/Test_Ros/install/my_package /usr/bin/cmake --install /home/propp/Independent_Study/first_ros_package/src/first_ros_package/build/first_ros_package
[3.540s] -- Install configuration: ""
[3.541s] -- Installing: /home/propp/Independent_Study/first_ros_package/src/first_ros_package/install/first_ros_package/lib/first_ros_package/talker
[3.542s] -- Set runtime path of "/home/propp/Independent_Study/first_ros_package/src/first_ros_package/install/first_ros_package/lib/first_ros_package/talker" to ""
[3.542s] -- Up-to-date: /home/propp/Independent_Study/first_ros_package/src/first_ros_package/install/first_ros_package/share/ament_index/resource_index/package_run_dependencies/first_ros_package
[3.543s] -- Up-to-date: /home/propp/Independent_Study/first_ros_package/src/first_ros_package/install/first_ros_package/share/ament_index/resource_index/parent_prefix_path/first_ros_package
[3.543s] -- Up-to-date: /home/propp/Independent_Study/first_ros_package/src/first_ros_package/install/first_ros_package/share/first_ros_package/environment/ament_prefix_path.sh
[3.543s] -- Up-to-date: /home/propp/Independent_Study/first_ros_package/src/first_ros_package/install/first_ros_package/share/first_ros_package/environment/ament_prefix_path.dsv
[3.543s] -- Up-to-date: /home/propp/Independent_Study/first_ros_package/src/first_ros_package/install/first_ros_package/share/first_ros_package/environment/path.sh
[3.543s] -- Up-to-date: /home/propp/Independent_Study/first_ros_package/src/first_ros_package/install/first_ros_package/share/first_ros_package/environment/path.dsv
[3.543s] -- Up-to-date: /home/propp/Independent_Study/first_ros_package/src/first_ros_package/install/first_ros_package/share/first_ros_package/local_setup.bash
[3.543s] -- Up-to-date: /home/propp/Independent_Study/first_ros_package/src/first_ros_package/install/first_ros_package/share/first_ros_package/local_setup.sh
[3.543s] -- Up-to-date: /home/propp/Independent_Study/first_ros_package/src/first_ros_package/install/first_ros_package/share/first_ros_package/local_setup.zsh
[3.543s] -- Up-to-date: /home/propp/Independent_Study/first_ros_package/src/first_ros_package/install/first_ros_package/share/first_ros_package/local_setup.dsv
[3.543s] -- Installing: /home/propp/Independent_Study/first_ros_package/src/first_ros_package/install/first_ros_package/share/first_ros_package/package.dsv
[3.543s] -- Up-to-date: /home/propp/Independent_Study/first_ros_package/src/first_ros_package/install/first_ros_package/share/ament_index/resource_index/packages/first_ros_package
[3.543s] -- Up-to-date: /home/propp/Independent_Study/first_ros_package/src/first_ros_package/install/first_ros_package/share/first_ros_package/cmake/first_ros_packageConfig.cmake
[3.543s] -- Up-to-date: /home/propp/Independent_Study/first_ros_package/src/first_ros_package/install/first_ros_package/share/first_ros_package/cmake/first_ros_packageConfig-version.cmake
[3.544s] -- Up-to-date: /home/propp/Independent_Study/first_ros_package/src/first_ros_package/install/first_ros_package/share/first_ros_package/package.xml
[3.545s] Invoked command in '/home/propp/Independent_Study/first_ros_package/src/first_ros_package/build/first_ros_package' returned '0': CMAKE_PREFIX_PATH=${CMAKE_PREFIX_PATH}:/home/propp/Independent_Study/src/Test_Ros/install/my_package /usr/bin/cmake --install /home/propp/Independent_Study/first_ros_package/src/first_ros_package/build/first_ros_package
