[01m[K/home/propp/Independent_Study/first_ros_package/src/first_ros_package/src/publisher_member_function.cpp:[m[K In member function ‘[01m[Kvoid OdometryToTF::topic_callback(nav_msgs::msg::Odometry_<std::allocator<void> >::SharedPtr) const[m[K’:
[01m[K/home/propp/Independent_Study/first_ros_package/src/first_ros_package/src/publisher_member_function.cpp:45:78:[m[K [01;31m[Kerror: [m[Ktaking address of rvalue [[01;31m[K-fpermissive[m[K]
   45 |     tf2_ros::TransformBroadcaster *br = &(tf2_ros::TransformBroadcaster(this)[01;31m[K)[m[K;
      |                                                                              [01;31m[K^[m[K
In file included from [01m[K/home/propp/ros2_foxy/ros2-linux/include/rclcpp/create_publisher.hpp:21[m[K,
                 from [01m[K/home/propp/ros2_foxy/ros2-linux/include/rclcpp/node_impl.hpp:39[m[K,
                 from [01m[K/home/propp/ros2_foxy/ros2-linux/include/rclcpp/node.hpp:1221[m[K,
                 from [01m[K/home/propp/ros2_foxy/ros2-linux/include/rclcpp/executors/single_threaded_executor.hpp:28[m[K,
                 from [01m[K/home/propp/ros2_foxy/ros2-linux/include/rclcpp/executors.hpp:22[m[K,
                 from [01m[K/home/propp/ros2_foxy/ros2-linux/include/rclcpp/rclcpp.hpp:146[m[K,
                 from [01m[K/home/propp/Independent_Study/first_ros_package/src/first_ros_package/src/publisher_member_function.cpp:20[m[K:
/home/propp/ros2_foxy/ros2-linux/include/rclcpp/node_interfaces/get_node_topics_interface.hpp: In instantiation of ‘[01m[Kstd::shared_ptr<rclcpp::node_interfaces::NodeTopicsInterface> rclcpp::node_interfaces::get_node_topics_interface(NodeType&&) [with NodeType = const OdometryToTF*&; typename std::enable_if<rcpputils::is_pointer<T>::value, int>::type <anonymous> = 0][m[K’:
[01m[K/home/propp/ros2_foxy/ros2-linux/include/rclcpp/create_publisher.hpp:54:47:[m[K   required from ‘[01m[Kstd::shared_ptr<PublisherT> rclcpp::create_publisher(NodeT&, const string&, const rclcpp::QoS&, const rclcpp::PublisherOptionsWithAllocator<AllocatorT>&) [with MessageT = tf2_msgs::msg::TFMessage_<std::allocator<void> >; AllocatorT = std::allocator<void>; PublisherT = rclcpp::Publisher<tf2_msgs::msg::TFMessage_<std::allocator<void> > >; NodeT = const OdometryToTF*; std::string = std::__cxx11::basic_string<char>][m[K’
[01m[K/home/propp/ros2_foxy/ros2-linux/include/tf2_ros/transform_broadcaster.h:59:68:[m[K   required from ‘[01m[Ktf2_ros::TransformBroadcaster::TransformBroadcaster(NodeT&&, const rclcpp::QoS&, const rclcpp::PublisherOptionsWithAllocator<AllocatorT>&) [with NodeT = const OdometryToTF*; AllocatorT = std::allocator<void>][m[K’
[01m[K/home/propp/Independent_Study/first_ros_package/src/first_ros_package/src/publisher_member_function.cpp:45:77:[m[K   required from here
[01m[K/home/propp/ros2_foxy/ros2-linux/include/rclcpp/node_interfaces/get_node_topics_interface.hpp:75:56:[m[K [01;31m[Kerror: [m[Kno matching function for call to ‘[01m[Kget_node_topics_interface_from_pointer(const OdometryToTF*&)[m[K’
   75 |   return [01;31m[Kdetail::get_node_topics_interface_from_pointer(node)[m[K;
      |          [01;31m[K~~~~~~~~~~~~~~~~~~~~~~~~~~~~~~~~~~~~~~~~~~~~~~^~~~~~[m[K
[01m[K/home/propp/ros2_foxy/ros2-linux/include/rclcpp/node_interfaces/get_node_topics_interface.hpp:53:1:[m[K [01;36m[Knote: [m[Kcandidate: ‘[01m[Ktemplate<class NodeType, typename std::enable_if<rclcpp::node_interfaces::has_node_topics_interface<typename rcpputils::remove_pointer<T>::type>::value, int>::type <anonymous> > std::shared_ptr<rclcpp::node_interfaces::NodeTopicsInterface> rclcpp::node_interfaces::detail::get_node_topics_interface_from_pointer(NodeType)[m[K’
   53 | [01;36m[Kget_node_topics_interface_from_pointer[m[K(NodeType node_pointer)
      | [01;36m[K^~~~~~~~~~~~~~~~~~~~~~~~~~~~~~~~~~~~~~[m[K
[01m[K/home/propp/ros2_foxy/ros2-linux/include/rclcpp/node_interfaces/get_node_topics_interface.hpp:53:1:[m[K [01;36m[Knote: [m[K  template argument deduction/substitution failed:
[01m[K/home/propp/ros2_foxy/ros2-linux/include/rclcpp/node_interfaces/get_node_topics_interface.hpp:50:26:[m[K [01;31m[Kerror: [m[Kno type named ‘[01m[Ktype[m[K’ in ‘[01m[Kstruct std::enable_if<false, int>[m[K’
   50 |   >::value, int>::type = [01;31m[K0[m[K
      |                          [01;31m[K^[m[K
make[2]: *** [CMakeFiles/talker.dir/build.make:63: CMakeFiles/talker.dir/src/publisher_member_function.cpp.o] Error 1
make[1]: *** [CMakeFiles/Makefile2:78: CMakeFiles/talker.dir/all] Error 2
make: *** [Makefile:141: all] Error 2
