-- Found ament_cmake: 0.9.7 (/home/propp/ros2_foxy/ros2-linux/share/ament_cmake/cmake)
-- Using PYTHON_EXECUTABLE: /usr/bin/python3
-- Override CMake install command with custom implementation using symlinks instead of copying resources
-- Found nav2_common: 0.4.5 (/home/propp/Independent_Study/ros_workspace/install/nav2_common/share/nav2_common/cmake)
-- Found rclcpp: 2.2.0 (/home/propp/ros2_foxy/ros2-linux/share/rclcpp/cmake)
-- Using all available rosidl_typesupport_c: rosidl_typesupport_connext_c;rosidl_typesupport_fastrtps_c;rosidl_typesupport_introspection_c
-- Found rosidl_adapter: 1.1.0 (/home/propp/ros2_foxy/ros2-linux/share/rosidl_adapter/cmake)
-- Found RTI Connext: /opt/rti.com/rti_connext_dds-5.3.1
-- Using all available rosidl_typesupport_cpp: rosidl_typesupport_connext_cpp;rosidl_typesupport_fastrtps_cpp;rosidl_typesupport_introspection_cpp
-- Found rmw_implementation_cmake: 1.0.1 (/home/propp/ros2_foxy/ros2-linux/share/rmw_implementation_cmake/cmake)
-- Using RMW implementation 'rmw_fastrtps_cpp' as default
-- Found ament_lint_auto: 0.9.5 (/home/propp/ros2_foxy/ros2-linux/share/ament_lint_auto/cmake)
-- Found gtest sources under '/home/propp/ros2_foxy/ros2-linux/src/gtest_vendor': C++ tests using 'Google Test' will be built
-- Added test 'cppcheck' to perform static code analysis on C / C++ code
-- Configured cppcheck include dirs: /home/propp/Independent_Study/ros_workspace/src/navigation2/nav2_voxel_grid/include
-- Configured cppcheck exclude dirs and/or files: 
-- Added test 'cpplint' to check C / C++ code against the Google style
-- Configured cpplint exclude dirs and/or files: 
-- Added test 'lint_cmake' to check CMake code style
-- Added test 'uncrustify' to check C / C++ code style
-- Configured uncrustify additional arguments: 
-- Added test 'xmllint' to check XML markup files
-- Configuring done
-- Generating done
-- Build files have been written to: /home/propp/Independent_Study/ros_workspace/build/nav2_voxel_grid
[ 25%] Built target gtest
[ 50%] Built target gtest_main
[ 62%] [32mBuilding CXX object CMakeFiles/voxel_grid.dir/src/voxel_grid.cpp.o[0m
[ 75%] [32m[1mLinking CXX shared library libvoxel_grid.so[0m
[ 75%] Built target voxel_grid
[ 87%] [32mBuilding CXX object test/CMakeFiles/voxel_grid_tests.dir/voxel_grid_tests.cpp.o[0m
[100%] [32m[1mLinking CXX executable voxel_grid_tests[0m
[100%] Built target voxel_grid_tests
-- Install configuration: "Release"
-- Execute custom install script
-- Up-to-date symlink: /home/propp/Independent_Study/ros_workspace/install/nav2_voxel_grid/lib/libvoxel_grid.so
-- Up-to-date symlink: /home/propp/Independent_Study/ros_workspace/install/nav2_voxel_grid/include/nav2_voxel_grid/voxel_grid.hpp
-- Up-to-date symlink: /home/propp/Independent_Study/ros_workspace/install/nav2_voxel_grid/share/nav2_voxel_grid/environment/library_path.sh
-- Up-to-date symlink: /home/propp/Independent_Study/ros_workspace/install/nav2_voxel_grid/share/nav2_voxel_grid/environment/library_path.dsv
-- Up-to-date symlink: /home/propp/Independent_Study/ros_workspace/install/nav2_voxel_grid/share/ament_index/resource_index/package_run_dependencies/nav2_voxel_grid
-- Up-to-date symlink: /home/propp/Independent_Study/ros_workspace/install/nav2_voxel_grid/share/ament_index/resource_index/parent_prefix_path/nav2_voxel_grid
-- Up-to-date symlink: /home/propp/Independent_Study/ros_workspace/install/nav2_voxel_grid/share/nav2_voxel_grid/environment/ament_prefix_path.sh
-- Up-to-date symlink: /home/propp/Independent_Study/ros_workspace/install/nav2_voxel_grid/share/nav2_voxel_grid/environment/ament_prefix_path.dsv
-- Up-to-date symlink: /home/propp/Independent_Study/ros_workspace/install/nav2_voxel_grid/share/nav2_voxel_grid/environment/path.sh
-- Up-to-date symlink: /home/propp/Independent_Study/ros_workspace/install/nav2_voxel_grid/share/nav2_voxel_grid/environment/path.dsv
-- Up-to-date symlink: /home/propp/Independent_Study/ros_workspace/install/nav2_voxel_grid/share/nav2_voxel_grid/local_setup.bash
-- Up-to-date symlink: /home/propp/Independent_Study/ros_workspace/install/nav2_voxel_grid/share/nav2_voxel_grid/local_setup.sh
-- Up-to-date symlink: /home/propp/Independent_Study/ros_workspace/install/nav2_voxel_grid/share/nav2_voxel_grid/local_setup.zsh
-- Up-to-date symlink: /home/propp/Independent_Study/ros_workspace/install/nav2_voxel_grid/share/nav2_voxel_grid/local_setup.dsv
-- Symlinking: /home/propp/Independent_Study/ros_workspace/install/nav2_voxel_grid/share/nav2_voxel_grid/package.dsv
-- Up-to-date symlink: /home/propp/Independent_Study/ros_workspace/install/nav2_voxel_grid/share/ament_index/resource_index/packages/nav2_voxel_grid
-- Up-to-date symlink: /home/propp/Independent_Study/ros_workspace/install/nav2_voxel_grid/share/nav2_voxel_grid/cmake/ament_cmake_export_dependencies-extras.cmake
-- Up-to-date symlink: /home/propp/Independent_Study/ros_workspace/install/nav2_voxel_grid/share/nav2_voxel_grid/cmake/ament_cmake_export_include_directories-extras.cmake
-- Up-to-date symlink: /home/propp/Independent_Study/ros_workspace/install/nav2_voxel_grid/share/nav2_voxel_grid/cmake/ament_cmake_export_libraries-extras.cmake
-- Up-to-date symlink: /home/propp/Independent_Study/ros_workspace/install/nav2_voxel_grid/share/nav2_voxel_grid/cmake/nav2_voxel_gridConfig.cmake
-- Up-to-date symlink: /home/propp/Independent_Study/ros_workspace/install/nav2_voxel_grid/share/nav2_voxel_grid/cmake/nav2_voxel_gridConfig-version.cmake
-- Up-to-date symlink: /home/propp/Independent_Study/ros_workspace/install/nav2_voxel_grid/share/nav2_voxel_grid/package.xml
