[0.016s] Invoking command in '/home/propp/Independent_Study/ros_workspace/build/nav2_voxel_grid': AMENT_PREFIX_PATH=/home/propp/Independent_Study/ros_workspace/install/nav2_common:${AMENT_PREFIX_PATH} CMAKE_PREFIX_PATH=/home/propp/Independent_Study/ros_workspace/install/nav2_common:${CMAKE_PREFIX_PATH} PYTHONPATH=/home/propp/Independent_Study/ros_workspace/install/nav2_common/lib/python3.8/site-packages:${PYTHONPATH} /usr/bin/cmake /home/propp/Independent_Study/ros_workspace/src/navigation2/nav2_voxel_grid -DCMAKE_INSTALL_PREFIX=/home/propp/Independent_Study/ros_workspace/install/nav2_voxel_grid
[0.034s] -- Found ament_cmake: 0.9.7 (/home/propp/ros2_foxy/ros2-linux/share/ament_cmake/cmake)
[0.056s] -- Using PYTHON_EXECUTABLE: /usr/bin/python3
[0.283s] -- Override CMake install command with custom implementation using symlinks instead of copying resources
[0.291s] -- Found nav2_common: 0.4.5 (/home/propp/Independent_Study/ros_workspace/install/nav2_common/share/nav2_common/cmake)
[0.291s] -- Found rclcpp: 2.2.0 (/home/propp/ros2_foxy/ros2-linux/share/rclcpp/cmake)
[0.307s] -- Using all available rosidl_typesupport_c: rosidl_typesupport_connext_c;rosidl_typesupport_fastrtps_c;rosidl_typesupport_introspection_c
[0.310s] -- Found rosidl_adapter: 1.1.0 (/home/propp/ros2_foxy/ros2-linux/share/rosidl_adapter/cmake)
[0.312s] -- Found RTI Connext: /opt/rti.com/rti_connext_dds-5.3.1
[0.686s] -- Using all available rosidl_typesupport_cpp: rosidl_typesupport_connext_cpp;rosidl_typesupport_fastrtps_cpp;rosidl_typesupport_introspection_cpp
[0.726s] -- Found rmw_implementation_cmake: 1.0.1 (/home/propp/ros2_foxy/ros2-linux/share/rmw_implementation_cmake/cmake)
[0.727s] -- Using RMW implementation 'rmw_fastrtps_cpp' as default
[0.799s] -- Found ament_lint_auto: 0.9.5 (/home/propp/ros2_foxy/ros2-linux/share/ament_lint_auto/cmake)
[0.850s] -- Found gtest sources under '/home/propp/ros2_foxy/ros2-linux/src/gtest_vendor': C++ tests using 'Google Test' will be built
[0.858s] -- Added test 'cppcheck' to perform static code analysis on C / C++ code
[0.858s] -- Configured cppcheck include dirs: /home/propp/Independent_Study/ros_workspace/src/navigation2/nav2_voxel_grid/include
[0.858s] -- Configured cppcheck exclude dirs and/or files: 
[0.859s] -- Added test 'cpplint' to check C / C++ code against the Google style
[0.859s] -- Configured cpplint exclude dirs and/or files: 
[0.860s] -- Added test 'lint_cmake' to check CMake code style
[0.861s] -- Added test 'uncrustify' to check C / C++ code style
[0.861s] -- Configured uncrustify additional arguments: 
[0.861s] -- Added test 'xmllint' to check XML markup files
[0.865s] -- Configuring done
[0.875s] -- Generating done
[0.876s] -- Build files have been written to: /home/propp/Independent_Study/ros_workspace/build/nav2_voxel_grid
[0.881s] Invoked command in '/home/propp/Independent_Study/ros_workspace/build/nav2_voxel_grid' returned '0': AMENT_PREFIX_PATH=/home/propp/Independent_Study/ros_workspace/install/nav2_common:${AMENT_PREFIX_PATH} CMAKE_PREFIX_PATH=/home/propp/Independent_Study/ros_workspace/install/nav2_common:${CMAKE_PREFIX_PATH} PYTHONPATH=/home/propp/Independent_Study/ros_workspace/install/nav2_common/lib/python3.8/site-packages:${PYTHONPATH} /usr/bin/cmake /home/propp/Independent_Study/ros_workspace/src/navigation2/nav2_voxel_grid -DCMAKE_INSTALL_PREFIX=/home/propp/Independent_Study/ros_workspace/install/nav2_voxel_grid
[0.883s] Invoking command in '/home/propp/Independent_Study/ros_workspace/build/nav2_voxel_grid': AMENT_PREFIX_PATH=/home/propp/Independent_Study/ros_workspace/install/nav2_common:${AMENT_PREFIX_PATH} CMAKE_PREFIX_PATH=/home/propp/Independent_Study/ros_workspace/install/nav2_common:${CMAKE_PREFIX_PATH} PYTHONPATH=/home/propp/Independent_Study/ros_workspace/install/nav2_common/lib/python3.8/site-packages:${PYTHONPATH} /usr/bin/cmake --build /home/propp/Independent_Study/ros_workspace/build/nav2_voxel_grid -- -j12 -l12
[0.926s] [ 25%] Built target gtest
[0.932s] [ 50%] Built target gtest_main
[0.935s] [ 62%] [32mBuilding CXX object CMakeFiles/voxel_grid.dir/src/voxel_grid.cpp.o[0m
[2.862s] [ 75%] [32m[1mLinking CXX shared library libvoxel_grid.so[0m
[3.015s] [ 75%] Built target voxel_grid
[3.047s] [ 87%] [32mBuilding CXX object test/CMakeFiles/voxel_grid_tests.dir/voxel_grid_tests.cpp.o[0m
[6.330s] [100%] [32m[1mLinking CXX executable voxel_grid_tests[0m
[6.483s] [100%] Built target voxel_grid_tests
[6.495s] Invoked command in '/home/propp/Independent_Study/ros_workspace/build/nav2_voxel_grid' returned '0': AMENT_PREFIX_PATH=/home/propp/Independent_Study/ros_workspace/install/nav2_common:${AMENT_PREFIX_PATH} CMAKE_PREFIX_PATH=/home/propp/Independent_Study/ros_workspace/install/nav2_common:${CMAKE_PREFIX_PATH} PYTHONPATH=/home/propp/Independent_Study/ros_workspace/install/nav2_common/lib/python3.8/site-packages:${PYTHONPATH} /usr/bin/cmake --build /home/propp/Independent_Study/ros_workspace/build/nav2_voxel_grid -- -j12 -l12
[6.529s] Invoking command in '/home/propp/Independent_Study/ros_workspace/build/nav2_voxel_grid': AMENT_PREFIX_PATH=/home/propp/Independent_Study/ros_workspace/install/nav2_common:${AMENT_PREFIX_PATH} CMAKE_PREFIX_PATH=/home/propp/Independent_Study/ros_workspace/install/nav2_common:${CMAKE_PREFIX_PATH} PYTHONPATH=/home/propp/Independent_Study/ros_workspace/install/nav2_common/lib/python3.8/site-packages:${PYTHONPATH} /usr/bin/cmake --install /home/propp/Independent_Study/ros_workspace/build/nav2_voxel_grid
[6.537s] -- Install configuration: "Release"
[6.537s] -- Execute custom install script
[6.538s] -- Up-to-date symlink: /home/propp/Independent_Study/ros_workspace/install/nav2_voxel_grid/lib/libvoxel_grid.so
[6.538s] -- Up-to-date symlink: /home/propp/Independent_Study/ros_workspace/install/nav2_voxel_grid/include/nav2_voxel_grid/voxel_grid.hpp
[6.538s] -- Up-to-date symlink: /home/propp/Independent_Study/ros_workspace/install/nav2_voxel_grid/share/nav2_voxel_grid/environment/library_path.sh
[6.539s] -- Up-to-date symlink: /home/propp/Independent_Study/ros_workspace/install/nav2_voxel_grid/share/nav2_voxel_grid/environment/library_path.dsv
[6.539s] -- Up-to-date symlink: /home/propp/Independent_Study/ros_workspace/install/nav2_voxel_grid/share/ament_index/resource_index/package_run_dependencies/nav2_voxel_grid
[6.539s] -- Up-to-date symlink: /home/propp/Independent_Study/ros_workspace/install/nav2_voxel_grid/share/ament_index/resource_index/parent_prefix_path/nav2_voxel_grid
[6.540s] -- Up-to-date symlink: /home/propp/Independent_Study/ros_workspace/install/nav2_voxel_grid/share/nav2_voxel_grid/environment/ament_prefix_path.sh
[6.540s] -- Up-to-date symlink: /home/propp/Independent_Study/ros_workspace/install/nav2_voxel_grid/share/nav2_voxel_grid/environment/ament_prefix_path.dsv
[6.540s] -- Up-to-date symlink: /home/propp/Independent_Study/ros_workspace/install/nav2_voxel_grid/share/nav2_voxel_grid/environment/path.sh
[6.540s] -- Up-to-date symlink: /home/propp/Independent_Study/ros_workspace/install/nav2_voxel_grid/share/nav2_voxel_grid/environment/path.dsv
[6.541s] -- Up-to-date symlink: /home/propp/Independent_Study/ros_workspace/install/nav2_voxel_grid/share/nav2_voxel_grid/local_setup.bash
[6.541s] -- Up-to-date symlink: /home/propp/Independent_Study/ros_workspace/install/nav2_voxel_grid/share/nav2_voxel_grid/local_setup.sh
[6.541s] -- Up-to-date symlink: /home/propp/Independent_Study/ros_workspace/install/nav2_voxel_grid/share/nav2_voxel_grid/local_setup.zsh
[6.542s] -- Up-to-date symlink: /home/propp/Independent_Study/ros_workspace/install/nav2_voxel_grid/share/nav2_voxel_grid/local_setup.dsv
[6.542s] -- Symlinking: /home/propp/Independent_Study/ros_workspace/install/nav2_voxel_grid/share/nav2_voxel_grid/package.dsv
[6.553s] -- Up-to-date symlink: /home/propp/Independent_Study/ros_workspace/install/nav2_voxel_grid/share/ament_index/resource_index/packages/nav2_voxel_grid
[6.553s] -- Up-to-date symlink: /home/propp/Independent_Study/ros_workspace/install/nav2_voxel_grid/share/nav2_voxel_grid/cmake/ament_cmake_export_dependencies-extras.cmake
[6.554s] -- Up-to-date symlink: /home/propp/Independent_Study/ros_workspace/install/nav2_voxel_grid/share/nav2_voxel_grid/cmake/ament_cmake_export_include_directories-extras.cmake
[6.554s] -- Up-to-date symlink: /home/propp/Independent_Study/ros_workspace/install/nav2_voxel_grid/share/nav2_voxel_grid/cmake/ament_cmake_export_libraries-extras.cmake
[6.554s] -- Up-to-date symlink: /home/propp/Independent_Study/ros_workspace/install/nav2_voxel_grid/share/nav2_voxel_grid/cmake/nav2_voxel_gridConfig.cmake
[6.554s] -- Up-to-date symlink: /home/propp/Independent_Study/ros_workspace/install/nav2_voxel_grid/share/nav2_voxel_grid/cmake/nav2_voxel_gridConfig-version.cmake
[6.555s] -- Up-to-date symlink: /home/propp/Independent_Study/ros_workspace/install/nav2_voxel_grid/share/nav2_voxel_grid/package.xml
[6.558s] Invoked command in '/home/propp/Independent_Study/ros_workspace/build/nav2_voxel_grid' returned '0': AMENT_PREFIX_PATH=/home/propp/Independent_Study/ros_workspace/install/nav2_common:${AMENT_PREFIX_PATH} CMAKE_PREFIX_PATH=/home/propp/Independent_Study/ros_workspace/install/nav2_common:${CMAKE_PREFIX_PATH} PYTHONPATH=/home/propp/Independent_Study/ros_workspace/install/nav2_common/lib/python3.8/site-packages:${PYTHONPATH} /usr/bin/cmake --install /home/propp/Independent_Study/ros_workspace/build/nav2_voxel_grid
