[0.040s] Invoking command in '/home/propp/Independent_Study/ros_workspace/build/nav2_behavior_tree': AMENT_PREFIX_PATH=/home/propp/Independent_Study/ros_workspace/install/nav2_util:/home/propp/Independent_Study/ros_workspace/install/nav2_msgs:/home/propp/Independent_Study/ros_workspace/install/nav2_common:${AMENT_PREFIX_PATH} CMAKE_PREFIX_PATH=/home/propp/Independent_Study/ros_workspace/install/nav2_util:/home/propp/Independent_Study/ros_workspace/install/nav2_msgs:/home/propp/Independent_Study/ros_workspace/install/nav2_common:/home/propp/Independent_Study/first_ros_package/src/first_ros_package/install/first_ros_package:/home/propp/ros2_foxy/ros2-linux:/home/propp/Independent_Study/src/Test_Ros/install/my_package LD_LIBRARY_PATH=/home/propp/Independent_Study/ros_workspace/install/nav2_util/lib:/home/propp/Independent_Study/ros_workspace/install/nav2_msgs/lib:${LD_LIBRARY_PATH} PYTHONPATH=/home/propp/Independent_Study/ros_workspace/install/nav2_msgs/lib/python3.8/site-packages:/home/propp/Independent_Study/ros_workspace/install/nav2_common/lib/python3.8/site-packages:${PYTHONPATH} /usr/bin/cmake /home/propp/Independent_Study/ros_workspace/src/navigation2/nav2_behavior_tree -DAMENT_CMAKE_SYMLINK_INSTALL=1 -DCMAKE_INSTALL_PREFIX=/home/propp/Independent_Study/ros_workspace/install/nav2_behavior_tree
[0.129s] -- The CXX compiler identification is GNU 9.3.0
[0.136s] -- Check for working CXX compiler: /usr/bin/c++
[0.231s] -- Check for working CXX compiler: /usr/bin/c++ -- works
[0.232s] -- Detecting CXX compiler ABI info
[0.329s] -- Detecting CXX compiler ABI info - done
[0.339s] -- Detecting CXX compile features
[0.340s] -- Detecting CXX compile features - done
[0.342s] -- Found ament_cmake: 0.9.7 (/home/propp/ros2_foxy/ros2-linux/share/ament_cmake/cmake)
[0.369s] -- Found PythonInterp: /usr/bin/python3 (found suitable version "3.8.5", minimum required is "3") 
[0.369s] -- Using PYTHON_EXECUTABLE: /usr/bin/python3
[0.554s] -- Override CMake install command with custom implementation using symlinks instead of copying resources
[0.576s] -- Found nav2_common: 0.4.5 (/home/propp/Independent_Study/ros_workspace/install/nav2_common/share/nav2_common/cmake)
[0.578s] -- Found rclcpp: 2.2.0 (/home/propp/ros2_foxy/ros2-linux/share/rclcpp/cmake)
[0.614s] -- Using all available rosidl_typesupport_c: rosidl_typesupport_connext_c;rosidl_typesupport_fastrtps_c;rosidl_typesupport_introspection_c
[0.623s] -- Found rosidl_adapter: 1.1.0 (/home/propp/ros2_foxy/ros2-linux/share/rosidl_adapter/cmake)
[0.629s] -- Found RTI Connext: /opt/rti.com/rti_connext_dds-5.3.1
[1.534s] -- Found OpenSSL: /usr/lib/x86_64-linux-gnu/libcrypto.so (found version "1.1.1f")  
[1.562s] -- Found FastRTPS: /home/propp/ros2_foxy/ros2-linux/include  
[1.636s] -- Using all available rosidl_typesupport_cpp: rosidl_typesupport_connext_cpp;rosidl_typesupport_fastrtps_cpp;rosidl_typesupport_introspection_cpp
[1.714s] -- Found rmw_implementation_cmake: 1.0.1 (/home/propp/ros2_foxy/ros2-linux/share/rmw_implementation_cmake/cmake)
[1.716s] -- Using RMW implementation 'rmw_fastrtps_cpp' as default
[1.717s] -- Looking for C++ include pthread.h
[1.801s] -- Looking for C++ include pthread.h - found
[1.801s] -- Performing Test CMAKE_HAVE_LIBC_PTHREAD
[1.886s] -- Performing Test CMAKE_HAVE_LIBC_PTHREAD - Failed
[1.886s] -- Looking for pthread_create in pthreads
[1.940s] -- Looking for pthread_create in pthreads - not found
[1.940s] -- Looking for pthread_create in pthread
[2.015s] -- Looking for pthread_create in pthread - found
[2.015s] -- Found Threads: TRUE  
[2.106s] -- Found rclcpp_action: 2.2.0 (/home/propp/ros2_foxy/ros2-linux/share/rclcpp_action/cmake)
[2.181s] -- Found rclcpp_lifecycle: 2.2.0 (/home/propp/ros2_foxy/ros2-linux/share/rclcpp_lifecycle/cmake)
[2.212s] -- Found geometry_msgs: 2.0.3 (/home/propp/ros2_foxy/ros2-linux/share/geometry_msgs/cmake)
[2.278s] -- Found sensor_msgs: 2.0.3 (/home/propp/ros2_foxy/ros2-linux/share/sensor_msgs/cmake)
[2.354s] -- Found nav2_msgs: 0.4.5 (/home/propp/Independent_Study/ros_workspace/install/nav2_msgs/share/nav2_msgs/cmake)
[2.760s] CMake Error at CMakeLists.txt:14 (find_package):
[2.760s]   By not providing "Findbehaviortree_cpp_v3.cmake" in CMAKE_MODULE_PATH this
[2.760s]   project has asked CMake to find a package configuration file provided by
[2.760s]   "behaviortree_cpp_v3", but CMake did not find one.
[2.761s] 
[2.761s]   Could not find a package configuration file provided by
[2.761s]   "behaviortree_cpp_v3" with any of the following names:
[2.761s] 
[2.761s]     behaviortree_cpp_v3Config.cmake
[2.761s]     behaviortree_cpp_v3-config.cmake
[2.761s] 
[2.761s]   Add the installation prefix of "behaviortree_cpp_v3" to CMAKE_PREFIX_PATH
[2.761s]   or set "behaviortree_cpp_v3_DIR" to a directory containing one of the above
[2.761s]   files.  If "behaviortree_cpp_v3" provides a separate development package or
[2.761s]   SDK, be sure it has been installed.
[2.761s] 
[2.762s] 
[2.762s] -- Configuring incomplete, errors occurred!
[2.762s] See also "/home/propp/Independent_Study/ros_workspace/build/nav2_behavior_tree/CMakeFiles/CMakeOutput.log".
[2.762s] See also "/home/propp/Independent_Study/ros_workspace/build/nav2_behavior_tree/CMakeFiles/CMakeError.log".
[2.767s] Invoked command in '/home/propp/Independent_Study/ros_workspace/build/nav2_behavior_tree' returned '1': AMENT_PREFIX_PATH=/home/propp/Independent_Study/ros_workspace/install/nav2_util:/home/propp/Independent_Study/ros_workspace/install/nav2_msgs:/home/propp/Independent_Study/ros_workspace/install/nav2_common:${AMENT_PREFIX_PATH} CMAKE_PREFIX_PATH=/home/propp/Independent_Study/ros_workspace/install/nav2_util:/home/propp/Independent_Study/ros_workspace/install/nav2_msgs:/home/propp/Independent_Study/ros_workspace/install/nav2_common:/home/propp/Independent_Study/first_ros_package/src/first_ros_package/install/first_ros_package:/home/propp/ros2_foxy/ros2-linux:/home/propp/Independent_Study/src/Test_Ros/install/my_package LD_LIBRARY_PATH=/home/propp/Independent_Study/ros_workspace/install/nav2_util/lib:/home/propp/Independent_Study/ros_workspace/install/nav2_msgs/lib:${LD_LIBRARY_PATH} PYTHONPATH=/home/propp/Independent_Study/ros_workspace/install/nav2_msgs/lib/python3.8/site-packages:/home/propp/Independent_Study/ros_workspace/install/nav2_common/lib/python3.8/site-packages:${PYTHONPATH} /usr/bin/cmake /home/propp/Independent_Study/ros_workspace/src/navigation2/nav2_behavior_tree -DAMENT_CMAKE_SYMLINK_INSTALL=1 -DCMAKE_INSTALL_PREFIX=/home/propp/Independent_Study/ros_workspace/install/nav2_behavior_tree
