[0.006s] Invoking command in '/home/propp/Independent_Study/ros_workspace/build/box_nav': AMENT_PREFIX_PATH=/home/propp/Independent_Study/ros_workspace/install/pointcloud_to_laserscan:${AMENT_PREFIX_PATH} CMAKE_PREFIX_PATH=/home/propp/Independent_Study/ros_workspace/install/pointcloud_to_laserscan:/opt/ros/foxy LD_LIBRARY_PATH=/home/propp/Independent_Study/ros_workspace/install/pointcloud_to_laserscan/lib:${LD_LIBRARY_PATH} /usr/bin/cmake --build /home/propp/Independent_Study/ros_workspace/build/box_nav -- -j12 -l12
[0.030s] -- Found ament_cmake: 0.9.7 (/opt/ros/foxy/share/ament_cmake/cmake)
[0.048s] -- Using PYTHON_EXECUTABLE: /usr/bin/python3
[0.188s] -- Found rclcpp: 2.2.0 (/opt/ros/foxy/share/rclcpp/cmake)
[0.214s] -- Using all available rosidl_typesupport_c: rosidl_typesupport_fastrtps_c;rosidl_typesupport_introspection_c
[0.218s] -- Found rosidl_adapter: 1.1.0 (/opt/ros/foxy/share/rosidl_adapter/cmake)
[0.312s] -- Using all available rosidl_typesupport_cpp: rosidl_typesupport_fastrtps_cpp;rosidl_typesupport_introspection_cpp
[0.368s] -- Found rmw_implementation_cmake: 1.0.2 (/opt/ros/foxy/share/rmw_implementation_cmake/cmake)
[0.370s] -- Using RMW implementation 'rmw_fastrtps_cpp' as default
[0.486s] -- Found tf2: 0.13.6 (/opt/ros/foxy/share/tf2/cmake)
[0.524s] -- Found tf2_ros: 0.13.6 (/opt/ros/foxy/share/tf2_ros/cmake)
[0.794s] -- Found nav_msgs: 2.0.3 (/opt/ros/foxy/share/nav_msgs/cmake)
[0.850s] -- Found sensor_msgs: 2.0.3 (/opt/ros/foxy/share/sensor_msgs/cmake)
[0.907s] -- Found pointcloud_to_laserscan: 2.0.0 (/home/propp/Independent_Study/ros_workspace/install/pointcloud_to_laserscan/share/pointcloud_to_laserscan/cmake)
[0.953s] -- Configuring done
[0.964s] -- Generating done
[0.966s] -- Build files have been written to: /home/propp/Independent_Study/ros_workspace/build/box_nav
[0.987s] [35m[1mScanning dependencies of target lidar_odometry[0m
[1.004s] [ 50%] [32mBuilding CXX object CMakeFiles/lidar_odometry.dir/src/lidar_odometry.cpp.o[0m
[1.079s] In file included from [01m[K/home/propp/Independent_Study/ros_workspace/src/box_nav/src/lidar_odometry.cpp:29[m[K:
[1.079s] [01m[K/opt/ros/foxy/include/sensor_msgs/point_cloud_conversion.hpp:51:6:[m[K [01;35m[Kwarning: [m[K#warning POINT_CLOUD_DEPRECATION_MESSAGE [[01;35m[K-Wcpp[m[K]
[1.079s]    51 | #    [01;35m[Kwarning[m[K POINT_CLOUD_DEPRECATION_MESSAGE
[1.079s]       |      [01;35m[K^~~~~~~[m[K
[1.920s] [01m[K/home/propp/Independent_Study/ros_workspace/src/box_nav/src/lidar_odometry.cpp:[m[K In member function ‘[01m[Kvoid OdometryFromLidar::topic_callback(std::shared_ptr<const sensor_msgs::msg::PointCloud2_<std::allocator<void> > >)[m[K’:
[1.920s] [01m[K/home/propp/Independent_Study/ros_workspace/src/box_nav/src/lidar_odometry.cpp:58:22:[m[K [01;35m[Kwarning: [m[K‘[01m[Kbool sensor_msgs::convertPointCloud2ToPointCloud(const PointCloud2&, sensor_msgs::msg::PointCloud&)[m[K’ is deprecated: PointCloud is deprecated as of Foxy if favor of sensor_msgs/PointCloud2. [[01;35m[K-Wdeprecated-declarations[m[K]
[1.920s]    58 |         sensor_msgs::[01;35m[KconvertPointCloud2ToPointCloud[m[K(*msg,p1);
[1.920s]       |                      [01;35m[K^~~~~~~~~~~~~~~~~~~~~~~~~~~~~~[m[K
[1.920s] In file included from [01m[K/home/propp/Independent_Study/ros_workspace/src/box_nav/src/lidar_odometry.cpp:29[m[K:
[1.920s] [01m[K/opt/ros/foxy/include/sensor_msgs/point_cloud_conversion.hpp:140:20:[m[K [01;36m[Knote: [m[Kdeclared here
[1.920s]   140 | static inline bool [01;36m[KconvertPointCloud2ToPointCloud[m[K(
[1.920s]       |                    [01;36m[K^~~~~~~~~~~~~~~~~~~~~~~~~~~~~~[m[K
[1.920s] [01m[K/home/propp/Independent_Study/ros_workspace/src/box_nav/src/lidar_odometry.cpp:58:60:[m[K [01;35m[Kwarning: [m[K‘[01m[Kbool sensor_msgs::convertPointCloud2ToPointCloud(const PointCloud2&, sensor_msgs::msg::PointCloud&)[m[K’ is deprecated: PointCloud is deprecated as of Foxy if favor of sensor_msgs/PointCloud2. [[01;35m[K-Wdeprecated-declarations[m[K]
[1.920s]    58 |         sensor_msgs::convertPointCloud2ToPointCloud(*msg,p1[01;35m[K)[m[K;
[1.920s]       |                                                            [01;35m[K^[m[K
[1.920s] In file included from [01m[K/home/propp/Independent_Study/ros_workspace/src/box_nav/src/lidar_odometry.cpp:29[m[K:
[1.920s] [01m[K/opt/ros/foxy/include/sensor_msgs/point_cloud_conversion.hpp:140:20:[m[K [01;36m[Knote: [m[Kdeclared here
[1.921s]   140 | static inline bool [01;36m[KconvertPointCloud2ToPointCloud[m[K(
[1.921s]       |                    [01;36m[K^~~~~~~~~~~~~~~~~~~~~~~~~~~~~~[m[K
[1.921s] [01m[K/home/propp/Independent_Study/ros_workspace/src/box_nav/src/lidar_odometry.cpp:58:60:[m[K [01;35m[Kwarning: [m[K‘[01m[Kbool sensor_msgs::convertPointCloud2ToPointCloud(const PointCloud2&, sensor_msgs::msg::PointCloud&)[m[K’ is deprecated: PointCloud is deprecated as of Foxy if favor of sensor_msgs/PointCloud2. [[01;35m[K-Wdeprecated-declarations[m[K]
[1.921s]    58 |         sensor_msgs::convertPointCloud2ToPointCloud(*msg,p1[01;35m[K)[m[K;
[1.921s]       |                                                            [01;35m[K^[m[K
[1.921s] In file included from [01m[K/home/propp/Independent_Study/ros_workspace/src/box_nav/src/lidar_odometry.cpp:29[m[K:
[1.921s] [01m[K/opt/ros/foxy/include/sensor_msgs/point_cloud_conversion.hpp:140:20:[m[K [01;36m[Knote: [m[Kdeclared here
[1.921s]   140 | static inline bool [01;36m[KconvertPointCloud2ToPointCloud[m[K(
[1.921s]       |                    [01;36m[K^~~~~~~~~~~~~~~~~~~~~~~~~~~~~~[m[K
[1.921s] [01m[K/home/propp/Independent_Study/ros_workspace/src/box_nav/src/lidar_odometry.cpp:59:26:[m[K [01;35m[Kwarning: [m[Kcomparison of integer expressions of different signedness: ‘[01m[Kint[m[K’ and ‘[01m[Kstd::vector<geometry_msgs::msg::Point32_<std::allocator<void> >, std::allocator<geometry_msgs::msg::Point32_<std::allocator<void> > > >::size_type[m[K’ {aka ‘[01m[Klong unsigned int[m[K’} [[01;35m[K-Wsign-compare[m[K]
[1.921s]    59 |         for(int i = 0; [01;35m[Ki < p1.points.size()[m[K; i++) {
[1.921s]       |                        [01;35m[K~~^~~~~~~~~~~~~~~~~~[m[K
[1.921s] [01m[K/home/propp/Independent_Study/ros_workspace/src/box_nav/src/lidar_odometry.cpp:71:26:[m[K [01;35m[Kwarning: [m[Kcomparison of integer expressions of different signedness: ‘[01m[Kint[m[K’ and ‘[01m[Kstd::vector<geometry_msgs::msg::Point32_<std::allocator<void> >, std::allocator<geometry_msgs::msg::Point32_<std::allocator<void> > > >::size_type[m[K’ {aka ‘[01m[Klong unsigned int[m[K’} [[01;35m[K-Wsign-compare[m[K]
[1.921s]    71 |         for(int i = 0; [01;35m[Ki < p1.points.size()[m[K; i++) {
[1.922s]       |                        [01;35m[K~~^~~~~~~~~~~~~~~~~~[m[K
[1.922s] [01m[K/home/propp/Independent_Study/ros_workspace/src/box_nav/src/lidar_odometry.cpp:74:26:[m[K [01;35m[Kwarning: [m[Kcomparison of integer expressions of different signedness: ‘[01m[Kint[m[K’ and ‘[01m[Kstd::vector<geometry_msgs::msg::Point32_<std::allocator<void> >, std::allocator<geometry_msgs::msg::Point32_<std::allocator<void> > > >::size_type[m[K’ {aka ‘[01m[Klong unsigned int[m[K’} [[01;35m[K-Wsign-compare[m[K]
[1.922s]    74 |         for(int i = 0; [01;35m[Ki < allPoints.points.size()[m[K; i++) {
[1.922s]       |                        [01;35m[K~~^~~~~~~~~~~~~~~~~~~~~~~~~[m[K
[5.318s] [100%] [32m[1mLinking CXX executable lidar_odometry[0m
[5.421s] /usr/bin/ld: cannot find -lpointcloud_to_laserscan
[5.421s] collect2: error: ld returned 1 exit status
[5.422s] make[2]: *** [CMakeFiles/lidar_odometry.dir/build.make:176: lidar_odometry] Error 1
[5.423s] make[1]: *** [CMakeFiles/Makefile2:78: CMakeFiles/lidar_odometry.dir/all] Error 2
[5.423s] make: *** [Makefile:141: all] Error 2
[5.424s] Invoked command in '/home/propp/Independent_Study/ros_workspace/build/box_nav' returned '2': AMENT_PREFIX_PATH=/home/propp/Independent_Study/ros_workspace/install/pointcloud_to_laserscan:${AMENT_PREFIX_PATH} CMAKE_PREFIX_PATH=/home/propp/Independent_Study/ros_workspace/install/pointcloud_to_laserscan:/opt/ros/foxy LD_LIBRARY_PATH=/home/propp/Independent_Study/ros_workspace/install/pointcloud_to_laserscan/lib:${LD_LIBRARY_PATH} /usr/bin/cmake --build /home/propp/Independent_Study/ros_workspace/build/box_nav -- -j12 -l12
