[0.020s] Invoking command in '/home/propp/Independent_Study/ros_workspace/build/all_points': CMAKE_PREFIX_PATH=${CMAKE_PREFIX_PATH}:/opt/ros/foxy /usr/bin/cmake --build /home/propp/Independent_Study/ros_workspace/build/all_points -- -j12 -l12
[0.048s] -- Found ament_cmake: 0.9.7 (/opt/ros/foxy/share/ament_cmake/cmake)
[0.069s] -- Using PYTHON_EXECUTABLE: /usr/bin/python3
[0.217s] -- Found rclcpp: 2.2.0 (/opt/ros/foxy/share/rclcpp/cmake)
[0.234s] -- Using all available rosidl_typesupport_c: rosidl_typesupport_fastrtps_c;rosidl_typesupport_introspection_c
[0.237s] -- Found rosidl_adapter: 1.1.0 (/opt/ros/foxy/share/rosidl_adapter/cmake)
[0.318s] -- Using all available rosidl_typesupport_cpp: rosidl_typesupport_fastrtps_cpp;rosidl_typesupport_introspection_cpp
[0.355s] -- Found rmw_implementation_cmake: 1.0.2 (/opt/ros/foxy/share/rmw_implementation_cmake/cmake)
[0.356s] -- Using RMW implementation 'rmw_fastrtps_cpp' as default
[0.461s] -- Found tf2: 0.13.6 (/opt/ros/foxy/share/tf2/cmake)
[0.495s] -- Found tf2_ros: 0.13.6 (/opt/ros/foxy/share/tf2_ros/cmake)
[0.735s] -- Found nav_msgs: 2.0.3 (/opt/ros/foxy/share/nav_msgs/cmake)
[0.790s] -- Found sensor_msgs: 2.0.3 (/opt/ros/foxy/share/sensor_msgs/cmake)
[0.892s] -- Configuring done
[0.901s] -- Generating done
[0.902s] -- Build files have been written to: /home/propp/Independent_Study/ros_workspace/build/all_points
[0.936s] [100%] Built target all_points_trans
[0.944s] Invoked command in '/home/propp/Independent_Study/ros_workspace/build/all_points' returned '0': CMAKE_PREFIX_PATH=${CMAKE_PREFIX_PATH}:/opt/ros/foxy /usr/bin/cmake --build /home/propp/Independent_Study/ros_workspace/build/all_points -- -j12 -l12
[0.962s] Invoking command in '/home/propp/Independent_Study/ros_workspace/build/all_points': CMAKE_PREFIX_PATH=${CMAKE_PREFIX_PATH}:/opt/ros/foxy /usr/bin/cmake --install /home/propp/Independent_Study/ros_workspace/build/all_points
[0.968s] -- Install configuration: ""
[0.968s] -- Installing: /home/propp/Independent_Study/ros_workspace/install/all_points/share/ament_index/resource_index/package_run_dependencies/all_points
[0.968s] -- Installing: /home/propp/Independent_Study/ros_workspace/install/all_points/share/ament_index/resource_index/parent_prefix_path/all_points
[0.968s] -- Up-to-date: /home/propp/Independent_Study/ros_workspace/install/all_points/share/all_points/environment/ament_prefix_path.sh
[0.968s] -- Installing: /home/propp/Independent_Study/ros_workspace/install/all_points/share/all_points/environment/ament_prefix_path.dsv
[0.968s] -- Up-to-date: /home/propp/Independent_Study/ros_workspace/install/all_points/share/all_points/environment/path.sh
[0.968s] -- Installing: /home/propp/Independent_Study/ros_workspace/install/all_points/share/all_points/environment/path.dsv
[0.969s] -- Up-to-date: /home/propp/Independent_Study/ros_workspace/install/all_points/share/all_points/local_setup.bash
[0.969s] -- Up-to-date: /home/propp/Independent_Study/ros_workspace/install/all_points/share/all_points/local_setup.sh
[0.969s] -- Up-to-date: /home/propp/Independent_Study/ros_workspace/install/all_points/share/all_points/local_setup.zsh
[0.969s] -- Installing: /home/propp/Independent_Study/ros_workspace/install/all_points/share/all_points/local_setup.dsv
[0.969s] -- Installing: /home/propp/Independent_Study/ros_workspace/install/all_points/share/all_points/package.dsv
[0.969s] -- Up-to-date: /home/propp/Independent_Study/ros_workspace/install/all_points/share/ament_index/resource_index/packages/all_points
[0.969s] -- Up-to-date: /home/propp/Independent_Study/ros_workspace/install/all_points/share/all_points/cmake/all_pointsConfig.cmake
[0.969s] -- Up-to-date: /home/propp/Independent_Study/ros_workspace/install/all_points/share/all_points/cmake/all_pointsConfig-version.cmake
[0.969s] -- Installing: /home/propp/Independent_Study/ros_workspace/install/all_points/share/all_points/package.xml
[0.971s] Invoked command in '/home/propp/Independent_Study/ros_workspace/build/all_points' returned '0': CMAKE_PREFIX_PATH=${CMAKE_PREFIX_PATH}:/opt/ros/foxy /usr/bin/cmake --install /home/propp/Independent_Study/ros_workspace/build/all_points
