[0.227s] DEBUG:colcon:Command line arguments: ['/home/propp/.local/bin/colcon', 'build']
[0.228s] DEBUG:colcon:Parsed command line arguments: Namespace(ament_cmake_args=None, base_paths=['.'], build_base='build', catkin_cmake_args=None, catkin_skip_building_tests=False, cmake_args=None, cmake_clean_cache=False, cmake_clean_first=False, cmake_force_configure=False, cmake_target=None, cmake_target_skip_unavailable=False, continue_on_error=False, event_handlers=None, executor='parallel', ignore_user_meta=False, install_base='install', log_base=None, log_level=None, main=<bound method BuildVerb.main of <colcon_core.verb.build.BuildVerb object at 0x7f0949784250>>, merge_install=False, metas=['./colcon.meta'], packages_above=None, packages_above_and_dependencies=None, packages_above_depth=None, packages_end=None, packages_ignore=None, packages_ignore_regex=None, packages_select=None, packages_select_build_failed=False, packages_select_by_dep=None, packages_select_regex=None, packages_select_test_failures=False, packages_skip=None, packages_skip_build_finished=False, packages_skip_by_dep=None, packages_skip_regex=None, packages_skip_test_passed=False, packages_skip_up_to=None, packages_start=None, packages_up_to=None, packages_up_to_regex=None, parallel_workers=12, paths=None, symlink_install=False, test_result_base=None, verb_extension=<colcon_core.verb.build.BuildVerb object at 0x7f0949784250>, verb_name='build', verb_parser=<colcon_defaults.argument_parser.defaults.DefaultArgumentsDecorator object at 0x7f0949784790>)
[0.232s] Level 1:colcon.colcon_core.package_discovery:discover_packages(colcon_meta) check parameters
[0.232s] Level 1:colcon.colcon_core.package_discovery:discover_packages(recursive) check parameters
[0.232s] Level 1:colcon.colcon_core.package_discovery:discover_packages(ignore) check parameters
[0.232s] Level 1:colcon.colcon_core.package_discovery:discover_packages(path) check parameters
[0.232s] Level 1:colcon.colcon_core.package_discovery:discover_packages(colcon_meta) discover
[0.232s] Level 1:colcon.colcon_core.package_discovery:discover_packages(recursive) discover
[0.232s] INFO:colcon.colcon_core.package_discovery:Crawling recursively for packages in '/home/propp/Independent_Study/ros_workspace'
[0.232s] Level 1:colcon.colcon_core.package_identification:_identify(.) by extensions ['ignore', 'ignore_ament_install']
[0.232s] Level 1:colcon.colcon_core.package_identification:_identify(.) by extension 'ignore'
[0.232s] Level 1:colcon.colcon_core.package_identification:_identify(.) by extension 'ignore_ament_install'
[0.233s] Level 1:colcon.colcon_core.package_identification:_identify(.) by extensions ['colcon_pkg']
[0.233s] Level 1:colcon.colcon_core.package_identification:_identify(.) by extension 'colcon_pkg'
[0.233s] Level 1:colcon.colcon_core.package_identification:_identify(.) by extensions ['colcon_meta']
[0.233s] Level 1:colcon.colcon_core.package_identification:_identify(.) by extension 'colcon_meta'
[0.233s] Level 1:colcon.colcon_core.package_identification:_identify(.) by extensions ['ros']
[0.233s] Level 1:colcon.colcon_core.package_identification:_identify(.) by extension 'ros'
[0.241s] Level 1:colcon.colcon_core.package_identification:_identify(.) by extensions ['cmake', 'python']
[0.241s] Level 1:colcon.colcon_core.package_identification:_identify(.) by extension 'cmake'
[0.241s] Level 1:colcon.colcon_core.package_identification:_identify(.) by extension 'python'
[0.241s] Level 1:colcon.colcon_core.package_identification:_identify(.) by extensions ['python_setup_py']
[0.241s] Level 1:colcon.colcon_core.package_identification:_identify(.) by extension 'python_setup_py'
[0.241s] Level 1:colcon.colcon_core.package_identification:_identify(build) by extensions ['ignore', 'ignore_ament_install']
[0.241s] Level 1:colcon.colcon_core.package_identification:_identify(build) by extension 'ignore'
[0.242s] Level 1:colcon.colcon_core.package_identification:_identify(build) ignored
[0.242s] Level 1:colcon.colcon_core.package_identification:_identify(install) by extensions ['ignore', 'ignore_ament_install']
[0.242s] Level 1:colcon.colcon_core.package_identification:_identify(install) by extension 'ignore'
[0.242s] Level 1:colcon.colcon_core.package_identification:_identify(install) ignored
[0.242s] Level 1:colcon.colcon_core.package_identification:_identify(log) by extensions ['ignore', 'ignore_ament_install']
[0.242s] Level 1:colcon.colcon_core.package_identification:_identify(log) by extension 'ignore'
[0.242s] Level 1:colcon.colcon_core.package_identification:_identify(log) ignored
[0.242s] Level 1:colcon.colcon_core.package_identification:_identify(src) by extensions ['ignore', 'ignore_ament_install']
[0.242s] Level 1:colcon.colcon_core.package_identification:_identify(src) by extension 'ignore'
[0.242s] Level 1:colcon.colcon_core.package_identification:_identify(src) by extension 'ignore_ament_install'
[0.242s] Level 1:colcon.colcon_core.package_identification:_identify(src) by extensions ['colcon_pkg']
[0.242s] Level 1:colcon.colcon_core.package_identification:_identify(src) by extension 'colcon_pkg'
[0.242s] Level 1:colcon.colcon_core.package_identification:_identify(src) by extensions ['colcon_meta']
[0.242s] Level 1:colcon.colcon_core.package_identification:_identify(src) by extension 'colcon_meta'
[0.242s] Level 1:colcon.colcon_core.package_identification:_identify(src) by extensions ['ros']
[0.242s] Level 1:colcon.colcon_core.package_identification:_identify(src) by extension 'ros'
[0.243s] Level 1:colcon.colcon_core.package_identification:_identify(src) by extensions ['cmake', 'python']
[0.243s] Level 1:colcon.colcon_core.package_identification:_identify(src) by extension 'cmake'
[0.243s] Level 1:colcon.colcon_core.package_identification:_identify(src) by extension 'python'
[0.243s] Level 1:colcon.colcon_core.package_identification:_identify(src) by extensions ['python_setup_py']
[0.243s] Level 1:colcon.colcon_core.package_identification:_identify(src) by extension 'python_setup_py'
[0.243s] Level 1:colcon.colcon_core.package_identification:_identify(src/box_nav) by extensions ['ignore', 'ignore_ament_install']
[0.243s] Level 1:colcon.colcon_core.package_identification:_identify(src/box_nav) by extension 'ignore'
[0.243s] Level 1:colcon.colcon_core.package_identification:_identify(src/box_nav) by extension 'ignore_ament_install'
[0.243s] Level 1:colcon.colcon_core.package_identification:_identify(src/box_nav) by extensions ['colcon_pkg']
[0.243s] Level 1:colcon.colcon_core.package_identification:_identify(src/box_nav) by extension 'colcon_pkg'
[0.243s] Level 1:colcon.colcon_core.package_identification:_identify(src/box_nav) by extensions ['colcon_meta']
[0.243s] Level 1:colcon.colcon_core.package_identification:_identify(src/box_nav) by extension 'colcon_meta'
[0.243s] Level 1:colcon.colcon_core.package_identification:_identify(src/box_nav) by extensions ['ros']
[0.243s] Level 1:colcon.colcon_core.package_identification:_identify(src/box_nav) by extension 'ros'
[0.247s] DEBUG:colcon.colcon_core.package_identification:Package 'src/box_nav' with type 'ros.ament_cmake' and name 'box_nav'
[0.247s] Level 1:colcon.colcon_core.package_identification:_identify(src/pointcloud_to_laserscan) by extensions ['ignore', 'ignore_ament_install']
[0.247s] Level 1:colcon.colcon_core.package_identification:_identify(src/pointcloud_to_laserscan) by extension 'ignore'
[0.247s] Level 1:colcon.colcon_core.package_identification:_identify(src/pointcloud_to_laserscan) by extension 'ignore_ament_install'
[0.247s] Level 1:colcon.colcon_core.package_identification:_identify(src/pointcloud_to_laserscan) by extensions ['colcon_pkg']
[0.247s] Level 1:colcon.colcon_core.package_identification:_identify(src/pointcloud_to_laserscan) by extension 'colcon_pkg'
[0.247s] Level 1:colcon.colcon_core.package_identification:_identify(src/pointcloud_to_laserscan) by extensions ['colcon_meta']
[0.247s] Level 1:colcon.colcon_core.package_identification:_identify(src/pointcloud_to_laserscan) by extension 'colcon_meta'
[0.247s] Level 1:colcon.colcon_core.package_identification:_identify(src/pointcloud_to_laserscan) by extensions ['ros']
[0.247s] Level 1:colcon.colcon_core.package_identification:_identify(src/pointcloud_to_laserscan) by extension 'ros'
[0.248s] DEBUG:colcon.colcon_core.package_identification:Package 'src/pointcloud_to_laserscan' with type 'ros.ament_cmake' and name 'pointcloud_to_laserscan'
[0.248s] Level 1:colcon.colcon_core.package_discovery:discover_packages(recursive) using defaults
[0.248s] Level 1:colcon.colcon_core.package_discovery:discover_packages(ignore) discover
[0.248s] Level 1:colcon.colcon_core.package_discovery:discover_packages(ignore) using defaults
[0.248s] Level 1:colcon.colcon_core.package_discovery:discover_packages(path) discover
[0.248s] Level 1:colcon.colcon_core.package_discovery:discover_packages(path) using defaults
[0.263s] Level 5:colcon.colcon_core.verb:set package 'pointcloud_to_laserscan' build argument 'cmake_args' from command line to 'None'
[0.263s] Level 5:colcon.colcon_core.verb:set package 'pointcloud_to_laserscan' build argument 'cmake_target' from command line to 'None'
[0.263s] Level 5:colcon.colcon_core.verb:set package 'pointcloud_to_laserscan' build argument 'cmake_target_skip_unavailable' from command line to 'False'
[0.263s] Level 5:colcon.colcon_core.verb:set package 'pointcloud_to_laserscan' build argument 'cmake_clean_cache' from command line to 'False'
[0.263s] Level 5:colcon.colcon_core.verb:set package 'pointcloud_to_laserscan' build argument 'cmake_clean_first' from command line to 'False'
[0.263s] Level 5:colcon.colcon_core.verb:set package 'pointcloud_to_laserscan' build argument 'cmake_force_configure' from command line to 'False'
[0.263s] Level 5:colcon.colcon_core.verb:set package 'pointcloud_to_laserscan' build argument 'ament_cmake_args' from command line to 'None'
[0.263s] Level 5:colcon.colcon_core.verb:set package 'pointcloud_to_laserscan' build argument 'catkin_cmake_args' from command line to 'None'
[0.263s] Level 5:colcon.colcon_core.verb:set package 'pointcloud_to_laserscan' build argument 'catkin_skip_building_tests' from command line to 'False'
[0.263s] DEBUG:colcon.colcon_core.verb:Building package 'pointcloud_to_laserscan' with the following arguments: {'ament_cmake_args': None, 'build_base': '/home/propp/Independent_Study/ros_workspace/build/pointcloud_to_laserscan', 'catkin_cmake_args': None, 'catkin_skip_building_tests': False, 'cmake_args': None, 'cmake_clean_cache': False, 'cmake_clean_first': False, 'cmake_force_configure': False, 'cmake_target': None, 'cmake_target_skip_unavailable': False, 'install_base': '/home/propp/Independent_Study/ros_workspace/install/pointcloud_to_laserscan', 'merge_install': False, 'path': '/home/propp/Independent_Study/ros_workspace/src/pointcloud_to_laserscan', 'symlink_install': False, 'test_result_base': None}
[0.265s] Level 5:colcon.colcon_core.verb:set package 'box_nav' build argument 'cmake_args' from command line to 'None'
[0.265s] Level 5:colcon.colcon_core.verb:set package 'box_nav' build argument 'cmake_target' from command line to 'None'
[0.265s] Level 5:colcon.colcon_core.verb:set package 'box_nav' build argument 'cmake_target_skip_unavailable' from command line to 'False'
[0.265s] Level 5:colcon.colcon_core.verb:set package 'box_nav' build argument 'cmake_clean_cache' from command line to 'False'
[0.265s] Level 5:colcon.colcon_core.verb:set package 'box_nav' build argument 'cmake_clean_first' from command line to 'False'
[0.265s] Level 5:colcon.colcon_core.verb:set package 'box_nav' build argument 'cmake_force_configure' from command line to 'False'
[0.266s] Level 5:colcon.colcon_core.verb:set package 'box_nav' build argument 'ament_cmake_args' from command line to 'None'
[0.266s] Level 5:colcon.colcon_core.verb:set package 'box_nav' build argument 'catkin_cmake_args' from command line to 'None'
[0.266s] Level 5:colcon.colcon_core.verb:set package 'box_nav' build argument 'catkin_skip_building_tests' from command line to 'False'
[0.266s] DEBUG:colcon.colcon_core.verb:Building package 'box_nav' with the following arguments: {'ament_cmake_args': None, 'build_base': '/home/propp/Independent_Study/ros_workspace/build/box_nav', 'catkin_cmake_args': None, 'catkin_skip_building_tests': False, 'cmake_args': None, 'cmake_clean_cache': False, 'cmake_clean_first': False, 'cmake_force_configure': False, 'cmake_target': None, 'cmake_target_skip_unavailable': False, 'install_base': '/home/propp/Independent_Study/ros_workspace/install/box_nav', 'merge_install': False, 'path': '/home/propp/Independent_Study/ros_workspace/src/box_nav', 'symlink_install': False, 'test_result_base': None}
[0.266s] INFO:colcon.colcon_core.executor:Executing jobs using 'parallel' executor
[0.267s] DEBUG:colcon.colcon_parallel_executor.executor.parallel:run_until_complete
[0.267s] INFO:colcon.colcon_ros.task.ament_cmake.build:Building ROS package in '/home/propp/Independent_Study/ros_workspace/src/pointcloud_to_laserscan' with build type 'ament_cmake'
[0.267s] INFO:colcon.colcon_cmake.task.cmake.build:Building CMake package in '/home/propp/Independent_Study/ros_workspace/src/pointcloud_to_laserscan'
[0.270s] INFO:colcon.colcon_core.plugin_system:Skipping extension 'colcon_core.shell.bat': Not used on non-Windows systems
[0.270s] INFO:colcon.colcon_core.shell:Skip shell extension 'powershell' for command environment: Not usable outside of PowerShell
[0.270s] DEBUG:colcon.colcon_core.shell:Skip shell extension 'dsv' for command environment
[0.272s] WARNING:colcon.colcon_ros.prefix_path.ament:The path '/home/propp/Independent_Study/ros_workspace/install/nav2_gazebo_spawner' in the environment variable AMENT_PREFIX_PATH doesn't exist
[0.272s] WARNING:colcon.colcon_ros.prefix_path.ament:The path '/home/propp/Independent_Study/ros_workspace/install/first_ros_package' in the environment variable AMENT_PREFIX_PATH doesn't exist
[0.272s] WARNING:colcon.colcon_ros.prefix_path.catkin:The path '/home/propp/Independent_Study/ros_workspace/install/dwb_msgs' in the environment variable CMAKE_PREFIX_PATH doesn't exist
[0.272s] WARNING:colcon.colcon_ros.prefix_path.catkin:The path '/home/propp/Independent_Study/ros_workspace/install/nav_2d_msgs' in the environment variable CMAKE_PREFIX_PATH doesn't exist
[0.272s] WARNING:colcon.colcon_ros.prefix_path.catkin:The path '/home/propp/Independent_Study/ros_workspace/install/nav2_voxel_grid' in the environment variable CMAKE_PREFIX_PATH doesn't exist
[0.272s] WARNING:colcon.colcon_ros.prefix_path.catkin:The path '/home/propp/Independent_Study/ros_workspace/install/nav2_util' in the environment variable CMAKE_PREFIX_PATH doesn't exist
[0.272s] WARNING:colcon.colcon_ros.prefix_path.catkin:The path '/home/propp/Independent_Study/ros_workspace/install/nav2_msgs' in the environment variable CMAKE_PREFIX_PATH doesn't exist
[0.272s] WARNING:colcon.colcon_ros.prefix_path.catkin:The path '/home/propp/Independent_Study/ros_workspace/install/nav2_common' in the environment variable CMAKE_PREFIX_PATH doesn't exist
[0.272s] WARNING:colcon.colcon_ros.prefix_path.catkin:The path '/home/propp/Independent_Study/ros_workspace/install/first_ros_package' in the environment variable CMAKE_PREFIX_PATH doesn't exist
[0.273s] DEBUG:colcon.colcon_core.shell:Ignoring prefix path '/opt/ros/foxy'
[0.279s] DEBUG:colcon.colcon_core.event_handler.log_command:Invoking command in '/home/propp/Independent_Study/ros_workspace/build/pointcloud_to_laserscan': CMAKE_PREFIX_PATH=${CMAKE_PREFIX_PATH}:/home/propp/Independent_Study/ros_workspace/install/nav2_gazebo_spawner:/opt/ros/foxy /usr/bin/cmake --build /home/propp/Independent_Study/ros_workspace/build/pointcloud_to_laserscan -- -j12 -l12
[0.350s] DEBUG:colcon.colcon_core.event_handler.log_command:Invoked command in '/home/propp/Independent_Study/ros_workspace/build/pointcloud_to_laserscan' returned '0': CMAKE_PREFIX_PATH=${CMAKE_PREFIX_PATH}:/home/propp/Independent_Study/ros_workspace/install/nav2_gazebo_spawner:/opt/ros/foxy /usr/bin/cmake --build /home/propp/Independent_Study/ros_workspace/build/pointcloud_to_laserscan -- -j12 -l12
[0.387s] DEBUG:colcon.colcon_core.event_handler.log_command:Invoking command in '/home/propp/Independent_Study/ros_workspace/build/pointcloud_to_laserscan': CMAKE_PREFIX_PATH=${CMAKE_PREFIX_PATH}:/home/propp/Independent_Study/ros_workspace/install/nav2_gazebo_spawner:/opt/ros/foxy /usr/bin/cmake --install /home/propp/Independent_Study/ros_workspace/build/pointcloud_to_laserscan
[0.397s] Level 1:colcon.colcon_core.environment:create_environment_scripts_only(pointcloud_to_laserscan)
[0.398s] DEBUG:colcon.colcon_core.event_handler.log_command:Invoked command in '/home/propp/Independent_Study/ros_workspace/build/pointcloud_to_laserscan' returned '0': CMAKE_PREFIX_PATH=${CMAKE_PREFIX_PATH}:/home/propp/Independent_Study/ros_workspace/install/nav2_gazebo_spawner:/opt/ros/foxy /usr/bin/cmake --install /home/propp/Independent_Study/ros_workspace/build/pointcloud_to_laserscan
[0.400s] Level 1:colcon.colcon_core.environment:checking '/home/propp/Independent_Study/ros_workspace/install/pointcloud_to_laserscan' for CMake module files
[0.400s] Level 1:colcon.colcon_core.environment:checking '/home/propp/Independent_Study/ros_workspace/install/pointcloud_to_laserscan' for CMake config files
[0.400s] Level 1:colcon.colcon_core.shell:create_environment_hook('pointcloud_to_laserscan', 'cmake_prefix_path')
[0.401s] INFO:colcon.colcon_core.shell:Creating environment hook '/home/propp/Independent_Study/ros_workspace/install/pointcloud_to_laserscan/share/pointcloud_to_laserscan/hook/cmake_prefix_path.ps1'
[0.401s] INFO:colcon.colcon_core.shell:Creating environment descriptor '/home/propp/Independent_Study/ros_workspace/install/pointcloud_to_laserscan/share/pointcloud_to_laserscan/hook/cmake_prefix_path.dsv'
[0.402s] INFO:colcon.colcon_core.shell:Creating environment hook '/home/propp/Independent_Study/ros_workspace/install/pointcloud_to_laserscan/share/pointcloud_to_laserscan/hook/cmake_prefix_path.sh'
[0.402s] Level 1:colcon.colcon_core.environment:checking '/home/propp/Independent_Study/ros_workspace/install/pointcloud_to_laserscan/lib'
[0.403s] Level 1:colcon.colcon_core.shell:create_environment_hook('pointcloud_to_laserscan', 'ld_library_path_lib')
[0.403s] INFO:colcon.colcon_core.shell:Creating environment hook '/home/propp/Independent_Study/ros_workspace/install/pointcloud_to_laserscan/share/pointcloud_to_laserscan/hook/ld_library_path_lib.ps1'
[0.403s] INFO:colcon.colcon_core.shell:Creating environment descriptor '/home/propp/Independent_Study/ros_workspace/install/pointcloud_to_laserscan/share/pointcloud_to_laserscan/hook/ld_library_path_lib.dsv'
[0.403s] INFO:colcon.colcon_core.shell:Creating environment hook '/home/propp/Independent_Study/ros_workspace/install/pointcloud_to_laserscan/share/pointcloud_to_laserscan/hook/ld_library_path_lib.sh'
[0.404s] Level 1:colcon.colcon_core.environment:checking '/home/propp/Independent_Study/ros_workspace/install/pointcloud_to_laserscan/bin'
[0.404s] Level 1:colcon.colcon_core.environment:checking '/home/propp/Independent_Study/ros_workspace/install/pointcloud_to_laserscan/lib/pkgconfig/pointcloud_to_laserscan.pc'
[0.404s] Level 1:colcon.colcon_core.environment:checking '/home/propp/Independent_Study/ros_workspace/install/pointcloud_to_laserscan/lib/python3.8/site-packages'
[0.404s] INFO:colcon.colcon_core.shell:Creating package script '/home/propp/Independent_Study/ros_workspace/install/pointcloud_to_laserscan/share/pointcloud_to_laserscan/package.ps1'
[0.405s] INFO:colcon.colcon_core.shell:Creating package descriptor '/home/propp/Independent_Study/ros_workspace/install/pointcloud_to_laserscan/share/pointcloud_to_laserscan/package.dsv'
[0.405s] INFO:colcon.colcon_core.shell:Creating package script '/home/propp/Independent_Study/ros_workspace/install/pointcloud_to_laserscan/share/pointcloud_to_laserscan/package.sh'
[0.406s] INFO:colcon.colcon_core.shell:Creating package script '/home/propp/Independent_Study/ros_workspace/install/pointcloud_to_laserscan/share/pointcloud_to_laserscan/package.bash'
[0.406s] INFO:colcon.colcon_core.shell:Creating package script '/home/propp/Independent_Study/ros_workspace/install/pointcloud_to_laserscan/share/pointcloud_to_laserscan/package.zsh'
[0.407s] Level 1:colcon.colcon_core.environment:create_file_with_runtime_dependencies(/home/propp/Independent_Study/ros_workspace/install/pointcloud_to_laserscan/share/colcon-core/packages/pointcloud_to_laserscan)
[0.434s] Level 1:colcon.colcon_core.environment:create_environment_scripts_only(pointcloud_to_laserscan)
[0.435s] Level 1:colcon.colcon_core.environment:checking '/home/propp/Independent_Study/ros_workspace/install/pointcloud_to_laserscan' for CMake module files
[0.435s] Level 1:colcon.colcon_core.environment:checking '/home/propp/Independent_Study/ros_workspace/install/pointcloud_to_laserscan' for CMake config files
[0.435s] Level 1:colcon.colcon_core.shell:create_environment_hook('pointcloud_to_laserscan', 'cmake_prefix_path')
[0.436s] INFO:colcon.colcon_core.shell:Creating environment hook '/home/propp/Independent_Study/ros_workspace/install/pointcloud_to_laserscan/share/pointcloud_to_laserscan/hook/cmake_prefix_path.ps1'
[0.436s] INFO:colcon.colcon_core.shell:Creating environment descriptor '/home/propp/Independent_Study/ros_workspace/install/pointcloud_to_laserscan/share/pointcloud_to_laserscan/hook/cmake_prefix_path.dsv'
[0.436s] INFO:colcon.colcon_core.shell:Creating environment hook '/home/propp/Independent_Study/ros_workspace/install/pointcloud_to_laserscan/share/pointcloud_to_laserscan/hook/cmake_prefix_path.sh'
[0.437s] Level 1:colcon.colcon_core.environment:checking '/home/propp/Independent_Study/ros_workspace/install/pointcloud_to_laserscan/lib'
[0.437s] Level 1:colcon.colcon_core.shell:create_environment_hook('pointcloud_to_laserscan', 'ld_library_path_lib')
[0.438s] INFO:colcon.colcon_core.shell:Creating environment hook '/home/propp/Independent_Study/ros_workspace/install/pointcloud_to_laserscan/share/pointcloud_to_laserscan/hook/ld_library_path_lib.ps1'
[0.438s] INFO:colcon.colcon_core.shell:Creating environment descriptor '/home/propp/Independent_Study/ros_workspace/install/pointcloud_to_laserscan/share/pointcloud_to_laserscan/hook/ld_library_path_lib.dsv'
[0.438s] INFO:colcon.colcon_core.shell:Creating environment hook '/home/propp/Independent_Study/ros_workspace/install/pointcloud_to_laserscan/share/pointcloud_to_laserscan/hook/ld_library_path_lib.sh'
[0.438s] Level 1:colcon.colcon_core.environment:checking '/home/propp/Independent_Study/ros_workspace/install/pointcloud_to_laserscan/bin'
[0.438s] Level 1:colcon.colcon_core.environment:checking '/home/propp/Independent_Study/ros_workspace/install/pointcloud_to_laserscan/lib/pkgconfig/pointcloud_to_laserscan.pc'
[0.439s] Level 1:colcon.colcon_core.environment:checking '/home/propp/Independent_Study/ros_workspace/install/pointcloud_to_laserscan/lib/python3.8/site-packages'
[0.439s] INFO:colcon.colcon_core.shell:Creating package script '/home/propp/Independent_Study/ros_workspace/install/pointcloud_to_laserscan/share/pointcloud_to_laserscan/package.ps1'
[0.439s] INFO:colcon.colcon_core.shell:Creating package descriptor '/home/propp/Independent_Study/ros_workspace/install/pointcloud_to_laserscan/share/pointcloud_to_laserscan/package.dsv'
[0.440s] INFO:colcon.colcon_core.shell:Creating package script '/home/propp/Independent_Study/ros_workspace/install/pointcloud_to_laserscan/share/pointcloud_to_laserscan/package.sh'
[0.440s] INFO:colcon.colcon_core.shell:Creating package script '/home/propp/Independent_Study/ros_workspace/install/pointcloud_to_laserscan/share/pointcloud_to_laserscan/package.bash'
[0.440s] INFO:colcon.colcon_core.shell:Creating package script '/home/propp/Independent_Study/ros_workspace/install/pointcloud_to_laserscan/share/pointcloud_to_laserscan/package.zsh'
[0.441s] Level 1:colcon.colcon_core.environment:create_file_with_runtime_dependencies(/home/propp/Independent_Study/ros_workspace/install/pointcloud_to_laserscan/share/colcon-core/packages/pointcloud_to_laserscan)
[0.441s] INFO:colcon.colcon_ros.task.ament_cmake.build:Building ROS package in '/home/propp/Independent_Study/ros_workspace/src/box_nav' with build type 'ament_cmake'
[0.441s] INFO:colcon.colcon_cmake.task.cmake.build:Building CMake package in '/home/propp/Independent_Study/ros_workspace/src/box_nav'
[0.442s] INFO:colcon.colcon_core.shell:Skip shell extension 'powershell' for command environment: Not usable outside of PowerShell
[0.442s] DEBUG:colcon.colcon_core.shell:Skip shell extension 'dsv' for command environment
[0.444s] DEBUG:colcon.colcon_core.shell:Ignoring prefix path '/opt/ros/foxy'
[0.451s] DEBUG:colcon.colcon_core.event_handler.log_command:Invoking command in '/home/propp/Independent_Study/ros_workspace/build/box_nav': CMAKE_PREFIX_PATH=${CMAKE_PREFIX_PATH}:/home/propp/Independent_Study/ros_workspace/install/nav2_gazebo_spawner:/opt/ros/foxy /usr/bin/cmake --build /home/propp/Independent_Study/ros_workspace/build/box_nav -- -j12 -l12
[0.592s] DEBUG:colcon.colcon_core.event_handler.log_command:Invoked command in '/home/propp/Independent_Study/ros_workspace/build/box_nav' returned '2': CMAKE_PREFIX_PATH=${CMAKE_PREFIX_PATH}:/home/propp/Independent_Study/ros_workspace/install/nav2_gazebo_spawner:/opt/ros/foxy /usr/bin/cmake --build /home/propp/Independent_Study/ros_workspace/build/box_nav -- -j12 -l12
[0.612s] Level 1:colcon.colcon_core.environment:create_environment_scripts_only(box_nav)
[0.613s] Level 1:colcon.colcon_core.environment:checking '/home/propp/Independent_Study/ros_workspace/install/box_nav' for CMake module files
[0.613s] Level 1:colcon.colcon_core.environment:checking '/home/propp/Independent_Study/ros_workspace/install/box_nav' for CMake config files
[0.614s] Level 1:colcon.colcon_core.environment:checking '/home/propp/Independent_Study/ros_workspace/install/box_nav/bin'
[0.614s] Level 1:colcon.colcon_core.environment:checking '/home/propp/Independent_Study/ros_workspace/install/box_nav/lib/pkgconfig/box_nav.pc'
[0.614s] Level 1:colcon.colcon_core.environment:checking '/home/propp/Independent_Study/ros_workspace/install/box_nav/lib/python3.8/site-packages'
[0.614s] INFO:colcon.colcon_core.shell:Creating package script '/home/propp/Independent_Study/ros_workspace/install/box_nav/share/box_nav/package.ps1'
[0.615s] INFO:colcon.colcon_core.shell:Creating package descriptor '/home/propp/Independent_Study/ros_workspace/install/box_nav/share/box_nav/package.dsv'
[0.615s] INFO:colcon.colcon_core.shell:Creating package script '/home/propp/Independent_Study/ros_workspace/install/box_nav/share/box_nav/package.sh'
[0.616s] INFO:colcon.colcon_core.shell:Creating package script '/home/propp/Independent_Study/ros_workspace/install/box_nav/share/box_nav/package.bash'
[0.616s] INFO:colcon.colcon_core.shell:Creating package script '/home/propp/Independent_Study/ros_workspace/install/box_nav/share/box_nav/package.zsh'
[0.616s] Level 1:colcon.colcon_core.environment:create_file_with_runtime_dependencies(/home/propp/Independent_Study/ros_workspace/install/box_nav/share/colcon-core/packages/box_nav)
[0.627s] DEBUG:colcon.colcon_parallel_executor.executor.parallel:closing loop
[0.628s] DEBUG:colcon.colcon_parallel_executor.executor.parallel:loop closed
[0.628s] DEBUG:colcon.colcon_parallel_executor.executor.parallel:run_until_complete finished with '2'
[0.628s] DEBUG:colcon.colcon_core.event_reactor:joining thread
[0.650s] INFO:colcon.colcon_core.plugin_system:Skipping extension 'colcon_notification.desktop_notification.terminal_notifier': Not used on non-Darwin systems
[0.650s] INFO:colcon.colcon_core.plugin_system:Skipping extension 'colcon_notification.desktop_notification.win32': Not used on non-Windows systems
[0.651s] INFO:colcon.colcon_notification.desktop_notification:Sending desktop notification using 'notify2'
[0.692s] DEBUG:colcon.colcon_core.event_reactor:joined thread
[0.693s] INFO:colcon.colcon_core.shell:Creating prefix script '/home/propp/Independent_Study/ros_workspace/install/local_setup.ps1'
[0.694s] INFO:colcon.colcon_core.shell:Creating prefix util module '/home/propp/Independent_Study/ros_workspace/install/_local_setup_util_ps1.py'
[0.696s] INFO:colcon.colcon_core.shell:Creating prefix chain script '/home/propp/Independent_Study/ros_workspace/install/setup.ps1'
[0.698s] INFO:colcon.colcon_core.shell:Creating prefix script '/home/propp/Independent_Study/ros_workspace/install/local_setup.sh'
[0.699s] INFO:colcon.colcon_core.shell:Creating prefix util module '/home/propp/Independent_Study/ros_workspace/install/_local_setup_util_sh.py'
[0.699s] INFO:colcon.colcon_core.shell:Creating prefix chain script '/home/propp/Independent_Study/ros_workspace/install/setup.sh'
[0.701s] INFO:colcon.colcon_core.shell:Creating prefix script '/home/propp/Independent_Study/ros_workspace/install/local_setup.bash'
[0.702s] INFO:colcon.colcon_core.shell:Creating prefix chain script '/home/propp/Independent_Study/ros_workspace/install/setup.bash'
[0.704s] INFO:colcon.colcon_core.shell:Creating prefix script '/home/propp/Independent_Study/ros_workspace/install/local_setup.zsh'
[0.704s] INFO:colcon.colcon_core.shell:Creating prefix chain script '/home/propp/Independent_Study/ros_workspace/install/setup.zsh'
