[0.013s] Invoking command in '/home/propp/Independent_Study/ros_workspace/build/pointcloud_to_laserscan': /usr/bin/cmake --build /home/propp/Independent_Study/ros_workspace/build/pointcloud_to_laserscan -- -j12 -l12
[0.033s] -- Found ament_cmake: 0.9.7 (/home/propp/ros2_foxy/ros2-linux/share/ament_cmake/cmake)
[0.048s] -- Using PYTHON_EXECUTABLE: /usr/bin/python3
[0.185s] -- Found laser_geometry: 2.2.0 (/home/propp/ros2_foxy/ros2-linux/share/laser_geometry/cmake)
[0.189s] -- Found message_filters: 3.2.4 (/home/propp/ros2_foxy/ros2-linux/share/message_filters/cmake)
[0.191s] -- Found rclcpp: 2.2.0 (/home/propp/ros2_foxy/ros2-linux/share/rclcpp/cmake)
[0.205s] -- Using all available rosidl_typesupport_c: rosidl_typesupport_connext_c;rosidl_typesupport_fastrtps_c;rosidl_typesupport_introspection_c
[0.208s] -- Found rosidl_adapter: 1.1.0 (/home/propp/ros2_foxy/ros2-linux/share/rosidl_adapter/cmake)
[0.210s] -- Found RTI Connext: /opt/rti.com/rti_connext_dds-5.3.1
[0.497s] -- Using all available rosidl_typesupport_cpp: rosidl_typesupport_connext_cpp;rosidl_typesupport_fastrtps_cpp;rosidl_typesupport_introspection_cpp
[0.535s] -- Found rmw_implementation_cmake: 1.0.1 (/home/propp/ros2_foxy/ros2-linux/share/rmw_implementation_cmake/cmake)
[0.537s] -- Using RMW implementation 'rmw_fastrtps_cpp' as default
[0.605s] -- Found rclcpp_components: 2.2.0 (/home/propp/ros2_foxy/ros2-linux/share/rclcpp_components/cmake)
[0.647s] -- Found sensor_msgs: 2.0.3 (/home/propp/ros2_foxy/ros2-linux/share/sensor_msgs/cmake)
[0.756s] -- Found tf2: 0.13.5 (/home/propp/ros2_foxy/ros2-linux/share/tf2/cmake)
[0.763s] -- Found tf2_ros: 0.13.5 (/home/propp/ros2_foxy/ros2-linux/share/tf2_ros/cmake)
[0.977s] -- Found tf2_sensor_msgs: 0.13.5 (/home/propp/ros2_foxy/ros2-linux/share/tf2_sensor_msgs/cmake)
[1.021s] CMake Error at CMakeLists.txt:70 (install):
[1.021s]   install TARGETS given target "dummy_pointcloud_publisher" which does not
[1.021s]   exist.
[1.021s] 
[1.021s] 
[1.021s] -- Found ament_lint_auto: 0.9.5 (/home/propp/ros2_foxy/ros2-linux/share/ament_lint_auto/cmake)
[1.070s] -- Added test 'cppcheck' to perform static code analysis on C / C++ code
[1.070s] -- Configured cppcheck include dirs: /home/propp/Independent_Study/ros_workspace/src/pointcloud_to_laserscan/include
[1.071s] -- Configured cppcheck exclude dirs and/or files: 
[1.072s] -- Added test 'cpplint' to check C / C++ code against the Google style
[1.072s] -- Configured cpplint exclude dirs and/or files: 
[1.073s] -- Added test 'flake8' to check Python code syntax and style conventions
[1.073s] -- Added test 'lint_cmake' to check CMake code style
[1.074s] -- Added test 'pep257' to check Python code against some of the style conventions in PEP 257
[1.076s] -- Added test 'uncrustify' to check C / C++ code style
[1.076s] -- Configured uncrustify additional arguments: 
[1.076s] -- Added test 'xmllint' to check XML markup files
[1.078s] -- Configuring incomplete, errors occurred!
[1.079s] See also "/home/propp/Independent_Study/ros_workspace/build/pointcloud_to_laserscan/CMakeFiles/CMakeOutput.log".
[1.079s] See also "/home/propp/Independent_Study/ros_workspace/build/pointcloud_to_laserscan/CMakeFiles/CMakeError.log".
[1.083s] make: *** [Makefile:442: cmake_check_build_system] Error 1
[1.084s] Invoked command in '/home/propp/Independent_Study/ros_workspace/build/pointcloud_to_laserscan' returned '2': /usr/bin/cmake --build /home/propp/Independent_Study/ros_workspace/build/pointcloud_to_laserscan -- -j12 -l12
