[35m[1mScanning dependencies of target map_io[0m
[35m[1mScanning dependencies of target gtest[0m
[35m[1mScanning dependencies of target gtest_main[0m
[  3%] [32mBuilding CXX object gtest/CMakeFiles/gtest_main.dir/src/gtest_main.cc.o[0m
[  6%] [32mBuilding CXX object gtest/CMakeFiles/gtest.dir/src/gtest-all.cc.o[0m
[  9%] [32mBuilding CXX object CMakeFiles/map_io.dir/src/map_mode.cpp.o[0m
[ 12%] [32mBuilding CXX object CMakeFiles/map_io.dir/src/map_io.cpp.o[0m
[ 16%] [32m[1mLinking CXX static library libgtest_main.a[0m
[ 16%] Built target gtest_main
[ 19%] [32m[1mLinking CXX shared library libmap_io.so[0m
[ 19%] Built target map_io
[35m[1mScanning dependencies of target map_server_core[0m
[35m[1mScanning dependencies of target test_map_saver_publisher[0m
[ 22%] [32mBuilding CXX object test/component/CMakeFiles/test_map_saver_publisher.dir/__/test_constants.cpp.o[0m
[ 25%] [32mBuilding CXX object test/component/CMakeFiles/test_map_saver_publisher.dir/test_map_saver_publisher.cpp.o[0m
[ 29%] [32mBuilding CXX object CMakeFiles/map_server_core.dir/src/map_server/map_server.cpp.o[0m
[ 32%] [32mBuilding CXX object CMakeFiles/map_server_core.dir/src/map_saver/map_saver.cpp.o[0m
[ 35%] [32m[1mLinking CXX static library libgtest.a[0m
[ 35%] Built target gtest
[35m[1mScanning dependencies of target test_map_saver_cli[0m
[35m[1mScanning dependencies of target test_map_io[0m
[ 41%] [32mBuilding CXX object test/map_saver_cli/CMakeFiles/test_map_saver_cli.dir/__/test_constants.cpp.o[0m
[ 41%] [32mBuilding CXX object test/map_saver_cli/CMakeFiles/test_map_saver_cli.dir/test_map_saver_cli.cpp.o[0m
[ 45%] [32mBuilding CXX object test/unit/CMakeFiles/test_map_io.dir/test_map_io.cpp.o[0m
[ 48%] [32mBuilding CXX object test/unit/CMakeFiles/test_map_io.dir/__/test_constants.cpp.o[0m
[ 51%] [32m[1mLinking CXX executable test_map_saver_publisher[0m
[ 51%] Built target test_map_saver_publisher
[ 54%] [32m[1mLinking CXX executable test_map_io[0m
[ 54%] Built target test_map_io
[ 58%] [32m[1mLinking CXX executable test_map_saver_cli[0m
[ 61%] [32m[1mLinking CXX shared library libmap_server_core.so[0m
[ 61%] Built target test_map_saver_cli
[ 61%] Built target map_server_core
[35m[1mScanning dependencies of target map_server[0m
[35m[1mScanning dependencies of target map_saver_cli[0m
[35m[1mScanning dependencies of target test_map_server_node[0m
[35m[1mScanning dependencies of target map_saver_server[0m
[35m[1mScanning dependencies of target test_map_saver_node[0m
[ 64%] [32mBuilding CXX object CMakeFiles/map_server.dir/src/map_server/main.cpp.o[0m
[ 67%] [32mBuilding CXX object CMakeFiles/map_saver_cli.dir/src/map_saver/main_cli.cpp.o[0m
[ 70%] [32mBuilding CXX object CMakeFiles/map_saver_server.dir/src/map_saver/main_server.cpp.o[0m
[ 74%] [32mBuilding CXX object test/component/CMakeFiles/test_map_saver_node.dir/test_map_saver_node.cpp.o[0m
[ 77%] [32mBuilding CXX object test/component/CMakeFiles/test_map_saver_node.dir/__/test_constants.cpp.o[0m
[ 80%] [32mBuilding CXX object test/component/CMakeFiles/test_map_server_node.dir/test_map_server_node.cpp.o[0m
[ 83%] [32mBuilding CXX object test/component/CMakeFiles/test_map_server_node.dir/__/test_constants.cpp.o[0m
[ 87%] [32m[1mLinking CXX executable map_saver_server[0m
[ 90%] [32m[1mLinking CXX executable map_server[0m
[ 93%] [32m[1mLinking CXX executable map_saver_cli[0m
[ 93%] Built target map_saver_server
[ 93%] Built target map_server
[ 93%] Built target map_saver_cli
[ 96%] [32m[1mLinking CXX executable test_map_saver_node[0m
[ 96%] Built target test_map_saver_node
[100%] [32m[1mLinking CXX executable test_map_server_node[0m
[100%] Built target test_map_server_node
