[0.015s] Invoking command in '/home/propp/Independent_Study/ros_workspace/build/box_nav': CMAKE_PREFIX_PATH=${CMAKE_PREFIX_PATH}:/home/propp/Independent_Study/ros_workspace/install/nav2_gazebo_spawner:/opt/ros/foxy /usr/bin/cmake --build /home/propp/Independent_Study/ros_workspace/build/box_nav -- -j12 -l12
[0.039s] -- Found ament_cmake: 0.9.7 (/opt/ros/foxy/share/ament_cmake/cmake)
[0.056s] -- Using PYTHON_EXECUTABLE: /usr/bin/python3
[0.204s] -- Found rclcpp: 2.2.0 (/opt/ros/foxy/share/rclcpp/cmake)
[0.223s] -- Using all available rosidl_typesupport_c: rosidl_typesupport_fastrtps_c;rosidl_typesupport_introspection_c
[0.226s] -- Found rosidl_adapter: 1.1.0 (/opt/ros/foxy/share/rosidl_adapter/cmake)
[0.314s] -- Using all available rosidl_typesupport_cpp: rosidl_typesupport_fastrtps_cpp;rosidl_typesupport_introspection_cpp
[0.354s] -- Found rmw_implementation_cmake: 1.0.2 (/opt/ros/foxy/share/rmw_implementation_cmake/cmake)
[0.355s] -- Using RMW implementation 'rmw_fastrtps_cpp' as default
[0.470s] -- Found tf2: 0.13.6 (/opt/ros/foxy/share/tf2/cmake)
[0.507s] -- Found tf2_ros: 0.13.6 (/opt/ros/foxy/share/tf2_ros/cmake)
[0.782s] -- Found nav_msgs: 2.0.3 (/opt/ros/foxy/share/nav_msgs/cmake)
[0.853s] -- Found sensor_msgs: 2.0.3 (/opt/ros/foxy/share/sensor_msgs/cmake)
[0.911s] -- Found slam_toolbox: 2.3.0 (/opt/ros/foxy/share/slam_toolbox/cmake)
[1.214s] -- Found eigen3_cmake_module: 0.1.1 (/opt/ros/foxy/share/eigen3_cmake_module/cmake)
[1.290s] CMake Error at CMakeLists.txt:28 (find_package):
[1.290s]   By not providing "FindEigen.cmake" in CMAKE_MODULE_PATH this project has
[1.290s]   asked CMake to find a package configuration file provided by "Eigen", but
[1.290s]   CMake did not find one.
[1.290s] 
[1.290s]   Could not find a package configuration file provided by "Eigen" with any of
[1.290s]   the following names:
[1.290s] 
[1.290s]     EigenConfig.cmake
[1.290s]     eigen-config.cmake
[1.290s] 
[1.290s]   Add the installation prefix of "Eigen" to CMAKE_PREFIX_PATH or set
[1.290s]   "Eigen_DIR" to a directory containing one of the above files.  If "Eigen"
[1.291s]   provides a separate development package or SDK, be sure it has been
[1.291s]   installed.
[1.291s] 
[1.291s] 
[1.291s] -- Configuring incomplete, errors occurred!
[1.291s] See also "/home/propp/Independent_Study/ros_workspace/build/box_nav/CMakeFiles/CMakeOutput.log".
[1.291s] See also "/home/propp/Independent_Study/ros_workspace/build/box_nav/CMakeFiles/CMakeError.log".
[1.297s] make: *** [Makefile:266: cmake_check_build_system] Error 1
[1.299s] Invoked command in '/home/propp/Independent_Study/ros_workspace/build/box_nav' returned '2': CMAKE_PREFIX_PATH=${CMAKE_PREFIX_PATH}:/home/propp/Independent_Study/ros_workspace/install/nav2_gazebo_spawner:/opt/ros/foxy /usr/bin/cmake --build /home/propp/Independent_Study/ros_workspace/build/box_nav -- -j12 -l12
