[0.121s] Invoking command in '/home/propp/Independent_Study/ros_workspace/build/dwb_msgs': AMENT_PREFIX_PATH=/home/propp/Independent_Study/ros_workspace/install/nav_2d_msgs:${AMENT_PREFIX_PATH} CMAKE_PREFIX_PATH=/home/propp/Independent_Study/ros_workspace/install/nav_2d_msgs:/home/propp/Independent_Study/first_ros_package/src/first_ros_package/install/first_ros_package:/home/propp/ros2_foxy/ros2-linux:/home/propp/Independent_Study/src/Test_Ros/install/my_package LD_LIBRARY_PATH=/home/propp/Independent_Study/ros_workspace/install/nav_2d_msgs/lib:${LD_LIBRARY_PATH} PYTHONPATH=/home/propp/Independent_Study/ros_workspace/install/nav_2d_msgs/lib/python3.8/site-packages:${PYTHONPATH} /usr/bin/cmake /home/propp/Independent_Study/ros_workspace/src/navigation2/nav2_dwb_controller/dwb_msgs -DAMENT_CMAKE_SYMLINK_INSTALL=1 -DCMAKE_INSTALL_PREFIX=/home/propp/Independent_Study/ros_workspace/install/dwb_msgs
[0.410s] -- The C compiler identification is GNU 9.3.0
[0.558s] -- The CXX compiler identification is GNU 9.3.0
[0.564s] -- Check for working C compiler: /usr/bin/cc
[0.836s] -- Check for working C compiler: /usr/bin/cc -- works
[0.837s] -- Detecting C compiler ABI info
[1.166s] -- Detecting C compiler ABI info - done
[1.191s] -- Detecting C compile features
[1.191s] -- Detecting C compile features - done
[1.199s] -- Check for working CXX compiler: /usr/bin/c++
[1.518s] -- Check for working CXX compiler: /usr/bin/c++ -- works
[1.523s] -- Detecting CXX compiler ABI info
[1.911s] -- Detecting CXX compiler ABI info - done
[1.943s] -- Detecting CXX compile features
[1.944s] -- Detecting CXX compile features - done
[1.946s] -- Found builtin_interfaces: 1.0.0 (/home/propp/ros2_foxy/ros2-linux/share/builtin_interfaces/cmake)
[2.012s] -- Found PythonInterp: /usr/bin/python3 (found suitable version "3.8.5", minimum required is "3") 
[2.012s] -- Using PYTHON_EXECUTABLE: /usr/bin/python3
[2.300s] -- Override CMake install command with custom implementation using symlinks instead of copying resources
[2.340s] -- Using all available rosidl_typesupport_c: rosidl_typesupport_connext_c;rosidl_typesupport_fastrtps_c;rosidl_typesupport_introspection_c
[2.363s] -- Found rosidl_adapter: 1.1.0 (/home/propp/ros2_foxy/ros2-linux/share/rosidl_adapter/cmake)
[2.373s] -- Found ament_cmake: 0.9.7 (/home/propp/ros2_foxy/ros2-linux/share/ament_cmake/cmake)
[2.441s] -- Found RTI Connext: /opt/rti.com/rti_connext_dds-5.3.1
[6.492s] -- Found OpenSSL: /usr/lib/x86_64-linux-gnu/libcrypto.so (found version "1.1.1f")  
[6.533s] -- Found FastRTPS: /home/propp/ros2_foxy/ros2-linux/include  
[6.693s] -- Using all available rosidl_typesupport_cpp: rosidl_typesupport_connext_cpp;rosidl_typesupport_fastrtps_cpp;rosidl_typesupport_introspection_cpp
[6.733s] -- Found geometry_msgs: 2.0.3 (/home/propp/ros2_foxy/ros2-linux/share/geometry_msgs/cmake)
[6.868s] -- Found nav_2d_msgs: 0.4.5 (/home/propp/Independent_Study/ros_workspace/install/nav_2d_msgs/share/nav_2d_msgs/cmake)
[6.982s] -- Found nav_msgs: 2.0.3 (/home/propp/ros2_foxy/ros2-linux/share/nav_msgs/cmake)
[7.104s] -- Found rosidl_default_generators: 1.0.0 (/home/propp/ros2_foxy/ros2-linux/share/rosidl_default_generators/cmake)
[7.172s] -- Found PythonInterp: /usr/bin/python3 (found version "3.8.5") 
[8.229s] -- Found ament_cmake_ros: 0.9.0 (/home/propp/ros2_foxy/ros2-linux/share/ament_cmake_ros/cmake)
[9.043s] -- Using all available rosidl_typesupport_c: rosidl_typesupport_connext_c;rosidl_typesupport_fastrtps_c;rosidl_typesupport_introspection_c
[9.415s] -- Using all available rosidl_typesupport_cpp: rosidl_typesupport_connext_cpp;rosidl_typesupport_fastrtps_cpp;rosidl_typesupport_introspection_cpp
[9.491s] -- Found PythonInterp: /usr/bin/python3 (found suitable version "3.8.5", minimum required is "3.5") 
[9.492s] -- Found python_cmake_module: 0.8.0 (/home/propp/ros2_foxy/ros2-linux/share/python_cmake_module/cmake)
[9.555s] -- Found PythonLibs: /usr/lib/x86_64-linux-gnu/libpython3.8.so (found suitable version "3.8.5", minimum required is "3.5") 
[9.556s] -- Using PYTHON_EXECUTABLE: /usr/bin/python3
[9.556s] -- Using PYTHON_INCLUDE_DIRS: /usr/include/python3.8
[9.556s] -- Using PYTHON_LIBRARIES: /usr/lib/x86_64-linux-gnu/libpython3.8.so
[9.614s] -- Found PythonExtra: .so  
[9.939s] -- Configuring done
[10.263s] -- Generating done
[10.270s] -- Build files have been written to: /home/propp/Independent_Study/ros_workspace/build/dwb_msgs
[10.290s] Invoked command in '/home/propp/Independent_Study/ros_workspace/build/dwb_msgs' returned '0': AMENT_PREFIX_PATH=/home/propp/Independent_Study/ros_workspace/install/nav_2d_msgs:${AMENT_PREFIX_PATH} CMAKE_PREFIX_PATH=/home/propp/Independent_Study/ros_workspace/install/nav_2d_msgs:/home/propp/Independent_Study/first_ros_package/src/first_ros_package/install/first_ros_package:/home/propp/ros2_foxy/ros2-linux:/home/propp/Independent_Study/src/Test_Ros/install/my_package LD_LIBRARY_PATH=/home/propp/Independent_Study/ros_workspace/install/nav_2d_msgs/lib:${LD_LIBRARY_PATH} PYTHONPATH=/home/propp/Independent_Study/ros_workspace/install/nav_2d_msgs/lib/python3.8/site-packages:${PYTHONPATH} /usr/bin/cmake /home/propp/Independent_Study/ros_workspace/src/navigation2/nav2_dwb_controller/dwb_msgs -DAMENT_CMAKE_SYMLINK_INSTALL=1 -DCMAKE_INSTALL_PREFIX=/home/propp/Independent_Study/ros_workspace/install/dwb_msgs
[10.291s] Invoking command in '/home/propp/Independent_Study/ros_workspace/build/dwb_msgs': AMENT_PREFIX_PATH=/home/propp/Independent_Study/ros_workspace/install/nav_2d_msgs:${AMENT_PREFIX_PATH} CMAKE_PREFIX_PATH=/home/propp/Independent_Study/ros_workspace/install/nav_2d_msgs:/home/propp/Independent_Study/first_ros_package/src/first_ros_package/install/first_ros_package:/home/propp/ros2_foxy/ros2-linux:/home/propp/Independent_Study/src/Test_Ros/install/my_package LD_LIBRARY_PATH=/home/propp/Independent_Study/ros_workspace/install/nav_2d_msgs/lib:${LD_LIBRARY_PATH} PYTHONPATH=/home/propp/Independent_Study/ros_workspace/install/nav_2d_msgs/lib/python3.8/site-packages:${PYTHONPATH} /usr/bin/cmake --build /home/propp/Independent_Study/ros_workspace/build/dwb_msgs -- -j12 -l12
[10.485s] [35m[1mScanning dependencies of target dwb_msgs__cpp[0m
[10.506s] [  0%] [34m[1mGenerating C code for ROS interfaces[0m
[10.539s] [35m[1mScanning dependencies of target dwb_msgs__dds_connext_idl[0m
[10.541s] [  0%] [34m[1mGenerating C++ code for ROS interfaces[0m
[10.624s] [  1%] [34m[1mGenerating DDS interfaces[0m
[11.843s] [  1%] Built target dwb_msgs__dds_connext_idl
[12.930s] [  1%] Built target dwb_msgs__cpp
[13.057s] [  2%] [34m[1mGenerating C++ introspection for ROS interfaces[0m
[13.063s] [  3%] [34m[1mGenerating C++ type support dispatch for ROS interfaces[0m
[13.074s] [  3%] [34m[1mGenerating C++ type support for eProsima Fast-RTPS[0m
[13.112s] [  4%] [34m[1mGenerating C++ type support for RTI Connext (using '/opt/rti.com/rti_connext_dds-5.3.1/bin/rtiddsgen_server')[0m
[13.331s] [35m[1mScanning dependencies of target dwb_msgs__rosidl_generator_c[0m
[13.400s] [  5%] [32mBuilding C object CMakeFiles/dwb_msgs__rosidl_generator_c.dir/rosidl_generator_c/dwb_msgs/msg/detail/critic_score__functions.c.o[0m
[13.450s] [  5%] [32mBuilding C object CMakeFiles/dwb_msgs__rosidl_generator_c.dir/rosidl_generator_c/dwb_msgs/msg/detail/trajectory2_d__functions.c.o[0m
[13.452s] [  6%] [32mBuilding C object CMakeFiles/dwb_msgs__rosidl_generator_c.dir/rosidl_generator_c/dwb_msgs/msg/detail/trajectory_score__functions.c.o[0m
[13.452s] [  7%] [32mBuilding C object CMakeFiles/dwb_msgs__rosidl_generator_c.dir/rosidl_generator_c/dwb_msgs/msg/detail/local_plan_evaluation__functions.c.o[0m
[13.480s] [  7%] [32mBuilding C object CMakeFiles/dwb_msgs__rosidl_generator_c.dir/rosidl_generator_c/dwb_msgs/srv/detail/debug_local_plan__functions.c.o[0m
[13.633s] [  8%] [32mBuilding C object CMakeFiles/dwb_msgs__rosidl_generator_c.dir/rosidl_generator_c/dwb_msgs/srv/detail/generate_trajectory__functions.c.o[0m
[13.664s] [  8%] [32mBuilding C object CMakeFiles/dwb_msgs__rosidl_generator_c.dir/rosidl_generator_c/dwb_msgs/srv/detail/generate_twists__functions.c.o[0m
[13.678s] [  9%] [32mBuilding C object CMakeFiles/dwb_msgs__rosidl_generator_c.dir/rosidl_generator_c/dwb_msgs/srv/detail/get_critic_score__functions.c.o[0m
[13.682s] [  9%] [32mBuilding C object CMakeFiles/dwb_msgs__rosidl_generator_c.dir/rosidl_generator_c/dwb_msgs/srv/detail/score_trajectory__functions.c.o[0m
[13.923s] [ 10%] [32m[1mLinking C shared library libdwb_msgs__rosidl_generator_c.so[0m
[14.084s] [ 10%] Built target dwb_msgs__rosidl_generator_c
[14.151s] [ 11%] [34m[1mGenerating C introspection for ROS interfaces[0m
[14.203s] [ 12%] [34m[1mGenerating C type support dispatch for ROS interfaces[0m
[15.010s] [35m[1mScanning dependencies of target dwb_msgs__rosidl_typesupport_cpp[0m
[15.057s] [ 12%] [32mBuilding CXX object CMakeFiles/dwb_msgs__rosidl_typesupport_cpp.dir/rosidl_typesupport_cpp/dwb_msgs/msg/critic_score__type_support.cpp.o[0m
[15.078s] [ 12%] [32mBuilding CXX object CMakeFiles/dwb_msgs__rosidl_typesupport_cpp.dir/rosidl_typesupport_cpp/dwb_msgs/msg/trajectory2_d__type_support.cpp.o[0m
[15.101s] [ 13%] [32mBuilding CXX object CMakeFiles/dwb_msgs__rosidl_typesupport_cpp.dir/rosidl_typesupport_cpp/dwb_msgs/msg/local_plan_evaluation__type_support.cpp.o[0m
[15.153s] [ 14%] [32mBuilding CXX object CMakeFiles/dwb_msgs__rosidl_typesupport_cpp.dir/rosidl_typesupport_cpp/dwb_msgs/msg/trajectory_score__type_support.cpp.o[0m
[15.160s] [ 15%] [32mBuilding CXX object CMakeFiles/dwb_msgs__rosidl_typesupport_cpp.dir/rosidl_typesupport_cpp/dwb_msgs/srv/debug_local_plan__type_support.cpp.o[0m
[15.177s] [ 15%] [32mBuilding CXX object CMakeFiles/dwb_msgs__rosidl_typesupport_cpp.dir/rosidl_typesupport_cpp/dwb_msgs/srv/generate_trajectory__type_support.cpp.o[0m
[15.236s] [ 16%] [32mBuilding CXX object CMakeFiles/dwb_msgs__rosidl_typesupport_cpp.dir/rosidl_typesupport_cpp/dwb_msgs/srv/generate_twists__type_support.cpp.o[0m
[15.753s] [ 16%] [32mBuilding CXX object CMakeFiles/dwb_msgs__rosidl_typesupport_cpp.dir/rosidl_typesupport_cpp/dwb_msgs/srv/get_critic_score__type_support.cpp.o[0m
[15.793s] [35m[1mScanning dependencies of target dwb_msgs__rosidl_typesupport_introspection_cpp[0m
[15.870s] [35m[1mScanning dependencies of target dwb_msgs__rosidl_typesupport_c[0m
[15.883s] [ 16%] [32mBuilding CXX object CMakeFiles/dwb_msgs__rosidl_typesupport_introspection_cpp.dir/rosidl_typesupport_introspection_cpp/dwb_msgs/msg/detail/critic_score__type_support.cpp.o[0m
[15.890s] [35m[1mScanning dependencies of target dwb_msgs__rosidl_typesupport_fastrtps_cpp[0m
[15.951s] [ 16%] [32mBuilding CXX object CMakeFiles/dwb_msgs__rosidl_typesupport_c.dir/rosidl_typesupport_c/dwb_msgs/msg/critic_score__type_support.cpp.o[0m
[15.973s] [ 17%] [32mBuilding CXX object CMakeFiles/dwb_msgs__rosidl_typesupport_introspection_cpp.dir/rosidl_typesupport_introspection_cpp/dwb_msgs/msg/detail/local_plan_evaluation__type_support.cpp.o[0m
[16.015s] [ 18%] [32mBuilding CXX object CMakeFiles/dwb_msgs__rosidl_typesupport_fastrtps_cpp.dir/rosidl_typesupport_fastrtps_cpp/dwb_msgs/msg/detail/dds_fastrtps/critic_score__type_support.cpp.o[0m
[16.044s] [ 19%] [32mBuilding CXX object CMakeFiles/dwb_msgs__rosidl_typesupport_cpp.dir/rosidl_typesupport_cpp/dwb_msgs/srv/score_trajectory__type_support.cpp.o[0m
[16.051s] [ 20%] [32mBuilding CXX object CMakeFiles/dwb_msgs__rosidl_typesupport_introspection_cpp.dir/rosidl_typesupport_introspection_cpp/dwb_msgs/msg/detail/trajectory2_d__type_support.cpp.o[0m
[16.058s] [ 21%] [32mBuilding CXX object CMakeFiles/dwb_msgs__rosidl_typesupport_c.dir/rosidl_typesupport_c/dwb_msgs/msg/local_plan_evaluation__type_support.cpp.o[0m
[16.156s] [ 21%] [32mBuilding CXX object CMakeFiles/dwb_msgs__rosidl_typesupport_c.dir/rosidl_typesupport_c/dwb_msgs/msg/trajectory2_d__type_support.cpp.o[0m
[16.157s] [35m[1mScanning dependencies of target dwb_msgs__rosidl_typesupport_introspection_c[0m
[16.161s] [ 21%] [32mBuilding CXX object CMakeFiles/dwb_msgs__rosidl_typesupport_fastrtps_cpp.dir/rosidl_typesupport_fastrtps_cpp/dwb_msgs/msg/detail/dds_fastrtps/local_plan_evaluation__type_support.cpp.o[0m
[16.164s] [ 21%] [32mBuilding CXX object CMakeFiles/dwb_msgs__rosidl_typesupport_introspection_cpp.dir/rosidl_typesupport_introspection_cpp/dwb_msgs/msg/detail/trajectory_score__type_support.cpp.o[0m
[16.257s] [ 22%] [32mBuilding CXX object CMakeFiles/dwb_msgs__rosidl_typesupport_fastrtps_cpp.dir/rosidl_typesupport_fastrtps_cpp/dwb_msgs/msg/detail/dds_fastrtps/trajectory2_d__type_support.cpp.o[0m
[16.267s] [ 22%] [32mBuilding C object CMakeFiles/dwb_msgs__rosidl_typesupport_introspection_c.dir/rosidl_typesupport_introspection_c/dwb_msgs/msg/detail/critic_score__type_support.c.o[0m
[16.322s] [ 23%] [32mBuilding C object CMakeFiles/dwb_msgs__rosidl_typesupport_introspection_c.dir/rosidl_typesupport_introspection_c/dwb_msgs/msg/detail/local_plan_evaluation__type_support.c.o[0m
[16.346s] [ 24%] [32mBuilding CXX object CMakeFiles/dwb_msgs__rosidl_typesupport_c.dir/rosidl_typesupport_c/dwb_msgs/msg/trajectory_score__type_support.cpp.o[0m
[16.447s] [ 24%] [32mBuilding C object CMakeFiles/dwb_msgs__rosidl_typesupport_introspection_c.dir/rosidl_typesupport_introspection_c/dwb_msgs/msg/detail/trajectory2_d__type_support.c.o[0m
[16.485s] [ 25%] [32mBuilding CXX object CMakeFiles/dwb_msgs__rosidl_typesupport_introspection_cpp.dir/rosidl_typesupport_introspection_cpp/dwb_msgs/srv/detail/debug_local_plan__type_support.cpp.o[0m
[16.495s] [ 25%] [32mBuilding CXX object CMakeFiles/dwb_msgs__rosidl_typesupport_c.dir/rosidl_typesupport_c/dwb_msgs/srv/debug_local_plan__type_support.cpp.o[0m
[16.540s] [ 25%] [32mBuilding CXX object CMakeFiles/dwb_msgs__rosidl_typesupport_introspection_cpp.dir/rosidl_typesupport_introspection_cpp/dwb_msgs/srv/detail/generate_trajectory__type_support.cpp.o[0m
[16.641s] [ 26%] [32mBuilding CXX object CMakeFiles/dwb_msgs__rosidl_typesupport_introspection_cpp.dir/rosidl_typesupport_introspection_cpp/dwb_msgs/srv/detail/generate_twists__type_support.cpp.o[0m
[16.648s] [ 26%] [32m[1mLinking CXX shared library libdwb_msgs__rosidl_typesupport_cpp.so[0m
[16.678s] [ 27%] [32mBuilding C object CMakeFiles/dwb_msgs__rosidl_typesupport_introspection_c.dir/rosidl_typesupport_introspection_c/dwb_msgs/msg/detail/trajectory_score__type_support.c.o[0m
[16.678s] [ 28%] [32mBuilding CXX object CMakeFiles/dwb_msgs__rosidl_typesupport_c.dir/rosidl_typesupport_c/dwb_msgs/srv/generate_trajectory__type_support.cpp.o[0m
[16.683s] [ 29%] [32mBuilding CXX object CMakeFiles/dwb_msgs__rosidl_typesupport_c.dir/rosidl_typesupport_c/dwb_msgs/srv/generate_twists__type_support.cpp.o[0m
[16.790s] [ 29%] [32mBuilding C object CMakeFiles/dwb_msgs__rosidl_typesupport_introspection_c.dir/rosidl_typesupport_introspection_c/dwb_msgs/srv/detail/debug_local_plan__type_support.c.o[0m
[16.811s] [ 29%] Built target dwb_msgs__rosidl_typesupport_cpp
[16.814s] [ 29%] [32mBuilding CXX object CMakeFiles/dwb_msgs__rosidl_typesupport_c.dir/rosidl_typesupport_c/dwb_msgs/srv/get_critic_score__type_support.cpp.o[0m
[16.819s] [ 30%] [32mBuilding C object CMakeFiles/dwb_msgs__rosidl_typesupport_introspection_c.dir/rosidl_typesupport_introspection_c/dwb_msgs/srv/detail/generate_trajectory__type_support.c.o[0m
[16.850s] [ 30%] [32mBuilding C object CMakeFiles/dwb_msgs__rosidl_typesupport_introspection_c.dir/rosidl_typesupport_introspection_c/dwb_msgs/srv/detail/generate_twists__type_support.c.o[0m
[16.888s] [ 30%] [32mBuilding CXX object CMakeFiles/dwb_msgs__rosidl_typesupport_introspection_cpp.dir/rosidl_typesupport_introspection_cpp/dwb_msgs/srv/detail/get_critic_score__type_support.cpp.o[0m
[16.900s] [ 31%] [32mBuilding CXX object CMakeFiles/dwb_msgs__rosidl_typesupport_c.dir/rosidl_typesupport_c/dwb_msgs/srv/score_trajectory__type_support.cpp.o[0m
[16.915s] [ 32%] [32mBuilding C object CMakeFiles/dwb_msgs__rosidl_typesupport_introspection_c.dir/rosidl_typesupport_introspection_c/dwb_msgs/srv/detail/score_trajectory__type_support.c.o[0m
[16.916s] [ 33%] [32mBuilding C object CMakeFiles/dwb_msgs__rosidl_typesupport_introspection_c.dir/rosidl_typesupport_introspection_c/dwb_msgs/srv/detail/get_critic_score__type_support.c.o[0m
[16.931s] [ 35%] [32mBuilding CXX object CMakeFiles/dwb_msgs__rosidl_typesupport_fastrtps_cpp.dir/rosidl_typesupport_fastrtps_cpp/dwb_msgs/msg/detail/dds_fastrtps/trajectory_score__type_support.cpp.o[0m
[16.937s] [ 35%] [32mBuilding CXX object CMakeFiles/dwb_msgs__rosidl_typesupport_introspection_cpp.dir/rosidl_typesupport_introspection_cpp/dwb_msgs/srv/detail/score_trajectory__type_support.cpp.o[0m
[17.018s] [ 35%] [32m[1mLinking CXX shared library libdwb_msgs__rosidl_typesupport_c.so[0m
[17.046s] [ 35%] [32mBuilding CXX object CMakeFiles/dwb_msgs__rosidl_typesupport_fastrtps_cpp.dir/rosidl_typesupport_fastrtps_cpp/dwb_msgs/srv/detail/dds_fastrtps/debug_local_plan__type_support.cpp.o[0m
[17.053s] [ 35%] [32m[1mLinking C shared library libdwb_msgs__rosidl_typesupport_introspection_c.so[0m
[17.055s] [ 36%] [32mBuilding CXX object CMakeFiles/dwb_msgs__rosidl_typesupport_fastrtps_cpp.dir/rosidl_typesupport_fastrtps_cpp/dwb_msgs/srv/detail/dds_fastrtps/generate_trajectory__type_support.cpp.o[0m
[17.075s] [ 36%] [32mBuilding CXX object CMakeFiles/dwb_msgs__rosidl_typesupport_fastrtps_cpp.dir/rosidl_typesupport_fastrtps_cpp/dwb_msgs/srv/detail/dds_fastrtps/generate_twists__type_support.cpp.o[0m
[17.100s] [ 37%] [32mBuilding CXX object CMakeFiles/dwb_msgs__rosidl_typesupport_fastrtps_cpp.dir/rosidl_typesupport_fastrtps_cpp/dwb_msgs/srv/detail/dds_fastrtps/get_critic_score__type_support.cpp.o[0m
[17.154s] [ 37%] Built target dwb_msgs__rosidl_typesupport_c
[17.172s] [ 37%] [32mBuilding CXX object CMakeFiles/dwb_msgs__rosidl_typesupport_fastrtps_cpp.dir/rosidl_typesupport_fastrtps_cpp/dwb_msgs/srv/detail/dds_fastrtps/score_trajectory__type_support.cpp.o[0m
[17.182s] [ 37%] Built target dwb_msgs__rosidl_typesupport_introspection_c
[17.438s] [ 38%] [32m[1mLinking CXX shared library libdwb_msgs__rosidl_typesupport_introspection_cpp.so[0m
[17.647s] [ 38%] Built target dwb_msgs__rosidl_typesupport_introspection_cpp
[17.832s] [ 39%] [32m[1mLinking CXX shared library libdwb_msgs__rosidl_typesupport_fastrtps_cpp.so[0m
[17.879s] INFO com.rti.ndds.nddsgen.Main Running rtiddsgen version 2.5.2, please wait ...
[17.879s] INFO com.rti.ndds.nddsgen.Main Done
[17.954s] [ 39%] Built target dwb_msgs__rosidl_typesupport_fastrtps_cpp
[17.969s] [ 40%] [34m[1mGenerating C type support for eProsima Fast-RTPS[0m
[18.082s] INFO com.rti.ndds.nddsgen.Main Running rtiddsgen version 2.5.2, please wait ...
[18.082s] INFO com.rti.ndds.nddsgen.Main Done
[18.237s] INFO com.rti.ndds.nddsgen.Main Running rtiddsgen version 2.5.2, please wait ...
[18.237s] INFO com.rti.ndds.nddsgen.Main Done
[18.373s] INFO com.rti.ndds.nddsgen.Main Running rtiddsgen version 2.5.2, please wait ...
[18.373s] INFO com.rti.ndds.nddsgen.Main Done
[18.499s] INFO com.rti.ndds.nddsgen.Main Running rtiddsgen version 2.5.2, please wait ...
[18.499s] INFO com.rti.ndds.nddsgen.Main Done
[18.640s] INFO com.rti.ndds.nddsgen.Main Running rtiddsgen version 2.5.2, please wait ...
[18.640s] INFO com.rti.ndds.nddsgen.Main Done
[18.785s] INFO com.rti.ndds.nddsgen.Main Running rtiddsgen version 2.5.2, please wait ...
[18.785s] INFO com.rti.ndds.nddsgen.Main Done
[18.816s] [35m[1mScanning dependencies of target dwb_msgs__rosidl_typesupport_fastrtps_c[0m
[18.856s] [ 41%] [32mBuilding CXX object CMakeFiles/dwb_msgs__rosidl_typesupport_fastrtps_c.dir/rosidl_typesupport_fastrtps_c/dwb_msgs/msg/detail/critic_score__type_support_c.cpp.o[0m
[18.856s] [ 41%] [32mBuilding CXX object CMakeFiles/dwb_msgs__rosidl_typesupport_fastrtps_c.dir/rosidl_typesupport_fastrtps_c/dwb_msgs/msg/detail/trajectory_score__type_support_c.cpp.o[0m
[18.858s] [ 41%] [32mBuilding CXX object CMakeFiles/dwb_msgs__rosidl_typesupport_fastrtps_c.dir/rosidl_typesupport_fastrtps_c/dwb_msgs/msg/detail/local_plan_evaluation__type_support_c.cpp.o[0m
[18.859s] [ 42%] [32mBuilding CXX object CMakeFiles/dwb_msgs__rosidl_typesupport_fastrtps_c.dir/rosidl_typesupport_fastrtps_c/dwb_msgs/msg/detail/trajectory2_d__type_support_c.cpp.o[0m
[18.864s] [ 43%] [32mBuilding CXX object CMakeFiles/dwb_msgs__rosidl_typesupport_fastrtps_c.dir/rosidl_typesupport_fastrtps_c/dwb_msgs/srv/detail/debug_local_plan__type_support_c.cpp.o[0m
[18.867s] [ 43%] [32mBuilding CXX object CMakeFiles/dwb_msgs__rosidl_typesupport_fastrtps_c.dir/rosidl_typesupport_fastrtps_c/dwb_msgs/srv/detail/generate_trajectory__type_support_c.cpp.o[0m
[18.867s] [ 44%] [32mBuilding CXX object CMakeFiles/dwb_msgs__rosidl_typesupport_fastrtps_c.dir/rosidl_typesupport_fastrtps_c/dwb_msgs/srv/detail/generate_twists__type_support_c.cpp.o[0m
[19.022s] INFO com.rti.ndds.nddsgen.Main Running rtiddsgen version 2.5.2, please wait ...
[19.022s] INFO com.rti.ndds.nddsgen.Main Done
[19.263s] [ 45%] [32mBuilding CXX object CMakeFiles/dwb_msgs__rosidl_typesupport_fastrtps_c.dir/rosidl_typesupport_fastrtps_c/dwb_msgs/srv/detail/score_trajectory__type_support_c.cpp.o[0m
[19.280s] [ 45%] [32mBuilding CXX object CMakeFiles/dwb_msgs__rosidl_typesupport_fastrtps_c.dir/rosidl_typesupport_fastrtps_c/dwb_msgs/srv/detail/get_critic_score__type_support_c.cpp.o[0m
[19.285s] INFO com.rti.ndds.nddsgen.Main Running rtiddsgen version 2.5.2, please wait ...
[19.285s] INFO com.rti.ndds.nddsgen.Main Done
[19.454s] [35m[1mScanning dependencies of target dwb_msgs__rosidl_typesupport_connext_cpp[0m
[19.630s] [ 46%] [32mBuilding CXX object CMakeFiles/dwb_msgs__rosidl_typesupport_connext_cpp.dir/rosidl_typesupport_connext_cpp/dwb_msgs/msg/dds_connext/critic_score__type_support.cpp.o[0m
[19.631s] [ 47%] [32mBuilding CXX object CMakeFiles/dwb_msgs__rosidl_typesupport_connext_cpp.dir/rosidl_typesupport_connext_cpp/dwb_msgs/msg/dds_connext/trajectory2_d__type_support.cpp.o[0m
[19.631s] [ 47%] [32mBuilding CXX object CMakeFiles/dwb_msgs__rosidl_typesupport_connext_cpp.dir/rosidl_typesupport_connext_cpp/dwb_msgs/msg/dds_connext/local_plan_evaluation__type_support.cpp.o[0m
[19.631s] [ 48%] [32mBuilding CXX object CMakeFiles/dwb_msgs__rosidl_typesupport_connext_cpp.dir/rosidl_typesupport_connext_cpp/dwb_msgs/msg/dds_connext/trajectory_score__type_support.cpp.o[0m
[19.632s] [ 48%] [32mBuilding CXX object CMakeFiles/dwb_msgs__rosidl_typesupport_connext_cpp.dir/rosidl_typesupport_connext_cpp/dwb_msgs/srv/dds_connext/debug_local_plan__type_support.cpp.o[0m
[19.634s] [ 49%] [32mBuilding CXX object CMakeFiles/dwb_msgs__rosidl_typesupport_connext_cpp.dir/rosidl_typesupport_connext_cpp/dwb_msgs/srv/dds_connext/generate_trajectory__type_support.cpp.o[0m
[19.635s] [ 49%] [32mBuilding CXX object CMakeFiles/dwb_msgs__rosidl_typesupport_connext_cpp.dir/rosidl_typesupport_connext_cpp/dwb_msgs/srv/dds_connext/generate_twists__type_support.cpp.o[0m
[19.765s] [ 50%] [32m[1mLinking CXX shared library libdwb_msgs__rosidl_typesupport_fastrtps_c.so[0m
[19.873s] [ 50%] Built target dwb_msgs__rosidl_typesupport_fastrtps_c
[20.241s] [ 51%] [32mBuilding CXX object CMakeFiles/dwb_msgs__rosidl_typesupport_connext_cpp.dir/rosidl_typesupport_connext_cpp/dwb_msgs/msg/dds_connext/CriticScore_Support.cxx.o[0m
[20.251s] [ 52%] [32mBuilding CXX object CMakeFiles/dwb_msgs__rosidl_typesupport_connext_cpp.dir/rosidl_typesupport_connext_cpp/dwb_msgs/msg/dds_connext/LocalPlanEvaluation_.cxx.o[0m
[20.325s] [ 52%] [32mBuilding CXX object CMakeFiles/dwb_msgs__rosidl_typesupport_connext_cpp.dir/rosidl_typesupport_connext_cpp/dwb_msgs/msg/dds_connext/LocalPlanEvaluation_Plugin.cxx.o[0m
[20.457s] [ 53%] [32mBuilding CXX object CMakeFiles/dwb_msgs__rosidl_typesupport_connext_cpp.dir/rosidl_typesupport_connext_cpp/dwb_msgs/srv/dds_connext/score_trajectory__type_support.cpp.o[0m
[20.458s] [ 53%] [32mBuilding CXX object CMakeFiles/dwb_msgs__rosidl_typesupport_connext_cpp.dir/rosidl_typesupport_connext_cpp/dwb_msgs/msg/dds_connext/CriticScore_Plugin.cxx.o[0m
[20.460s] [ 53%] [32mBuilding CXX object CMakeFiles/dwb_msgs__rosidl_typesupport_connext_cpp.dir/rosidl_typesupport_connext_cpp/dwb_msgs/msg/dds_connext/LocalPlanEvaluation_Support.cxx.o[0m
[20.462s] [ 54%] [32mBuilding CXX object CMakeFiles/dwb_msgs__rosidl_typesupport_connext_cpp.dir/rosidl_typesupport_connext_cpp/dwb_msgs/srv/dds_connext/get_critic_score__type_support.cpp.o[0m
[20.464s] [ 55%] [32mBuilding CXX object CMakeFiles/dwb_msgs__rosidl_typesupport_connext_cpp.dir/rosidl_typesupport_connext_cpp/dwb_msgs/msg/dds_connext/CriticScore_.cxx.o[0m
[20.754s] [ 55%] [32mBuilding CXX object CMakeFiles/dwb_msgs__rosidl_typesupport_connext_cpp.dir/rosidl_typesupport_connext_cpp/dwb_msgs/msg/dds_connext/Trajectory2D_.cxx.o[0m
[20.764s] [ 56%] [32mBuilding CXX object CMakeFiles/dwb_msgs__rosidl_typesupport_connext_cpp.dir/rosidl_typesupport_connext_cpp/dwb_msgs/msg/dds_connext/Trajectory2D_Plugin.cxx.o[0m
[20.804s] [ 56%] [32mBuilding CXX object CMakeFiles/dwb_msgs__rosidl_typesupport_connext_cpp.dir/rosidl_typesupport_connext_cpp/dwb_msgs/msg/dds_connext/Trajectory2D_Support.cxx.o[0m
[20.851s] [ 57%] [32mBuilding CXX object CMakeFiles/dwb_msgs__rosidl_typesupport_connext_cpp.dir/rosidl_typesupport_connext_cpp/dwb_msgs/msg/dds_connext/TrajectoryScore_.cxx.o[0m
[20.962s] [ 57%] [32mBuilding CXX object CMakeFiles/dwb_msgs__rosidl_typesupport_connext_cpp.dir/rosidl_typesupport_connext_cpp/dwb_msgs/msg/dds_connext/TrajectoryScore_Support.cxx.o[0m
[20.963s] [ 58%] [32mBuilding CXX object CMakeFiles/dwb_msgs__rosidl_typesupport_connext_cpp.dir/rosidl_typesupport_connext_cpp/dwb_msgs/msg/dds_connext/TrajectoryScore_Plugin.cxx.o[0m
[21.211s] [ 59%] [32mBuilding CXX object CMakeFiles/dwb_msgs__rosidl_typesupport_connext_cpp.dir/rosidl_typesupport_connext_cpp/dwb_msgs/srv/dds_connext/DebugLocalPlan_.cxx.o[0m
[21.223s] [ 59%] [32mBuilding CXX object CMakeFiles/dwb_msgs__rosidl_typesupport_connext_cpp.dir/rosidl_typesupport_connext_cpp/dwb_msgs/srv/dds_connext/DebugLocalPlan_Plugin.cxx.o[0m
[21.309s] [ 60%] [32mBuilding CXX object CMakeFiles/dwb_msgs__rosidl_typesupport_connext_cpp.dir/rosidl_typesupport_connext_cpp/dwb_msgs/srv/dds_connext/DebugLocalPlan_Support.cxx.o[0m
[21.475s] [ 60%] [32mBuilding CXX object CMakeFiles/dwb_msgs__rosidl_typesupport_connext_cpp.dir/rosidl_typesupport_connext_cpp/dwb_msgs/srv/dds_connext/GenerateTrajectory_.cxx.o[0m
[21.492s] [ 61%] [32mBuilding CXX object CMakeFiles/dwb_msgs__rosidl_typesupport_connext_cpp.dir/rosidl_typesupport_connext_cpp/dwb_msgs/srv/dds_connext/GenerateTrajectory_Plugin.cxx.o[0m
[21.505s] [ 62%] [32mBuilding CXX object CMakeFiles/dwb_msgs__rosidl_typesupport_connext_cpp.dir/rosidl_typesupport_connext_cpp/dwb_msgs/srv/dds_connext/GenerateTrajectory_Support.cxx.o[0m
[21.608s] [ 62%] [32mBuilding CXX object CMakeFiles/dwb_msgs__rosidl_typesupport_connext_cpp.dir/rosidl_typesupport_connext_cpp/dwb_msgs/srv/dds_connext/GenerateTwists_.cxx.o[0m
[21.644s] [ 63%] [32mBuilding CXX object CMakeFiles/dwb_msgs__rosidl_typesupport_connext_cpp.dir/rosidl_typesupport_connext_cpp/dwb_msgs/srv/dds_connext/GenerateTwists_Plugin.cxx.o[0m
[21.703s] [ 63%] [32mBuilding CXX object CMakeFiles/dwb_msgs__rosidl_typesupport_connext_cpp.dir/rosidl_typesupport_connext_cpp/dwb_msgs/srv/dds_connext/GenerateTwists_Support.cxx.o[0m
[21.767s] [ 63%] [32mBuilding CXX object CMakeFiles/dwb_msgs__rosidl_typesupport_connext_cpp.dir/rosidl_typesupport_connext_cpp/dwb_msgs/srv/dds_connext/GetCriticScore_Plugin.cxx.o[0m
[21.770s] [ 64%] [32mBuilding CXX object CMakeFiles/dwb_msgs__rosidl_typesupport_connext_cpp.dir/rosidl_typesupport_connext_cpp/dwb_msgs/srv/dds_connext/GetCriticScore_.cxx.o[0m
[21.835s] [ 65%] [32mBuilding CXX object CMakeFiles/dwb_msgs__rosidl_typesupport_connext_cpp.dir/rosidl_typesupport_connext_cpp/dwb_msgs/srv/dds_connext/GetCriticScore_Support.cxx.o[0m
[22.111s] [ 65%] [32mBuilding CXX object CMakeFiles/dwb_msgs__rosidl_typesupport_connext_cpp.dir/rosidl_typesupport_connext_cpp/dwb_msgs/srv/dds_connext/ScoreTrajectory_.cxx.o[0m
[22.269s] [ 66%] [32mBuilding CXX object CMakeFiles/dwb_msgs__rosidl_typesupport_connext_cpp.dir/rosidl_typesupport_connext_cpp/dwb_msgs/srv/dds_connext/ScoreTrajectory_Plugin.cxx.o[0m
[22.336s] [ 67%] [32mBuilding CXX object CMakeFiles/dwb_msgs__rosidl_typesupport_connext_cpp.dir/rosidl_typesupport_connext_cpp/dwb_msgs/srv/dds_connext/ScoreTrajectory_Support.cxx.o[0m
[22.969s] [ 67%] [32m[1mLinking CXX shared library libdwb_msgs__rosidl_typesupport_connext_cpp.so[0m
[23.358s] [ 67%] Built target dwb_msgs__rosidl_typesupport_connext_cpp
[23.369s] [ 68%] [34m[1mGenerating C type support for RTI Connext[0m
[23.959s] [35m[1mScanning dependencies of target dwb_msgs__rosidl_typesupport_connext_c[0m
[24.156s] [ 69%] [32mBuilding CXX object CMakeFiles/dwb_msgs__rosidl_typesupport_connext_c.dir/rosidl_typesupport_connext_c/dwb_msgs/msg/dds_connext/critic_score__type_support_c.cpp.o[0m
[24.157s] [ 69%] [32mBuilding CXX object CMakeFiles/dwb_msgs__rosidl_typesupport_connext_c.dir/rosidl_typesupport_connext_c/dwb_msgs/msg/dds_connext/local_plan_evaluation__type_support_c.cpp.o[0m
[24.159s] [ 69%] [32mBuilding CXX object CMakeFiles/dwb_msgs__rosidl_typesupport_connext_c.dir/rosidl_typesupport_connext_c/dwb_msgs/srv/dds_connext/generate_trajectory__type_support_c.cpp.o[0m
[24.159s] [ 70%] [32mBuilding CXX object CMakeFiles/dwb_msgs__rosidl_typesupport_connext_c.dir/rosidl_typesupport_connext_c/dwb_msgs/msg/dds_connext/trajectory_score__type_support_c.cpp.o[0m
[24.159s] [ 70%] [32mBuilding CXX object CMakeFiles/dwb_msgs__rosidl_typesupport_connext_c.dir/rosidl_typesupport_connext_c/dwb_msgs/msg/dds_connext/trajectory2_d__type_support_c.cpp.o[0m
[24.160s] [ 71%] [32mBuilding CXX object CMakeFiles/dwb_msgs__rosidl_typesupport_connext_c.dir/rosidl_typesupport_connext_c/dwb_msgs/srv/dds_connext/debug_local_plan__type_support_c.cpp.o[0m
[24.160s] [ 72%] [32mBuilding CXX object CMakeFiles/dwb_msgs__rosidl_typesupport_connext_c.dir/rosidl_typesupport_connext_c/dwb_msgs/srv/dds_connext/generate_twists__type_support_c.cpp.o[0m
[24.619s] [ 73%] [32mBuilding CXX object CMakeFiles/dwb_msgs__rosidl_typesupport_connext_c.dir/rosidl_typesupport_connext_c/dwb_msgs/srv/dds_connext/score_trajectory__type_support_c.cpp.o[0m
[24.619s] [ 73%] [32mBuilding CXX object CMakeFiles/dwb_msgs__rosidl_typesupport_connext_c.dir/rosidl_typesupport_connext_cpp/dwb_msgs/msg/dds_connext/CriticScore_Support.cxx.o[0m
[24.619s] [ 74%] [32mBuilding CXX object CMakeFiles/dwb_msgs__rosidl_typesupport_connext_c.dir/rosidl_typesupport_connext_cpp/dwb_msgs/msg/dds_connext/CriticScore_.cxx.o[0m
[24.619s] [ 72%] [32mBuilding CXX object CMakeFiles/dwb_msgs__rosidl_typesupport_connext_c.dir/rosidl_typesupport_connext_cpp/dwb_msgs/msg/dds_connext/CriticScore_Plugin.cxx.o[0m
[24.725s] [ 74%] [32mBuilding CXX object CMakeFiles/dwb_msgs__rosidl_typesupport_connext_c.dir/rosidl_typesupport_connext_cpp/dwb_msgs/msg/dds_connext/LocalPlanEvaluation_.cxx.o[0m
[24.735s] [ 75%] [32mBuilding CXX object CMakeFiles/dwb_msgs__rosidl_typesupport_connext_c.dir/rosidl_typesupport_connext_cpp/dwb_msgs/msg/dds_connext/LocalPlanEvaluation_Plugin.cxx.o[0m
[24.753s] [ 76%] [32mBuilding CXX object CMakeFiles/dwb_msgs__rosidl_typesupport_connext_c.dir/rosidl_typesupport_connext_cpp/dwb_msgs/msg/dds_connext/LocalPlanEvaluation_Support.cxx.o[0m
[25.024s] [ 76%] [32mBuilding CXX object CMakeFiles/dwb_msgs__rosidl_typesupport_connext_c.dir/rosidl_typesupport_connext_cpp/dwb_msgs/msg/dds_connext/Trajectory2D_.cxx.o[0m
[25.228s] [ 77%] [32mBuilding CXX object CMakeFiles/dwb_msgs__rosidl_typesupport_connext_c.dir/rosidl_typesupport_connext_cpp/dwb_msgs/msg/dds_connext/Trajectory2D_Plugin.cxx.o[0m
[25.232s] [ 78%] [32mBuilding CXX object CMakeFiles/dwb_msgs__rosidl_typesupport_connext_c.dir/rosidl_typesupport_connext_c/dwb_msgs/srv/dds_connext/get_critic_score__type_support_c.cpp.o[0m
[25.265s] [ 79%] [32mBuilding CXX object CMakeFiles/dwb_msgs__rosidl_typesupport_connext_c.dir/rosidl_typesupport_connext_cpp/dwb_msgs/msg/dds_connext/TrajectoryScore_.cxx.o[0m
[25.312s] [ 79%] [32mBuilding CXX object CMakeFiles/dwb_msgs__rosidl_typesupport_connext_c.dir/rosidl_typesupport_connext_cpp/dwb_msgs/msg/dds_connext/TrajectoryScore_Plugin.cxx.o[0m
[25.354s] [ 80%] [32mBuilding CXX object CMakeFiles/dwb_msgs__rosidl_typesupport_connext_c.dir/rosidl_typesupport_connext_cpp/dwb_msgs/msg/dds_connext/TrajectoryScore_Support.cxx.o[0m
[25.389s] [ 81%] [32mBuilding CXX object CMakeFiles/dwb_msgs__rosidl_typesupport_connext_c.dir/rosidl_typesupport_connext_cpp/dwb_msgs/srv/dds_connext/DebugLocalPlan_.cxx.o[0m
[25.414s] [ 81%] [32mBuilding CXX object CMakeFiles/dwb_msgs__rosidl_typesupport_connext_c.dir/rosidl_typesupport_connext_cpp/dwb_msgs/srv/dds_connext/DebugLocalPlan_Plugin.cxx.o[0m
[25.471s] [ 82%] [32mBuilding CXX object CMakeFiles/dwb_msgs__rosidl_typesupport_connext_c.dir/rosidl_typesupport_connext_cpp/dwb_msgs/srv/dds_connext/DebugLocalPlan_Support.cxx.o[0m
[25.487s] [ 82%] [32mBuilding CXX object CMakeFiles/dwb_msgs__rosidl_typesupport_connext_c.dir/rosidl_typesupport_connext_cpp/dwb_msgs/msg/dds_connext/Trajectory2D_Support.cxx.o[0m
[25.608s] [ 82%] [32mBuilding CXX object CMakeFiles/dwb_msgs__rosidl_typesupport_connext_c.dir/rosidl_typesupport_connext_cpp/dwb_msgs/srv/dds_connext/GenerateTrajectory_.cxx.o[0m
[25.702s] [ 83%] [32mBuilding CXX object CMakeFiles/dwb_msgs__rosidl_typesupport_connext_c.dir/rosidl_typesupport_connext_cpp/dwb_msgs/srv/dds_connext/GenerateTrajectory_Plugin.cxx.o[0m
[25.893s] [ 83%] [32mBuilding CXX object CMakeFiles/dwb_msgs__rosidl_typesupport_connext_c.dir/rosidl_typesupport_connext_cpp/dwb_msgs/srv/dds_connext/GenerateTrajectory_Support.cxx.o[0m
[25.916s] [ 84%] [32mBuilding CXX object CMakeFiles/dwb_msgs__rosidl_typesupport_connext_c.dir/rosidl_typesupport_connext_cpp/dwb_msgs/srv/dds_connext/GenerateTwists_.cxx.o[0m
[26.031s] [ 84%] [32mBuilding CXX object CMakeFiles/dwb_msgs__rosidl_typesupport_connext_c.dir/rosidl_typesupport_connext_cpp/dwb_msgs/srv/dds_connext/GenerateTwists_Plugin.cxx.o[0m
[26.049s] [ 85%] [32mBuilding CXX object CMakeFiles/dwb_msgs__rosidl_typesupport_connext_c.dir/rosidl_typesupport_connext_cpp/dwb_msgs/srv/dds_connext/GenerateTwists_Support.cxx.o[0m
[26.199s] [ 86%] [32mBuilding CXX object CMakeFiles/dwb_msgs__rosidl_typesupport_connext_c.dir/rosidl_typesupport_connext_cpp/dwb_msgs/srv/dds_connext/GetCriticScore_.cxx.o[0m
[26.396s] [ 86%] [32mBuilding CXX object CMakeFiles/dwb_msgs__rosidl_typesupport_connext_c.dir/rosidl_typesupport_connext_cpp/dwb_msgs/srv/dds_connext/GetCriticScore_Plugin.cxx.o[0m
[26.425s] [ 87%] [32mBuilding CXX object CMakeFiles/dwb_msgs__rosidl_typesupport_connext_c.dir/rosidl_typesupport_connext_cpp/dwb_msgs/srv/dds_connext/ScoreTrajectory_.cxx.o[0m
[26.433s] [ 87%] [32mBuilding CXX object CMakeFiles/dwb_msgs__rosidl_typesupport_connext_c.dir/rosidl_typesupport_connext_cpp/dwb_msgs/srv/dds_connext/GetCriticScore_Support.cxx.o[0m
[26.437s] [ 88%] [32mBuilding CXX object CMakeFiles/dwb_msgs__rosidl_typesupport_connext_c.dir/rosidl_typesupport_connext_cpp/dwb_msgs/srv/dds_connext/ScoreTrajectory_Plugin.cxx.o[0m
[26.448s] [ 88%] [32mBuilding CXX object CMakeFiles/dwb_msgs__rosidl_typesupport_connext_c.dir/rosidl_typesupport_connext_cpp/dwb_msgs/srv/dds_connext/ScoreTrajectory_Support.cxx.o[0m
[27.263s] [ 89%] [32m[1mLinking CXX shared library libdwb_msgs__rosidl_typesupport_connext_c.so[0m
[27.678s] [ 90%] Built target dwb_msgs__rosidl_typesupport_connext_c
[27.685s] [35m[1mScanning dependencies of target dwb_msgs[0m
[27.694s] [ 90%] Built target dwb_msgs
[27.702s] [35m[1mScanning dependencies of target dwb_msgs__py[0m
[27.710s] [ 90%] [34m[1mGenerating Python code for ROS interfaces[0m
[29.455s] [ 90%] Built target dwb_msgs__py
[29.467s] [35m[1mScanning dependencies of target dwb_msgs__python[0m
[29.513s] [ 91%] [32mBuilding C object CMakeFiles/dwb_msgs__python.dir/rosidl_generator_py/dwb_msgs/msg/_critic_score_s.c.o[0m
[29.514s] [ 91%] [32mBuilding C object CMakeFiles/dwb_msgs__python.dir/rosidl_generator_py/dwb_msgs/msg/_trajectory_score_s.c.o[0m
[29.514s] [ 92%] [32mBuilding C object CMakeFiles/dwb_msgs__python.dir/rosidl_generator_py/dwb_msgs/msg/_trajectory2_d_s.c.o[0m
[29.516s] [ 92%] [32mBuilding C object CMakeFiles/dwb_msgs__python.dir/rosidl_generator_py/dwb_msgs/msg/_local_plan_evaluation_s.c.o[0m
[29.521s] [ 92%] [32mBuilding C object CMakeFiles/dwb_msgs__python.dir/rosidl_generator_py/dwb_msgs/srv/_generate_twists_s.c.o[0m
[29.521s] [ 93%] [32mBuilding C object CMakeFiles/dwb_msgs__python.dir/rosidl_generator_py/dwb_msgs/srv/_debug_local_plan_s.c.o[0m
[29.524s] [ 94%] [32mBuilding C object CMakeFiles/dwb_msgs__python.dir/rosidl_generator_py/dwb_msgs/srv/_generate_trajectory_s.c.o[0m
[29.524s] [ 95%] [32mBuilding C object CMakeFiles/dwb_msgs__python.dir/rosidl_generator_py/dwb_msgs/srv/_get_critic_score_s.c.o[0m
[29.647s] [ 95%] [32mBuilding C object CMakeFiles/dwb_msgs__python.dir/rosidl_generator_py/dwb_msgs/srv/_score_trajectory_s.c.o[0m
[29.776s] [ 96%] [32m[1mLinking C shared library rosidl_generator_py/dwb_msgs/libdwb_msgs__python.so[0m
[29.839s] [ 96%] Built target dwb_msgs__python
[29.850s] [35m[1mScanning dependencies of target dwb_msgs__rosidl_typesupport_introspection_c__pyext[0m
[29.851s] [35m[1mScanning dependencies of target dwb_msgs__rosidl_typesupport_fastrtps_c__pyext[0m
[29.852s] [35m[1mScanning dependencies of target dwb_msgs__rosidl_typesupport_connext_c__pyext[0m
[29.860s] [35m[1mScanning dependencies of target dwb_msgs__rosidl_typesupport_c__pyext[0m
[29.875s] [ 97%] [32mBuilding C object CMakeFiles/dwb_msgs__rosidl_typesupport_introspection_c__pyext.dir/rosidl_generator_py/dwb_msgs/_dwb_msgs_s.ep.rosidl_typesupport_introspection_c.c.o[0m
[29.879s] [ 97%] [32mBuilding C object CMakeFiles/dwb_msgs__rosidl_typesupport_fastrtps_c__pyext.dir/rosidl_generator_py/dwb_msgs/_dwb_msgs_s.ep.rosidl_typesupport_fastrtps_c.c.o[0m
[29.884s] [ 98%] [32mBuilding C object CMakeFiles/dwb_msgs__rosidl_typesupport_connext_c__pyext.dir/rosidl_generator_py/dwb_msgs/_dwb_msgs_s.ep.rosidl_typesupport_connext_c.c.o[0m
[29.889s] [ 99%] [32mBuilding C object CMakeFiles/dwb_msgs__rosidl_typesupport_c__pyext.dir/rosidl_generator_py/dwb_msgs/_dwb_msgs_s.ep.rosidl_typesupport_c.c.o[0m
[30.015s] [100%] [32m[1mLinking CXX shared library rosidl_generator_py/dwb_msgs/dwb_msgs_s__rosidl_typesupport_fastrtps_c.cpython-38-x86_64-linux-gnu.so[0m
[30.022s] [100%] [32m[1mLinking C shared library rosidl_generator_py/dwb_msgs/dwb_msgs_s__rosidl_typesupport_introspection_c.cpython-38-x86_64-linux-gnu.so[0m
[30.041s] [100%] [32m[1mLinking C shared library rosidl_generator_py/dwb_msgs/dwb_msgs_s__rosidl_typesupport_connext_c.cpython-38-x86_64-linux-gnu.so[0m
[30.058s] [100%] [32m[1mLinking C shared library rosidl_generator_py/dwb_msgs/dwb_msgs_s__rosidl_typesupport_c.cpython-38-x86_64-linux-gnu.so[0m
[30.077s] [100%] Built target dwb_msgs__rosidl_typesupport_introspection_c__pyext
[30.097s] [100%] Built target dwb_msgs__rosidl_typesupport_fastrtps_c__pyext
[30.107s] [100%] Built target dwb_msgs__rosidl_typesupport_c__pyext
[30.193s] [100%] Built target dwb_msgs__rosidl_typesupport_connext_c__pyext
[39.382s] Invoked command in '/home/propp/Independent_Study/ros_workspace/build/dwb_msgs' returned '0': AMENT_PREFIX_PATH=/home/propp/Independent_Study/ros_workspace/install/nav_2d_msgs:${AMENT_PREFIX_PATH} CMAKE_PREFIX_PATH=/home/propp/Independent_Study/ros_workspace/install/nav_2d_msgs:/home/propp/Independent_Study/first_ros_package/src/first_ros_package/install/first_ros_package:/home/propp/ros2_foxy/ros2-linux:/home/propp/Independent_Study/src/Test_Ros/install/my_package LD_LIBRARY_PATH=/home/propp/Independent_Study/ros_workspace/install/nav_2d_msgs/lib:${LD_LIBRARY_PATH} PYTHONPATH=/home/propp/Independent_Study/ros_workspace/install/nav_2d_msgs/lib/python3.8/site-packages:${PYTHONPATH} /usr/bin/cmake --build /home/propp/Independent_Study/ros_workspace/build/dwb_msgs -- -j12 -l12
[40.301s] Invoking command in '/home/propp/Independent_Study/ros_workspace/build/dwb_msgs': AMENT_PREFIX_PATH=/home/propp/Independent_Study/ros_workspace/install/nav_2d_msgs:${AMENT_PREFIX_PATH} CMAKE_PREFIX_PATH=/home/propp/Independent_Study/ros_workspace/install/nav_2d_msgs:/home/propp/Independent_Study/first_ros_package/src/first_ros_package/install/first_ros_package:/home/propp/ros2_foxy/ros2-linux:/home/propp/Independent_Study/src/Test_Ros/install/my_package LD_LIBRARY_PATH=/home/propp/Independent_Study/ros_workspace/install/nav_2d_msgs/lib:${LD_LIBRARY_PATH} PYTHONPATH=/home/propp/Independent_Study/ros_workspace/install/nav_2d_msgs/lib/python3.8/site-packages:${PYTHONPATH} /usr/bin/cmake --install /home/propp/Independent_Study/ros_workspace/build/dwb_msgs
[40.321s] -- Install configuration: ""
[40.322s] -- Execute custom install script
[40.322s] -- Symlinking: /home/propp/Independent_Study/ros_workspace/install/dwb_msgs/share/ament_index/resource_index/rosidl_interfaces/dwb_msgs
[40.335s] -- Symlinking: /home/propp/Independent_Study/ros_workspace/install/dwb_msgs/include/dwb_msgs/msg/critic_score.h
[40.351s] -- Symlinking: /home/propp/Independent_Study/ros_workspace/install/dwb_msgs/include/dwb_msgs/msg/detail/critic_score__functions.h
[40.370s] -- Symlinking: /home/propp/Independent_Study/ros_workspace/install/dwb_msgs/include/dwb_msgs/msg/detail/critic_score__struct.h
[40.381s] -- Symlinking: /home/propp/Independent_Study/ros_workspace/install/dwb_msgs/include/dwb_msgs/msg/detail/critic_score__type_support.h
[40.393s] -- Symlinking: /home/propp/Independent_Study/ros_workspace/install/dwb_msgs/include/dwb_msgs/msg/detail/local_plan_evaluation__functions.h
[40.405s] -- Symlinking: /home/propp/Independent_Study/ros_workspace/install/dwb_msgs/include/dwb_msgs/msg/detail/local_plan_evaluation__struct.h
[40.420s] -- Symlinking: /home/propp/Independent_Study/ros_workspace/install/dwb_msgs/include/dwb_msgs/msg/detail/local_plan_evaluation__type_support.h
[40.432s] -- Symlinking: /home/propp/Independent_Study/ros_workspace/install/dwb_msgs/include/dwb_msgs/msg/detail/trajectory2_d__functions.h
[40.443s] -- Symlinking: /home/propp/Independent_Study/ros_workspace/install/dwb_msgs/include/dwb_msgs/msg/detail/trajectory2_d__struct.h
[40.455s] -- Symlinking: /home/propp/Independent_Study/ros_workspace/install/dwb_msgs/include/dwb_msgs/msg/detail/trajectory2_d__type_support.h
[40.466s] -- Symlinking: /home/propp/Independent_Study/ros_workspace/install/dwb_msgs/include/dwb_msgs/msg/detail/trajectory_score__functions.h
[40.477s] -- Symlinking: /home/propp/Independent_Study/ros_workspace/install/dwb_msgs/include/dwb_msgs/msg/detail/trajectory_score__struct.h
[40.487s] -- Symlinking: /home/propp/Independent_Study/ros_workspace/install/dwb_msgs/include/dwb_msgs/msg/detail/trajectory_score__type_support.h
[40.499s] -- Symlinking: /home/propp/Independent_Study/ros_workspace/install/dwb_msgs/include/dwb_msgs/msg/local_plan_evaluation.h
[40.509s] -- Symlinking: /home/propp/Independent_Study/ros_workspace/install/dwb_msgs/include/dwb_msgs/msg/rosidl_generator_c__visibility_control.h
[40.517s] -- Symlinking: /home/propp/Independent_Study/ros_workspace/install/dwb_msgs/include/dwb_msgs/msg/trajectory2_d.h
[40.526s] -- Symlinking: /home/propp/Independent_Study/ros_workspace/install/dwb_msgs/include/dwb_msgs/msg/trajectory_score.h
[40.536s] -- Symlinking: /home/propp/Independent_Study/ros_workspace/install/dwb_msgs/include/dwb_msgs/srv/debug_local_plan.h
[40.545s] -- Symlinking: /home/propp/Independent_Study/ros_workspace/install/dwb_msgs/include/dwb_msgs/srv/detail/debug_local_plan__functions.h
[40.555s] -- Symlinking: /home/propp/Independent_Study/ros_workspace/install/dwb_msgs/include/dwb_msgs/srv/detail/debug_local_plan__struct.h
[40.563s] -- Symlinking: /home/propp/Independent_Study/ros_workspace/install/dwb_msgs/include/dwb_msgs/srv/detail/debug_local_plan__type_support.h
[40.571s] -- Symlinking: /home/propp/Independent_Study/ros_workspace/install/dwb_msgs/include/dwb_msgs/srv/detail/generate_trajectory__functions.h
[40.579s] -- Symlinking: /home/propp/Independent_Study/ros_workspace/install/dwb_msgs/include/dwb_msgs/srv/detail/generate_trajectory__struct.h
[40.587s] -- Symlinking: /home/propp/Independent_Study/ros_workspace/install/dwb_msgs/include/dwb_msgs/srv/detail/generate_trajectory__type_support.h
[40.595s] -- Symlinking: /home/propp/Independent_Study/ros_workspace/install/dwb_msgs/include/dwb_msgs/srv/detail/generate_twists__functions.h
[40.603s] -- Symlinking: /home/propp/Independent_Study/ros_workspace/install/dwb_msgs/include/dwb_msgs/srv/detail/generate_twists__struct.h
[40.611s] -- Symlinking: /home/propp/Independent_Study/ros_workspace/install/dwb_msgs/include/dwb_msgs/srv/detail/generate_twists__type_support.h
[40.618s] -- Symlinking: /home/propp/Independent_Study/ros_workspace/install/dwb_msgs/include/dwb_msgs/srv/detail/get_critic_score__functions.h
[40.629s] -- Symlinking: /home/propp/Independent_Study/ros_workspace/install/dwb_msgs/include/dwb_msgs/srv/detail/get_critic_score__struct.h
[40.637s] -- Symlinking: /home/propp/Independent_Study/ros_workspace/install/dwb_msgs/include/dwb_msgs/srv/detail/get_critic_score__type_support.h
[40.645s] -- Symlinking: /home/propp/Independent_Study/ros_workspace/install/dwb_msgs/include/dwb_msgs/srv/detail/score_trajectory__functions.h
[40.653s] -- Symlinking: /home/propp/Independent_Study/ros_workspace/install/dwb_msgs/include/dwb_msgs/srv/detail/score_trajectory__struct.h
[40.661s] -- Symlinking: /home/propp/Independent_Study/ros_workspace/install/dwb_msgs/include/dwb_msgs/srv/detail/score_trajectory__type_support.h
[40.669s] -- Symlinking: /home/propp/Independent_Study/ros_workspace/install/dwb_msgs/include/dwb_msgs/srv/generate_trajectory.h
[40.676s] -- Symlinking: /home/propp/Independent_Study/ros_workspace/install/dwb_msgs/include/dwb_msgs/srv/generate_twists.h
[40.684s] -- Symlinking: /home/propp/Independent_Study/ros_workspace/install/dwb_msgs/include/dwb_msgs/srv/get_critic_score.h
[40.692s] -- Symlinking: /home/propp/Independent_Study/ros_workspace/install/dwb_msgs/include/dwb_msgs/srv/score_trajectory.h
[40.700s] -- Symlinking: /home/propp/Independent_Study/ros_workspace/install/dwb_msgs/share/dwb_msgs/environment/library_path.sh
[40.709s] -- Symlinking: /home/propp/Independent_Study/ros_workspace/install/dwb_msgs/share/dwb_msgs/environment/library_path.dsv
[40.717s] -- Symlinking: /home/propp/Independent_Study/ros_workspace/install/dwb_msgs/include/dwb_msgs/msg/critic_score__rosidl_typesupport_connext_c.h
[40.725s] -- Symlinking: /home/propp/Independent_Study/ros_workspace/install/dwb_msgs/include/dwb_msgs/msg/local_plan_evaluation__rosidl_typesupport_connext_c.h
[40.733s] -- Symlinking: /home/propp/Independent_Study/ros_workspace/install/dwb_msgs/include/dwb_msgs/msg/rosidl_typesupport_connext_c__visibility_control.h
[40.741s] -- Symlinking: /home/propp/Independent_Study/ros_workspace/install/dwb_msgs/include/dwb_msgs/msg/trajectory2_d__rosidl_typesupport_connext_c.h
[40.749s] -- Symlinking: /home/propp/Independent_Study/ros_workspace/install/dwb_msgs/include/dwb_msgs/msg/trajectory_score__rosidl_typesupport_connext_c.h
[40.757s] -- Symlinking: /home/propp/Independent_Study/ros_workspace/install/dwb_msgs/include/dwb_msgs/srv/debug_local_plan__rosidl_typesupport_connext_c.h
[40.765s] -- Symlinking: /home/propp/Independent_Study/ros_workspace/install/dwb_msgs/include/dwb_msgs/srv/generate_trajectory__rosidl_typesupport_connext_c.h
[40.773s] -- Symlinking: /home/propp/Independent_Study/ros_workspace/install/dwb_msgs/include/dwb_msgs/srv/generate_twists__rosidl_typesupport_connext_c.h
[40.781s] -- Symlinking: /home/propp/Independent_Study/ros_workspace/install/dwb_msgs/include/dwb_msgs/srv/get_critic_score__rosidl_typesupport_connext_c.h
[40.789s] -- Symlinking: /home/propp/Independent_Study/ros_workspace/install/dwb_msgs/include/dwb_msgs/srv/score_trajectory__rosidl_typesupport_connext_c.h
[40.797s] -- Symlinking: /home/propp/Independent_Study/ros_workspace/install/dwb_msgs/lib/libdwb_msgs__rosidl_typesupport_connext_c.so
[40.806s] -- Symlinking: /home/propp/Independent_Study/ros_workspace/install/dwb_msgs/share/dwb_msgs/msg/dds_connext/CriticScore_.idl
[40.814s] -- Symlinking: /home/propp/Independent_Study/ros_workspace/install/dwb_msgs/share/dwb_msgs/msg/dds_connext/LocalPlanEvaluation_.idl
[40.822s] -- Symlinking: /home/propp/Independent_Study/ros_workspace/install/dwb_msgs/share/dwb_msgs/msg/dds_connext/Trajectory2D_.idl
[40.830s] -- Symlinking: /home/propp/Independent_Study/ros_workspace/install/dwb_msgs/share/dwb_msgs/msg/dds_connext/TrajectoryScore_.idl
[40.838s] -- Symlinking: /home/propp/Independent_Study/ros_workspace/install/dwb_msgs/share/dwb_msgs/srv/dds_connext/DebugLocalPlan_.idl
[40.846s] -- Symlinking: /home/propp/Independent_Study/ros_workspace/install/dwb_msgs/share/dwb_msgs/srv/dds_connext/GenerateTrajectory_.idl
[40.854s] -- Symlinking: /home/propp/Independent_Study/ros_workspace/install/dwb_msgs/share/dwb_msgs/srv/dds_connext/GenerateTwists_.idl
[40.861s] -- Symlinking: /home/propp/Independent_Study/ros_workspace/install/dwb_msgs/share/dwb_msgs/srv/dds_connext/GetCriticScore_.idl
[40.869s] -- Symlinking: /home/propp/Independent_Study/ros_workspace/install/dwb_msgs/share/dwb_msgs/srv/dds_connext/ScoreTrajectory_.idl
[40.879s] -- Symlinking: /home/propp/Independent_Study/ros_workspace/install/dwb_msgs/include/dwb_msgs/msg/critic_score__rosidl_typesupport_connext_cpp.hpp
[40.887s] -- Symlinking: /home/propp/Independent_Study/ros_workspace/install/dwb_msgs/include/dwb_msgs/msg/dds_connext/CriticScore_.cxx
[40.896s] -- Symlinking: /home/propp/Independent_Study/ros_workspace/install/dwb_msgs/include/dwb_msgs/msg/dds_connext/CriticScore_.h
[40.907s] -- Symlinking: /home/propp/Independent_Study/ros_workspace/install/dwb_msgs/include/dwb_msgs/msg/dds_connext/CriticScore_Plugin.cxx
[40.916s] -- Symlinking: /home/propp/Independent_Study/ros_workspace/install/dwb_msgs/include/dwb_msgs/msg/dds_connext/CriticScore_Plugin.h
[40.925s] -- Symlinking: /home/propp/Independent_Study/ros_workspace/install/dwb_msgs/include/dwb_msgs/msg/dds_connext/CriticScore_Support.cxx
[40.935s] -- Symlinking: /home/propp/Independent_Study/ros_workspace/install/dwb_msgs/include/dwb_msgs/msg/dds_connext/CriticScore_Support.h
[40.942s] -- Symlinking: /home/propp/Independent_Study/ros_workspace/install/dwb_msgs/include/dwb_msgs/msg/dds_connext/LocalPlanEvaluation_.cxx
[40.950s] -- Symlinking: /home/propp/Independent_Study/ros_workspace/install/dwb_msgs/include/dwb_msgs/msg/dds_connext/LocalPlanEvaluation_.h
[40.960s] -- Symlinking: /home/propp/Independent_Study/ros_workspace/install/dwb_msgs/include/dwb_msgs/msg/dds_connext/LocalPlanEvaluation_Plugin.cxx
[40.971s] -- Symlinking: /home/propp/Independent_Study/ros_workspace/install/dwb_msgs/include/dwb_msgs/msg/dds_connext/LocalPlanEvaluation_Plugin.h
[40.980s] -- Symlinking: /home/propp/Independent_Study/ros_workspace/install/dwb_msgs/include/dwb_msgs/msg/dds_connext/LocalPlanEvaluation_Support.cxx
[40.990s] -- Symlinking: /home/propp/Independent_Study/ros_workspace/install/dwb_msgs/include/dwb_msgs/msg/dds_connext/LocalPlanEvaluation_Support.h
[41.000s] -- Symlinking: /home/propp/Independent_Study/ros_workspace/install/dwb_msgs/include/dwb_msgs/msg/dds_connext/Trajectory2D_.cxx
[41.009s] -- Symlinking: /home/propp/Independent_Study/ros_workspace/install/dwb_msgs/include/dwb_msgs/msg/dds_connext/Trajectory2D_.h
[41.019s] -- Symlinking: /home/propp/Independent_Study/ros_workspace/install/dwb_msgs/include/dwb_msgs/msg/dds_connext/Trajectory2D_Plugin.cxx
[41.028s] -- Symlinking: /home/propp/Independent_Study/ros_workspace/install/dwb_msgs/include/dwb_msgs/msg/dds_connext/Trajectory2D_Plugin.h
[41.037s] -- Symlinking: /home/propp/Independent_Study/ros_workspace/install/dwb_msgs/include/dwb_msgs/msg/dds_connext/Trajectory2D_Support.cxx
[41.047s] -- Symlinking: /home/propp/Independent_Study/ros_workspace/install/dwb_msgs/include/dwb_msgs/msg/dds_connext/Trajectory2D_Support.h
[41.057s] -- Symlinking: /home/propp/Independent_Study/ros_workspace/install/dwb_msgs/include/dwb_msgs/msg/dds_connext/TrajectoryScore_.cxx
[41.066s] -- Symlinking: /home/propp/Independent_Study/ros_workspace/install/dwb_msgs/include/dwb_msgs/msg/dds_connext/TrajectoryScore_.h
[41.076s] -- Symlinking: /home/propp/Independent_Study/ros_workspace/install/dwb_msgs/include/dwb_msgs/msg/dds_connext/TrajectoryScore_Plugin.cxx
[41.085s] -- Symlinking: /home/propp/Independent_Study/ros_workspace/install/dwb_msgs/include/dwb_msgs/msg/dds_connext/TrajectoryScore_Plugin.h
[41.095s] -- Symlinking: /home/propp/Independent_Study/ros_workspace/install/dwb_msgs/include/dwb_msgs/msg/dds_connext/TrajectoryScore_Support.cxx
[41.105s] -- Symlinking: /home/propp/Independent_Study/ros_workspace/install/dwb_msgs/include/dwb_msgs/msg/dds_connext/TrajectoryScore_Support.h
[41.115s] -- Symlinking: /home/propp/Independent_Study/ros_workspace/install/dwb_msgs/include/dwb_msgs/msg/local_plan_evaluation__rosidl_typesupport_connext_cpp.hpp
[41.124s] -- Symlinking: /home/propp/Independent_Study/ros_workspace/install/dwb_msgs/include/dwb_msgs/msg/rosidl_typesupport_connext_cpp__visibility_control.h
[41.133s] -- Symlinking: /home/propp/Independent_Study/ros_workspace/install/dwb_msgs/include/dwb_msgs/msg/trajectory2_d__rosidl_typesupport_connext_cpp.hpp
[41.141s] -- Symlinking: /home/propp/Independent_Study/ros_workspace/install/dwb_msgs/include/dwb_msgs/msg/trajectory_score__rosidl_typesupport_connext_cpp.hpp
[41.149s] -- Symlinking: /home/propp/Independent_Study/ros_workspace/install/dwb_msgs/include/dwb_msgs/srv/dds_connext/DebugLocalPlan_.cxx
[41.157s] -- Symlinking: /home/propp/Independent_Study/ros_workspace/install/dwb_msgs/include/dwb_msgs/srv/dds_connext/DebugLocalPlan_.h
[41.164s] -- Symlinking: /home/propp/Independent_Study/ros_workspace/install/dwb_msgs/include/dwb_msgs/srv/dds_connext/DebugLocalPlan_Plugin.cxx
[41.172s] -- Symlinking: /home/propp/Independent_Study/ros_workspace/install/dwb_msgs/include/dwb_msgs/srv/dds_connext/DebugLocalPlan_Plugin.h
[41.179s] -- Symlinking: /home/propp/Independent_Study/ros_workspace/install/dwb_msgs/include/dwb_msgs/srv/dds_connext/DebugLocalPlan_Support.cxx
[41.187s] -- Symlinking: /home/propp/Independent_Study/ros_workspace/install/dwb_msgs/include/dwb_msgs/srv/dds_connext/DebugLocalPlan_Support.h
[41.195s] -- Symlinking: /home/propp/Independent_Study/ros_workspace/install/dwb_msgs/include/dwb_msgs/srv/dds_connext/GenerateTrajectory_.cxx
[41.203s] -- Symlinking: /home/propp/Independent_Study/ros_workspace/install/dwb_msgs/include/dwb_msgs/srv/dds_connext/GenerateTrajectory_.h
[41.211s] -- Symlinking: /home/propp/Independent_Study/ros_workspace/install/dwb_msgs/include/dwb_msgs/srv/dds_connext/GenerateTrajectory_Plugin.cxx
[41.220s] -- Symlinking: /home/propp/Independent_Study/ros_workspace/install/dwb_msgs/include/dwb_msgs/srv/dds_connext/GenerateTrajectory_Plugin.h
[41.228s] -- Symlinking: /home/propp/Independent_Study/ros_workspace/install/dwb_msgs/include/dwb_msgs/srv/dds_connext/GenerateTrajectory_Support.cxx
[41.235s] -- Symlinking: /home/propp/Independent_Study/ros_workspace/install/dwb_msgs/include/dwb_msgs/srv/dds_connext/GenerateTrajectory_Support.h
[41.243s] -- Symlinking: /home/propp/Independent_Study/ros_workspace/install/dwb_msgs/include/dwb_msgs/srv/dds_connext/GenerateTwists_.cxx
[41.251s] -- Symlinking: /home/propp/Independent_Study/ros_workspace/install/dwb_msgs/include/dwb_msgs/srv/dds_connext/GenerateTwists_.h
[41.258s] -- Symlinking: /home/propp/Independent_Study/ros_workspace/install/dwb_msgs/include/dwb_msgs/srv/dds_connext/GenerateTwists_Plugin.cxx
[41.266s] -- Symlinking: /home/propp/Independent_Study/ros_workspace/install/dwb_msgs/include/dwb_msgs/srv/dds_connext/GenerateTwists_Plugin.h
[41.273s] -- Symlinking: /home/propp/Independent_Study/ros_workspace/install/dwb_msgs/include/dwb_msgs/srv/dds_connext/GenerateTwists_Support.cxx
[41.283s] -- Symlinking: /home/propp/Independent_Study/ros_workspace/install/dwb_msgs/include/dwb_msgs/srv/dds_connext/GenerateTwists_Support.h
[41.292s] -- Symlinking: /home/propp/Independent_Study/ros_workspace/install/dwb_msgs/include/dwb_msgs/srv/dds_connext/GetCriticScore_.cxx
[41.301s] -- Symlinking: /home/propp/Independent_Study/ros_workspace/install/dwb_msgs/include/dwb_msgs/srv/dds_connext/GetCriticScore_.h
[41.310s] -- Symlinking: /home/propp/Independent_Study/ros_workspace/install/dwb_msgs/include/dwb_msgs/srv/dds_connext/GetCriticScore_Plugin.cxx
[41.320s] -- Symlinking: /home/propp/Independent_Study/ros_workspace/install/dwb_msgs/include/dwb_msgs/srv/dds_connext/GetCriticScore_Plugin.h
[41.329s] -- Symlinking: /home/propp/Independent_Study/ros_workspace/install/dwb_msgs/include/dwb_msgs/srv/dds_connext/GetCriticScore_Support.cxx
[41.338s] -- Symlinking: /home/propp/Independent_Study/ros_workspace/install/dwb_msgs/include/dwb_msgs/srv/dds_connext/GetCriticScore_Support.h
[41.348s] -- Symlinking: /home/propp/Independent_Study/ros_workspace/install/dwb_msgs/include/dwb_msgs/srv/dds_connext/ScoreTrajectory_.cxx
[41.358s] -- Symlinking: /home/propp/Independent_Study/ros_workspace/install/dwb_msgs/include/dwb_msgs/srv/dds_connext/ScoreTrajectory_.h
[41.368s] -- Symlinking: /home/propp/Independent_Study/ros_workspace/install/dwb_msgs/include/dwb_msgs/srv/dds_connext/ScoreTrajectory_Plugin.cxx
[41.377s] -- Symlinking: /home/propp/Independent_Study/ros_workspace/install/dwb_msgs/include/dwb_msgs/srv/dds_connext/ScoreTrajectory_Plugin.h
[41.388s] -- Symlinking: /home/propp/Independent_Study/ros_workspace/install/dwb_msgs/include/dwb_msgs/srv/dds_connext/ScoreTrajectory_Support.cxx
[41.398s] -- Symlinking: /home/propp/Independent_Study/ros_workspace/install/dwb_msgs/include/dwb_msgs/srv/dds_connext/ScoreTrajectory_Support.h
[41.408s] -- Symlinking: /home/propp/Independent_Study/ros_workspace/install/dwb_msgs/include/dwb_msgs/srv/debug_local_plan__rosidl_typesupport_connext_cpp.hpp
[41.417s] -- Symlinking: /home/propp/Independent_Study/ros_workspace/install/dwb_msgs/include/dwb_msgs/srv/generate_trajectory__rosidl_typesupport_connext_cpp.hpp
[41.426s] -- Symlinking: /home/propp/Independent_Study/ros_workspace/install/dwb_msgs/include/dwb_msgs/srv/generate_twists__rosidl_typesupport_connext_cpp.hpp
[41.436s] -- Symlinking: /home/propp/Independent_Study/ros_workspace/install/dwb_msgs/include/dwb_msgs/srv/get_critic_score__rosidl_typesupport_connext_cpp.hpp
[41.445s] -- Symlinking: /home/propp/Independent_Study/ros_workspace/install/dwb_msgs/include/dwb_msgs/srv/score_trajectory__rosidl_typesupport_connext_cpp.hpp
[41.455s] -- Symlinking: /home/propp/Independent_Study/ros_workspace/install/dwb_msgs/lib/libdwb_msgs__rosidl_typesupport_connext_cpp.so
[41.466s] -- Symlinking: /home/propp/Independent_Study/ros_workspace/install/dwb_msgs/include/dwb_msgs/msg/detail/critic_score__rosidl_typesupport_fastrtps_c.h
[41.475s] -- Symlinking: /home/propp/Independent_Study/ros_workspace/install/dwb_msgs/include/dwb_msgs/msg/detail/local_plan_evaluation__rosidl_typesupport_fastrtps_c.h
[41.484s] -- Symlinking: /home/propp/Independent_Study/ros_workspace/install/dwb_msgs/include/dwb_msgs/msg/detail/trajectory2_d__rosidl_typesupport_fastrtps_c.h
[41.493s] -- Symlinking: /home/propp/Independent_Study/ros_workspace/install/dwb_msgs/include/dwb_msgs/msg/detail/trajectory_score__rosidl_typesupport_fastrtps_c.h
[41.502s] -- Symlinking: /home/propp/Independent_Study/ros_workspace/install/dwb_msgs/include/dwb_msgs/msg/rosidl_typesupport_fastrtps_c__visibility_control.h
[41.512s] -- Symlinking: /home/propp/Independent_Study/ros_workspace/install/dwb_msgs/include/dwb_msgs/srv/detail/debug_local_plan__rosidl_typesupport_fastrtps_c.h
[41.521s] -- Symlinking: /home/propp/Independent_Study/ros_workspace/install/dwb_msgs/include/dwb_msgs/srv/detail/generate_trajectory__rosidl_typesupport_fastrtps_c.h
[41.530s] -- Symlinking: /home/propp/Independent_Study/ros_workspace/install/dwb_msgs/include/dwb_msgs/srv/detail/generate_twists__rosidl_typesupport_fastrtps_c.h
[41.539s] -- Symlinking: /home/propp/Independent_Study/ros_workspace/install/dwb_msgs/include/dwb_msgs/srv/detail/get_critic_score__rosidl_typesupport_fastrtps_c.h
[41.549s] -- Symlinking: /home/propp/Independent_Study/ros_workspace/install/dwb_msgs/include/dwb_msgs/srv/detail/score_trajectory__rosidl_typesupport_fastrtps_c.h
[41.559s] -- Symlinking: /home/propp/Independent_Study/ros_workspace/install/dwb_msgs/lib/libdwb_msgs__rosidl_typesupport_fastrtps_c.so
[41.570s] -- Symlinking: /home/propp/Independent_Study/ros_workspace/install/dwb_msgs/include/dwb_msgs/msg/detail/critic_score__rosidl_typesupport_fastrtps_cpp.hpp
[41.580s] -- Symlinking: /home/propp/Independent_Study/ros_workspace/install/dwb_msgs/include/dwb_msgs/msg/detail/local_plan_evaluation__rosidl_typesupport_fastrtps_cpp.hpp
[41.589s] -- Symlinking: /home/propp/Independent_Study/ros_workspace/install/dwb_msgs/include/dwb_msgs/msg/detail/trajectory2_d__rosidl_typesupport_fastrtps_cpp.hpp
[41.598s] -- Symlinking: /home/propp/Independent_Study/ros_workspace/install/dwb_msgs/include/dwb_msgs/msg/detail/trajectory_score__rosidl_typesupport_fastrtps_cpp.hpp
[41.607s] -- Symlinking: /home/propp/Independent_Study/ros_workspace/install/dwb_msgs/include/dwb_msgs/msg/rosidl_typesupport_fastrtps_cpp__visibility_control.h
[41.616s] -- Symlinking: /home/propp/Independent_Study/ros_workspace/install/dwb_msgs/include/dwb_msgs/srv/detail/debug_local_plan__rosidl_typesupport_fastrtps_cpp.hpp
[41.626s] -- Symlinking: /home/propp/Independent_Study/ros_workspace/install/dwb_msgs/include/dwb_msgs/srv/detail/generate_trajectory__rosidl_typesupport_fastrtps_cpp.hpp
[41.635s] -- Symlinking: /home/propp/Independent_Study/ros_workspace/install/dwb_msgs/include/dwb_msgs/srv/detail/generate_twists__rosidl_typesupport_fastrtps_cpp.hpp
[41.644s] -- Symlinking: /home/propp/Independent_Study/ros_workspace/install/dwb_msgs/include/dwb_msgs/srv/detail/get_critic_score__rosidl_typesupport_fastrtps_cpp.hpp
[41.654s] -- Symlinking: /home/propp/Independent_Study/ros_workspace/install/dwb_msgs/include/dwb_msgs/srv/detail/score_trajectory__rosidl_typesupport_fastrtps_cpp.hpp
[41.664s] -- Symlinking: /home/propp/Independent_Study/ros_workspace/install/dwb_msgs/lib/libdwb_msgs__rosidl_typesupport_fastrtps_cpp.so
[41.673s] -- Symlinking: /home/propp/Independent_Study/ros_workspace/install/dwb_msgs/include/dwb_msgs/msg/detail/critic_score__rosidl_typesupport_introspection_c.h
[41.683s] -- Symlinking: /home/propp/Independent_Study/ros_workspace/install/dwb_msgs/include/dwb_msgs/msg/detail/local_plan_evaluation__rosidl_typesupport_introspection_c.h
[41.693s] -- Symlinking: /home/propp/Independent_Study/ros_workspace/install/dwb_msgs/include/dwb_msgs/msg/detail/trajectory2_d__rosidl_typesupport_introspection_c.h
[41.702s] -- Symlinking: /home/propp/Independent_Study/ros_workspace/install/dwb_msgs/include/dwb_msgs/msg/detail/trajectory_score__rosidl_typesupport_introspection_c.h
[41.711s] -- Symlinking: /home/propp/Independent_Study/ros_workspace/install/dwb_msgs/include/dwb_msgs/msg/rosidl_typesupport_introspection_c__visibility_control.h
[41.719s] -- Symlinking: /home/propp/Independent_Study/ros_workspace/install/dwb_msgs/include/dwb_msgs/srv/detail/debug_local_plan__rosidl_typesupport_introspection_c.h
[41.727s] -- Symlinking: /home/propp/Independent_Study/ros_workspace/install/dwb_msgs/include/dwb_msgs/srv/detail/generate_trajectory__rosidl_typesupport_introspection_c.h
[41.735s] -- Symlinking: /home/propp/Independent_Study/ros_workspace/install/dwb_msgs/include/dwb_msgs/srv/detail/generate_twists__rosidl_typesupport_introspection_c.h
[41.742s] -- Symlinking: /home/propp/Independent_Study/ros_workspace/install/dwb_msgs/include/dwb_msgs/srv/detail/get_critic_score__rosidl_typesupport_introspection_c.h
[41.753s] -- Symlinking: /home/propp/Independent_Study/ros_workspace/install/dwb_msgs/include/dwb_msgs/srv/detail/score_trajectory__rosidl_typesupport_introspection_c.h
[41.764s] -- Symlinking: /home/propp/Independent_Study/ros_workspace/install/dwb_msgs/include/dwb_msgs/msg/critic_score.hpp
[41.775s] -- Symlinking: /home/propp/Independent_Study/ros_workspace/install/dwb_msgs/include/dwb_msgs/msg/detail/critic_score__builder.hpp
[41.785s] -- Symlinking: /home/propp/Independent_Study/ros_workspace/install/dwb_msgs/include/dwb_msgs/msg/detail/critic_score__struct.hpp
[41.796s] -- Symlinking: /home/propp/Independent_Study/ros_workspace/install/dwb_msgs/include/dwb_msgs/msg/detail/critic_score__traits.hpp
[41.806s] -- Symlinking: /home/propp/Independent_Study/ros_workspace/install/dwb_msgs/include/dwb_msgs/msg/detail/local_plan_evaluation__builder.hpp
[41.816s] -- Symlinking: /home/propp/Independent_Study/ros_workspace/install/dwb_msgs/include/dwb_msgs/msg/detail/local_plan_evaluation__struct.hpp
[41.826s] -- Symlinking: /home/propp/Independent_Study/ros_workspace/install/dwb_msgs/include/dwb_msgs/msg/detail/local_plan_evaluation__traits.hpp
[41.836s] -- Symlinking: /home/propp/Independent_Study/ros_workspace/install/dwb_msgs/include/dwb_msgs/msg/detail/trajectory2_d__builder.hpp
[41.846s] -- Symlinking: /home/propp/Independent_Study/ros_workspace/install/dwb_msgs/include/dwb_msgs/msg/detail/trajectory2_d__struct.hpp
[41.855s] -- Symlinking: /home/propp/Independent_Study/ros_workspace/install/dwb_msgs/include/dwb_msgs/msg/detail/trajectory2_d__traits.hpp
[41.866s] -- Symlinking: /home/propp/Independent_Study/ros_workspace/install/dwb_msgs/include/dwb_msgs/msg/detail/trajectory_score__builder.hpp
[41.876s] -- Symlinking: /home/propp/Independent_Study/ros_workspace/install/dwb_msgs/include/dwb_msgs/msg/detail/trajectory_score__struct.hpp
[41.884s] -- Symlinking: /home/propp/Independent_Study/ros_workspace/install/dwb_msgs/include/dwb_msgs/msg/detail/trajectory_score__traits.hpp
[41.891s] -- Symlinking: /home/propp/Independent_Study/ros_workspace/install/dwb_msgs/include/dwb_msgs/msg/local_plan_evaluation.hpp
[41.899s] -- Symlinking: /home/propp/Independent_Study/ros_workspace/install/dwb_msgs/include/dwb_msgs/msg/trajectory2_d.hpp
[41.907s] -- Symlinking: /home/propp/Independent_Study/ros_workspace/install/dwb_msgs/include/dwb_msgs/msg/trajectory_score.hpp
[41.915s] -- Symlinking: /home/propp/Independent_Study/ros_workspace/install/dwb_msgs/include/dwb_msgs/srv/debug_local_plan.hpp
[41.922s] -- Symlinking: /home/propp/Independent_Study/ros_workspace/install/dwb_msgs/include/dwb_msgs/srv/detail/debug_local_plan__builder.hpp
[41.930s] -- Symlinking: /home/propp/Independent_Study/ros_workspace/install/dwb_msgs/include/dwb_msgs/srv/detail/debug_local_plan__struct.hpp
[41.938s] -- Symlinking: /home/propp/Independent_Study/ros_workspace/install/dwb_msgs/include/dwb_msgs/srv/detail/debug_local_plan__traits.hpp
[41.945s] -- Symlinking: /home/propp/Independent_Study/ros_workspace/install/dwb_msgs/include/dwb_msgs/srv/detail/generate_trajectory__builder.hpp
[41.953s] -- Symlinking: /home/propp/Independent_Study/ros_workspace/install/dwb_msgs/include/dwb_msgs/srv/detail/generate_trajectory__struct.hpp
[41.961s] -- Symlinking: /home/propp/Independent_Study/ros_workspace/install/dwb_msgs/include/dwb_msgs/srv/detail/generate_trajectory__traits.hpp
[41.968s] -- Symlinking: /home/propp/Independent_Study/ros_workspace/install/dwb_msgs/include/dwb_msgs/srv/detail/generate_twists__builder.hpp
[41.979s] -- Symlinking: /home/propp/Independent_Study/ros_workspace/install/dwb_msgs/include/dwb_msgs/srv/detail/generate_twists__struct.hpp
[41.986s] -- Symlinking: /home/propp/Independent_Study/ros_workspace/install/dwb_msgs/include/dwb_msgs/srv/detail/generate_twists__traits.hpp
[41.994s] -- Symlinking: /home/propp/Independent_Study/ros_workspace/install/dwb_msgs/include/dwb_msgs/srv/detail/get_critic_score__builder.hpp
[42.001s] -- Symlinking: /home/propp/Independent_Study/ros_workspace/install/dwb_msgs/include/dwb_msgs/srv/detail/get_critic_score__struct.hpp
[42.009s] -- Symlinking: /home/propp/Independent_Study/ros_workspace/install/dwb_msgs/include/dwb_msgs/srv/detail/get_critic_score__traits.hpp
[42.017s] -- Symlinking: /home/propp/Independent_Study/ros_workspace/install/dwb_msgs/include/dwb_msgs/srv/detail/score_trajectory__builder.hpp
[42.024s] -- Symlinking: /home/propp/Independent_Study/ros_workspace/install/dwb_msgs/include/dwb_msgs/srv/detail/score_trajectory__struct.hpp
[42.031s] -- Symlinking: /home/propp/Independent_Study/ros_workspace/install/dwb_msgs/include/dwb_msgs/srv/detail/score_trajectory__traits.hpp
[42.039s] -- Symlinking: /home/propp/Independent_Study/ros_workspace/install/dwb_msgs/include/dwb_msgs/srv/generate_trajectory.hpp
[42.046s] -- Symlinking: /home/propp/Independent_Study/ros_workspace/install/dwb_msgs/include/dwb_msgs/srv/generate_twists.hpp
[42.053s] -- Symlinking: /home/propp/Independent_Study/ros_workspace/install/dwb_msgs/include/dwb_msgs/srv/get_critic_score.hpp
[42.063s] -- Symlinking: /home/propp/Independent_Study/ros_workspace/install/dwb_msgs/include/dwb_msgs/srv/score_trajectory.hpp
[42.071s] -- Symlinking: /home/propp/Independent_Study/ros_workspace/install/dwb_msgs/include/dwb_msgs/msg/detail/critic_score__rosidl_typesupport_introspection_cpp.hpp
[42.079s] -- Symlinking: /home/propp/Independent_Study/ros_workspace/install/dwb_msgs/include/dwb_msgs/msg/detail/local_plan_evaluation__rosidl_typesupport_introspection_cpp.hpp
[42.087s] -- Symlinking: /home/propp/Independent_Study/ros_workspace/install/dwb_msgs/include/dwb_msgs/msg/detail/trajectory2_d__rosidl_typesupport_introspection_cpp.hpp
[42.094s] -- Symlinking: /home/propp/Independent_Study/ros_workspace/install/dwb_msgs/include/dwb_msgs/msg/detail/trajectory_score__rosidl_typesupport_introspection_cpp.hpp
[42.102s] -- Symlinking: /home/propp/Independent_Study/ros_workspace/install/dwb_msgs/include/dwb_msgs/srv/detail/debug_local_plan__rosidl_typesupport_introspection_cpp.hpp
[42.110s] -- Symlinking: /home/propp/Independent_Study/ros_workspace/install/dwb_msgs/include/dwb_msgs/srv/detail/generate_trajectory__rosidl_typesupport_introspection_cpp.hpp
[42.118s] -- Symlinking: /home/propp/Independent_Study/ros_workspace/install/dwb_msgs/include/dwb_msgs/srv/detail/generate_twists__rosidl_typesupport_introspection_cpp.hpp
[42.126s] -- Symlinking: /home/propp/Independent_Study/ros_workspace/install/dwb_msgs/include/dwb_msgs/srv/detail/get_critic_score__rosidl_typesupport_introspection_cpp.hpp
[42.134s] -- Symlinking: /home/propp/Independent_Study/ros_workspace/install/dwb_msgs/include/dwb_msgs/srv/detail/score_trajectory__rosidl_typesupport_introspection_cpp.hpp
[42.142s] -- Symlinking: /home/propp/Independent_Study/ros_workspace/install/dwb_msgs/share/dwb_msgs/environment/pythonpath.sh
[42.150s] -- Symlinking: /home/propp/Independent_Study/ros_workspace/install/dwb_msgs/share/dwb_msgs/environment/pythonpath.dsv
[42.158s] -- Symlinking: /home/propp/Independent_Study/ros_workspace/install/dwb_msgs/lib/python3.8/site-packages/dwb_msgs/__init__.py
[42.166s] -- Symlinking: /home/propp/Independent_Study/ros_workspace/install/dwb_msgs/lib/python3.8/site-packages/dwb_msgs/msg/__init__.py
[42.174s] -- Symlinking: /home/propp/Independent_Study/ros_workspace/install/dwb_msgs/lib/python3.8/site-packages/dwb_msgs/msg/_critic_score.py
[42.184s] -- Symlinking: /home/propp/Independent_Study/ros_workspace/install/dwb_msgs/lib/python3.8/site-packages/dwb_msgs/msg/_local_plan_evaluation.py
[42.192s] -- Symlinking: /home/propp/Independent_Study/ros_workspace/install/dwb_msgs/lib/python3.8/site-packages/dwb_msgs/msg/_trajectory2_d.py
[42.199s] -- Symlinking: /home/propp/Independent_Study/ros_workspace/install/dwb_msgs/lib/python3.8/site-packages/dwb_msgs/msg/_trajectory_score.py
[42.208s] -- Symlinking: /home/propp/Independent_Study/ros_workspace/install/dwb_msgs/lib/python3.8/site-packages/dwb_msgs/srv/__init__.py
[42.216s] -- Symlinking: /home/propp/Independent_Study/ros_workspace/install/dwb_msgs/lib/python3.8/site-packages/dwb_msgs/srv/_debug_local_plan.py
[42.227s] -- Symlinking: /home/propp/Independent_Study/ros_workspace/install/dwb_msgs/lib/python3.8/site-packages/dwb_msgs/srv/_generate_trajectory.py
[42.234s] -- Symlinking: /home/propp/Independent_Study/ros_workspace/install/dwb_msgs/lib/python3.8/site-packages/dwb_msgs/srv/_generate_twists.py
[42.242s] -- Symlinking: /home/propp/Independent_Study/ros_workspace/install/dwb_msgs/lib/python3.8/site-packages/dwb_msgs/srv/_get_critic_score.py
[42.250s] -- Symlinking: /home/propp/Independent_Study/ros_workspace/install/dwb_msgs/lib/python3.8/site-packages/dwb_msgs/srv/_score_trajectory.py
[42.260s] -- Symlinking: /home/propp/Independent_Study/ros_workspace/install/dwb_msgs/lib/python3.8/site-packages/dwb_msgs/dwb_msgs_s__rosidl_typesupport_connext_c.cpython-38-x86_64-linux-gnu.so
[42.271s] -- Symlinking: /home/propp/Independent_Study/ros_workspace/install/dwb_msgs/lib/python3.8/site-packages/dwb_msgs/dwb_msgs_s__rosidl_typesupport_fastrtps_c.cpython-38-x86_64-linux-gnu.so
[42.278s] -- Symlinking: /home/propp/Independent_Study/ros_workspace/install/dwb_msgs/lib/python3.8/site-packages/dwb_msgs/dwb_msgs_s__rosidl_typesupport_introspection_c.cpython-38-x86_64-linux-gnu.so
[42.286s] -- Symlinking: /home/propp/Independent_Study/ros_workspace/install/dwb_msgs/lib/python3.8/site-packages/dwb_msgs/dwb_msgs_s__rosidl_typesupport_c.cpython-38-x86_64-linux-gnu.so
[42.294s] -- Symlinking: /home/propp/Independent_Study/ros_workspace/install/dwb_msgs/lib/libdwb_msgs__python.so
[42.301s] -- Symlinking: /home/propp/Independent_Study/ros_workspace/install/dwb_msgs/share/dwb_msgs/msg/CriticScore.idl
[42.309s] -- Symlinking: /home/propp/Independent_Study/ros_workspace/install/dwb_msgs/share/dwb_msgs/msg/LocalPlanEvaluation.idl
[42.316s] -- Symlinking: /home/propp/Independent_Study/ros_workspace/install/dwb_msgs/share/dwb_msgs/msg/Trajectory2D.idl
[42.324s] -- Symlinking: /home/propp/Independent_Study/ros_workspace/install/dwb_msgs/share/dwb_msgs/msg/TrajectoryScore.idl
[42.331s] -- Symlinking: /home/propp/Independent_Study/ros_workspace/install/dwb_msgs/share/dwb_msgs/srv/DebugLocalPlan.idl
[42.339s] -- Symlinking: /home/propp/Independent_Study/ros_workspace/install/dwb_msgs/share/dwb_msgs/srv/GenerateTrajectory.idl
[42.346s] -- Symlinking: /home/propp/Independent_Study/ros_workspace/install/dwb_msgs/share/dwb_msgs/srv/GenerateTwists.idl
[42.354s] -- Symlinking: /home/propp/Independent_Study/ros_workspace/install/dwb_msgs/share/dwb_msgs/srv/GetCriticScore.idl
[42.362s] -- Symlinking: /home/propp/Independent_Study/ros_workspace/install/dwb_msgs/share/dwb_msgs/srv/ScoreTrajectory.idl
[42.370s] -- Symlinking: /home/propp/Independent_Study/ros_workspace/install/dwb_msgs/share/dwb_msgs/msg/CriticScore.msg
[42.377s] -- Symlinking: /home/propp/Independent_Study/ros_workspace/install/dwb_msgs/share/dwb_msgs/msg/LocalPlanEvaluation.msg
[42.385s] -- Symlinking: /home/propp/Independent_Study/ros_workspace/install/dwb_msgs/share/dwb_msgs/msg/Trajectory2D.msg
[42.393s] -- Symlinking: /home/propp/Independent_Study/ros_workspace/install/dwb_msgs/share/dwb_msgs/msg/TrajectoryScore.msg
[42.401s] -- Symlinking: /home/propp/Independent_Study/ros_workspace/install/dwb_msgs/share/dwb_msgs/srv/DebugLocalPlan.srv
[42.409s] -- Symlinking: /home/propp/Independent_Study/ros_workspace/install/dwb_msgs/share/dwb_msgs/srv/DebugLocalPlan_Request.msg
[42.416s] -- Symlinking: /home/propp/Independent_Study/ros_workspace/install/dwb_msgs/share/dwb_msgs/srv/DebugLocalPlan_Response.msg
[42.424s] -- Symlinking: /home/propp/Independent_Study/ros_workspace/install/dwb_msgs/share/dwb_msgs/srv/GenerateTrajectory.srv
[42.434s] -- Symlinking: /home/propp/Independent_Study/ros_workspace/install/dwb_msgs/share/dwb_msgs/srv/GenerateTrajectory_Request.msg
[42.441s] -- Symlinking: /home/propp/Independent_Study/ros_workspace/install/dwb_msgs/share/dwb_msgs/srv/GenerateTrajectory_Response.msg
[42.449s] -- Symlinking: /home/propp/Independent_Study/ros_workspace/install/dwb_msgs/share/dwb_msgs/srv/GenerateTwists.srv
[42.457s] -- Symlinking: /home/propp/Independent_Study/ros_workspace/install/dwb_msgs/share/dwb_msgs/srv/GenerateTwists_Request.msg
[42.465s] -- Symlinking: /home/propp/Independent_Study/ros_workspace/install/dwb_msgs/share/dwb_msgs/srv/GenerateTwists_Response.msg
[42.473s] -- Symlinking: /home/propp/Independent_Study/ros_workspace/install/dwb_msgs/share/dwb_msgs/srv/GetCriticScore.srv
[42.480s] -- Symlinking: /home/propp/Independent_Study/ros_workspace/install/dwb_msgs/share/dwb_msgs/srv/GetCriticScore_Request.msg
[42.488s] -- Symlinking: /home/propp/Independent_Study/ros_workspace/install/dwb_msgs/share/dwb_msgs/srv/GetCriticScore_Response.msg
[42.496s] -- Symlinking: /home/propp/Independent_Study/ros_workspace/install/dwb_msgs/share/dwb_msgs/srv/ScoreTrajectory.srv
[42.503s] -- Symlinking: /home/propp/Independent_Study/ros_workspace/install/dwb_msgs/share/dwb_msgs/srv/ScoreTrajectory_Request.msg
[42.511s] -- Symlinking: /home/propp/Independent_Study/ros_workspace/install/dwb_msgs/share/dwb_msgs/srv/ScoreTrajectory_Response.msg
[42.519s] -- Symlinking: /home/propp/Independent_Study/ros_workspace/install/dwb_msgs/share/ament_index/resource_index/package_run_dependencies/dwb_msgs
[42.526s] -- Symlinking: /home/propp/Independent_Study/ros_workspace/install/dwb_msgs/share/ament_index/resource_index/parent_prefix_path/dwb_msgs
[42.534s] -- Symlinking: /home/propp/Independent_Study/ros_workspace/install/dwb_msgs/share/dwb_msgs/environment/ament_prefix_path.sh
[42.542s] -- Symlinking: /home/propp/Independent_Study/ros_workspace/install/dwb_msgs/share/dwb_msgs/environment/ament_prefix_path.dsv
[42.549s] -- Symlinking: /home/propp/Independent_Study/ros_workspace/install/dwb_msgs/share/dwb_msgs/environment/path.sh
[42.557s] -- Symlinking: /home/propp/Independent_Study/ros_workspace/install/dwb_msgs/share/dwb_msgs/environment/path.dsv
[42.565s] -- Symlinking: /home/propp/Independent_Study/ros_workspace/install/dwb_msgs/share/dwb_msgs/local_setup.bash
[42.573s] -- Symlinking: /home/propp/Independent_Study/ros_workspace/install/dwb_msgs/share/dwb_msgs/local_setup.sh
[42.581s] -- Symlinking: /home/propp/Independent_Study/ros_workspace/install/dwb_msgs/share/dwb_msgs/local_setup.zsh
[42.588s] -- Symlinking: /home/propp/Independent_Study/ros_workspace/install/dwb_msgs/share/dwb_msgs/local_setup.dsv
[42.596s] -- Symlinking: /home/propp/Independent_Study/ros_workspace/install/dwb_msgs/share/dwb_msgs/package.dsv
[42.603s] -- Symlinking: /home/propp/Independent_Study/ros_workspace/install/dwb_msgs/share/ament_index/resource_index/packages/dwb_msgs
[42.611s] -- Symlinking: /home/propp/Independent_Study/ros_workspace/install/dwb_msgs/share/dwb_msgs/cmake/rosidl_cmake-extras.cmake
[42.619s] -- Symlinking: /home/propp/Independent_Study/ros_workspace/install/dwb_msgs/share/dwb_msgs/cmake/ament_cmake_export_dependencies-extras.cmake
[42.626s] -- Symlinking: /home/propp/Independent_Study/ros_workspace/install/dwb_msgs/share/dwb_msgs/cmake/ament_cmake_export_libraries-extras.cmake
[42.633s] -- Symlinking: /home/propp/Independent_Study/ros_workspace/install/dwb_msgs/share/dwb_msgs/cmake/ament_cmake_export_targets-extras.cmake
[42.641s] -- Symlinking: /home/propp/Independent_Study/ros_workspace/install/dwb_msgs/share/dwb_msgs/cmake/ament_cmake_export_include_directories-extras.cmake
[42.648s] -- Symlinking: /home/propp/Independent_Study/ros_workspace/install/dwb_msgs/share/dwb_msgs/cmake/rosidl_cmake_export_typesupport_libraries-extras.cmake
[42.656s] -- Symlinking: /home/propp/Independent_Study/ros_workspace/install/dwb_msgs/share/dwb_msgs/cmake/rosidl_cmake_export_typesupport_targets-extras.cmake
[42.663s] -- Symlinking: /home/propp/Independent_Study/ros_workspace/install/dwb_msgs/share/dwb_msgs/cmake/dwb_msgsConfig.cmake
[42.670s] -- Symlinking: /home/propp/Independent_Study/ros_workspace/install/dwb_msgs/share/dwb_msgs/cmake/dwb_msgsConfig-version.cmake
[42.678s] -- Symlinking: /home/propp/Independent_Study/ros_workspace/install/dwb_msgs/share/dwb_msgs/package.xml
[42.685s] -- Installing: /home/propp/Independent_Study/ros_workspace/install/dwb_msgs/lib/libdwb_msgs__rosidl_generator_c.so
[42.685s] -- Set runtime path of "/home/propp/Independent_Study/ros_workspace/install/dwb_msgs/lib/libdwb_msgs__rosidl_generator_c.so" to ""
[42.685s] -- Installing: /home/propp/Independent_Study/ros_workspace/install/dwb_msgs/lib/libdwb_msgs__rosidl_typesupport_introspection_c.so
[42.686s] -- Set runtime path of "/home/propp/Independent_Study/ros_workspace/install/dwb_msgs/lib/libdwb_msgs__rosidl_typesupport_introspection_c.so" to ""
[42.686s] -- Installing: /home/propp/Independent_Study/ros_workspace/install/dwb_msgs/lib/libdwb_msgs__rosidl_typesupport_c.so
[42.686s] -- Set runtime path of "/home/propp/Independent_Study/ros_workspace/install/dwb_msgs/lib/libdwb_msgs__rosidl_typesupport_c.so" to ""
[42.686s] -- Installing: /home/propp/Independent_Study/ros_workspace/install/dwb_msgs/lib/libdwb_msgs__rosidl_typesupport_introspection_cpp.so
[42.686s] -- Set runtime path of "/home/propp/Independent_Study/ros_workspace/install/dwb_msgs/lib/libdwb_msgs__rosidl_typesupport_introspection_cpp.so" to ""
[42.687s] -- Installing: /home/propp/Independent_Study/ros_workspace/install/dwb_msgs/lib/libdwb_msgs__rosidl_typesupport_cpp.so
[42.687s] -- Set runtime path of "/home/propp/Independent_Study/ros_workspace/install/dwb_msgs/lib/libdwb_msgs__rosidl_typesupport_cpp.so" to ""
[42.711s] Compiling '/home/propp/Independent_Study/ros_workspace/install/dwb_msgs/lib/python3.8/site-packages/dwb_msgs/__init__.py'...
[42.715s] -- Installing: /home/propp/Independent_Study/ros_workspace/install/dwb_msgs/share/dwb_msgs/cmake/dwb_msgs__rosidl_generator_cExport.cmake
[42.715s] -- Installing: /home/propp/Independent_Study/ros_workspace/install/dwb_msgs/share/dwb_msgs/cmake/dwb_msgs__rosidl_generator_cExport-noconfig.cmake
[42.715s] -- Installing: /home/propp/Independent_Study/ros_workspace/install/dwb_msgs/share/dwb_msgs/cmake/dwb_msgs__rosidl_typesupport_introspection_cExport.cmake
[42.715s] -- Installing: /home/propp/Independent_Study/ros_workspace/install/dwb_msgs/share/dwb_msgs/cmake/dwb_msgs__rosidl_typesupport_introspection_cExport-noconfig.cmake
[42.716s] -- Installing: /home/propp/Independent_Study/ros_workspace/install/dwb_msgs/share/dwb_msgs/cmake/dwb_msgs__rosidl_typesupport_cExport.cmake
[42.716s] -- Installing: /home/propp/Independent_Study/ros_workspace/install/dwb_msgs/share/dwb_msgs/cmake/dwb_msgs__rosidl_typesupport_cExport-noconfig.cmake
[42.716s] -- Installing: /home/propp/Independent_Study/ros_workspace/install/dwb_msgs/share/dwb_msgs/cmake/dwb_msgs__rosidl_generator_cppExport.cmake
[42.716s] -- Installing: /home/propp/Independent_Study/ros_workspace/install/dwb_msgs/share/dwb_msgs/cmake/dwb_msgs__rosidl_typesupport_introspection_cppExport.cmake
[42.716s] -- Installing: /home/propp/Independent_Study/ros_workspace/install/dwb_msgs/share/dwb_msgs/cmake/dwb_msgs__rosidl_typesupport_introspection_cppExport-noconfig.cmake
[42.716s] -- Installing: /home/propp/Independent_Study/ros_workspace/install/dwb_msgs/share/dwb_msgs/cmake/dwb_msgs__rosidl_typesupport_cppExport.cmake
[42.716s] -- Installing: /home/propp/Independent_Study/ros_workspace/install/dwb_msgs/share/dwb_msgs/cmake/dwb_msgs__rosidl_typesupport_cppExport-noconfig.cmake
[42.720s] Invoked command in '/home/propp/Independent_Study/ros_workspace/build/dwb_msgs' returned '0': AMENT_PREFIX_PATH=/home/propp/Independent_Study/ros_workspace/install/nav_2d_msgs:${AMENT_PREFIX_PATH} CMAKE_PREFIX_PATH=/home/propp/Independent_Study/ros_workspace/install/nav_2d_msgs:/home/propp/Independent_Study/first_ros_package/src/first_ros_package/install/first_ros_package:/home/propp/ros2_foxy/ros2-linux:/home/propp/Independent_Study/src/Test_Ros/install/my_package LD_LIBRARY_PATH=/home/propp/Independent_Study/ros_workspace/install/nav_2d_msgs/lib:${LD_LIBRARY_PATH} PYTHONPATH=/home/propp/Independent_Study/ros_workspace/install/nav_2d_msgs/lib/python3.8/site-packages:${PYTHONPATH} /usr/bin/cmake --install /home/propp/Independent_Study/ros_workspace/build/dwb_msgs
