[0.203s] Invoking command in '/home/propp/Independent_Study/ros_workspace/src/ralph_py': PYTHONPATH=/home/propp/Independent_Study/ros_workspace/install/ralph_py/lib/python3.8/site-packages:${PYTHONPATH} /usr/bin/python3 setup.py egg_info --egg-base ../../build/ralph_py build --build-base /home/propp/Independent_Study/ros_workspace/build/ralph_py/build install --prefix /home/propp/Independent_Study/ros_workspace/install/ralph_py --record /home/propp/Independent_Study/ros_workspace/build/ralph_py/install.log --single-version-externally-managed
[0.380s] running egg_info
[0.380s] writing ../../build/ralph_py/ralph_py.egg-info/PKG-INFO
[0.380s] writing dependency_links to ../../build/ralph_py/ralph_py.egg-info/dependency_links.txt
[0.381s] writing entry points to ../../build/ralph_py/ralph_py.egg-info/entry_points.txt
[0.381s] writing requirements to ../../build/ralph_py/ralph_py.egg-info/requires.txt
[0.381s] writing top-level names to ../../build/ralph_py/ralph_py.egg-info/top_level.txt
[0.407s] reading manifest file '../../build/ralph_py/ralph_py.egg-info/SOURCES.txt'
[0.408s] writing manifest file '../../build/ralph_py/ralph_py.egg-info/SOURCES.txt'
[0.408s] running build
[0.408s] running build_py
[0.408s] running install
[0.409s] running install_lib
[0.410s] running install_data
[0.410s] running install_egg_info
[0.411s] removing '/home/propp/Independent_Study/ros_workspace/install/ralph_py/lib/python3.8/site-packages/ralph_py-0.0.0-py3.8.egg-info' (and everything under it)
[0.412s] Copying ../../build/ralph_py/ralph_py.egg-info to /home/propp/Independent_Study/ros_workspace/install/ralph_py/lib/python3.8/site-packages/ralph_py-0.0.0-py3.8.egg-info
[0.412s] running install_scripts
[0.427s] Installing ralph_node script to /home/propp/Independent_Study/ros_workspace/install/ralph_py/lib/ralph_py
[0.428s] writing list of installed files to '/home/propp/Independent_Study/ros_workspace/build/ralph_py/install.log'
[0.448s] Invoked command in '/home/propp/Independent_Study/ros_workspace/src/ralph_py' returned '0': PYTHONPATH=/home/propp/Independent_Study/ros_workspace/install/ralph_py/lib/python3.8/site-packages:${PYTHONPATH} /usr/bin/python3 setup.py egg_info --egg-base ../../build/ralph_py build --build-base /home/propp/Independent_Study/ros_workspace/build/ralph_py/build install --prefix /home/propp/Independent_Study/ros_workspace/install/ralph_py --record /home/propp/Independent_Study/ros_workspace/build/ralph_py/install.log --single-version-externally-managed
