[0.231s] DEBUG:colcon:Command line arguments: ['/home/propp/.local/bin/colcon', 'build']
[0.232s] DEBUG:colcon:Parsed command line arguments: Namespace(ament_cmake_args=None, base_paths=['.'], build_base='build', catkin_cmake_args=None, catkin_skip_building_tests=False, cmake_args=None, cmake_clean_cache=False, cmake_clean_first=False, cmake_force_configure=False, cmake_target=None, cmake_target_skip_unavailable=False, continue_on_error=False, event_handlers=None, executor='parallel', ignore_user_meta=False, install_base='install', log_base=None, log_level=None, main=<bound method BuildVerb.main of <colcon_core.verb.build.BuildVerb object at 0x7fb917f862b0>>, merge_install=False, metas=['./colcon.meta'], packages_above=None, packages_above_and_dependencies=None, packages_above_depth=None, packages_end=None, packages_ignore=None, packages_ignore_regex=None, packages_select=None, packages_select_build_failed=False, packages_select_by_dep=None, packages_select_regex=None, packages_select_test_failures=False, packages_skip=None, packages_skip_build_finished=False, packages_skip_by_dep=None, packages_skip_regex=None, packages_skip_test_passed=False, packages_skip_up_to=None, packages_start=None, packages_up_to=None, packages_up_to_regex=None, parallel_workers=12, paths=None, symlink_install=False, test_result_base=None, verb_extension=<colcon_core.verb.build.BuildVerb object at 0x7fb917f862b0>, verb_name='build', verb_parser=<colcon_defaults.argument_parser.defaults.DefaultArgumentsDecorator object at 0x7fb917f867f0>)
[0.236s] Level 1:colcon.colcon_core.package_discovery:discover_packages(colcon_meta) check parameters
[0.236s] Level 1:colcon.colcon_core.package_discovery:discover_packages(recursive) check parameters
[0.236s] Level 1:colcon.colcon_core.package_discovery:discover_packages(ignore) check parameters
[0.236s] Level 1:colcon.colcon_core.package_discovery:discover_packages(path) check parameters
[0.236s] Level 1:colcon.colcon_core.package_discovery:discover_packages(colcon_meta) discover
[0.236s] Level 1:colcon.colcon_core.package_discovery:discover_packages(recursive) discover
[0.236s] INFO:colcon.colcon_core.package_discovery:Crawling recursively for packages in '/home/propp/Independent_Study/ros_workspace'
[0.236s] Level 1:colcon.colcon_core.package_identification:_identify(.) by extensions ['ignore', 'ignore_ament_install']
[0.236s] Level 1:colcon.colcon_core.package_identification:_identify(.) by extension 'ignore'
[0.236s] Level 1:colcon.colcon_core.package_identification:_identify(.) by extension 'ignore_ament_install'
[0.236s] Level 1:colcon.colcon_core.package_identification:_identify(.) by extensions ['colcon_pkg']
[0.236s] Level 1:colcon.colcon_core.package_identification:_identify(.) by extension 'colcon_pkg'
[0.236s] Level 1:colcon.colcon_core.package_identification:_identify(.) by extensions ['colcon_meta']
[0.237s] Level 1:colcon.colcon_core.package_identification:_identify(.) by extension 'colcon_meta'
[0.237s] Level 1:colcon.colcon_core.package_identification:_identify(.) by extensions ['ros']
[0.237s] Level 1:colcon.colcon_core.package_identification:_identify(.) by extension 'ros'
[0.246s] Level 1:colcon.colcon_core.package_identification:_identify(.) by extensions ['cmake', 'python']
[0.246s] Level 1:colcon.colcon_core.package_identification:_identify(.) by extension 'cmake'
[0.246s] Level 1:colcon.colcon_core.package_identification:_identify(.) by extension 'python'
[0.246s] Level 1:colcon.colcon_core.package_identification:_identify(.) by extensions ['python_setup_py']
[0.246s] Level 1:colcon.colcon_core.package_identification:_identify(.) by extension 'python_setup_py'
[0.246s] Level 1:colcon.colcon_core.package_identification:_identify(build) by extensions ['ignore', 'ignore_ament_install']
[0.246s] Level 1:colcon.colcon_core.package_identification:_identify(build) by extension 'ignore'
[0.246s] Level 1:colcon.colcon_core.package_identification:_identify(build) ignored
[0.246s] Level 1:colcon.colcon_core.package_identification:_identify(install) by extensions ['ignore', 'ignore_ament_install']
[0.246s] Level 1:colcon.colcon_core.package_identification:_identify(install) by extension 'ignore'
[0.246s] Level 1:colcon.colcon_core.package_identification:_identify(install) ignored
[0.246s] Level 1:colcon.colcon_core.package_identification:_identify(log) by extensions ['ignore', 'ignore_ament_install']
[0.247s] Level 1:colcon.colcon_core.package_identification:_identify(log) by extension 'ignore'
[0.247s] Level 1:colcon.colcon_core.package_identification:_identify(log) ignored
[0.247s] Level 1:colcon.colcon_core.package_identification:_identify(src) by extensions ['ignore', 'ignore_ament_install']
[0.247s] Level 1:colcon.colcon_core.package_identification:_identify(src) by extension 'ignore'
[0.247s] Level 1:colcon.colcon_core.package_identification:_identify(src) by extension 'ignore_ament_install'
[0.247s] Level 1:colcon.colcon_core.package_identification:_identify(src) by extensions ['colcon_pkg']
[0.247s] Level 1:colcon.colcon_core.package_identification:_identify(src) by extension 'colcon_pkg'
[0.247s] Level 1:colcon.colcon_core.package_identification:_identify(src) by extensions ['colcon_meta']
[0.247s] Level 1:colcon.colcon_core.package_identification:_identify(src) by extension 'colcon_meta'
[0.247s] Level 1:colcon.colcon_core.package_identification:_identify(src) by extensions ['ros']
[0.247s] Level 1:colcon.colcon_core.package_identification:_identify(src) by extension 'ros'
[0.247s] Level 1:colcon.colcon_core.package_identification:_identify(src) by extensions ['cmake', 'python']
[0.247s] Level 1:colcon.colcon_core.package_identification:_identify(src) by extension 'cmake'
[0.247s] Level 1:colcon.colcon_core.package_identification:_identify(src) by extension 'python'
[0.247s] Level 1:colcon.colcon_core.package_identification:_identify(src) by extensions ['python_setup_py']
[0.247s] Level 1:colcon.colcon_core.package_identification:_identify(src) by extension 'python_setup_py'
[0.247s] Level 1:colcon.colcon_core.package_identification:_identify(src/all_points) by extensions ['ignore', 'ignore_ament_install']
[0.247s] Level 1:colcon.colcon_core.package_identification:_identify(src/all_points) by extension 'ignore'
[0.247s] Level 1:colcon.colcon_core.package_identification:_identify(src/all_points) by extension 'ignore_ament_install'
[0.247s] Level 1:colcon.colcon_core.package_identification:_identify(src/all_points) by extensions ['colcon_pkg']
[0.247s] Level 1:colcon.colcon_core.package_identification:_identify(src/all_points) by extension 'colcon_pkg'
[0.247s] Level 1:colcon.colcon_core.package_identification:_identify(src/all_points) by extensions ['colcon_meta']
[0.247s] Level 1:colcon.colcon_core.package_identification:_identify(src/all_points) by extension 'colcon_meta'
[0.248s] Level 1:colcon.colcon_core.package_identification:_identify(src/all_points) by extensions ['ros']
[0.248s] Level 1:colcon.colcon_core.package_identification:_identify(src/all_points) by extension 'ros'
[0.251s] DEBUG:colcon.colcon_core.package_identification:Package 'src/all_points' with type 'ros.ament_cmake' and name 'all_points'
[0.251s] Level 1:colcon.colcon_core.package_identification:_identify(src/box_nav) by extensions ['ignore', 'ignore_ament_install']
[0.251s] Level 1:colcon.colcon_core.package_identification:_identify(src/box_nav) by extension 'ignore'
[0.251s] Level 1:colcon.colcon_core.package_identification:_identify(src/box_nav) by extension 'ignore_ament_install'
[0.251s] Level 1:colcon.colcon_core.package_identification:_identify(src/box_nav) by extensions ['colcon_pkg']
[0.251s] Level 1:colcon.colcon_core.package_identification:_identify(src/box_nav) by extension 'colcon_pkg'
[0.251s] Level 1:colcon.colcon_core.package_identification:_identify(src/box_nav) by extensions ['colcon_meta']
[0.251s] Level 1:colcon.colcon_core.package_identification:_identify(src/box_nav) by extension 'colcon_meta'
[0.251s] Level 1:colcon.colcon_core.package_identification:_identify(src/box_nav) by extensions ['ros']
[0.251s] Level 1:colcon.colcon_core.package_identification:_identify(src/box_nav) by extension 'ros'
[0.252s] DEBUG:colcon.colcon_core.package_identification:Package 'src/box_nav' with type 'ros.ament_cmake' and name 'box_nav'
[0.252s] Level 1:colcon.colcon_core.package_identification:_identify(src/first_ros_package) by extensions ['ignore', 'ignore_ament_install']
[0.252s] Level 1:colcon.colcon_core.package_identification:_identify(src/first_ros_package) by extension 'ignore'
[0.252s] Level 1:colcon.colcon_core.package_identification:_identify(src/first_ros_package) by extension 'ignore_ament_install'
[0.252s] Level 1:colcon.colcon_core.package_identification:_identify(src/first_ros_package) by extensions ['colcon_pkg']
[0.252s] Level 1:colcon.colcon_core.package_identification:_identify(src/first_ros_package) by extension 'colcon_pkg'
[0.252s] Level 1:colcon.colcon_core.package_identification:_identify(src/first_ros_package) by extensions ['colcon_meta']
[0.252s] Level 1:colcon.colcon_core.package_identification:_identify(src/first_ros_package) by extension 'colcon_meta'
[0.252s] Level 1:colcon.colcon_core.package_identification:_identify(src/first_ros_package) by extensions ['ros']
[0.252s] Level 1:colcon.colcon_core.package_identification:_identify(src/first_ros_package) by extension 'ros'
[0.253s] DEBUG:colcon.colcon_core.package_identification:Package 'src/first_ros_package' with type 'ros.ament_cmake' and name 'first_ros_package'
[0.253s] Level 1:colcon.colcon_core.package_discovery:discover_packages(recursive) using defaults
[0.253s] Level 1:colcon.colcon_core.package_discovery:discover_packages(ignore) discover
[0.253s] Level 1:colcon.colcon_core.package_discovery:discover_packages(ignore) using defaults
[0.253s] Level 1:colcon.colcon_core.package_discovery:discover_packages(path) discover
[0.253s] Level 1:colcon.colcon_core.package_discovery:discover_packages(path) using defaults
[0.268s] Level 5:colcon.colcon_core.verb:set package 'all_points' build argument 'cmake_args' from command line to 'None'
[0.268s] Level 5:colcon.colcon_core.verb:set package 'all_points' build argument 'cmake_target' from command line to 'None'
[0.268s] Level 5:colcon.colcon_core.verb:set package 'all_points' build argument 'cmake_target_skip_unavailable' from command line to 'False'
[0.268s] Level 5:colcon.colcon_core.verb:set package 'all_points' build argument 'cmake_clean_cache' from command line to 'False'
[0.269s] Level 5:colcon.colcon_core.verb:set package 'all_points' build argument 'cmake_clean_first' from command line to 'False'
[0.269s] Level 5:colcon.colcon_core.verb:set package 'all_points' build argument 'cmake_force_configure' from command line to 'False'
[0.269s] Level 5:colcon.colcon_core.verb:set package 'all_points' build argument 'ament_cmake_args' from command line to 'None'
[0.269s] Level 5:colcon.colcon_core.verb:set package 'all_points' build argument 'catkin_cmake_args' from command line to 'None'
[0.269s] Level 5:colcon.colcon_core.verb:set package 'all_points' build argument 'catkin_skip_building_tests' from command line to 'False'
[0.269s] DEBUG:colcon.colcon_core.verb:Building package 'all_points' with the following arguments: {'ament_cmake_args': None, 'build_base': '/home/propp/Independent_Study/ros_workspace/build/all_points', 'catkin_cmake_args': None, 'catkin_skip_building_tests': False, 'cmake_args': None, 'cmake_clean_cache': False, 'cmake_clean_first': False, 'cmake_force_configure': False, 'cmake_target': None, 'cmake_target_skip_unavailable': False, 'install_base': '/home/propp/Independent_Study/ros_workspace/install/all_points', 'merge_install': False, 'path': '/home/propp/Independent_Study/ros_workspace/src/all_points', 'symlink_install': False, 'test_result_base': None}
[0.271s] Level 5:colcon.colcon_core.verb:set package 'box_nav' build argument 'cmake_args' from command line to 'None'
[0.271s] Level 5:colcon.colcon_core.verb:set package 'box_nav' build argument 'cmake_target' from command line to 'None'
[0.271s] Level 5:colcon.colcon_core.verb:set package 'box_nav' build argument 'cmake_target_skip_unavailable' from command line to 'False'
[0.271s] Level 5:colcon.colcon_core.verb:set package 'box_nav' build argument 'cmake_clean_cache' from command line to 'False'
[0.271s] Level 5:colcon.colcon_core.verb:set package 'box_nav' build argument 'cmake_clean_first' from command line to 'False'
[0.271s] Level 5:colcon.colcon_core.verb:set package 'box_nav' build argument 'cmake_force_configure' from command line to 'False'
[0.271s] Level 5:colcon.colcon_core.verb:set package 'box_nav' build argument 'ament_cmake_args' from command line to 'None'
[0.271s] Level 5:colcon.colcon_core.verb:set package 'box_nav' build argument 'catkin_cmake_args' from command line to 'None'
[0.271s] Level 5:colcon.colcon_core.verb:set package 'box_nav' build argument 'catkin_skip_building_tests' from command line to 'False'
[0.271s] DEBUG:colcon.colcon_core.verb:Building package 'box_nav' with the following arguments: {'ament_cmake_args': None, 'build_base': '/home/propp/Independent_Study/ros_workspace/build/box_nav', 'catkin_cmake_args': None, 'catkin_skip_building_tests': False, 'cmake_args': None, 'cmake_clean_cache': False, 'cmake_clean_first': False, 'cmake_force_configure': False, 'cmake_target': None, 'cmake_target_skip_unavailable': False, 'install_base': '/home/propp/Independent_Study/ros_workspace/install/box_nav', 'merge_install': False, 'path': '/home/propp/Independent_Study/ros_workspace/src/box_nav', 'symlink_install': False, 'test_result_base': None}
[0.273s] Level 5:colcon.colcon_core.verb:set package 'first_ros_package' build argument 'cmake_args' from command line to 'None'
[0.273s] Level 5:colcon.colcon_core.verb:set package 'first_ros_package' build argument 'cmake_target' from command line to 'None'
[0.273s] Level 5:colcon.colcon_core.verb:set package 'first_ros_package' build argument 'cmake_target_skip_unavailable' from command line to 'False'
[0.273s] Level 5:colcon.colcon_core.verb:set package 'first_ros_package' build argument 'cmake_clean_cache' from command line to 'False'
[0.273s] Level 5:colcon.colcon_core.verb:set package 'first_ros_package' build argument 'cmake_clean_first' from command line to 'False'
[0.273s] Level 5:colcon.colcon_core.verb:set package 'first_ros_package' build argument 'cmake_force_configure' from command line to 'False'
[0.273s] Level 5:colcon.colcon_core.verb:set package 'first_ros_package' build argument 'ament_cmake_args' from command line to 'None'
[0.273s] Level 5:colcon.colcon_core.verb:set package 'first_ros_package' build argument 'catkin_cmake_args' from command line to 'None'
[0.273s] Level 5:colcon.colcon_core.verb:set package 'first_ros_package' build argument 'catkin_skip_building_tests' from command line to 'False'
[0.273s] DEBUG:colcon.colcon_core.verb:Building package 'first_ros_package' with the following arguments: {'ament_cmake_args': None, 'build_base': '/home/propp/Independent_Study/ros_workspace/build/first_ros_package', 'catkin_cmake_args': None, 'catkin_skip_building_tests': False, 'cmake_args': None, 'cmake_clean_cache': False, 'cmake_clean_first': False, 'cmake_force_configure': False, 'cmake_target': None, 'cmake_target_skip_unavailable': False, 'install_base': '/home/propp/Independent_Study/ros_workspace/install/first_ros_package', 'merge_install': False, 'path': '/home/propp/Independent_Study/ros_workspace/src/first_ros_package', 'symlink_install': False, 'test_result_base': None}
[0.273s] INFO:colcon.colcon_core.executor:Executing jobs using 'parallel' executor
[0.275s] DEBUG:colcon.colcon_parallel_executor.executor.parallel:run_until_complete
[0.275s] INFO:colcon.colcon_ros.task.ament_cmake.build:Building ROS package in '/home/propp/Independent_Study/ros_workspace/src/all_points' with build type 'ament_cmake'
[0.275s] INFO:colcon.colcon_cmake.task.cmake.build:Building CMake package in '/home/propp/Independent_Study/ros_workspace/src/all_points'
[0.278s] INFO:colcon.colcon_core.plugin_system:Skipping extension 'colcon_core.shell.bat': Not used on non-Windows systems
[0.278s] INFO:colcon.colcon_core.shell:Skip shell extension 'powershell' for command environment: Not usable outside of PowerShell
[0.278s] DEBUG:colcon.colcon_core.shell:Skip shell extension 'dsv' for command environment
[0.280s] DEBUG:colcon.colcon_core.shell:Ignoring prefix path '/opt/ros/foxy'
[0.282s] INFO:colcon.colcon_ros.task.ament_cmake.build:Building ROS package in '/home/propp/Independent_Study/ros_workspace/src/box_nav' with build type 'ament_cmake'
[0.282s] INFO:colcon.colcon_cmake.task.cmake.build:Building CMake package in '/home/propp/Independent_Study/ros_workspace/src/box_nav'
[0.283s] INFO:colcon.colcon_core.shell:Skip shell extension 'powershell' for command environment: Not usable outside of PowerShell
[0.283s] DEBUG:colcon.colcon_core.shell:Skip shell extension 'dsv' for command environment
[0.285s] DEBUG:colcon.colcon_core.shell:Ignoring prefix path '/opt/ros/foxy'
[0.286s] INFO:colcon.colcon_ros.task.ament_cmake.build:Building ROS package in '/home/propp/Independent_Study/ros_workspace/src/first_ros_package' with build type 'ament_cmake'
[0.287s] INFO:colcon.colcon_cmake.task.cmake.build:Building CMake package in '/home/propp/Independent_Study/ros_workspace/src/first_ros_package'
[0.287s] INFO:colcon.colcon_core.shell:Skip shell extension 'powershell' for command environment: Not usable outside of PowerShell
[0.288s] DEBUG:colcon.colcon_core.shell:Skip shell extension 'dsv' for command environment
[0.289s] DEBUG:colcon.colcon_core.shell:Ignoring prefix path '/opt/ros/foxy'
[0.296s] DEBUG:colcon.colcon_core.event_handler.log_command:Invoking command in '/home/propp/Independent_Study/ros_workspace/build/all_points': CMAKE_PREFIX_PATH=${CMAKE_PREFIX_PATH}:/opt/ros/foxy /usr/bin/cmake --build /home/propp/Independent_Study/ros_workspace/build/all_points -- -j12 -l12
[0.300s] DEBUG:colcon.colcon_core.event_handler.log_command:Invoking command in '/home/propp/Independent_Study/ros_workspace/build/box_nav': CMAKE_PREFIX_PATH=${CMAKE_PREFIX_PATH}:/opt/ros/foxy /usr/bin/cmake --build /home/propp/Independent_Study/ros_workspace/build/box_nav -- -j12 -l12
[0.305s] DEBUG:colcon.colcon_core.event_handler.log_command:Invoking command in '/home/propp/Independent_Study/ros_workspace/build/first_ros_package': CMAKE_PREFIX_PATH=${CMAKE_PREFIX_PATH}:/opt/ros/foxy /usr/bin/cmake --build /home/propp/Independent_Study/ros_workspace/build/first_ros_package -- -j12 -l12
[0.360s] DEBUG:colcon.colcon_core.event_handler.log_command:Invoked command in '/home/propp/Independent_Study/ros_workspace/build/box_nav' returned '0': CMAKE_PREFIX_PATH=${CMAKE_PREFIX_PATH}:/opt/ros/foxy /usr/bin/cmake --build /home/propp/Independent_Study/ros_workspace/build/box_nav -- -j12 -l12
[0.364s] DEBUG:colcon.colcon_core.event_handler.log_command:Invoked command in '/home/propp/Independent_Study/ros_workspace/build/all_points' returned '0': CMAKE_PREFIX_PATH=${CMAKE_PREFIX_PATH}:/opt/ros/foxy /usr/bin/cmake --build /home/propp/Independent_Study/ros_workspace/build/all_points -- -j12 -l12
[0.367s] DEBUG:colcon.colcon_core.event_handler.log_command:Invoked command in '/home/propp/Independent_Study/ros_workspace/build/first_ros_package' returned '0': CMAKE_PREFIX_PATH=${CMAKE_PREFIX_PATH}:/opt/ros/foxy /usr/bin/cmake --build /home/propp/Independent_Study/ros_workspace/build/first_ros_package -- -j12 -l12
[0.391s] DEBUG:colcon.colcon_core.event_handler.log_command:Invoking command in '/home/propp/Independent_Study/ros_workspace/build/box_nav': CMAKE_PREFIX_PATH=${CMAKE_PREFIX_PATH}:/opt/ros/foxy /usr/bin/cmake --install /home/propp/Independent_Study/ros_workspace/build/box_nav
[0.394s] DEBUG:colcon.colcon_core.event_handler.log_command:Invoking command in '/home/propp/Independent_Study/ros_workspace/build/all_points': CMAKE_PREFIX_PATH=${CMAKE_PREFIX_PATH}:/opt/ros/foxy /usr/bin/cmake --install /home/propp/Independent_Study/ros_workspace/build/all_points
[0.397s] DEBUG:colcon.colcon_core.event_handler.log_command:Invoking command in '/home/propp/Independent_Study/ros_workspace/build/first_ros_package': CMAKE_PREFIX_PATH=${CMAKE_PREFIX_PATH}:/opt/ros/foxy /usr/bin/cmake --install /home/propp/Independent_Study/ros_workspace/build/first_ros_package
[0.402s] Level 1:colcon.colcon_core.environment:create_environment_scripts_only(box_nav)
[0.405s] DEBUG:colcon.colcon_core.event_handler.log_command:Invoked command in '/home/propp/Independent_Study/ros_workspace/build/box_nav' returned '0': CMAKE_PREFIX_PATH=${CMAKE_PREFIX_PATH}:/opt/ros/foxy /usr/bin/cmake --install /home/propp/Independent_Study/ros_workspace/build/box_nav
[0.409s] Level 1:colcon.colcon_core.environment:checking '/home/propp/Independent_Study/ros_workspace/install/box_nav' for CMake module files
[0.410s] Level 1:colcon.colcon_core.environment:checking '/home/propp/Independent_Study/ros_workspace/install/box_nav' for CMake config files
[0.410s] Level 1:colcon.colcon_core.shell:create_environment_hook('box_nav', 'cmake_prefix_path')
[0.411s] INFO:colcon.colcon_core.shell:Creating environment hook '/home/propp/Independent_Study/ros_workspace/install/box_nav/share/box_nav/hook/cmake_prefix_path.ps1'
[0.411s] INFO:colcon.colcon_core.shell:Creating environment descriptor '/home/propp/Independent_Study/ros_workspace/install/box_nav/share/box_nav/hook/cmake_prefix_path.dsv'
[0.412s] INFO:colcon.colcon_core.shell:Creating environment hook '/home/propp/Independent_Study/ros_workspace/install/box_nav/share/box_nav/hook/cmake_prefix_path.sh'
[0.412s] Level 1:colcon.colcon_core.environment:checking '/home/propp/Independent_Study/ros_workspace/install/box_nav/lib'
[0.412s] Level 1:colcon.colcon_core.environment:checking '/home/propp/Independent_Study/ros_workspace/install/box_nav/bin'
[0.412s] Level 1:colcon.colcon_core.environment:checking '/home/propp/Independent_Study/ros_workspace/install/box_nav/lib/pkgconfig/box_nav.pc'
[0.413s] Level 1:colcon.colcon_core.environment:checking '/home/propp/Independent_Study/ros_workspace/install/box_nav/lib/python3.8/site-packages'
[0.413s] INFO:colcon.colcon_core.shell:Creating package script '/home/propp/Independent_Study/ros_workspace/install/box_nav/share/box_nav/package.ps1'
[0.414s] INFO:colcon.colcon_core.shell:Creating package descriptor '/home/propp/Independent_Study/ros_workspace/install/box_nav/share/box_nav/package.dsv'
[0.414s] INFO:colcon.colcon_core.shell:Creating package script '/home/propp/Independent_Study/ros_workspace/install/box_nav/share/box_nav/package.sh'
[0.414s] INFO:colcon.colcon_core.shell:Creating package script '/home/propp/Independent_Study/ros_workspace/install/box_nav/share/box_nav/package.bash'
[0.415s] INFO:colcon.colcon_core.shell:Creating package script '/home/propp/Independent_Study/ros_workspace/install/box_nav/share/box_nav/package.zsh'
[0.416s] Level 1:colcon.colcon_core.environment:create_file_with_runtime_dependencies(/home/propp/Independent_Study/ros_workspace/install/box_nav/share/colcon-core/packages/box_nav)
[0.419s] Level 1:colcon.colcon_core.environment:create_environment_scripts_only(all_points)
[0.420s] Level 1:colcon.colcon_core.environment:checking '/home/propp/Independent_Study/ros_workspace/install/all_points' for CMake module files
[0.421s] DEBUG:colcon.colcon_core.event_handler.log_command:Invoked command in '/home/propp/Independent_Study/ros_workspace/build/all_points' returned '0': CMAKE_PREFIX_PATH=${CMAKE_PREFIX_PATH}:/opt/ros/foxy /usr/bin/cmake --install /home/propp/Independent_Study/ros_workspace/build/all_points
[0.421s] Level 1:colcon.colcon_core.environment:checking '/home/propp/Independent_Study/ros_workspace/install/all_points' for CMake config files
[0.422s] Level 1:colcon.colcon_core.shell:create_environment_hook('all_points', 'cmake_prefix_path')
[0.422s] INFO:colcon.colcon_core.shell:Creating environment hook '/home/propp/Independent_Study/ros_workspace/install/all_points/share/all_points/hook/cmake_prefix_path.ps1'
[0.423s] INFO:colcon.colcon_core.shell:Creating environment descriptor '/home/propp/Independent_Study/ros_workspace/install/all_points/share/all_points/hook/cmake_prefix_path.dsv'
[0.423s] INFO:colcon.colcon_core.shell:Creating environment hook '/home/propp/Independent_Study/ros_workspace/install/all_points/share/all_points/hook/cmake_prefix_path.sh'
[0.423s] Level 1:colcon.colcon_core.environment:checking '/home/propp/Independent_Study/ros_workspace/install/all_points/lib'
[0.424s] Level 1:colcon.colcon_core.environment:checking '/home/propp/Independent_Study/ros_workspace/install/all_points/bin'
[0.424s] Level 1:colcon.colcon_core.environment:checking '/home/propp/Independent_Study/ros_workspace/install/all_points/lib/pkgconfig/all_points.pc'
[0.424s] Level 1:colcon.colcon_core.environment:checking '/home/propp/Independent_Study/ros_workspace/install/all_points/lib/python3.8/site-packages'
[0.424s] INFO:colcon.colcon_core.shell:Creating package script '/home/propp/Independent_Study/ros_workspace/install/all_points/share/all_points/package.ps1'
[0.425s] INFO:colcon.colcon_core.shell:Creating package descriptor '/home/propp/Independent_Study/ros_workspace/install/all_points/share/all_points/package.dsv'
[0.425s] INFO:colcon.colcon_core.shell:Creating package script '/home/propp/Independent_Study/ros_workspace/install/all_points/share/all_points/package.sh'
[0.426s] INFO:colcon.colcon_core.shell:Creating package script '/home/propp/Independent_Study/ros_workspace/install/all_points/share/all_points/package.bash'
[0.426s] INFO:colcon.colcon_core.shell:Creating package script '/home/propp/Independent_Study/ros_workspace/install/all_points/share/all_points/package.zsh'
[0.426s] Level 1:colcon.colcon_core.environment:create_file_with_runtime_dependencies(/home/propp/Independent_Study/ros_workspace/install/all_points/share/colcon-core/packages/all_points)
[0.429s] Level 1:colcon.colcon_core.environment:create_environment_scripts_only(first_ros_package)
[0.430s] Level 1:colcon.colcon_core.environment:checking '/home/propp/Independent_Study/ros_workspace/install/first_ros_package' for CMake module files
[0.431s] DEBUG:colcon.colcon_core.event_handler.log_command:Invoked command in '/home/propp/Independent_Study/ros_workspace/build/first_ros_package' returned '0': CMAKE_PREFIX_PATH=${CMAKE_PREFIX_PATH}:/opt/ros/foxy /usr/bin/cmake --install /home/propp/Independent_Study/ros_workspace/build/first_ros_package
[0.431s] Level 1:colcon.colcon_core.environment:checking '/home/propp/Independent_Study/ros_workspace/install/first_ros_package' for CMake config files
[0.431s] Level 1:colcon.colcon_core.shell:create_environment_hook('first_ros_package', 'cmake_prefix_path')
[0.432s] INFO:colcon.colcon_core.shell:Creating environment hook '/home/propp/Independent_Study/ros_workspace/install/first_ros_package/share/first_ros_package/hook/cmake_prefix_path.ps1'
[0.432s] INFO:colcon.colcon_core.shell:Creating environment descriptor '/home/propp/Independent_Study/ros_workspace/install/first_ros_package/share/first_ros_package/hook/cmake_prefix_path.dsv'
[0.432s] INFO:colcon.colcon_core.shell:Creating environment hook '/home/propp/Independent_Study/ros_workspace/install/first_ros_package/share/first_ros_package/hook/cmake_prefix_path.sh'
[0.433s] Level 1:colcon.colcon_core.environment:checking '/home/propp/Independent_Study/ros_workspace/install/first_ros_package/lib'
[0.433s] Level 1:colcon.colcon_core.environment:checking '/home/propp/Independent_Study/ros_workspace/install/first_ros_package/bin'
[0.433s] Level 1:colcon.colcon_core.environment:checking '/home/propp/Independent_Study/ros_workspace/install/first_ros_package/lib/pkgconfig/first_ros_package.pc'
[0.433s] Level 1:colcon.colcon_core.environment:checking '/home/propp/Independent_Study/ros_workspace/install/first_ros_package/lib/python3.8/site-packages'
[0.434s] INFO:colcon.colcon_core.shell:Creating package script '/home/propp/Independent_Study/ros_workspace/install/first_ros_package/share/first_ros_package/package.ps1'
[0.434s] INFO:colcon.colcon_core.shell:Creating package descriptor '/home/propp/Independent_Study/ros_workspace/install/first_ros_package/share/first_ros_package/package.dsv'
[0.434s] INFO:colcon.colcon_core.shell:Creating package script '/home/propp/Independent_Study/ros_workspace/install/first_ros_package/share/first_ros_package/package.sh'
[0.435s] INFO:colcon.colcon_core.shell:Creating package script '/home/propp/Independent_Study/ros_workspace/install/first_ros_package/share/first_ros_package/package.bash'
[0.435s] INFO:colcon.colcon_core.shell:Creating package script '/home/propp/Independent_Study/ros_workspace/install/first_ros_package/share/first_ros_package/package.zsh'
[0.435s] Level 1:colcon.colcon_core.environment:create_file_with_runtime_dependencies(/home/propp/Independent_Study/ros_workspace/install/first_ros_package/share/colcon-core/packages/first_ros_package)
[0.439s] Level 1:colcon.colcon_core.environment:create_environment_scripts_only(box_nav)
[0.440s] Level 1:colcon.colcon_core.environment:checking '/home/propp/Independent_Study/ros_workspace/install/box_nav' for CMake module files
[0.440s] Level 1:colcon.colcon_core.environment:checking '/home/propp/Independent_Study/ros_workspace/install/box_nav' for CMake config files
[0.440s] Level 1:colcon.colcon_core.shell:create_environment_hook('box_nav', 'cmake_prefix_path')
[0.441s] INFO:colcon.colcon_core.shell:Creating environment hook '/home/propp/Independent_Study/ros_workspace/install/box_nav/share/box_nav/hook/cmake_prefix_path.ps1'
[0.441s] INFO:colcon.colcon_core.shell:Creating environment descriptor '/home/propp/Independent_Study/ros_workspace/install/box_nav/share/box_nav/hook/cmake_prefix_path.dsv'
[0.441s] INFO:colcon.colcon_core.shell:Creating environment hook '/home/propp/Independent_Study/ros_workspace/install/box_nav/share/box_nav/hook/cmake_prefix_path.sh'
[0.442s] Level 1:colcon.colcon_core.environment:checking '/home/propp/Independent_Study/ros_workspace/install/box_nav/lib'
[0.442s] Level 1:colcon.colcon_core.environment:checking '/home/propp/Independent_Study/ros_workspace/install/box_nav/bin'
[0.442s] Level 1:colcon.colcon_core.environment:checking '/home/propp/Independent_Study/ros_workspace/install/box_nav/lib/pkgconfig/box_nav.pc'
[0.442s] Level 1:colcon.colcon_core.environment:checking '/home/propp/Independent_Study/ros_workspace/install/box_nav/lib/python3.8/site-packages'
[0.442s] INFO:colcon.colcon_core.shell:Creating package script '/home/propp/Independent_Study/ros_workspace/install/box_nav/share/box_nav/package.ps1'
[0.443s] INFO:colcon.colcon_core.shell:Creating package descriptor '/home/propp/Independent_Study/ros_workspace/install/box_nav/share/box_nav/package.dsv'
[0.443s] INFO:colcon.colcon_core.shell:Creating package script '/home/propp/Independent_Study/ros_workspace/install/box_nav/share/box_nav/package.sh'
[0.444s] INFO:colcon.colcon_core.shell:Creating package script '/home/propp/Independent_Study/ros_workspace/install/box_nav/share/box_nav/package.bash'
[0.444s] INFO:colcon.colcon_core.shell:Creating package script '/home/propp/Independent_Study/ros_workspace/install/box_nav/share/box_nav/package.zsh'
[0.444s] Level 1:colcon.colcon_core.environment:create_file_with_runtime_dependencies(/home/propp/Independent_Study/ros_workspace/install/box_nav/share/colcon-core/packages/box_nav)
[0.446s] Level 1:colcon.colcon_core.environment:create_environment_scripts_only(all_points)
[0.446s] Level 1:colcon.colcon_core.environment:checking '/home/propp/Independent_Study/ros_workspace/install/all_points' for CMake module files
[0.447s] Level 1:colcon.colcon_core.environment:checking '/home/propp/Independent_Study/ros_workspace/install/all_points' for CMake config files
[0.447s] Level 1:colcon.colcon_core.shell:create_environment_hook('all_points', 'cmake_prefix_path')
[0.447s] INFO:colcon.colcon_core.shell:Creating environment hook '/home/propp/Independent_Study/ros_workspace/install/all_points/share/all_points/hook/cmake_prefix_path.ps1'
[0.447s] INFO:colcon.colcon_core.shell:Creating environment descriptor '/home/propp/Independent_Study/ros_workspace/install/all_points/share/all_points/hook/cmake_prefix_path.dsv'
[0.448s] INFO:colcon.colcon_core.shell:Creating environment hook '/home/propp/Independent_Study/ros_workspace/install/all_points/share/all_points/hook/cmake_prefix_path.sh'
[0.448s] Level 1:colcon.colcon_core.environment:checking '/home/propp/Independent_Study/ros_workspace/install/all_points/lib'
[0.448s] Level 1:colcon.colcon_core.environment:checking '/home/propp/Independent_Study/ros_workspace/install/all_points/bin'
[0.448s] Level 1:colcon.colcon_core.environment:checking '/home/propp/Independent_Study/ros_workspace/install/all_points/lib/pkgconfig/all_points.pc'
[0.448s] Level 1:colcon.colcon_core.environment:checking '/home/propp/Independent_Study/ros_workspace/install/all_points/lib/python3.8/site-packages'
[0.449s] INFO:colcon.colcon_core.shell:Creating package script '/home/propp/Independent_Study/ros_workspace/install/all_points/share/all_points/package.ps1'
[0.449s] INFO:colcon.colcon_core.shell:Creating package descriptor '/home/propp/Independent_Study/ros_workspace/install/all_points/share/all_points/package.dsv'
[0.450s] INFO:colcon.colcon_core.shell:Creating package script '/home/propp/Independent_Study/ros_workspace/install/all_points/share/all_points/package.sh'
[0.450s] INFO:colcon.colcon_core.shell:Creating package script '/home/propp/Independent_Study/ros_workspace/install/all_points/share/all_points/package.bash'
[0.450s] INFO:colcon.colcon_core.shell:Creating package script '/home/propp/Independent_Study/ros_workspace/install/all_points/share/all_points/package.zsh'
[0.451s] Level 1:colcon.colcon_core.environment:create_file_with_runtime_dependencies(/home/propp/Independent_Study/ros_workspace/install/all_points/share/colcon-core/packages/all_points)
[0.455s] Level 1:colcon.colcon_core.environment:create_environment_scripts_only(first_ros_package)
[0.456s] Level 1:colcon.colcon_core.environment:checking '/home/propp/Independent_Study/ros_workspace/install/first_ros_package' for CMake module files
[0.456s] Level 1:colcon.colcon_core.environment:checking '/home/propp/Independent_Study/ros_workspace/install/first_ros_package' for CMake config files
[0.456s] Level 1:colcon.colcon_core.shell:create_environment_hook('first_ros_package', 'cmake_prefix_path')
[0.457s] INFO:colcon.colcon_core.shell:Creating environment hook '/home/propp/Independent_Study/ros_workspace/install/first_ros_package/share/first_ros_package/hook/cmake_prefix_path.ps1'
[0.457s] INFO:colcon.colcon_core.shell:Creating environment descriptor '/home/propp/Independent_Study/ros_workspace/install/first_ros_package/share/first_ros_package/hook/cmake_prefix_path.dsv'
[0.457s] INFO:colcon.colcon_core.shell:Creating environment hook '/home/propp/Independent_Study/ros_workspace/install/first_ros_package/share/first_ros_package/hook/cmake_prefix_path.sh'
[0.458s] Level 1:colcon.colcon_core.environment:checking '/home/propp/Independent_Study/ros_workspace/install/first_ros_package/lib'
[0.458s] Level 1:colcon.colcon_core.environment:checking '/home/propp/Independent_Study/ros_workspace/install/first_ros_package/bin'
[0.458s] Level 1:colcon.colcon_core.environment:checking '/home/propp/Independent_Study/ros_workspace/install/first_ros_package/lib/pkgconfig/first_ros_package.pc'
[0.458s] Level 1:colcon.colcon_core.environment:checking '/home/propp/Independent_Study/ros_workspace/install/first_ros_package/lib/python3.8/site-packages'
[0.459s] INFO:colcon.colcon_core.shell:Creating package script '/home/propp/Independent_Study/ros_workspace/install/first_ros_package/share/first_ros_package/package.ps1'
[0.459s] INFO:colcon.colcon_core.shell:Creating package descriptor '/home/propp/Independent_Study/ros_workspace/install/first_ros_package/share/first_ros_package/package.dsv'
[0.459s] INFO:colcon.colcon_core.shell:Creating package script '/home/propp/Independent_Study/ros_workspace/install/first_ros_package/share/first_ros_package/package.sh'
[0.460s] INFO:colcon.colcon_core.shell:Creating package script '/home/propp/Independent_Study/ros_workspace/install/first_ros_package/share/first_ros_package/package.bash'
[0.460s] INFO:colcon.colcon_core.shell:Creating package script '/home/propp/Independent_Study/ros_workspace/install/first_ros_package/share/first_ros_package/package.zsh'
[0.460s] Level 1:colcon.colcon_core.environment:create_file_with_runtime_dependencies(/home/propp/Independent_Study/ros_workspace/install/first_ros_package/share/colcon-core/packages/first_ros_package)
[0.460s] DEBUG:colcon.colcon_parallel_executor.executor.parallel:closing loop
[0.461s] DEBUG:colcon.colcon_parallel_executor.executor.parallel:loop closed
[0.461s] DEBUG:colcon.colcon_parallel_executor.executor.parallel:run_until_complete finished with '0'
[0.461s] DEBUG:colcon.colcon_core.event_reactor:joining thread
[0.465s] INFO:colcon.colcon_core.plugin_system:Skipping extension 'colcon_notification.desktop_notification.terminal_notifier': Not used on non-Darwin systems
[0.466s] INFO:colcon.colcon_core.plugin_system:Skipping extension 'colcon_notification.desktop_notification.win32': Not used on non-Windows systems
[0.466s] INFO:colcon.colcon_notification.desktop_notification:Sending desktop notification using 'notify2'
[0.476s] DEBUG:colcon.colcon_core.event_reactor:joined thread
[0.477s] INFO:colcon.colcon_core.shell:Creating prefix script '/home/propp/Independent_Study/ros_workspace/install/local_setup.ps1'
[0.478s] INFO:colcon.colcon_core.shell:Creating prefix util module '/home/propp/Independent_Study/ros_workspace/install/_local_setup_util_ps1.py'
[0.478s] INFO:colcon.colcon_core.shell:Creating prefix chain script '/home/propp/Independent_Study/ros_workspace/install/setup.ps1'
[0.480s] INFO:colcon.colcon_core.shell:Creating prefix script '/home/propp/Independent_Study/ros_workspace/install/local_setup.sh'
[0.480s] INFO:colcon.colcon_core.shell:Creating prefix util module '/home/propp/Independent_Study/ros_workspace/install/_local_setup_util_sh.py'
[0.481s] INFO:colcon.colcon_core.shell:Creating prefix chain script '/home/propp/Independent_Study/ros_workspace/install/setup.sh'
[0.482s] INFO:colcon.colcon_core.shell:Creating prefix script '/home/propp/Independent_Study/ros_workspace/install/local_setup.bash'
[0.483s] INFO:colcon.colcon_core.shell:Creating prefix chain script '/home/propp/Independent_Study/ros_workspace/install/setup.bash'
[0.484s] INFO:colcon.colcon_core.shell:Creating prefix script '/home/propp/Independent_Study/ros_workspace/install/local_setup.zsh'
[0.485s] INFO:colcon.colcon_core.shell:Creating prefix chain script '/home/propp/Independent_Study/ros_workspace/install/setup.zsh'
