[0.016s] Invoking command in '/home/propp/Independent_Study/ros_workspace/build/box_nav': CMAKE_PREFIX_PATH=${CMAKE_PREFIX_PATH}:/home/propp/Independent_Study/ros_workspace/install/nav2_gazebo_spawner:/opt/ros/foxy /usr/bin/cmake --build /home/propp/Independent_Study/ros_workspace/build/box_nav -- -j12 -l12
[0.055s] [35m[1mScanning dependencies of target lidar_odometry[0m
[0.080s] [ 50%] [32mBuilding CXX object CMakeFiles/lidar_odometry.dir/src/lidar_odometry.cpp.o[0m
[0.172s] In file included from [01m[K/home/propp/Independent_Study/ros_workspace/src/box_nav/src/lidar_odometry.cpp:28[m[K:
[0.172s] [01m[K/opt/ros/foxy/include/sensor_msgs/point_cloud_conversion.hpp:51:6:[m[K [01;35m[Kwarning: [m[K#warning POINT_CLOUD_DEPRECATION_MESSAGE [[01;35m[K-Wcpp[m[K]
[0.173s]    51 | #    [01;35m[Kwarning[m[K POINT_CLOUD_DEPRECATION_MESSAGE
[0.173s]       |      [01;35m[K^~~~~~~[m[K
[1.113s] [01m[K/home/propp/Independent_Study/ros_workspace/src/box_nav/src/lidar_odometry.cpp:[m[K In member function ‘[01m[Kvoid OdometryFromLidar::topic_callback(std::shared_ptr<const sensor_msgs::msg::PointCloud2_<std::allocator<void> > >)[m[K’:
[1.113s] [01m[K/home/propp/Independent_Study/ros_workspace/src/box_nav/src/lidar_odometry.cpp:56:22:[m[K [01;35m[Kwarning: [m[K‘[01m[Kbool sensor_msgs::convertPointCloud2ToPointCloud(const PointCloud2&, sensor_msgs::msg::PointCloud&)[m[K’ is deprecated: PointCloud is deprecated as of Foxy if favor of sensor_msgs/PointCloud2. [[01;35m[K-Wdeprecated-declarations[m[K]
[1.113s]    56 |         sensor_msgs::[01;35m[KconvertPointCloud2ToPointCloud[m[K(*msg,p1);
[1.113s]       |                      [01;35m[K^~~~~~~~~~~~~~~~~~~~~~~~~~~~~~[m[K
[1.114s] In file included from [01m[K/home/propp/Independent_Study/ros_workspace/src/box_nav/src/lidar_odometry.cpp:28[m[K:
[1.114s] [01m[K/opt/ros/foxy/include/sensor_msgs/point_cloud_conversion.hpp:140:20:[m[K [01;36m[Knote: [m[Kdeclared here
[1.114s]   140 | static inline bool [01;36m[KconvertPointCloud2ToPointCloud[m[K(
[1.114s]       |                    [01;36m[K^~~~~~~~~~~~~~~~~~~~~~~~~~~~~~[m[K
[1.114s] [01m[K/home/propp/Independent_Study/ros_workspace/src/box_nav/src/lidar_odometry.cpp:56:60:[m[K [01;35m[Kwarning: [m[K‘[01m[Kbool sensor_msgs::convertPointCloud2ToPointCloud(const PointCloud2&, sensor_msgs::msg::PointCloud&)[m[K’ is deprecated: PointCloud is deprecated as of Foxy if favor of sensor_msgs/PointCloud2. [[01;35m[K-Wdeprecated-declarations[m[K]
[1.114s]    56 |         sensor_msgs::convertPointCloud2ToPointCloud(*msg,p1[01;35m[K)[m[K;
[1.114s]       |                                                            [01;35m[K^[m[K
[1.114s] In file included from [01m[K/home/propp/Independent_Study/ros_workspace/src/box_nav/src/lidar_odometry.cpp:28[m[K:
[1.114s] [01m[K/opt/ros/foxy/include/sensor_msgs/point_cloud_conversion.hpp:140:20:[m[K [01;36m[Knote: [m[Kdeclared here
[1.114s]   140 | static inline bool [01;36m[KconvertPointCloud2ToPointCloud[m[K(
[1.114s]       |                    [01;36m[K^~~~~~~~~~~~~~~~~~~~~~~~~~~~~~[m[K
[1.114s] [01m[K/home/propp/Independent_Study/ros_workspace/src/box_nav/src/lidar_odometry.cpp:56:60:[m[K [01;35m[Kwarning: [m[K‘[01m[Kbool sensor_msgs::convertPointCloud2ToPointCloud(const PointCloud2&, sensor_msgs::msg::PointCloud&)[m[K’ is deprecated: PointCloud is deprecated as of Foxy if favor of sensor_msgs/PointCloud2. [[01;35m[K-Wdeprecated-declarations[m[K]
[1.114s]    56 |         sensor_msgs::convertPointCloud2ToPointCloud(*msg,p1[01;35m[K)[m[K;
[1.114s]       |                                                            [01;35m[K^[m[K
[1.114s] In file included from [01m[K/home/propp/Independent_Study/ros_workspace/src/box_nav/src/lidar_odometry.cpp:28[m[K:
[1.114s] [01m[K/opt/ros/foxy/include/sensor_msgs/point_cloud_conversion.hpp:140:20:[m[K [01;36m[Knote: [m[Kdeclared here
[1.114s]   140 | static inline bool [01;36m[KconvertPointCloud2ToPointCloud[m[K(
[1.114s]       |                    [01;36m[K^~~~~~~~~~~~~~~~~~~~~~~~~~~~~~[m[K
[1.115s] [01m[K/home/propp/Independent_Study/ros_workspace/src/box_nav/src/lidar_odometry.cpp:57:26:[m[K [01;35m[Kwarning: [m[Kcomparison of integer expressions of different signedness: ‘[01m[Kint[m[K’ and ‘[01m[Kstd::vector<geometry_msgs::msg::Point32_<std::allocator<void> >, std::allocator<geometry_msgs::msg::Point32_<std::allocator<void> > > >::size_type[m[K’ {aka ‘[01m[Klong unsigned int[m[K’} [[01;35m[K-Wsign-compare[m[K]
[1.115s]    57 |         for(int i = 0; [01;35m[Ki < p1.points.size()[m[K; i++) {
[1.115s]       |                        [01;35m[K~~^~~~~~~~~~~~~~~~~~[m[K
[1.115s] [01m[K/home/propp/Independent_Study/ros_workspace/src/box_nav/src/lidar_odometry.cpp:68:26:[m[K [01;35m[Kwarning: [m[Kcomparison of integer expressions of different signedness: ‘[01m[Kint[m[K’ and ‘[01m[Kstd::vector<geometry_msgs::msg::Point32_<std::allocator<void> >, std::allocator<geometry_msgs::msg::Point32_<std::allocator<void> > > >::size_type[m[K’ {aka ‘[01m[Klong unsigned int[m[K’} [[01;35m[K-Wsign-compare[m[K]
[1.115s]    68 |         for(int i = 0; [01;35m[Ki < p1.points.size()[m[K; i++) {
[1.115s]       |                        [01;35m[K~~^~~~~~~~~~~~~~~~~~[m[K
[1.115s] [01m[K/home/propp/Independent_Study/ros_workspace/src/box_nav/src/lidar_odometry.cpp:71:26:[m[K [01;35m[Kwarning: [m[Kcomparison of integer expressions of different signedness: ‘[01m[Kint[m[K’ and ‘[01m[Kstd::vector<geometry_msgs::msg::Point32_<std::allocator<void> >, std::allocator<geometry_msgs::msg::Point32_<std::allocator<void> > > >::size_type[m[K’ {aka ‘[01m[Klong unsigned int[m[K’} [[01;35m[K-Wsign-compare[m[K]
[1.115s]    71 |         for(int i = 0; [01;35m[Ki < lastPoints.points.size()[m[K; i++) {
[1.115s]       |                        [01;35m[K~~^~~~~~~~~~~~~~~~~~~~~~~~~~[m[K
[1.120s] In file included from [01m[K/opt/ros/foxy/include/rclcpp/client.hpp:40[m[K,
[1.120s]                  from [01m[K/opt/ros/foxy/include/rclcpp/callback_group.hpp:23[m[K,
[1.121s]                  from [01m[K/opt/ros/foxy/include/rclcpp/any_executable.hpp:20[m[K,
[1.121s]                  from [01m[K/opt/ros/foxy/include/rclcpp/memory_strategy.hpp:24[m[K,
[1.121s]                  from [01m[K/opt/ros/foxy/include/rclcpp/memory_strategies.hpp:18[m[K,
[1.121s]                  from [01m[K/opt/ros/foxy/include/rclcpp/executor_options.hpp:20[m[K,
[1.121s]                  from [01m[K/opt/ros/foxy/include/rclcpp/executor.hpp:33[m[K,
[1.121s]                  from [01m[K/opt/ros/foxy/include/rclcpp/executors/multi_threaded_executor.hpp:25[m[K,
[1.121s]                  from [01m[K/opt/ros/foxy/include/rclcpp/executors.hpp:21[m[K,
[1.121s]                  from [01m[K/opt/ros/foxy/include/rclcpp/rclcpp.hpp:146[m[K,
[1.121s]                  from [01m[K/home/propp/Independent_Study/ros_workspace/src/box_nav/src/lidar_odometry.cpp:21[m[K:
[1.121s] [01m[K/home/propp/Independent_Study/ros_workspace/src/box_nav/src/lidar_odometry.cpp:104:77:[m[K [01;31m[Kerror: [m[K‘[01m[K_partial[m[K’ was not declared in this scope; did you mean ‘[01m[Ky_partial[m[K’?
[1.121s]   104 |             RCLCPP_INFO(this->get_logger(), "published: 14:"+std::to_string([01;31m[K_partial[m[K+y_partial+theta_partial), "test2");
[1.121s]       |                                                                             [01;31m[K^~~~~~~~[m[K
[2.479s] make[2]: *** [CMakeFiles/lidar_odometry.dir/build.make:63: CMakeFiles/lidar_odometry.dir/src/lidar_odometry.cpp.o] Error 1
[2.479s] make[1]: *** [CMakeFiles/Makefile2:78: CMakeFiles/lidar_odometry.dir/all] Error 2
[2.479s] make: *** [Makefile:141: all] Error 2
[2.482s] Invoked command in '/home/propp/Independent_Study/ros_workspace/build/box_nav' returned '2': CMAKE_PREFIX_PATH=${CMAKE_PREFIX_PATH}:/home/propp/Independent_Study/ros_workspace/install/nav2_gazebo_spawner:/opt/ros/foxy /usr/bin/cmake --build /home/propp/Independent_Study/ros_workspace/build/box_nav -- -j12 -l12
