[0.016s] Invoking command in '/home/propp/Independent_Study/ros_workspace/build/box_nav': CMAKE_PREFIX_PATH=${CMAKE_PREFIX_PATH}:/home/propp/Independent_Study/ros_workspace/install/nav2_gazebo_spawner:/opt/ros/foxy /usr/bin/cmake --build /home/propp/Independent_Study/ros_workspace/build/box_nav -- -j12 -l12
[0.039s] -- Found ament_cmake: 0.9.7 (/opt/ros/foxy/share/ament_cmake/cmake)
[0.056s] -- Using PYTHON_EXECUTABLE: /usr/bin/python3
[0.206s] -- Found rclcpp: 2.2.0 (/opt/ros/foxy/share/rclcpp/cmake)
[0.224s] -- Using all available rosidl_typesupport_c: rosidl_typesupport_fastrtps_c;rosidl_typesupport_introspection_c
[0.227s] -- Found rosidl_adapter: 1.1.0 (/opt/ros/foxy/share/rosidl_adapter/cmake)
[0.317s] -- Using all available rosidl_typesupport_cpp: rosidl_typesupport_fastrtps_cpp;rosidl_typesupport_introspection_cpp
[0.356s] -- Found rmw_implementation_cmake: 1.0.2 (/opt/ros/foxy/share/rmw_implementation_cmake/cmake)
[0.357s] -- Using RMW implementation 'rmw_fastrtps_cpp' as default
[0.470s] -- Found tf2: 0.13.6 (/opt/ros/foxy/share/tf2/cmake)
[0.507s] -- Found tf2_ros: 0.13.6 (/opt/ros/foxy/share/tf2_ros/cmake)
[0.770s] -- Found nav_msgs: 2.0.3 (/opt/ros/foxy/share/nav_msgs/cmake)
[0.832s] -- Found sensor_msgs: 2.0.3 (/opt/ros/foxy/share/sensor_msgs/cmake)
[0.891s] -- Found slam_toolbox: 2.3.0 (/opt/ros/foxy/share/slam_toolbox/cmake)
[1.203s] -- Found eigen3_cmake_module: 0.1.1 (/opt/ros/foxy/share/eigen3_cmake_module/cmake)
[1.279s] CMake Error at CMakeLists.txt:28 (find_package):
[1.279s]   By not providing "Findlibeigen.cmake" in CMAKE_MODULE_PATH this project has
[1.279s]   asked CMake to find a package configuration file provided by "libeigen",
[1.279s]   but CMake did not find one.
[1.279s] 
[1.279s]   Could not find a package configuration file provided by "libeigen" with any
[1.279s]   of the following names:
[1.280s] 
[1.280s]     libeigenConfig.cmake
[1.280s]     libeigen-config.cmake
[1.280s] 
[1.280s]   Add the installation prefix of "libeigen" to CMAKE_PREFIX_PATH or set
[1.280s]   "libeigen_DIR" to a directory containing one of the above files.  If
[1.280s]   "libeigen" provides a separate development package or SDK, be sure it has
[1.280s]   been installed.
[1.280s] 
[1.280s] 
[1.281s] -- Configuring incomplete, errors occurred!
[1.281s] See also "/home/propp/Independent_Study/ros_workspace/build/box_nav/CMakeFiles/CMakeOutput.log".
[1.281s] See also "/home/propp/Independent_Study/ros_workspace/build/box_nav/CMakeFiles/CMakeError.log".
[1.286s] make: *** [Makefile:266: cmake_check_build_system] Error 1
[1.287s] Invoked command in '/home/propp/Independent_Study/ros_workspace/build/box_nav' returned '2': CMAKE_PREFIX_PATH=${CMAKE_PREFIX_PATH}:/home/propp/Independent_Study/ros_workspace/install/nav2_gazebo_spawner:/opt/ros/foxy /usr/bin/cmake --build /home/propp/Independent_Study/ros_workspace/build/box_nav -- -j12 -l12
