[0.009s] Invoking command in '/home/propp/Independent_Study/ros_workspace/build/pointcloud_to_laserscan': CMAKE_PREFIX_PATH=/opt/ros/foxy /usr/bin/cmake --build /home/propp/Independent_Study/ros_workspace/build/pointcloud_to_laserscan -- -j12 -l12
[0.057s] [ 20%] Built target pointcloud_to_laserscan_node
[0.060s] [ 40%] Built target laserscan_to_pointcloud_node
[0.063s] [ 60%] Built target laserscan_to_pointcloud
[0.063s] [ 80%] Built target dummy_pointcloud_publisher
[0.065s] [100%] Built target pointcloud_to_laserscan
[0.073s] Invoked command in '/home/propp/Independent_Study/ros_workspace/build/pointcloud_to_laserscan' returned '0': CMAKE_PREFIX_PATH=/opt/ros/foxy /usr/bin/cmake --build /home/propp/Independent_Study/ros_workspace/build/pointcloud_to_laserscan -- -j12 -l12
[0.103s] Invoking command in '/home/propp/Independent_Study/ros_workspace/build/pointcloud_to_laserscan': CMAKE_PREFIX_PATH=/opt/ros/foxy /usr/bin/cmake --install /home/propp/Independent_Study/ros_workspace/build/pointcloud_to_laserscan
[0.108s] -- Install configuration: ""
[0.109s] -- Up-to-date: /home/propp/Independent_Study/ros_workspace/install/pointcloud_to_laserscan/lib/pointcloud_to_laserscan/laserscan_to_pointcloud_node
[0.109s] -- Up-to-date: /home/propp/Independent_Study/ros_workspace/install/pointcloud_to_laserscan/lib/pointcloud_to_laserscan/pointcloud_to_laserscan_node
[0.109s] -- Up-to-date: /home/propp/Independent_Study/ros_workspace/install/pointcloud_to_laserscan/lib/liblaserscan_to_pointcloud.so
[0.110s] -- Up-to-date: /home/propp/Independent_Study/ros_workspace/install/pointcloud_to_laserscan/lib/libpointcloud_to_laserscan.so
[0.110s] -- Up-to-date: /home/propp/Independent_Study/ros_workspace/install/pointcloud_to_laserscan/lib/pointcloud_to_laserscan/dummy_pointcloud_publisher
[0.110s] -- Up-to-date: /home/propp/Independent_Study/ros_workspace/install/pointcloud_to_laserscan/include/include
[0.110s] -- Up-to-date: /home/propp/Independent_Study/ros_workspace/install/pointcloud_to_laserscan/include/include/pointcloud_to_laserscan
[0.111s] -- Up-to-date: /home/propp/Independent_Study/ros_workspace/install/pointcloud_to_laserscan/include/include/pointcloud_to_laserscan/pointcloud_to_laserscan_node.hpp
[0.111s] -- Up-to-date: /home/propp/Independent_Study/ros_workspace/install/pointcloud_to_laserscan/include/include/pointcloud_to_laserscan/laserscan_to_pointcloud_node.hpp
[0.111s] -- Up-to-date: /home/propp/Independent_Study/ros_workspace/install/pointcloud_to_laserscan/include/include/pointcloud_to_laserscan/visibility_control.h
[0.111s] -- Up-to-date: /home/propp/Independent_Study/ros_workspace/install/pointcloud_to_laserscan/share/pointcloud_to_laserscan/launch
[0.111s] -- Up-to-date: /home/propp/Independent_Study/ros_workspace/install/pointcloud_to_laserscan/share/pointcloud_to_laserscan/launch/sample_laserscan_to_pointcloud_launch.py
[0.111s] -- Up-to-date: /home/propp/Independent_Study/ros_workspace/install/pointcloud_to_laserscan/share/pointcloud_to_laserscan/launch/sample_pointcloud_to_laserscan_launch.py
[0.111s] -- Up-to-date: /home/propp/Independent_Study/ros_workspace/install/pointcloud_to_laserscan/share/ament_index/resource_index/package_run_dependencies/pointcloud_to_laserscan
[0.111s] -- Up-to-date: /home/propp/Independent_Study/ros_workspace/install/pointcloud_to_laserscan/share/ament_index/resource_index/parent_prefix_path/pointcloud_to_laserscan
[0.111s] -- Up-to-date: /home/propp/Independent_Study/ros_workspace/install/pointcloud_to_laserscan/share/pointcloud_to_laserscan/environment/ament_prefix_path.sh
[0.111s] -- Up-to-date: /home/propp/Independent_Study/ros_workspace/install/pointcloud_to_laserscan/share/pointcloud_to_laserscan/environment/ament_prefix_path.dsv
[0.111s] -- Up-to-date: /home/propp/Independent_Study/ros_workspace/install/pointcloud_to_laserscan/share/pointcloud_to_laserscan/environment/path.sh
[0.111s] -- Up-to-date: /home/propp/Independent_Study/ros_workspace/install/pointcloud_to_laserscan/share/pointcloud_to_laserscan/environment/path.dsv
[0.111s] -- Up-to-date: /home/propp/Independent_Study/ros_workspace/install/pointcloud_to_laserscan/share/pointcloud_to_laserscan/local_setup.bash
[0.111s] -- Up-to-date: /home/propp/Independent_Study/ros_workspace/install/pointcloud_to_laserscan/share/pointcloud_to_laserscan/local_setup.sh
[0.111s] -- Up-to-date: /home/propp/Independent_Study/ros_workspace/install/pointcloud_to_laserscan/share/pointcloud_to_laserscan/local_setup.zsh
[0.111s] -- Up-to-date: /home/propp/Independent_Study/ros_workspace/install/pointcloud_to_laserscan/share/pointcloud_to_laserscan/local_setup.dsv
[0.112s] -- Installing: /home/propp/Independent_Study/ros_workspace/install/pointcloud_to_laserscan/share/pointcloud_to_laserscan/package.dsv
[0.112s] -- Up-to-date: /home/propp/Independent_Study/ros_workspace/install/pointcloud_to_laserscan/share/ament_index/resource_index/packages/pointcloud_to_laserscan
[0.112s] -- Up-to-date: /home/propp/Independent_Study/ros_workspace/install/pointcloud_to_laserscan/share/ament_index/resource_index/rclcpp_components/pointcloud_to_laserscan
[0.112s] -- Up-to-date: /home/propp/Independent_Study/ros_workspace/install/pointcloud_to_laserscan/share/pointcloud_to_laserscan/cmake/pointcloud_to_laserscanConfig.cmake
[0.113s] -- Up-to-date: /home/propp/Independent_Study/ros_workspace/install/pointcloud_to_laserscan/share/pointcloud_to_laserscan/cmake/pointcloud_to_laserscanConfig-version.cmake
[0.113s] -- Up-to-date: /home/propp/Independent_Study/ros_workspace/install/pointcloud_to_laserscan/share/pointcloud_to_laserscan/package.xml
[0.113s] Invoked command in '/home/propp/Independent_Study/ros_workspace/build/pointcloud_to_laserscan' returned '0': CMAKE_PREFIX_PATH=/opt/ros/foxy /usr/bin/cmake --install /home/propp/Independent_Study/ros_workspace/build/pointcloud_to_laserscan
