[0.008s] Invoking command in '/home/propp/Independent_Study/ros_workspace/build/box_nav': AMENT_PREFIX_PATH=/home/propp/Independent_Study/ros_workspace/install/pointcloud_to_laserscan:${AMENT_PREFIX_PATH} CMAKE_PREFIX_PATH=/home/propp/Independent_Study/ros_workspace/install/pointcloud_to_laserscan:/opt/ros/foxy LD_LIBRARY_PATH=/home/propp/Independent_Study/ros_workspace/install/pointcloud_to_laserscan/lib:${LD_LIBRARY_PATH} /usr/bin/cmake --build /home/propp/Independent_Study/ros_workspace/build/box_nav -- -j12 -l12
[0.027s] -- Found ament_cmake: 0.9.7 (/opt/ros/foxy/share/ament_cmake/cmake)
[0.042s] -- Using PYTHON_EXECUTABLE: /usr/bin/python3
[0.174s] -- Found rclcpp: 2.2.0 (/opt/ros/foxy/share/rclcpp/cmake)
[0.191s] -- Using all available rosidl_typesupport_c: rosidl_typesupport_fastrtps_c;rosidl_typesupport_introspection_c
[0.194s] -- Found rosidl_adapter: 1.1.0 (/opt/ros/foxy/share/rosidl_adapter/cmake)
[0.273s] -- Using all available rosidl_typesupport_cpp: rosidl_typesupport_fastrtps_cpp;rosidl_typesupport_introspection_cpp
[0.309s] -- Found rmw_implementation_cmake: 1.0.2 (/opt/ros/foxy/share/rmw_implementation_cmake/cmake)
[0.310s] -- Using RMW implementation 'rmw_fastrtps_cpp' as default
[0.414s] -- Found tf2: 0.13.6 (/opt/ros/foxy/share/tf2/cmake)
[0.448s] -- Found tf2_ros: 0.13.6 (/opt/ros/foxy/share/tf2_ros/cmake)
[0.687s] -- Found nav_msgs: 2.0.3 (/opt/ros/foxy/share/nav_msgs/cmake)
[0.739s] -- Found sensor_msgs: 2.0.3 (/opt/ros/foxy/share/sensor_msgs/cmake)
[0.792s] -- Found pointcloud_to_laserscan: 2.0.0 (/home/propp/Independent_Study/ros_workspace/install/pointcloud_to_laserscan/share/pointcloud_to_laserscan/cmake)
[0.837s] -- Configuring done
[0.846s] -- Generating done
[0.847s] -- Build files have been written to: /home/propp/Independent_Study/ros_workspace/build/box_nav
[0.881s] [ 50%] [32m[1mLinking CXX executable lidar_odometry[0m
[1.105s] [100%] Built target lidar_odometry
[1.113s] Invoked command in '/home/propp/Independent_Study/ros_workspace/build/box_nav' returned '0': AMENT_PREFIX_PATH=/home/propp/Independent_Study/ros_workspace/install/pointcloud_to_laserscan:${AMENT_PREFIX_PATH} CMAKE_PREFIX_PATH=/home/propp/Independent_Study/ros_workspace/install/pointcloud_to_laserscan:/opt/ros/foxy LD_LIBRARY_PATH=/home/propp/Independent_Study/ros_workspace/install/pointcloud_to_laserscan/lib:${LD_LIBRARY_PATH} /usr/bin/cmake --build /home/propp/Independent_Study/ros_workspace/build/box_nav -- -j12 -l12
[1.131s] Invoking command in '/home/propp/Independent_Study/ros_workspace/build/box_nav': AMENT_PREFIX_PATH=/home/propp/Independent_Study/ros_workspace/install/pointcloud_to_laserscan:${AMENT_PREFIX_PATH} CMAKE_PREFIX_PATH=/home/propp/Independent_Study/ros_workspace/install/pointcloud_to_laserscan:/opt/ros/foxy LD_LIBRARY_PATH=/home/propp/Independent_Study/ros_workspace/install/pointcloud_to_laserscan/lib:${LD_LIBRARY_PATH} /usr/bin/cmake --install /home/propp/Independent_Study/ros_workspace/build/box_nav
[1.137s] -- Install configuration: ""
[1.137s] -- Installing: /home/propp/Independent_Study/ros_workspace/install/box_nav/share/ament_index/resource_index/package_run_dependencies/box_nav
[1.137s] -- Installing: /home/propp/Independent_Study/ros_workspace/install/box_nav/share/ament_index/resource_index/parent_prefix_path/box_nav
[1.137s] -- Installing: /home/propp/Independent_Study/ros_workspace/install/box_nav/share/box_nav/environment/ament_prefix_path.sh
[1.138s] -- Installing: /home/propp/Independent_Study/ros_workspace/install/box_nav/share/box_nav/environment/ament_prefix_path.dsv
[1.138s] -- Installing: /home/propp/Independent_Study/ros_workspace/install/box_nav/share/box_nav/environment/path.sh
[1.138s] -- Installing: /home/propp/Independent_Study/ros_workspace/install/box_nav/share/box_nav/environment/path.dsv
[1.138s] -- Installing: /home/propp/Independent_Study/ros_workspace/install/box_nav/share/box_nav/local_setup.bash
[1.138s] -- Installing: /home/propp/Independent_Study/ros_workspace/install/box_nav/share/box_nav/local_setup.sh
[1.138s] -- Installing: /home/propp/Independent_Study/ros_workspace/install/box_nav/share/box_nav/local_setup.zsh
[1.138s] -- Installing: /home/propp/Independent_Study/ros_workspace/install/box_nav/share/box_nav/local_setup.dsv
[1.138s] -- Installing: /home/propp/Independent_Study/ros_workspace/install/box_nav/share/box_nav/package.dsv
[1.138s] -- Installing: /home/propp/Independent_Study/ros_workspace/install/box_nav/share/ament_index/resource_index/packages/box_nav
[1.138s] -- Installing: /home/propp/Independent_Study/ros_workspace/install/box_nav/share/box_nav/cmake/box_navConfig.cmake
[1.139s] -- Installing: /home/propp/Independent_Study/ros_workspace/install/box_nav/share/box_nav/cmake/box_navConfig-version.cmake
[1.139s] -- Installing: /home/propp/Independent_Study/ros_workspace/install/box_nav/share/box_nav/package.xml
[1.141s] Invoked command in '/home/propp/Independent_Study/ros_workspace/build/box_nav' returned '0': AMENT_PREFIX_PATH=/home/propp/Independent_Study/ros_workspace/install/pointcloud_to_laserscan:${AMENT_PREFIX_PATH} CMAKE_PREFIX_PATH=/home/propp/Independent_Study/ros_workspace/install/pointcloud_to_laserscan:/opt/ros/foxy LD_LIBRARY_PATH=/home/propp/Independent_Study/ros_workspace/install/pointcloud_to_laserscan/lib:${LD_LIBRARY_PATH} /usr/bin/cmake --install /home/propp/Independent_Study/ros_workspace/build/box_nav
