[0.012s] Invoking command in '/home/propp/Independent_Study/ros_workspace/build/dwb_msgs': AMENT_PREFIX_PATH=/home/propp/Independent_Study/ros_workspace/install/nav_2d_msgs:${AMENT_PREFIX_PATH} CMAKE_PREFIX_PATH=/home/propp/Independent_Study/ros_workspace/install/nav_2d_msgs:${CMAKE_PREFIX_PATH} LD_LIBRARY_PATH=/home/propp/Independent_Study/ros_workspace/install/nav_2d_msgs/lib:${LD_LIBRARY_PATH} PYTHONPATH=/home/propp/Independent_Study/ros_workspace/install/nav_2d_msgs/lib/python3.8/site-packages:${PYTHONPATH} /usr/bin/cmake /home/propp/Independent_Study/ros_workspace/src/navigation2/nav2_dwb_controller/dwb_msgs -DCMAKE_INSTALL_PREFIX=/home/propp/Independent_Study/ros_workspace/install/dwb_msgs
[0.023s] -- Found builtin_interfaces: 1.0.0 (/home/propp/ros2_foxy/ros2-linux/share/builtin_interfaces/cmake)
[0.049s] -- Found PythonInterp: /usr/bin/python3 (found suitable version "3.8.5", minimum required is "3") 
[0.049s] -- Using PYTHON_EXECUTABLE: /usr/bin/python3
[0.199s] -- Override CMake install command with custom implementation using symlinks instead of copying resources
[0.213s] -- Using all available rosidl_typesupport_c: rosidl_typesupport_connext_c;rosidl_typesupport_fastrtps_c;rosidl_typesupport_introspection_c
[0.218s] -- Found rosidl_adapter: 1.1.0 (/home/propp/ros2_foxy/ros2-linux/share/rosidl_adapter/cmake)
[0.220s] -- Found ament_cmake: 0.9.7 (/home/propp/ros2_foxy/ros2-linux/share/ament_cmake/cmake)
[0.229s] -- Found RTI Connext: /opt/rti.com/rti_connext_dds-5.3.1
[0.831s] -- Using all available rosidl_typesupport_cpp: rosidl_typesupport_connext_cpp;rosidl_typesupport_fastrtps_cpp;rosidl_typesupport_introspection_cpp
[0.863s] -- Found geometry_msgs: 2.0.3 (/home/propp/ros2_foxy/ros2-linux/share/geometry_msgs/cmake)
[0.940s] -- Found nav_2d_msgs: 0.4.5 (/home/propp/Independent_Study/ros_workspace/install/nav_2d_msgs/share/nav_2d_msgs/cmake)
[1.027s] -- Found nav_msgs: 2.0.3 (/home/propp/ros2_foxy/ros2-linux/share/nav_msgs/cmake)
[1.129s] -- Found rosidl_default_generators: 1.0.0 (/home/propp/ros2_foxy/ros2-linux/share/rosidl_default_generators/cmake)
[1.172s] -- Found PythonInterp: /usr/bin/python3 (found version "3.8.5") 
[1.684s] -- Found ament_cmake_ros: 0.9.0 (/home/propp/ros2_foxy/ros2-linux/share/ament_cmake_ros/cmake)
[2.070s] -- Using all available rosidl_typesupport_c: rosidl_typesupport_connext_c;rosidl_typesupport_fastrtps_c;rosidl_typesupport_introspection_c
[2.308s] -- Using all available rosidl_typesupport_cpp: rosidl_typesupport_connext_cpp;rosidl_typesupport_fastrtps_cpp;rosidl_typesupport_introspection_cpp
[2.339s] -- Found PythonInterp: /usr/bin/python3 (found suitable version "3.8.5", minimum required is "3.5") 
[2.339s] -- Found python_cmake_module: 0.8.0 (/home/propp/ros2_foxy/ros2-linux/share/python_cmake_module/cmake)
[2.360s] -- Using PYTHON_EXECUTABLE: /usr/bin/python3
[2.360s] -- Using PYTHON_INCLUDE_DIRS: /usr/include/python3.8
[2.360s] -- Using PYTHON_LIBRARIES: /usr/lib/x86_64-linux-gnu/libpython3.8.so
[2.460s] -- Configuring done
[2.613s] -- Generating done
[2.617s] -- Build files have been written to: /home/propp/Independent_Study/ros_workspace/build/dwb_msgs
[2.626s] Invoked command in '/home/propp/Independent_Study/ros_workspace/build/dwb_msgs' returned '0': AMENT_PREFIX_PATH=/home/propp/Independent_Study/ros_workspace/install/nav_2d_msgs:${AMENT_PREFIX_PATH} CMAKE_PREFIX_PATH=/home/propp/Independent_Study/ros_workspace/install/nav_2d_msgs:${CMAKE_PREFIX_PATH} LD_LIBRARY_PATH=/home/propp/Independent_Study/ros_workspace/install/nav_2d_msgs/lib:${LD_LIBRARY_PATH} PYTHONPATH=/home/propp/Independent_Study/ros_workspace/install/nav_2d_msgs/lib/python3.8/site-packages:${PYTHONPATH} /usr/bin/cmake /home/propp/Independent_Study/ros_workspace/src/navigation2/nav2_dwb_controller/dwb_msgs -DCMAKE_INSTALL_PREFIX=/home/propp/Independent_Study/ros_workspace/install/dwb_msgs
[2.629s] Invoking command in '/home/propp/Independent_Study/ros_workspace/build/dwb_msgs': AMENT_PREFIX_PATH=/home/propp/Independent_Study/ros_workspace/install/nav_2d_msgs:${AMENT_PREFIX_PATH} CMAKE_PREFIX_PATH=/home/propp/Independent_Study/ros_workspace/install/nav_2d_msgs:${CMAKE_PREFIX_PATH} LD_LIBRARY_PATH=/home/propp/Independent_Study/ros_workspace/install/nav_2d_msgs/lib:${LD_LIBRARY_PATH} PYTHONPATH=/home/propp/Independent_Study/ros_workspace/install/nav_2d_msgs/lib/python3.8/site-packages:${PYTHONPATH} /usr/bin/cmake --build /home/propp/Independent_Study/ros_workspace/build/dwb_msgs -- -j12 -l12
[2.704s] [  0%] Built target dwb_msgs__cpp
[2.723s] [  6%] Built target dwb_msgs__rosidl_generator_c
[2.757s] [ 12%] Built target dwb_msgs__rosidl_typesupport_cpp
[2.768s] [ 13%] Built target dwb_msgs__dds_connext_idl
[2.788s] [ 19%] Built target dwb_msgs__rosidl_typesupport_fastrtps_cpp
[2.788s] [ 25%] Built target dwb_msgs__rosidl_typesupport_introspection_c
[2.791s] [ 32%] Built target dwb_msgs__rosidl_typesupport_introspection_cpp
[2.812s] [ 38%] Built target dwb_msgs__rosidl_typesupport_c
[2.833s] [ 45%] Built target dwb_msgs__rosidl_typesupport_fastrtps_c
[2.914s] [ 67%] Built target dwb_msgs__rosidl_typesupport_connext_cpp
[3.117s] [ 90%] Built target dwb_msgs__rosidl_typesupport_connext_c
[3.148s] [ 90%] Built target dwb_msgs
[3.180s] [ 90%] Built target dwb_msgs__py
[3.220s] [ 96%] Built target dwb_msgs__python
[3.252s] [ 97%] Built target dwb_msgs__rosidl_typesupport_connext_c__pyext
[3.264s] [ 98%] Built target dwb_msgs__rosidl_typesupport_introspection_c__pyext
[3.264s] [ 99%] Built target dwb_msgs__rosidl_typesupport_c__pyext
[3.267s] [100%] Built target dwb_msgs__rosidl_typesupport_fastrtps_c__pyext
[3.281s] Invoked command in '/home/propp/Independent_Study/ros_workspace/build/dwb_msgs' returned '0': AMENT_PREFIX_PATH=/home/propp/Independent_Study/ros_workspace/install/nav_2d_msgs:${AMENT_PREFIX_PATH} CMAKE_PREFIX_PATH=/home/propp/Independent_Study/ros_workspace/install/nav_2d_msgs:${CMAKE_PREFIX_PATH} LD_LIBRARY_PATH=/home/propp/Independent_Study/ros_workspace/install/nav_2d_msgs/lib:${LD_LIBRARY_PATH} PYTHONPATH=/home/propp/Independent_Study/ros_workspace/install/nav_2d_msgs/lib/python3.8/site-packages:${PYTHONPATH} /usr/bin/cmake --build /home/propp/Independent_Study/ros_workspace/build/dwb_msgs -- -j12 -l12
[3.563s] Invoking command in '/home/propp/Independent_Study/ros_workspace/build/dwb_msgs': AMENT_PREFIX_PATH=/home/propp/Independent_Study/ros_workspace/install/nav_2d_msgs:${AMENT_PREFIX_PATH} CMAKE_PREFIX_PATH=/home/propp/Independent_Study/ros_workspace/install/nav_2d_msgs:${CMAKE_PREFIX_PATH} LD_LIBRARY_PATH=/home/propp/Independent_Study/ros_workspace/install/nav_2d_msgs/lib:${LD_LIBRARY_PATH} PYTHONPATH=/home/propp/Independent_Study/ros_workspace/install/nav_2d_msgs/lib/python3.8/site-packages:${PYTHONPATH} /usr/bin/cmake --install /home/propp/Independent_Study/ros_workspace/build/dwb_msgs
[3.572s] -- Install configuration: ""
[3.572s] -- Execute custom install script
[3.573s] -- Up-to-date symlink: /home/propp/Independent_Study/ros_workspace/install/dwb_msgs/share/ament_index/resource_index/rosidl_interfaces/dwb_msgs
[3.575s] -- Up-to-date symlink: /home/propp/Independent_Study/ros_workspace/install/dwb_msgs/include/dwb_msgs/msg/critic_score.h
[3.575s] -- Up-to-date symlink: /home/propp/Independent_Study/ros_workspace/install/dwb_msgs/include/dwb_msgs/msg/detail/critic_score__functions.h
[3.575s] -- Up-to-date symlink: /home/propp/Independent_Study/ros_workspace/install/dwb_msgs/include/dwb_msgs/msg/detail/critic_score__struct.h
[3.575s] -- Up-to-date symlink: /home/propp/Independent_Study/ros_workspace/install/dwb_msgs/include/dwb_msgs/msg/detail/critic_score__type_support.h
[3.575s] -- Up-to-date symlink: /home/propp/Independent_Study/ros_workspace/install/dwb_msgs/include/dwb_msgs/msg/detail/local_plan_evaluation__functions.h
[3.576s] -- Up-to-date symlink: /home/propp/Independent_Study/ros_workspace/install/dwb_msgs/include/dwb_msgs/msg/detail/local_plan_evaluation__struct.h
[3.576s] -- Up-to-date symlink: /home/propp/Independent_Study/ros_workspace/install/dwb_msgs/include/dwb_msgs/msg/detail/local_plan_evaluation__type_support.h
[3.576s] -- Up-to-date symlink: /home/propp/Independent_Study/ros_workspace/install/dwb_msgs/include/dwb_msgs/msg/detail/trajectory2_d__functions.h
[3.577s] -- Up-to-date symlink: /home/propp/Independent_Study/ros_workspace/install/dwb_msgs/include/dwb_msgs/msg/detail/trajectory2_d__struct.h
[3.577s] -- Up-to-date symlink: /home/propp/Independent_Study/ros_workspace/install/dwb_msgs/include/dwb_msgs/msg/detail/trajectory2_d__type_support.h
[3.577s] -- Up-to-date symlink: /home/propp/Independent_Study/ros_workspace/install/dwb_msgs/include/dwb_msgs/msg/detail/trajectory_score__functions.h
[3.577s] -- Up-to-date symlink: /home/propp/Independent_Study/ros_workspace/install/dwb_msgs/include/dwb_msgs/msg/detail/trajectory_score__struct.h
[3.577s] -- Up-to-date symlink: /home/propp/Independent_Study/ros_workspace/install/dwb_msgs/include/dwb_msgs/msg/detail/trajectory_score__type_support.h
[3.578s] -- Up-to-date symlink: /home/propp/Independent_Study/ros_workspace/install/dwb_msgs/include/dwb_msgs/msg/local_plan_evaluation.h
[3.578s] -- Up-to-date symlink: /home/propp/Independent_Study/ros_workspace/install/dwb_msgs/include/dwb_msgs/msg/rosidl_generator_c__visibility_control.h
[3.578s] -- Up-to-date symlink: /home/propp/Independent_Study/ros_workspace/install/dwb_msgs/include/dwb_msgs/msg/trajectory2_d.h
[3.578s] -- Up-to-date symlink: /home/propp/Independent_Study/ros_workspace/install/dwb_msgs/include/dwb_msgs/msg/trajectory_score.h
[3.578s] -- Up-to-date symlink: /home/propp/Independent_Study/ros_workspace/install/dwb_msgs/include/dwb_msgs/srv/debug_local_plan.h
[3.578s] -- Up-to-date symlink: /home/propp/Independent_Study/ros_workspace/install/dwb_msgs/include/dwb_msgs/srv/detail/debug_local_plan__functions.h
[3.578s] -- Up-to-date symlink: /home/propp/Independent_Study/ros_workspace/install/dwb_msgs/include/dwb_msgs/srv/detail/debug_local_plan__struct.h
[3.579s] -- Up-to-date symlink: /home/propp/Independent_Study/ros_workspace/install/dwb_msgs/include/dwb_msgs/srv/detail/debug_local_plan__type_support.h
[3.579s] -- Up-to-date symlink: /home/propp/Independent_Study/ros_workspace/install/dwb_msgs/include/dwb_msgs/srv/detail/generate_trajectory__functions.h
[3.579s] -- Up-to-date symlink: /home/propp/Independent_Study/ros_workspace/install/dwb_msgs/include/dwb_msgs/srv/detail/generate_trajectory__struct.h
[3.579s] -- Up-to-date symlink: /home/propp/Independent_Study/ros_workspace/install/dwb_msgs/include/dwb_msgs/srv/detail/generate_trajectory__type_support.h
[3.579s] -- Up-to-date symlink: /home/propp/Independent_Study/ros_workspace/install/dwb_msgs/include/dwb_msgs/srv/detail/generate_twists__functions.h
[3.580s] -- Up-to-date symlink: /home/propp/Independent_Study/ros_workspace/install/dwb_msgs/include/dwb_msgs/srv/detail/generate_twists__struct.h
[3.580s] -- Up-to-date symlink: /home/propp/Independent_Study/ros_workspace/install/dwb_msgs/include/dwb_msgs/srv/detail/generate_twists__type_support.h
[3.580s] -- Up-to-date symlink: /home/propp/Independent_Study/ros_workspace/install/dwb_msgs/include/dwb_msgs/srv/detail/get_critic_score__functions.h
[3.580s] -- Up-to-date symlink: /home/propp/Independent_Study/ros_workspace/install/dwb_msgs/include/dwb_msgs/srv/detail/get_critic_score__struct.h
[3.580s] -- Up-to-date symlink: /home/propp/Independent_Study/ros_workspace/install/dwb_msgs/include/dwb_msgs/srv/detail/get_critic_score__type_support.h
[3.580s] -- Up-to-date symlink: /home/propp/Independent_Study/ros_workspace/install/dwb_msgs/include/dwb_msgs/srv/detail/score_trajectory__functions.h
[3.581s] -- Up-to-date symlink: /home/propp/Independent_Study/ros_workspace/install/dwb_msgs/include/dwb_msgs/srv/detail/score_trajectory__struct.h
[3.581s] -- Up-to-date symlink: /home/propp/Independent_Study/ros_workspace/install/dwb_msgs/include/dwb_msgs/srv/detail/score_trajectory__type_support.h
[3.581s] -- Up-to-date symlink: /home/propp/Independent_Study/ros_workspace/install/dwb_msgs/include/dwb_msgs/srv/generate_trajectory.h
[3.581s] -- Up-to-date symlink: /home/propp/Independent_Study/ros_workspace/install/dwb_msgs/include/dwb_msgs/srv/generate_twists.h
[3.581s] -- Up-to-date symlink: /home/propp/Independent_Study/ros_workspace/install/dwb_msgs/include/dwb_msgs/srv/get_critic_score.h
[3.582s] -- Up-to-date symlink: /home/propp/Independent_Study/ros_workspace/install/dwb_msgs/include/dwb_msgs/srv/score_trajectory.h
[3.582s] -- Up-to-date symlink: /home/propp/Independent_Study/ros_workspace/install/dwb_msgs/share/dwb_msgs/environment/library_path.sh
[3.582s] -- Up-to-date symlink: /home/propp/Independent_Study/ros_workspace/install/dwb_msgs/share/dwb_msgs/environment/library_path.dsv
[3.584s] -- Up-to-date symlink: /home/propp/Independent_Study/ros_workspace/install/dwb_msgs/include/dwb_msgs/msg/critic_score__rosidl_typesupport_connext_c.h
[3.584s] -- Up-to-date symlink: /home/propp/Independent_Study/ros_workspace/install/dwb_msgs/include/dwb_msgs/msg/local_plan_evaluation__rosidl_typesupport_connext_c.h
[3.585s] -- Up-to-date symlink: /home/propp/Independent_Study/ros_workspace/install/dwb_msgs/include/dwb_msgs/msg/rosidl_typesupport_connext_c__visibility_control.h
[3.585s] -- Up-to-date symlink: /home/propp/Independent_Study/ros_workspace/install/dwb_msgs/include/dwb_msgs/msg/trajectory2_d__rosidl_typesupport_connext_c.h
[3.585s] -- Up-to-date symlink: /home/propp/Independent_Study/ros_workspace/install/dwb_msgs/include/dwb_msgs/msg/trajectory_score__rosidl_typesupport_connext_c.h
[3.585s] -- Up-to-date symlink: /home/propp/Independent_Study/ros_workspace/install/dwb_msgs/include/dwb_msgs/srv/debug_local_plan__rosidl_typesupport_connext_c.h
[3.585s] -- Up-to-date symlink: /home/propp/Independent_Study/ros_workspace/install/dwb_msgs/include/dwb_msgs/srv/generate_trajectory__rosidl_typesupport_connext_c.h
[3.586s] -- Up-to-date symlink: /home/propp/Independent_Study/ros_workspace/install/dwb_msgs/include/dwb_msgs/srv/generate_twists__rosidl_typesupport_connext_c.h
[3.586s] -- Up-to-date symlink: /home/propp/Independent_Study/ros_workspace/install/dwb_msgs/include/dwb_msgs/srv/get_critic_score__rosidl_typesupport_connext_c.h
[3.586s] -- Up-to-date symlink: /home/propp/Independent_Study/ros_workspace/install/dwb_msgs/include/dwb_msgs/srv/score_trajectory__rosidl_typesupport_connext_c.h
[3.586s] -- Up-to-date symlink: /home/propp/Independent_Study/ros_workspace/install/dwb_msgs/lib/libdwb_msgs__rosidl_typesupport_connext_c.so
[3.586s] -- Up-to-date symlink: /home/propp/Independent_Study/ros_workspace/install/dwb_msgs/share/dwb_msgs/msg/dds_connext/CriticScore_.idl
[3.587s] -- Up-to-date symlink: /home/propp/Independent_Study/ros_workspace/install/dwb_msgs/share/dwb_msgs/msg/dds_connext/LocalPlanEvaluation_.idl
[3.587s] -- Up-to-date symlink: /home/propp/Independent_Study/ros_workspace/install/dwb_msgs/share/dwb_msgs/msg/dds_connext/Trajectory2D_.idl
[3.587s] -- Up-to-date symlink: /home/propp/Independent_Study/ros_workspace/install/dwb_msgs/share/dwb_msgs/msg/dds_connext/TrajectoryScore_.idl
[3.588s] -- Up-to-date symlink: /home/propp/Independent_Study/ros_workspace/install/dwb_msgs/share/dwb_msgs/srv/dds_connext/DebugLocalPlan_.idl
[3.588s] -- Up-to-date symlink: /home/propp/Independent_Study/ros_workspace/install/dwb_msgs/share/dwb_msgs/srv/dds_connext/GenerateTrajectory_.idl
[3.588s] -- Up-to-date symlink: /home/propp/Independent_Study/ros_workspace/install/dwb_msgs/share/dwb_msgs/srv/dds_connext/GenerateTwists_.idl
[3.588s] -- Up-to-date symlink: /home/propp/Independent_Study/ros_workspace/install/dwb_msgs/share/dwb_msgs/srv/dds_connext/GetCriticScore_.idl
[3.588s] -- Up-to-date symlink: /home/propp/Independent_Study/ros_workspace/install/dwb_msgs/share/dwb_msgs/srv/dds_connext/ScoreTrajectory_.idl
[3.591s] -- Up-to-date symlink: /home/propp/Independent_Study/ros_workspace/install/dwb_msgs/include/dwb_msgs/msg/critic_score__rosidl_typesupport_connext_cpp.hpp
[3.591s] -- Up-to-date symlink: /home/propp/Independent_Study/ros_workspace/install/dwb_msgs/include/dwb_msgs/msg/dds_connext/CriticScore_.cxx
[3.591s] -- Up-to-date symlink: /home/propp/Independent_Study/ros_workspace/install/dwb_msgs/include/dwb_msgs/msg/dds_connext/CriticScore_.h
[3.591s] -- Up-to-date symlink: /home/propp/Independent_Study/ros_workspace/install/dwb_msgs/include/dwb_msgs/msg/dds_connext/CriticScore_Plugin.cxx
[3.591s] -- Up-to-date symlink: /home/propp/Independent_Study/ros_workspace/install/dwb_msgs/include/dwb_msgs/msg/dds_connext/CriticScore_Plugin.h
[3.591s] -- Up-to-date symlink: /home/propp/Independent_Study/ros_workspace/install/dwb_msgs/include/dwb_msgs/msg/dds_connext/CriticScore_Support.cxx
[3.592s] -- Up-to-date symlink: /home/propp/Independent_Study/ros_workspace/install/dwb_msgs/include/dwb_msgs/msg/dds_connext/CriticScore_Support.h
[3.592s] -- Up-to-date symlink: /home/propp/Independent_Study/ros_workspace/install/dwb_msgs/include/dwb_msgs/msg/dds_connext/LocalPlanEvaluation_.cxx
[3.592s] -- Up-to-date symlink: /home/propp/Independent_Study/ros_workspace/install/dwb_msgs/include/dwb_msgs/msg/dds_connext/LocalPlanEvaluation_.h
[3.592s] -- Up-to-date symlink: /home/propp/Independent_Study/ros_workspace/install/dwb_msgs/include/dwb_msgs/msg/dds_connext/LocalPlanEvaluation_Plugin.cxx
[3.593s] -- Up-to-date symlink: /home/propp/Independent_Study/ros_workspace/install/dwb_msgs/include/dwb_msgs/msg/dds_connext/LocalPlanEvaluation_Plugin.h
[3.593s] -- Up-to-date symlink: /home/propp/Independent_Study/ros_workspace/install/dwb_msgs/include/dwb_msgs/msg/dds_connext/LocalPlanEvaluation_Support.cxx
[3.593s] -- Up-to-date symlink: /home/propp/Independent_Study/ros_workspace/install/dwb_msgs/include/dwb_msgs/msg/dds_connext/LocalPlanEvaluation_Support.h
[3.593s] -- Up-to-date symlink: /home/propp/Independent_Study/ros_workspace/install/dwb_msgs/include/dwb_msgs/msg/dds_connext/Trajectory2D_.cxx
[3.593s] -- Up-to-date symlink: /home/propp/Independent_Study/ros_workspace/install/dwb_msgs/include/dwb_msgs/msg/dds_connext/Trajectory2D_.h
[3.594s] -- Up-to-date symlink: /home/propp/Independent_Study/ros_workspace/install/dwb_msgs/include/dwb_msgs/msg/dds_connext/Trajectory2D_Plugin.cxx
[3.594s] -- Up-to-date symlink: /home/propp/Independent_Study/ros_workspace/install/dwb_msgs/include/dwb_msgs/msg/dds_connext/Trajectory2D_Plugin.h
[3.594s] -- Up-to-date symlink: /home/propp/Independent_Study/ros_workspace/install/dwb_msgs/include/dwb_msgs/msg/dds_connext/Trajectory2D_Support.cxx
[3.594s] -- Up-to-date symlink: /home/propp/Independent_Study/ros_workspace/install/dwb_msgs/include/dwb_msgs/msg/dds_connext/Trajectory2D_Support.h
[3.594s] -- Up-to-date symlink: /home/propp/Independent_Study/ros_workspace/install/dwb_msgs/include/dwb_msgs/msg/dds_connext/TrajectoryScore_.cxx
[3.595s] -- Up-to-date symlink: /home/propp/Independent_Study/ros_workspace/install/dwb_msgs/include/dwb_msgs/msg/dds_connext/TrajectoryScore_.h
[3.595s] -- Up-to-date symlink: /home/propp/Independent_Study/ros_workspace/install/dwb_msgs/include/dwb_msgs/msg/dds_connext/TrajectoryScore_Plugin.cxx
[3.595s] -- Up-to-date symlink: /home/propp/Independent_Study/ros_workspace/install/dwb_msgs/include/dwb_msgs/msg/dds_connext/TrajectoryScore_Plugin.h
[3.595s] -- Up-to-date symlink: /home/propp/Independent_Study/ros_workspace/install/dwb_msgs/include/dwb_msgs/msg/dds_connext/TrajectoryScore_Support.cxx
[3.596s] -- Up-to-date symlink: /home/propp/Independent_Study/ros_workspace/install/dwb_msgs/include/dwb_msgs/msg/dds_connext/TrajectoryScore_Support.h
[3.596s] -- Up-to-date symlink: /home/propp/Independent_Study/ros_workspace/install/dwb_msgs/include/dwb_msgs/msg/local_plan_evaluation__rosidl_typesupport_connext_cpp.hpp
[3.596s] -- Up-to-date symlink: /home/propp/Independent_Study/ros_workspace/install/dwb_msgs/include/dwb_msgs/msg/rosidl_typesupport_connext_cpp__visibility_control.h
[3.596s] -- Up-to-date symlink: /home/propp/Independent_Study/ros_workspace/install/dwb_msgs/include/dwb_msgs/msg/trajectory2_d__rosidl_typesupport_connext_cpp.hpp
[3.596s] -- Up-to-date symlink: /home/propp/Independent_Study/ros_workspace/install/dwb_msgs/include/dwb_msgs/msg/trajectory_score__rosidl_typesupport_connext_cpp.hpp
[3.596s] -- Up-to-date symlink: /home/propp/Independent_Study/ros_workspace/install/dwb_msgs/include/dwb_msgs/srv/dds_connext/DebugLocalPlan_.cxx
[3.597s] -- Up-to-date symlink: /home/propp/Independent_Study/ros_workspace/install/dwb_msgs/include/dwb_msgs/srv/dds_connext/DebugLocalPlan_.h
[3.597s] -- Up-to-date symlink: /home/propp/Independent_Study/ros_workspace/install/dwb_msgs/include/dwb_msgs/srv/dds_connext/DebugLocalPlan_Plugin.cxx
[3.597s] -- Up-to-date symlink: /home/propp/Independent_Study/ros_workspace/install/dwb_msgs/include/dwb_msgs/srv/dds_connext/DebugLocalPlan_Plugin.h
[3.597s] -- Up-to-date symlink: /home/propp/Independent_Study/ros_workspace/install/dwb_msgs/include/dwb_msgs/srv/dds_connext/DebugLocalPlan_Support.cxx
[3.597s] -- Up-to-date symlink: /home/propp/Independent_Study/ros_workspace/install/dwb_msgs/include/dwb_msgs/srv/dds_connext/DebugLocalPlan_Support.h
[3.598s] -- Up-to-date symlink: /home/propp/Independent_Study/ros_workspace/install/dwb_msgs/include/dwb_msgs/srv/dds_connext/GenerateTrajectory_.cxx
[3.598s] -- Up-to-date symlink: /home/propp/Independent_Study/ros_workspace/install/dwb_msgs/include/dwb_msgs/srv/dds_connext/GenerateTrajectory_.h
[3.598s] -- Up-to-date symlink: /home/propp/Independent_Study/ros_workspace/install/dwb_msgs/include/dwb_msgs/srv/dds_connext/GenerateTrajectory_Plugin.cxx
[3.598s] -- Up-to-date symlink: /home/propp/Independent_Study/ros_workspace/install/dwb_msgs/include/dwb_msgs/srv/dds_connext/GenerateTrajectory_Plugin.h
[3.599s] -- Up-to-date symlink: /home/propp/Independent_Study/ros_workspace/install/dwb_msgs/include/dwb_msgs/srv/dds_connext/GenerateTrajectory_Support.cxx
[3.599s] -- Up-to-date symlink: /home/propp/Independent_Study/ros_workspace/install/dwb_msgs/include/dwb_msgs/srv/dds_connext/GenerateTrajectory_Support.h
[3.599s] -- Up-to-date symlink: /home/propp/Independent_Study/ros_workspace/install/dwb_msgs/include/dwb_msgs/srv/dds_connext/GenerateTwists_.cxx
[3.599s] -- Up-to-date symlink: /home/propp/Independent_Study/ros_workspace/install/dwb_msgs/include/dwb_msgs/srv/dds_connext/GenerateTwists_.h
[3.599s] -- Up-to-date symlink: /home/propp/Independent_Study/ros_workspace/install/dwb_msgs/include/dwb_msgs/srv/dds_connext/GenerateTwists_Plugin.cxx
[3.600s] -- Up-to-date symlink: /home/propp/Independent_Study/ros_workspace/install/dwb_msgs/include/dwb_msgs/srv/dds_connext/GenerateTwists_Plugin.h
[3.600s] -- Up-to-date symlink: /home/propp/Independent_Study/ros_workspace/install/dwb_msgs/include/dwb_msgs/srv/dds_connext/GenerateTwists_Support.cxx
[3.600s] -- Up-to-date symlink: /home/propp/Independent_Study/ros_workspace/install/dwb_msgs/include/dwb_msgs/srv/dds_connext/GenerateTwists_Support.h
[3.600s] -- Up-to-date symlink: /home/propp/Independent_Study/ros_workspace/install/dwb_msgs/include/dwb_msgs/srv/dds_connext/GetCriticScore_.cxx
[3.600s] -- Up-to-date symlink: /home/propp/Independent_Study/ros_workspace/install/dwb_msgs/include/dwb_msgs/srv/dds_connext/GetCriticScore_.h
[3.601s] -- Up-to-date symlink: /home/propp/Independent_Study/ros_workspace/install/dwb_msgs/include/dwb_msgs/srv/dds_connext/GetCriticScore_Plugin.cxx
[3.601s] -- Up-to-date symlink: /home/propp/Independent_Study/ros_workspace/install/dwb_msgs/include/dwb_msgs/srv/dds_connext/GetCriticScore_Plugin.h
[3.601s] -- Up-to-date symlink: /home/propp/Independent_Study/ros_workspace/install/dwb_msgs/include/dwb_msgs/srv/dds_connext/GetCriticScore_Support.cxx
[3.601s] -- Up-to-date symlink: /home/propp/Independent_Study/ros_workspace/install/dwb_msgs/include/dwb_msgs/srv/dds_connext/GetCriticScore_Support.h
[3.601s] -- Up-to-date symlink: /home/propp/Independent_Study/ros_workspace/install/dwb_msgs/include/dwb_msgs/srv/dds_connext/ScoreTrajectory_.cxx
[3.602s] -- Up-to-date symlink: /home/propp/Independent_Study/ros_workspace/install/dwb_msgs/include/dwb_msgs/srv/dds_connext/ScoreTrajectory_.h
[3.602s] -- Up-to-date symlink: /home/propp/Independent_Study/ros_workspace/install/dwb_msgs/include/dwb_msgs/srv/dds_connext/ScoreTrajectory_Plugin.cxx
[3.602s] -- Up-to-date symlink: /home/propp/Independent_Study/ros_workspace/install/dwb_msgs/include/dwb_msgs/srv/dds_connext/ScoreTrajectory_Plugin.h
[3.602s] -- Up-to-date symlink: /home/propp/Independent_Study/ros_workspace/install/dwb_msgs/include/dwb_msgs/srv/dds_connext/ScoreTrajectory_Support.cxx
[3.602s] -- Up-to-date symlink: /home/propp/Independent_Study/ros_workspace/install/dwb_msgs/include/dwb_msgs/srv/dds_connext/ScoreTrajectory_Support.h
[3.603s] -- Up-to-date symlink: /home/propp/Independent_Study/ros_workspace/install/dwb_msgs/include/dwb_msgs/srv/debug_local_plan__rosidl_typesupport_connext_cpp.hpp
[3.603s] -- Up-to-date symlink: /home/propp/Independent_Study/ros_workspace/install/dwb_msgs/include/dwb_msgs/srv/generate_trajectory__rosidl_typesupport_connext_cpp.hpp
[3.604s] -- Up-to-date symlink: /home/propp/Independent_Study/ros_workspace/install/dwb_msgs/include/dwb_msgs/srv/generate_twists__rosidl_typesupport_connext_cpp.hpp
[3.604s] -- Up-to-date symlink: /home/propp/Independent_Study/ros_workspace/install/dwb_msgs/include/dwb_msgs/srv/get_critic_score__rosidl_typesupport_connext_cpp.hpp
[3.604s] -- Up-to-date symlink: /home/propp/Independent_Study/ros_workspace/install/dwb_msgs/include/dwb_msgs/srv/score_trajectory__rosidl_typesupport_connext_cpp.hpp
[3.604s] -- Up-to-date symlink: /home/propp/Independent_Study/ros_workspace/install/dwb_msgs/lib/libdwb_msgs__rosidl_typesupport_connext_cpp.so
[3.605s] -- Up-to-date symlink: /home/propp/Independent_Study/ros_workspace/install/dwb_msgs/include/dwb_msgs/msg/detail/critic_score__rosidl_typesupport_fastrtps_c.h
[3.606s] -- Up-to-date symlink: /home/propp/Independent_Study/ros_workspace/install/dwb_msgs/include/dwb_msgs/msg/detail/local_plan_evaluation__rosidl_typesupport_fastrtps_c.h
[3.606s] -- Up-to-date symlink: /home/propp/Independent_Study/ros_workspace/install/dwb_msgs/include/dwb_msgs/msg/detail/trajectory2_d__rosidl_typesupport_fastrtps_c.h
[3.606s] -- Up-to-date symlink: /home/propp/Independent_Study/ros_workspace/install/dwb_msgs/include/dwb_msgs/msg/detail/trajectory_score__rosidl_typesupport_fastrtps_c.h
[3.607s] -- Up-to-date symlink: /home/propp/Independent_Study/ros_workspace/install/dwb_msgs/include/dwb_msgs/msg/rosidl_typesupport_fastrtps_c__visibility_control.h
[3.607s] -- Up-to-date symlink: /home/propp/Independent_Study/ros_workspace/install/dwb_msgs/include/dwb_msgs/srv/detail/debug_local_plan__rosidl_typesupport_fastrtps_c.h
[3.607s] -- Up-to-date symlink: /home/propp/Independent_Study/ros_workspace/install/dwb_msgs/include/dwb_msgs/srv/detail/generate_trajectory__rosidl_typesupport_fastrtps_c.h
[3.607s] -- Up-to-date symlink: /home/propp/Independent_Study/ros_workspace/install/dwb_msgs/include/dwb_msgs/srv/detail/generate_twists__rosidl_typesupport_fastrtps_c.h
[3.607s] -- Up-to-date symlink: /home/propp/Independent_Study/ros_workspace/install/dwb_msgs/include/dwb_msgs/srv/detail/get_critic_score__rosidl_typesupport_fastrtps_c.h
[3.607s] -- Up-to-date symlink: /home/propp/Independent_Study/ros_workspace/install/dwb_msgs/include/dwb_msgs/srv/detail/score_trajectory__rosidl_typesupport_fastrtps_c.h
[3.608s] -- Up-to-date symlink: /home/propp/Independent_Study/ros_workspace/install/dwb_msgs/lib/libdwb_msgs__rosidl_typesupport_fastrtps_c.so
[3.609s] -- Up-to-date symlink: /home/propp/Independent_Study/ros_workspace/install/dwb_msgs/include/dwb_msgs/msg/detail/critic_score__rosidl_typesupport_fastrtps_cpp.hpp
[3.609s] -- Up-to-date symlink: /home/propp/Independent_Study/ros_workspace/install/dwb_msgs/include/dwb_msgs/msg/detail/local_plan_evaluation__rosidl_typesupport_fastrtps_cpp.hpp
[3.609s] -- Up-to-date symlink: /home/propp/Independent_Study/ros_workspace/install/dwb_msgs/include/dwb_msgs/msg/detail/trajectory2_d__rosidl_typesupport_fastrtps_cpp.hpp
[3.610s] -- Up-to-date symlink: /home/propp/Independent_Study/ros_workspace/install/dwb_msgs/include/dwb_msgs/msg/detail/trajectory_score__rosidl_typesupport_fastrtps_cpp.hpp
[3.610s] -- Up-to-date symlink: /home/propp/Independent_Study/ros_workspace/install/dwb_msgs/include/dwb_msgs/msg/rosidl_typesupport_fastrtps_cpp__visibility_control.h
[3.610s] -- Up-to-date symlink: /home/propp/Independent_Study/ros_workspace/install/dwb_msgs/include/dwb_msgs/srv/detail/debug_local_plan__rosidl_typesupport_fastrtps_cpp.hpp
[3.610s] -- Up-to-date symlink: /home/propp/Independent_Study/ros_workspace/install/dwb_msgs/include/dwb_msgs/srv/detail/generate_trajectory__rosidl_typesupport_fastrtps_cpp.hpp
[3.611s] -- Up-to-date symlink: /home/propp/Independent_Study/ros_workspace/install/dwb_msgs/include/dwb_msgs/srv/detail/generate_twists__rosidl_typesupport_fastrtps_cpp.hpp
[3.611s] -- Up-to-date symlink: /home/propp/Independent_Study/ros_workspace/install/dwb_msgs/include/dwb_msgs/srv/detail/get_critic_score__rosidl_typesupport_fastrtps_cpp.hpp
[3.611s] -- Up-to-date symlink: /home/propp/Independent_Study/ros_workspace/install/dwb_msgs/include/dwb_msgs/srv/detail/score_trajectory__rosidl_typesupport_fastrtps_cpp.hpp
[3.612s] -- Up-to-date symlink: /home/propp/Independent_Study/ros_workspace/install/dwb_msgs/lib/libdwb_msgs__rosidl_typesupport_fastrtps_cpp.so
[3.612s] -- Up-to-date symlink: /home/propp/Independent_Study/ros_workspace/install/dwb_msgs/include/dwb_msgs/msg/detail/critic_score__rosidl_typesupport_introspection_c.h
[3.613s] -- Up-to-date symlink: /home/propp/Independent_Study/ros_workspace/install/dwb_msgs/include/dwb_msgs/msg/detail/local_plan_evaluation__rosidl_typesupport_introspection_c.h
[3.613s] -- Up-to-date symlink: /home/propp/Independent_Study/ros_workspace/install/dwb_msgs/include/dwb_msgs/msg/detail/trajectory2_d__rosidl_typesupport_introspection_c.h
[3.613s] -- Up-to-date symlink: /home/propp/Independent_Study/ros_workspace/install/dwb_msgs/include/dwb_msgs/msg/detail/trajectory_score__rosidl_typesupport_introspection_c.h
[3.613s] -- Up-to-date symlink: /home/propp/Independent_Study/ros_workspace/install/dwb_msgs/include/dwb_msgs/msg/rosidl_typesupport_introspection_c__visibility_control.h
[3.613s] -- Up-to-date symlink: /home/propp/Independent_Study/ros_workspace/install/dwb_msgs/include/dwb_msgs/srv/detail/debug_local_plan__rosidl_typesupport_introspection_c.h
[3.614s] -- Up-to-date symlink: /home/propp/Independent_Study/ros_workspace/install/dwb_msgs/include/dwb_msgs/srv/detail/generate_trajectory__rosidl_typesupport_introspection_c.h
[3.614s] -- Up-to-date symlink: /home/propp/Independent_Study/ros_workspace/install/dwb_msgs/include/dwb_msgs/srv/detail/generate_twists__rosidl_typesupport_introspection_c.h
[3.614s] -- Up-to-date symlink: /home/propp/Independent_Study/ros_workspace/install/dwb_msgs/include/dwb_msgs/srv/detail/get_critic_score__rosidl_typesupport_introspection_c.h
[3.614s] -- Up-to-date symlink: /home/propp/Independent_Study/ros_workspace/install/dwb_msgs/include/dwb_msgs/srv/detail/score_trajectory__rosidl_typesupport_introspection_c.h
[3.615s] -- Up-to-date symlink: /home/propp/Independent_Study/ros_workspace/install/dwb_msgs/include/dwb_msgs/msg/critic_score.hpp
[3.616s] -- Up-to-date symlink: /home/propp/Independent_Study/ros_workspace/install/dwb_msgs/include/dwb_msgs/msg/detail/critic_score__builder.hpp
[3.616s] -- Up-to-date symlink: /home/propp/Independent_Study/ros_workspace/install/dwb_msgs/include/dwb_msgs/msg/detail/critic_score__struct.hpp
[3.616s] -- Up-to-date symlink: /home/propp/Independent_Study/ros_workspace/install/dwb_msgs/include/dwb_msgs/msg/detail/critic_score__traits.hpp
[3.616s] -- Up-to-date symlink: /home/propp/Independent_Study/ros_workspace/install/dwb_msgs/include/dwb_msgs/msg/detail/local_plan_evaluation__builder.hpp
[3.616s] -- Up-to-date symlink: /home/propp/Independent_Study/ros_workspace/install/dwb_msgs/include/dwb_msgs/msg/detail/local_plan_evaluation__struct.hpp
[3.617s] -- Up-to-date symlink: /home/propp/Independent_Study/ros_workspace/install/dwb_msgs/include/dwb_msgs/msg/detail/local_plan_evaluation__traits.hpp
[3.617s] -- Up-to-date symlink: /home/propp/Independent_Study/ros_workspace/install/dwb_msgs/include/dwb_msgs/msg/detail/trajectory2_d__builder.hpp
[3.617s] -- Up-to-date symlink: /home/propp/Independent_Study/ros_workspace/install/dwb_msgs/include/dwb_msgs/msg/detail/trajectory2_d__struct.hpp
[3.617s] -- Up-to-date symlink: /home/propp/Independent_Study/ros_workspace/install/dwb_msgs/include/dwb_msgs/msg/detail/trajectory2_d__traits.hpp
[3.617s] -- Up-to-date symlink: /home/propp/Independent_Study/ros_workspace/install/dwb_msgs/include/dwb_msgs/msg/detail/trajectory_score__builder.hpp
[3.618s] -- Up-to-date symlink: /home/propp/Independent_Study/ros_workspace/install/dwb_msgs/include/dwb_msgs/msg/detail/trajectory_score__struct.hpp
[3.618s] -- Up-to-date symlink: /home/propp/Independent_Study/ros_workspace/install/dwb_msgs/include/dwb_msgs/msg/detail/trajectory_score__traits.hpp
[3.618s] -- Up-to-date symlink: /home/propp/Independent_Study/ros_workspace/install/dwb_msgs/include/dwb_msgs/msg/local_plan_evaluation.hpp
[3.618s] -- Up-to-date symlink: /home/propp/Independent_Study/ros_workspace/install/dwb_msgs/include/dwb_msgs/msg/trajectory2_d.hpp
[3.619s] -- Up-to-date symlink: /home/propp/Independent_Study/ros_workspace/install/dwb_msgs/include/dwb_msgs/msg/trajectory_score.hpp
[3.619s] -- Up-to-date symlink: /home/propp/Independent_Study/ros_workspace/install/dwb_msgs/include/dwb_msgs/srv/debug_local_plan.hpp
[3.619s] -- Up-to-date symlink: /home/propp/Independent_Study/ros_workspace/install/dwb_msgs/include/dwb_msgs/srv/detail/debug_local_plan__builder.hpp
[3.619s] -- Up-to-date symlink: /home/propp/Independent_Study/ros_workspace/install/dwb_msgs/include/dwb_msgs/srv/detail/debug_local_plan__struct.hpp
[3.620s] -- Up-to-date symlink: /home/propp/Independent_Study/ros_workspace/install/dwb_msgs/include/dwb_msgs/srv/detail/debug_local_plan__traits.hpp
[3.620s] -- Up-to-date symlink: /home/propp/Independent_Study/ros_workspace/install/dwb_msgs/include/dwb_msgs/srv/detail/generate_trajectory__builder.hpp
[3.620s] -- Up-to-date symlink: /home/propp/Independent_Study/ros_workspace/install/dwb_msgs/include/dwb_msgs/srv/detail/generate_trajectory__struct.hpp
[3.620s] -- Up-to-date symlink: /home/propp/Independent_Study/ros_workspace/install/dwb_msgs/include/dwb_msgs/srv/detail/generate_trajectory__traits.hpp
[3.620s] -- Up-to-date symlink: /home/propp/Independent_Study/ros_workspace/install/dwb_msgs/include/dwb_msgs/srv/detail/generate_twists__builder.hpp
[3.620s] -- Up-to-date symlink: /home/propp/Independent_Study/ros_workspace/install/dwb_msgs/include/dwb_msgs/srv/detail/generate_twists__struct.hpp
[3.620s] -- Up-to-date symlink: /home/propp/Independent_Study/ros_workspace/install/dwb_msgs/include/dwb_msgs/srv/detail/generate_twists__traits.hpp
[3.621s] -- Up-to-date symlink: /home/propp/Independent_Study/ros_workspace/install/dwb_msgs/include/dwb_msgs/srv/detail/get_critic_score__builder.hpp
[3.621s] -- Up-to-date symlink: /home/propp/Independent_Study/ros_workspace/install/dwb_msgs/include/dwb_msgs/srv/detail/get_critic_score__struct.hpp
[3.621s] -- Up-to-date symlink: /home/propp/Independent_Study/ros_workspace/install/dwb_msgs/include/dwb_msgs/srv/detail/get_critic_score__traits.hpp
[3.621s] -- Up-to-date symlink: /home/propp/Independent_Study/ros_workspace/install/dwb_msgs/include/dwb_msgs/srv/detail/score_trajectory__builder.hpp
[3.621s] -- Up-to-date symlink: /home/propp/Independent_Study/ros_workspace/install/dwb_msgs/include/dwb_msgs/srv/detail/score_trajectory__struct.hpp
[3.622s] -- Up-to-date symlink: /home/propp/Independent_Study/ros_workspace/install/dwb_msgs/include/dwb_msgs/srv/detail/score_trajectory__traits.hpp
[3.622s] -- Up-to-date symlink: /home/propp/Independent_Study/ros_workspace/install/dwb_msgs/include/dwb_msgs/srv/generate_trajectory.hpp
[3.622s] -- Up-to-date symlink: /home/propp/Independent_Study/ros_workspace/install/dwb_msgs/include/dwb_msgs/srv/generate_twists.hpp
[3.622s] -- Up-to-date symlink: /home/propp/Independent_Study/ros_workspace/install/dwb_msgs/include/dwb_msgs/srv/get_critic_score.hpp
[3.622s] -- Up-to-date symlink: /home/propp/Independent_Study/ros_workspace/install/dwb_msgs/include/dwb_msgs/srv/score_trajectory.hpp
[3.623s] -- Up-to-date symlink: /home/propp/Independent_Study/ros_workspace/install/dwb_msgs/include/dwb_msgs/msg/detail/critic_score__rosidl_typesupport_introspection_cpp.hpp
[3.624s] -- Up-to-date symlink: /home/propp/Independent_Study/ros_workspace/install/dwb_msgs/include/dwb_msgs/msg/detail/local_plan_evaluation__rosidl_typesupport_introspection_cpp.hpp
[3.624s] -- Up-to-date symlink: /home/propp/Independent_Study/ros_workspace/install/dwb_msgs/include/dwb_msgs/msg/detail/trajectory2_d__rosidl_typesupport_introspection_cpp.hpp
[3.624s] -- Up-to-date symlink: /home/propp/Independent_Study/ros_workspace/install/dwb_msgs/include/dwb_msgs/msg/detail/trajectory_score__rosidl_typesupport_introspection_cpp.hpp
[3.624s] -- Up-to-date symlink: /home/propp/Independent_Study/ros_workspace/install/dwb_msgs/include/dwb_msgs/srv/detail/debug_local_plan__rosidl_typesupport_introspection_cpp.hpp
[3.624s] -- Up-to-date symlink: /home/propp/Independent_Study/ros_workspace/install/dwb_msgs/include/dwb_msgs/srv/detail/generate_trajectory__rosidl_typesupport_introspection_cpp.hpp
[3.625s] -- Up-to-date symlink: /home/propp/Independent_Study/ros_workspace/install/dwb_msgs/include/dwb_msgs/srv/detail/generate_twists__rosidl_typesupport_introspection_cpp.hpp
[3.625s] -- Up-to-date symlink: /home/propp/Independent_Study/ros_workspace/install/dwb_msgs/include/dwb_msgs/srv/detail/get_critic_score__rosidl_typesupport_introspection_cpp.hpp
[3.625s] -- Up-to-date symlink: /home/propp/Independent_Study/ros_workspace/install/dwb_msgs/include/dwb_msgs/srv/detail/score_trajectory__rosidl_typesupport_introspection_cpp.hpp
[3.625s] -- Up-to-date symlink: /home/propp/Independent_Study/ros_workspace/install/dwb_msgs/share/dwb_msgs/environment/pythonpath.sh
[3.626s] -- Up-to-date symlink: /home/propp/Independent_Study/ros_workspace/install/dwb_msgs/share/dwb_msgs/environment/pythonpath.dsv
[3.626s] -- Up-to-date symlink: /home/propp/Independent_Study/ros_workspace/install/dwb_msgs/lib/python3.8/site-packages/dwb_msgs/__init__.py
[3.627s] -- Up-to-date symlink: /home/propp/Independent_Study/ros_workspace/install/dwb_msgs/lib/python3.8/site-packages/dwb_msgs/msg/__init__.py
[3.627s] -- Up-to-date symlink: /home/propp/Independent_Study/ros_workspace/install/dwb_msgs/lib/python3.8/site-packages/dwb_msgs/msg/_critic_score.py
[3.627s] -- Up-to-date symlink: /home/propp/Independent_Study/ros_workspace/install/dwb_msgs/lib/python3.8/site-packages/dwb_msgs/msg/_local_plan_evaluation.py
[3.628s] -- Up-to-date symlink: /home/propp/Independent_Study/ros_workspace/install/dwb_msgs/lib/python3.8/site-packages/dwb_msgs/msg/_trajectory2_d.py
[3.628s] -- Up-to-date symlink: /home/propp/Independent_Study/ros_workspace/install/dwb_msgs/lib/python3.8/site-packages/dwb_msgs/msg/_trajectory_score.py
[3.628s] -- Up-to-date symlink: /home/propp/Independent_Study/ros_workspace/install/dwb_msgs/lib/python3.8/site-packages/dwb_msgs/srv/__init__.py
[3.628s] -- Up-to-date symlink: /home/propp/Independent_Study/ros_workspace/install/dwb_msgs/lib/python3.8/site-packages/dwb_msgs/srv/_debug_local_plan.py
[3.629s] -- Up-to-date symlink: /home/propp/Independent_Study/ros_workspace/install/dwb_msgs/lib/python3.8/site-packages/dwb_msgs/srv/_generate_trajectory.py
[3.629s] -- Up-to-date symlink: /home/propp/Independent_Study/ros_workspace/install/dwb_msgs/lib/python3.8/site-packages/dwb_msgs/srv/_generate_twists.py
[3.629s] -- Up-to-date symlink: /home/propp/Independent_Study/ros_workspace/install/dwb_msgs/lib/python3.8/site-packages/dwb_msgs/srv/_get_critic_score.py
[3.629s] -- Up-to-date symlink: /home/propp/Independent_Study/ros_workspace/install/dwb_msgs/lib/python3.8/site-packages/dwb_msgs/srv/_score_trajectory.py
[3.630s] -- Up-to-date symlink: /home/propp/Independent_Study/ros_workspace/install/dwb_msgs/lib/python3.8/site-packages/dwb_msgs/dwb_msgs_s__rosidl_typesupport_connext_c.cpython-38-x86_64-linux-gnu.so
[3.630s] -- Up-to-date symlink: /home/propp/Independent_Study/ros_workspace/install/dwb_msgs/lib/python3.8/site-packages/dwb_msgs/dwb_msgs_s__rosidl_typesupport_fastrtps_c.cpython-38-x86_64-linux-gnu.so
[3.631s] -- Up-to-date symlink: /home/propp/Independent_Study/ros_workspace/install/dwb_msgs/lib/python3.8/site-packages/dwb_msgs/dwb_msgs_s__rosidl_typesupport_introspection_c.cpython-38-x86_64-linux-gnu.so
[3.631s] -- Up-to-date symlink: /home/propp/Independent_Study/ros_workspace/install/dwb_msgs/lib/python3.8/site-packages/dwb_msgs/dwb_msgs_s__rosidl_typesupport_c.cpython-38-x86_64-linux-gnu.so
[3.632s] -- Up-to-date symlink: /home/propp/Independent_Study/ros_workspace/install/dwb_msgs/lib/libdwb_msgs__python.so
[3.632s] -- Up-to-date symlink: /home/propp/Independent_Study/ros_workspace/install/dwb_msgs/share/dwb_msgs/msg/CriticScore.idl
[3.632s] -- Up-to-date symlink: /home/propp/Independent_Study/ros_workspace/install/dwb_msgs/share/dwb_msgs/msg/LocalPlanEvaluation.idl
[3.633s] -- Up-to-date symlink: /home/propp/Independent_Study/ros_workspace/install/dwb_msgs/share/dwb_msgs/msg/Trajectory2D.idl
[3.633s] -- Up-to-date symlink: /home/propp/Independent_Study/ros_workspace/install/dwb_msgs/share/dwb_msgs/msg/TrajectoryScore.idl
[3.633s] -- Up-to-date symlink: /home/propp/Independent_Study/ros_workspace/install/dwb_msgs/share/dwb_msgs/srv/DebugLocalPlan.idl
[3.634s] -- Up-to-date symlink: /home/propp/Independent_Study/ros_workspace/install/dwb_msgs/share/dwb_msgs/srv/GenerateTrajectory.idl
[3.634s] -- Up-to-date symlink: /home/propp/Independent_Study/ros_workspace/install/dwb_msgs/share/dwb_msgs/srv/GenerateTwists.idl
[3.634s] -- Up-to-date symlink: /home/propp/Independent_Study/ros_workspace/install/dwb_msgs/share/dwb_msgs/srv/GetCriticScore.idl
[3.635s] -- Up-to-date symlink: /home/propp/Independent_Study/ros_workspace/install/dwb_msgs/share/dwb_msgs/srv/ScoreTrajectory.idl
[3.635s] -- Up-to-date symlink: /home/propp/Independent_Study/ros_workspace/install/dwb_msgs/share/dwb_msgs/msg/CriticScore.msg
[3.635s] -- Up-to-date symlink: /home/propp/Independent_Study/ros_workspace/install/dwb_msgs/share/dwb_msgs/msg/LocalPlanEvaluation.msg
[3.636s] -- Up-to-date symlink: /home/propp/Independent_Study/ros_workspace/install/dwb_msgs/share/dwb_msgs/msg/Trajectory2D.msg
[3.636s] -- Up-to-date symlink: /home/propp/Independent_Study/ros_workspace/install/dwb_msgs/share/dwb_msgs/msg/TrajectoryScore.msg
[3.636s] -- Up-to-date symlink: /home/propp/Independent_Study/ros_workspace/install/dwb_msgs/share/dwb_msgs/srv/DebugLocalPlan.srv
[3.637s] -- Up-to-date symlink: /home/propp/Independent_Study/ros_workspace/install/dwb_msgs/share/dwb_msgs/srv/DebugLocalPlan_Request.msg
[3.637s] -- Up-to-date symlink: /home/propp/Independent_Study/ros_workspace/install/dwb_msgs/share/dwb_msgs/srv/DebugLocalPlan_Response.msg
[3.637s] -- Up-to-date symlink: /home/propp/Independent_Study/ros_workspace/install/dwb_msgs/share/dwb_msgs/srv/GenerateTrajectory.srv
[3.638s] -- Up-to-date symlink: /home/propp/Independent_Study/ros_workspace/install/dwb_msgs/share/dwb_msgs/srv/GenerateTrajectory_Request.msg
[3.638s] -- Up-to-date symlink: /home/propp/Independent_Study/ros_workspace/install/dwb_msgs/share/dwb_msgs/srv/GenerateTrajectory_Response.msg
[3.638s] -- Up-to-date symlink: /home/propp/Independent_Study/ros_workspace/install/dwb_msgs/share/dwb_msgs/srv/GenerateTwists.srv
[3.638s] -- Up-to-date symlink: /home/propp/Independent_Study/ros_workspace/install/dwb_msgs/share/dwb_msgs/srv/GenerateTwists_Request.msg
[3.639s] -- Up-to-date symlink: /home/propp/Independent_Study/ros_workspace/install/dwb_msgs/share/dwb_msgs/srv/GenerateTwists_Response.msg
[3.639s] -- Up-to-date symlink: /home/propp/Independent_Study/ros_workspace/install/dwb_msgs/share/dwb_msgs/srv/GetCriticScore.srv
[3.639s] -- Up-to-date symlink: /home/propp/Independent_Study/ros_workspace/install/dwb_msgs/share/dwb_msgs/srv/GetCriticScore_Request.msg
[3.640s] -- Up-to-date symlink: /home/propp/Independent_Study/ros_workspace/install/dwb_msgs/share/dwb_msgs/srv/GetCriticScore_Response.msg
[3.640s] -- Up-to-date symlink: /home/propp/Independent_Study/ros_workspace/install/dwb_msgs/share/dwb_msgs/srv/ScoreTrajectory.srv
[3.641s] -- Up-to-date symlink: /home/propp/Independent_Study/ros_workspace/install/dwb_msgs/share/dwb_msgs/srv/ScoreTrajectory_Request.msg
[3.641s] -- Up-to-date symlink: /home/propp/Independent_Study/ros_workspace/install/dwb_msgs/share/dwb_msgs/srv/ScoreTrajectory_Response.msg
[3.641s] -- Up-to-date symlink: /home/propp/Independent_Study/ros_workspace/install/dwb_msgs/share/ament_index/resource_index/package_run_dependencies/dwb_msgs
[3.641s] -- Up-to-date symlink: /home/propp/Independent_Study/ros_workspace/install/dwb_msgs/share/ament_index/resource_index/parent_prefix_path/dwb_msgs
[3.642s] -- Up-to-date symlink: /home/propp/Independent_Study/ros_workspace/install/dwb_msgs/share/dwb_msgs/environment/ament_prefix_path.sh
[3.642s] -- Up-to-date symlink: /home/propp/Independent_Study/ros_workspace/install/dwb_msgs/share/dwb_msgs/environment/ament_prefix_path.dsv
[3.642s] -- Up-to-date symlink: /home/propp/Independent_Study/ros_workspace/install/dwb_msgs/share/dwb_msgs/environment/path.sh
[3.643s] -- Up-to-date symlink: /home/propp/Independent_Study/ros_workspace/install/dwb_msgs/share/dwb_msgs/environment/path.dsv
[3.643s] -- Up-to-date symlink: /home/propp/Independent_Study/ros_workspace/install/dwb_msgs/share/dwb_msgs/local_setup.bash
[3.644s] -- Up-to-date symlink: /home/propp/Independent_Study/ros_workspace/install/dwb_msgs/share/dwb_msgs/local_setup.sh
[3.644s] -- Up-to-date symlink: /home/propp/Independent_Study/ros_workspace/install/dwb_msgs/share/dwb_msgs/local_setup.zsh
[3.644s] -- Up-to-date symlink: /home/propp/Independent_Study/ros_workspace/install/dwb_msgs/share/dwb_msgs/local_setup.dsv
[3.644s] -- Symlinking: /home/propp/Independent_Study/ros_workspace/install/dwb_msgs/share/dwb_msgs/package.dsv
[3.655s] -- Up-to-date symlink: /home/propp/Independent_Study/ros_workspace/install/dwb_msgs/share/ament_index/resource_index/packages/dwb_msgs
[3.655s] -- Up-to-date symlink: /home/propp/Independent_Study/ros_workspace/install/dwb_msgs/share/dwb_msgs/cmake/rosidl_cmake-extras.cmake
[3.656s] -- Up-to-date symlink: /home/propp/Independent_Study/ros_workspace/install/dwb_msgs/share/dwb_msgs/cmake/ament_cmake_export_dependencies-extras.cmake
[3.656s] -- Up-to-date symlink: /home/propp/Independent_Study/ros_workspace/install/dwb_msgs/share/dwb_msgs/cmake/ament_cmake_export_libraries-extras.cmake
[3.656s] -- Up-to-date symlink: /home/propp/Independent_Study/ros_workspace/install/dwb_msgs/share/dwb_msgs/cmake/ament_cmake_export_targets-extras.cmake
[3.657s] -- Up-to-date symlink: /home/propp/Independent_Study/ros_workspace/install/dwb_msgs/share/dwb_msgs/cmake/ament_cmake_export_include_directories-extras.cmake
[3.657s] -- Up-to-date symlink: /home/propp/Independent_Study/ros_workspace/install/dwb_msgs/share/dwb_msgs/cmake/rosidl_cmake_export_typesupport_libraries-extras.cmake
[3.658s] -- Up-to-date symlink: /home/propp/Independent_Study/ros_workspace/install/dwb_msgs/share/dwb_msgs/cmake/rosidl_cmake_export_typesupport_targets-extras.cmake
[3.658s] -- Up-to-date symlink: /home/propp/Independent_Study/ros_workspace/install/dwb_msgs/share/dwb_msgs/cmake/dwb_msgsConfig.cmake
[3.658s] -- Up-to-date symlink: /home/propp/Independent_Study/ros_workspace/install/dwb_msgs/share/dwb_msgs/cmake/dwb_msgsConfig-version.cmake
[3.658s] -- Up-to-date symlink: /home/propp/Independent_Study/ros_workspace/install/dwb_msgs/share/dwb_msgs/package.xml
[3.659s] -- Up-to-date: /home/propp/Independent_Study/ros_workspace/install/dwb_msgs/lib/libdwb_msgs__rosidl_generator_c.so
[3.659s] -- Up-to-date: /home/propp/Independent_Study/ros_workspace/install/dwb_msgs/lib/libdwb_msgs__rosidl_typesupport_introspection_c.so
[3.660s] -- Up-to-date: /home/propp/Independent_Study/ros_workspace/install/dwb_msgs/lib/libdwb_msgs__rosidl_typesupport_c.so
[3.660s] -- Up-to-date: /home/propp/Independent_Study/ros_workspace/install/dwb_msgs/lib/libdwb_msgs__rosidl_typesupport_introspection_cpp.so
[3.661s] -- Up-to-date: /home/propp/Independent_Study/ros_workspace/install/dwb_msgs/lib/libdwb_msgs__rosidl_typesupport_cpp.so
[3.691s] Compiling '/home/propp/Independent_Study/ros_workspace/install/dwb_msgs/lib/python3.8/site-packages/dwb_msgs/__init__.py'...
[3.697s] -- Up-to-date: /home/propp/Independent_Study/ros_workspace/install/dwb_msgs/share/dwb_msgs/cmake/dwb_msgs__rosidl_generator_cExport.cmake
[3.697s] -- Installing: /home/propp/Independent_Study/ros_workspace/install/dwb_msgs/share/dwb_msgs/cmake/dwb_msgs__rosidl_generator_cExport-noconfig.cmake
[3.697s] -- Up-to-date: /home/propp/Independent_Study/ros_workspace/install/dwb_msgs/share/dwb_msgs/cmake/dwb_msgs__rosidl_typesupport_introspection_cExport.cmake
[3.697s] -- Installing: /home/propp/Independent_Study/ros_workspace/install/dwb_msgs/share/dwb_msgs/cmake/dwb_msgs__rosidl_typesupport_introspection_cExport-noconfig.cmake
[3.697s] -- Up-to-date: /home/propp/Independent_Study/ros_workspace/install/dwb_msgs/share/dwb_msgs/cmake/dwb_msgs__rosidl_typesupport_cExport.cmake
[3.697s] -- Installing: /home/propp/Independent_Study/ros_workspace/install/dwb_msgs/share/dwb_msgs/cmake/dwb_msgs__rosidl_typesupport_cExport-noconfig.cmake
[3.697s] -- Up-to-date: /home/propp/Independent_Study/ros_workspace/install/dwb_msgs/share/dwb_msgs/cmake/dwb_msgs__rosidl_generator_cppExport.cmake
[3.698s] -- Up-to-date: /home/propp/Independent_Study/ros_workspace/install/dwb_msgs/share/dwb_msgs/cmake/dwb_msgs__rosidl_typesupport_introspection_cppExport.cmake
[3.698s] -- Installing: /home/propp/Independent_Study/ros_workspace/install/dwb_msgs/share/dwb_msgs/cmake/dwb_msgs__rosidl_typesupport_introspection_cppExport-noconfig.cmake
[3.698s] -- Up-to-date: /home/propp/Independent_Study/ros_workspace/install/dwb_msgs/share/dwb_msgs/cmake/dwb_msgs__rosidl_typesupport_cppExport.cmake
[3.698s] -- Installing: /home/propp/Independent_Study/ros_workspace/install/dwb_msgs/share/dwb_msgs/cmake/dwb_msgs__rosidl_typesupport_cppExport-noconfig.cmake
[3.714s] Invoked command in '/home/propp/Independent_Study/ros_workspace/build/dwb_msgs' returned '0': AMENT_PREFIX_PATH=/home/propp/Independent_Study/ros_workspace/install/nav_2d_msgs:${AMENT_PREFIX_PATH} CMAKE_PREFIX_PATH=/home/propp/Independent_Study/ros_workspace/install/nav_2d_msgs:${CMAKE_PREFIX_PATH} LD_LIBRARY_PATH=/home/propp/Independent_Study/ros_workspace/install/nav_2d_msgs/lib:${LD_LIBRARY_PATH} PYTHONPATH=/home/propp/Independent_Study/ros_workspace/install/nav_2d_msgs/lib/python3.8/site-packages:${PYTHONPATH} /usr/bin/cmake --install /home/propp/Independent_Study/ros_workspace/build/dwb_msgs
