-- The C compiler identification is GNU 9.3.0
-- The CXX compiler identification is GNU 9.3.0
-- Check for working C compiler: /usr/bin/cc
-- Check for working C compiler: /usr/bin/cc -- works
-- Detecting C compiler ABI info
-- Detecting C compiler ABI info - done
-- Detecting C compile features
-- Detecting C compile features - done
-- Check for working CXX compiler: /usr/bin/c++
-- Check for working CXX compiler: /usr/bin/c++ -- works
-- Detecting CXX compiler ABI info
-- Detecting CXX compiler ABI info - done
-- Detecting CXX compile features
-- Detecting CXX compile features - done
-- Found geometry_msgs: 2.0.3 (/home/propp/ros2_foxy/ros2-linux/share/geometry_msgs/cmake)
-- Found PythonInterp: /usr/bin/python3 (found suitable version "3.8.5", minimum required is "3") 
-- Using PYTHON_EXECUTABLE: /usr/bin/python3
-- Override CMake install command with custom implementation using symlinks instead of copying resources
-- Using all available rosidl_typesupport_c: rosidl_typesupport_connext_c;rosidl_typesupport_fastrtps_c;rosidl_typesupport_introspection_c
-- Found rosidl_adapter: 1.1.0 (/home/propp/ros2_foxy/ros2-linux/share/rosidl_adapter/cmake)
-- Found ament_cmake: 0.9.7 (/home/propp/ros2_foxy/ros2-linux/share/ament_cmake/cmake)
-- Found RTI Connext: /opt/rti.com/rti_connext_dds-5.3.1
-- Found OpenSSL: /usr/lib/x86_64-linux-gnu/libcrypto.so (found version "1.1.1f")  
-- Found FastRTPS: /home/propp/ros2_foxy/ros2-linux/include  
-- Using all available rosidl_typesupport_cpp: rosidl_typesupport_connext_cpp;rosidl_typesupport_fastrtps_cpp;rosidl_typesupport_introspection_cpp
-- Found rosidl_default_generators: 1.0.0 (/home/propp/ros2_foxy/ros2-linux/share/rosidl_default_generators/cmake)
-- Found PythonInterp: /usr/bin/python3 (found version "3.8.5") 
-- Found ament_cmake_ros: 0.9.0 (/home/propp/ros2_foxy/ros2-linux/share/ament_cmake_ros/cmake)
-- Using all available rosidl_typesupport_c: rosidl_typesupport_connext_c;rosidl_typesupport_fastrtps_c;rosidl_typesupport_introspection_c
-- Using all available rosidl_typesupport_cpp: rosidl_typesupport_connext_cpp;rosidl_typesupport_fastrtps_cpp;rosidl_typesupport_introspection_cpp
-- Found PythonInterp: /usr/bin/python3 (found suitable version "3.8.5", minimum required is "3.5") 
-- Found python_cmake_module: 0.8.0 (/home/propp/ros2_foxy/ros2-linux/share/python_cmake_module/cmake)
-- Found PythonLibs: /usr/lib/x86_64-linux-gnu/libpython3.8.so (found suitable version "3.8.5", minimum required is "3.5") 
-- Using PYTHON_EXECUTABLE: /usr/bin/python3
-- Using PYTHON_INCLUDE_DIRS: /usr/include/python3.8
-- Using PYTHON_LIBRARIES: /usr/lib/x86_64-linux-gnu/libpython3.8.so
-- Found PythonExtra: .so  
-- Configuring done
-- Generating done
-- Build files have been written to: /home/propp/Independent_Study/ros_workspace/build/nav_2d_msgs
[35m[1mScanning dependencies of target nav_2d_msgs__dds_connext_idl[0m
[35m[1mScanning dependencies of target nav_2d_msgs__cpp[0m
[  1%] [34m[1mGenerating C code for ROS interfaces[0m
[  2%] [34m[1mGenerating DDS interfaces[0m
[  2%] [34m[1mGenerating C++ code for ROS interfaces[0m
[  2%] Built target nav_2d_msgs__dds_connext_idl
[35m[1mScanning dependencies of target nav_2d_msgs__rosidl_generator_c[0m
[  3%] [32mBuilding C object CMakeFiles/nav_2d_msgs__rosidl_generator_c.dir/rosidl_generator_c/nav_2d_msgs/msg/detail/pose2_d32__functions.c.o[0m
[  3%] [32mBuilding C object CMakeFiles/nav_2d_msgs__rosidl_generator_c.dir/rosidl_generator_c/nav_2d_msgs/msg/detail/pose2_d_stamped__functions.c.o[0m
[  4%] [32mBuilding C object CMakeFiles/nav_2d_msgs__rosidl_generator_c.dir/rosidl_generator_c/nav_2d_msgs/msg/detail/twist2_d__functions.c.o[0m
[  5%] [32mBuilding C object CMakeFiles/nav_2d_msgs__rosidl_generator_c.dir/rosidl_generator_c/nav_2d_msgs/msg/detail/path2_d__functions.c.o[0m
[  6%] [32mBuilding C object CMakeFiles/nav_2d_msgs__rosidl_generator_c.dir/rosidl_generator_c/nav_2d_msgs/msg/detail/twist2_d32__functions.c.o[0m
[  7%] [32mBuilding C object CMakeFiles/nav_2d_msgs__rosidl_generator_c.dir/rosidl_generator_c/nav_2d_msgs/msg/detail/twist2_d_stamped__functions.c.o[0m
[  7%] Built target nav_2d_msgs__cpp
[  8%] [34m[1mGenerating C++ introspection for ROS interfaces[0m
[  9%] [34m[1mGenerating C++ type support dispatch for ROS interfaces[0m
[ 10%] [34m[1mGenerating C++ type support for RTI Connext (using '/opt/rti.com/rti_connext_dds-5.3.1/bin/rtiddsgen_server')[0m
[ 11%] [34m[1mGenerating C++ type support for eProsima Fast-RTPS[0m
[ 11%] [32m[1mLinking C shared library libnav_2d_msgs__rosidl_generator_c.so[0m
[ 11%] Built target nav_2d_msgs__rosidl_generator_c
[ 12%] [34m[1mGenerating C type support dispatch for ROS interfaces[0m
[ 12%] [34m[1mGenerating C introspection for ROS interfaces[0m
[35m[1mScanning dependencies of target nav_2d_msgs__rosidl_typesupport_cpp[0m
[ 13%] [32mBuilding CXX object CMakeFiles/nav_2d_msgs__rosidl_typesupport_cpp.dir/rosidl_typesupport_cpp/nav_2d_msgs/msg/path2_d__type_support.cpp.o[0m
[ 14%] [32mBuilding CXX object CMakeFiles/nav_2d_msgs__rosidl_typesupport_cpp.dir/rosidl_typesupport_cpp/nav_2d_msgs/msg/pose2_d32__type_support.cpp.o[0m
[ 14%] [32mBuilding CXX object CMakeFiles/nav_2d_msgs__rosidl_typesupport_cpp.dir/rosidl_typesupport_cpp/nav_2d_msgs/msg/pose2_d_stamped__type_support.cpp.o[0m
[35m[1mScanning dependencies of target nav_2d_msgs__rosidl_typesupport_introspection_cpp[0m
[ 15%] [32mBuilding CXX object CMakeFiles/nav_2d_msgs__rosidl_typesupport_cpp.dir/rosidl_typesupport_cpp/nav_2d_msgs/msg/twist2_d__type_support.cpp.o[0m
[ 16%] [32mBuilding CXX object CMakeFiles/nav_2d_msgs__rosidl_typesupport_cpp.dir/rosidl_typesupport_cpp/nav_2d_msgs/msg/twist2_d32__type_support.cpp.o[0m
[35m[1mScanning dependencies of target nav_2d_msgs__rosidl_typesupport_c[0m
[ 17%] [32mBuilding CXX object CMakeFiles/nav_2d_msgs__rosidl_typesupport_introspection_cpp.dir/rosidl_typesupport_introspection_cpp/nav_2d_msgs/msg/detail/path2_d__type_support.cpp.o[0m
[ 18%] [32mBuilding CXX object CMakeFiles/nav_2d_msgs__rosidl_typesupport_cpp.dir/rosidl_typesupport_cpp/nav_2d_msgs/msg/twist2_d_stamped__type_support.cpp.o[0m
[ 19%] [32mBuilding CXX object CMakeFiles/nav_2d_msgs__rosidl_typesupport_c.dir/rosidl_typesupport_c/nav_2d_msgs/msg/path2_d__type_support.cpp.o[0m
[ 20%] [32mBuilding CXX object CMakeFiles/nav_2d_msgs__rosidl_typesupport_introspection_cpp.dir/rosidl_typesupport_introspection_cpp/nav_2d_msgs/msg/detail/pose2_d32__type_support.cpp.o[0m
[ 21%] [32mBuilding CXX object CMakeFiles/nav_2d_msgs__rosidl_typesupport_c.dir/rosidl_typesupport_c/nav_2d_msgs/msg/pose2_d32__type_support.cpp.o[0m
[35m[1mScanning dependencies of target nav_2d_msgs__rosidl_typesupport_fastrtps_cpp[0m
[ 22%] [32mBuilding CXX object CMakeFiles/nav_2d_msgs__rosidl_typesupport_c.dir/rosidl_typesupport_c/nav_2d_msgs/msg/pose2_d_stamped__type_support.cpp.o[0m
[ 22%] [32mBuilding CXX object CMakeFiles/nav_2d_msgs__rosidl_typesupport_introspection_cpp.dir/rosidl_typesupport_introspection_cpp/nav_2d_msgs/msg/detail/pose2_d_stamped__type_support.cpp.o[0m
[35m[1mScanning dependencies of target nav_2d_msgs__rosidl_typesupport_introspection_c[0m
[ 22%] [32mBuilding CXX object CMakeFiles/nav_2d_msgs__rosidl_typesupport_c.dir/rosidl_typesupport_c/nav_2d_msgs/msg/twist2_d__type_support.cpp.o[0m
[ 23%] [32mBuilding CXX object CMakeFiles/nav_2d_msgs__rosidl_typesupport_fastrtps_cpp.dir/rosidl_typesupport_fastrtps_cpp/nav_2d_msgs/msg/detail/dds_fastrtps/path2_d__type_support.cpp.o[0m
[ 24%] [32mBuilding CXX object CMakeFiles/nav_2d_msgs__rosidl_typesupport_c.dir/rosidl_typesupport_c/nav_2d_msgs/msg/twist2_d32__type_support.cpp.o[0m
[ 25%] [32mBuilding C object CMakeFiles/nav_2d_msgs__rosidl_typesupport_introspection_c.dir/rosidl_typesupport_introspection_c/nav_2d_msgs/msg/detail/path2_d__type_support.c.o[0m
[ 26%] [32mBuilding CXX object CMakeFiles/nav_2d_msgs__rosidl_typesupport_c.dir/rosidl_typesupport_c/nav_2d_msgs/msg/twist2_d_stamped__type_support.cpp.o[0m
[ 27%] [32mBuilding CXX object CMakeFiles/nav_2d_msgs__rosidl_typesupport_fastrtps_cpp.dir/rosidl_typesupport_fastrtps_cpp/nav_2d_msgs/msg/detail/dds_fastrtps/pose2_d32__type_support.cpp.o[0m
[ 28%] [32mBuilding C object CMakeFiles/nav_2d_msgs__rosidl_typesupport_introspection_c.dir/rosidl_typesupport_introspection_c/nav_2d_msgs/msg/detail/pose2_d32__type_support.c.o[0m
[ 29%] [32mBuilding C object CMakeFiles/nav_2d_msgs__rosidl_typesupport_introspection_c.dir/rosidl_typesupport_introspection_c/nav_2d_msgs/msg/detail/pose2_d_stamped__type_support.c.o[0m
[ 30%] [32mBuilding C object CMakeFiles/nav_2d_msgs__rosidl_typesupport_introspection_c.dir/rosidl_typesupport_introspection_c/nav_2d_msgs/msg/detail/twist2_d__type_support.c.o[0m
[ 30%] [32mBuilding CXX object CMakeFiles/nav_2d_msgs__rosidl_typesupport_introspection_cpp.dir/rosidl_typesupport_introspection_cpp/nav_2d_msgs/msg/detail/twist2_d__type_support.cpp.o[0m
[ 31%] [32mBuilding CXX object CMakeFiles/nav_2d_msgs__rosidl_typesupport_introspection_cpp.dir/rosidl_typesupport_introspection_cpp/nav_2d_msgs/msg/detail/twist2_d32__type_support.cpp.o[0m
[ 32%] [32m[1mLinking CXX shared library libnav_2d_msgs__rosidl_typesupport_c.so[0m
[ 33%] [32m[1mLinking CXX shared library libnav_2d_msgs__rosidl_typesupport_cpp.so[0m
[ 33%] [32mBuilding CXX object CMakeFiles/nav_2d_msgs__rosidl_typesupport_fastrtps_cpp.dir/rosidl_typesupport_fastrtps_cpp/nav_2d_msgs/msg/detail/dds_fastrtps/pose2_d_stamped__type_support.cpp.o[0m
[ 34%] [32mBuilding C object CMakeFiles/nav_2d_msgs__rosidl_typesupport_introspection_c.dir/rosidl_typesupport_introspection_c/nav_2d_msgs/msg/detail/twist2_d32__type_support.c.o[0m
[ 35%] [32mBuilding CXX object CMakeFiles/nav_2d_msgs__rosidl_typesupport_fastrtps_cpp.dir/rosidl_typesupport_fastrtps_cpp/nav_2d_msgs/msg/detail/dds_fastrtps/twist2_d__type_support.cpp.o[0m
[ 36%] [32mBuilding C object CMakeFiles/nav_2d_msgs__rosidl_typesupport_introspection_c.dir/rosidl_typesupport_introspection_c/nav_2d_msgs/msg/detail/twist2_d_stamped__type_support.c.o[0m
[ 36%] Built target nav_2d_msgs__rosidl_typesupport_cpp
[ 36%] Built target nav_2d_msgs__rosidl_typesupport_c
[ 37%] [32mBuilding CXX object CMakeFiles/nav_2d_msgs__rosidl_typesupport_fastrtps_cpp.dir/rosidl_typesupport_fastrtps_cpp/nav_2d_msgs/msg/detail/dds_fastrtps/twist2_d32__type_support.cpp.o[0m
[ 38%] [32mBuilding CXX object CMakeFiles/nav_2d_msgs__rosidl_typesupport_fastrtps_cpp.dir/rosidl_typesupport_fastrtps_cpp/nav_2d_msgs/msg/detail/dds_fastrtps/twist2_d_stamped__type_support.cpp.o[0m
[ 39%] [32mBuilding CXX object CMakeFiles/nav_2d_msgs__rosidl_typesupport_introspection_cpp.dir/rosidl_typesupport_introspection_cpp/nav_2d_msgs/msg/detail/twist2_d_stamped__type_support.cpp.o[0m
[ 40%] [32m[1mLinking C shared library libnav_2d_msgs__rosidl_typesupport_introspection_c.so[0m
[ 40%] Built target nav_2d_msgs__rosidl_typesupport_introspection_c
[ 41%] [32m[1mLinking CXX shared library libnav_2d_msgs__rosidl_typesupport_introspection_cpp.so[0m
[ 41%] Built target nav_2d_msgs__rosidl_typesupport_introspection_cpp
[ 42%] [32m[1mLinking CXX shared library libnav_2d_msgs__rosidl_typesupport_fastrtps_cpp.so[0m
[ 42%] Built target nav_2d_msgs__rosidl_typesupport_fastrtps_cpp
[ 42%] [34m[1mGenerating C type support for eProsima Fast-RTPS[0m
[35m[1mScanning dependencies of target nav_2d_msgs__rosidl_typesupport_fastrtps_c[0m
[ 43%] [32mBuilding CXX object CMakeFiles/nav_2d_msgs__rosidl_typesupport_fastrtps_c.dir/rosidl_typesupport_fastrtps_c/nav_2d_msgs/msg/detail/pose2_d32__type_support_c.cpp.o[0m
[ 44%] [32mBuilding CXX object CMakeFiles/nav_2d_msgs__rosidl_typesupport_fastrtps_c.dir/rosidl_typesupport_fastrtps_c/nav_2d_msgs/msg/detail/path2_d__type_support_c.cpp.o[0m
[ 45%] [32mBuilding CXX object CMakeFiles/nav_2d_msgs__rosidl_typesupport_fastrtps_c.dir/rosidl_typesupport_fastrtps_c/nav_2d_msgs/msg/detail/pose2_d_stamped__type_support_c.cpp.o[0m
[ 46%] [32mBuilding CXX object CMakeFiles/nav_2d_msgs__rosidl_typesupport_fastrtps_c.dir/rosidl_typesupport_fastrtps_c/nav_2d_msgs/msg/detail/twist2_d32__type_support_c.cpp.o[0m
[ 46%] [32mBuilding CXX object CMakeFiles/nav_2d_msgs__rosidl_typesupport_fastrtps_c.dir/rosidl_typesupport_fastrtps_c/nav_2d_msgs/msg/detail/twist2_d__type_support_c.cpp.o[0m
[ 47%] [32mBuilding CXX object CMakeFiles/nav_2d_msgs__rosidl_typesupport_fastrtps_c.dir/rosidl_typesupport_fastrtps_c/nav_2d_msgs/msg/detail/twist2_d_stamped__type_support_c.cpp.o[0m
INFO com.rti.ndds.nddsgen.Main Running rtiddsgen version 2.5.2, please wait ...
INFO com.rti.ndds.nddsgen.Main Done
[ 48%] [32m[1mLinking CXX shared library libnav_2d_msgs__rosidl_typesupport_fastrtps_c.so[0m
INFO com.rti.ndds.nddsgen.Main Running rtiddsgen version 2.5.2, please wait ...
INFO com.rti.ndds.nddsgen.Main Done
[ 48%] Built target nav_2d_msgs__rosidl_typesupport_fastrtps_c
INFO com.rti.ndds.nddsgen.Main Running rtiddsgen version 2.5.2, please wait ...
INFO com.rti.ndds.nddsgen.Main Done
INFO com.rti.ndds.nddsgen.Main Running rtiddsgen version 2.5.2, please wait ...
INFO com.rti.ndds.nddsgen.Main Done
INFO com.rti.ndds.nddsgen.Main Running rtiddsgen version 2.5.2, please wait ...
INFO com.rti.ndds.nddsgen.Main Done
INFO com.rti.ndds.nddsgen.Main Running rtiddsgen version 2.5.2, please wait ...
INFO com.rti.ndds.nddsgen.Main Done
[35m[1mScanning dependencies of target nav_2d_msgs__rosidl_typesupport_connext_cpp[0m
[ 49%] [32mBuilding CXX object CMakeFiles/nav_2d_msgs__rosidl_typesupport_connext_cpp.dir/rosidl_typesupport_connext_cpp/nav_2d_msgs/msg/dds_connext/path2_d__type_support.cpp.o[0m
[ 50%] [32mBuilding CXX object CMakeFiles/nav_2d_msgs__rosidl_typesupport_connext_cpp.dir/rosidl_typesupport_connext_cpp/nav_2d_msgs/msg/dds_connext/pose2_d32__type_support.cpp.o[0m
[ 50%] [32mBuilding CXX object CMakeFiles/nav_2d_msgs__rosidl_typesupport_connext_cpp.dir/rosidl_typesupport_connext_cpp/nav_2d_msgs/msg/dds_connext/pose2_d_stamped__type_support.cpp.o[0m
[ 51%] [32mBuilding CXX object CMakeFiles/nav_2d_msgs__rosidl_typesupport_connext_cpp.dir/rosidl_typesupport_connext_cpp/nav_2d_msgs/msg/dds_connext/twist2_d32__type_support.cpp.o[0m
[ 53%] [32mBuilding CXX object CMakeFiles/nav_2d_msgs__rosidl_typesupport_connext_cpp.dir/rosidl_typesupport_connext_cpp/nav_2d_msgs/msg/dds_connext/twist2_d_stamped__type_support.cpp.o[0m
[ 53%] [32mBuilding CXX object CMakeFiles/nav_2d_msgs__rosidl_typesupport_connext_cpp.dir/rosidl_typesupport_connext_cpp/nav_2d_msgs/msg/dds_connext/Path2D_Plugin.cxx.o[0m
[ 54%] [32mBuilding CXX object CMakeFiles/nav_2d_msgs__rosidl_typesupport_connext_cpp.dir/rosidl_typesupport_connext_cpp/nav_2d_msgs/msg/dds_connext/twist2_d__type_support.cpp.o[0m
[ 54%] [32mBuilding CXX object CMakeFiles/nav_2d_msgs__rosidl_typesupport_connext_cpp.dir/rosidl_typesupport_connext_cpp/nav_2d_msgs/msg/dds_connext/Path2D_.cxx.o[0m
[ 55%] [32mBuilding CXX object CMakeFiles/nav_2d_msgs__rosidl_typesupport_connext_cpp.dir/rosidl_typesupport_connext_cpp/nav_2d_msgs/msg/dds_connext/Path2D_Support.cxx.o[0m
[ 56%] [32mBuilding CXX object CMakeFiles/nav_2d_msgs__rosidl_typesupport_connext_cpp.dir/rosidl_typesupport_connext_cpp/nav_2d_msgs/msg/dds_connext/Pose2D32_.cxx.o[0m
[ 57%] [32mBuilding CXX object CMakeFiles/nav_2d_msgs__rosidl_typesupport_connext_cpp.dir/rosidl_typesupport_connext_cpp/nav_2d_msgs/msg/dds_connext/Pose2D32_Plugin.cxx.o[0m
[ 57%] [32mBuilding CXX object CMakeFiles/nav_2d_msgs__rosidl_typesupport_connext_cpp.dir/rosidl_typesupport_connext_cpp/nav_2d_msgs/msg/dds_connext/Pose2D32_Support.cxx.o[0m
[ 58%] [32mBuilding CXX object CMakeFiles/nav_2d_msgs__rosidl_typesupport_connext_cpp.dir/rosidl_typesupport_connext_cpp/nav_2d_msgs/msg/dds_connext/Pose2DStamped_.cxx.o[0m
[ 59%] [32mBuilding CXX object CMakeFiles/nav_2d_msgs__rosidl_typesupport_connext_cpp.dir/rosidl_typesupport_connext_cpp/nav_2d_msgs/msg/dds_connext/Pose2DStamped_Plugin.cxx.o[0m
[ 60%] [32mBuilding CXX object CMakeFiles/nav_2d_msgs__rosidl_typesupport_connext_cpp.dir/rosidl_typesupport_connext_cpp/nav_2d_msgs/msg/dds_connext/Pose2DStamped_Support.cxx.o[0m
[ 60%] [32mBuilding CXX object CMakeFiles/nav_2d_msgs__rosidl_typesupport_connext_cpp.dir/rosidl_typesupport_connext_cpp/nav_2d_msgs/msg/dds_connext/Twist2D_.cxx.o[0m
[ 61%] [32mBuilding CXX object CMakeFiles/nav_2d_msgs__rosidl_typesupport_connext_cpp.dir/rosidl_typesupport_connext_cpp/nav_2d_msgs/msg/dds_connext/Twist2D_Plugin.cxx.o[0m
[ 62%] [32mBuilding CXX object CMakeFiles/nav_2d_msgs__rosidl_typesupport_connext_cpp.dir/rosidl_typesupport_connext_cpp/nav_2d_msgs/msg/dds_connext/Twist2D_Support.cxx.o[0m
[ 63%] [32mBuilding CXX object CMakeFiles/nav_2d_msgs__rosidl_typesupport_connext_cpp.dir/rosidl_typesupport_connext_cpp/nav_2d_msgs/msg/dds_connext/Twist2D32_.cxx.o[0m
[ 64%] [32mBuilding CXX object CMakeFiles/nav_2d_msgs__rosidl_typesupport_connext_cpp.dir/rosidl_typesupport_connext_cpp/nav_2d_msgs/msg/dds_connext/Twist2D32_Plugin.cxx.o[0m
[ 65%] [32mBuilding CXX object CMakeFiles/nav_2d_msgs__rosidl_typesupport_connext_cpp.dir/rosidl_typesupport_connext_cpp/nav_2d_msgs/msg/dds_connext/Twist2DStamped_.cxx.o[0m
[ 65%] [32mBuilding CXX object CMakeFiles/nav_2d_msgs__rosidl_typesupport_connext_cpp.dir/rosidl_typesupport_connext_cpp/nav_2d_msgs/msg/dds_connext/Twist2D32_Support.cxx.o[0m
[ 66%] [32mBuilding CXX object CMakeFiles/nav_2d_msgs__rosidl_typesupport_connext_cpp.dir/rosidl_typesupport_connext_cpp/nav_2d_msgs/msg/dds_connext/Twist2DStamped_Plugin.cxx.o[0m
[ 67%] [32mBuilding CXX object CMakeFiles/nav_2d_msgs__rosidl_typesupport_connext_cpp.dir/rosidl_typesupport_connext_cpp/nav_2d_msgs/msg/dds_connext/Twist2DStamped_Support.cxx.o[0m
[ 67%] [32m[1mLinking CXX shared library libnav_2d_msgs__rosidl_typesupport_connext_cpp.so[0m
[ 68%] Built target nav_2d_msgs__rosidl_typesupport_connext_cpp
[ 69%] [34m[1mGenerating C type support for RTI Connext[0m
[35m[1mScanning dependencies of target nav_2d_msgs__rosidl_typesupport_connext_c[0m
[ 70%] [32mBuilding CXX object CMakeFiles/nav_2d_msgs__rosidl_typesupport_connext_c.dir/rosidl_typesupport_connext_c/nav_2d_msgs/msg/dds_connext/pose2_d32__type_support_c.cpp.o[0m
[ 70%] [32mBuilding CXX object CMakeFiles/nav_2d_msgs__rosidl_typesupport_connext_c.dir/rosidl_typesupport_connext_c/nav_2d_msgs/msg/dds_connext/path2_d__type_support_c.cpp.o[0m
[ 71%] [32mBuilding CXX object CMakeFiles/nav_2d_msgs__rosidl_typesupport_connext_c.dir/rosidl_typesupport_connext_c/nav_2d_msgs/msg/dds_connext/twist2_d__type_support_c.cpp.o[0m
[ 71%] [32mBuilding CXX object CMakeFiles/nav_2d_msgs__rosidl_typesupport_connext_c.dir/rosidl_typesupport_connext_c/nav_2d_msgs/msg/dds_connext/twist2_d32__type_support_c.cpp.o[0m
[ 72%] [32mBuilding CXX object CMakeFiles/nav_2d_msgs__rosidl_typesupport_connext_c.dir/rosidl_typesupport_connext_c/nav_2d_msgs/msg/dds_connext/pose2_d_stamped__type_support_c.cpp.o[0m
[ 73%] [32mBuilding CXX object CMakeFiles/nav_2d_msgs__rosidl_typesupport_connext_c.dir/rosidl_typesupport_connext_c/nav_2d_msgs/msg/dds_connext/twist2_d_stamped__type_support_c.cpp.o[0m
[ 74%] [32mBuilding CXX object CMakeFiles/nav_2d_msgs__rosidl_typesupport_connext_c.dir/rosidl_typesupport_connext_cpp/nav_2d_msgs/msg/dds_connext/Path2D_.cxx.o[0m
[ 75%] [32mBuilding CXX object CMakeFiles/nav_2d_msgs__rosidl_typesupport_connext_c.dir/rosidl_typesupport_connext_cpp/nav_2d_msgs/msg/dds_connext/Path2D_Plugin.cxx.o[0m
[ 76%] [32mBuilding CXX object CMakeFiles/nav_2d_msgs__rosidl_typesupport_connext_c.dir/rosidl_typesupport_connext_cpp/nav_2d_msgs/msg/dds_connext/Path2D_Support.cxx.o[0m
[ 77%] [32mBuilding CXX object CMakeFiles/nav_2d_msgs__rosidl_typesupport_connext_c.dir/rosidl_typesupport_connext_cpp/nav_2d_msgs/msg/dds_connext/Pose2D32_Plugin.cxx.o[0m
[ 77%] [32mBuilding CXX object CMakeFiles/nav_2d_msgs__rosidl_typesupport_connext_c.dir/rosidl_typesupport_connext_cpp/nav_2d_msgs/msg/dds_connext/Pose2D32_.cxx.o[0m
[ 78%] [32mBuilding CXX object CMakeFiles/nav_2d_msgs__rosidl_typesupport_connext_c.dir/rosidl_typesupport_connext_cpp/nav_2d_msgs/msg/dds_connext/Pose2D32_Support.cxx.o[0m
[ 79%] [32mBuilding CXX object CMakeFiles/nav_2d_msgs__rosidl_typesupport_connext_c.dir/rosidl_typesupport_connext_cpp/nav_2d_msgs/msg/dds_connext/Pose2DStamped_.cxx.o[0m
[ 79%] [32mBuilding CXX object CMakeFiles/nav_2d_msgs__rosidl_typesupport_connext_c.dir/rosidl_typesupport_connext_cpp/nav_2d_msgs/msg/dds_connext/Pose2DStamped_Plugin.cxx.o[0m
[ 80%] [32mBuilding CXX object CMakeFiles/nav_2d_msgs__rosidl_typesupport_connext_c.dir/rosidl_typesupport_connext_cpp/nav_2d_msgs/msg/dds_connext/Pose2DStamped_Support.cxx.o[0m
[ 81%] [32mBuilding CXX object CMakeFiles/nav_2d_msgs__rosidl_typesupport_connext_c.dir/rosidl_typesupport_connext_cpp/nav_2d_msgs/msg/dds_connext/Twist2D_.cxx.o[0m
[ 82%] [32mBuilding CXX object CMakeFiles/nav_2d_msgs__rosidl_typesupport_connext_c.dir/rosidl_typesupport_connext_cpp/nav_2d_msgs/msg/dds_connext/Twist2D_Plugin.cxx.o[0m
[ 83%] [32mBuilding CXX object CMakeFiles/nav_2d_msgs__rosidl_typesupport_connext_c.dir/rosidl_typesupport_connext_cpp/nav_2d_msgs/msg/dds_connext/Twist2D32_.cxx.o[0m
[ 84%] [32mBuilding CXX object CMakeFiles/nav_2d_msgs__rosidl_typesupport_connext_c.dir/rosidl_typesupport_connext_cpp/nav_2d_msgs/msg/dds_connext/Twist2D32_Plugin.cxx.o[0m
[ 84%] [32mBuilding CXX object CMakeFiles/nav_2d_msgs__rosidl_typesupport_connext_c.dir/rosidl_typesupport_connext_cpp/nav_2d_msgs/msg/dds_connext/Twist2D_Support.cxx.o[0m
[ 85%] [32mBuilding CXX object CMakeFiles/nav_2d_msgs__rosidl_typesupport_connext_c.dir/rosidl_typesupport_connext_cpp/nav_2d_msgs/msg/dds_connext/Twist2D32_Support.cxx.o[0m
[ 86%] [32mBuilding CXX object CMakeFiles/nav_2d_msgs__rosidl_typesupport_connext_c.dir/rosidl_typesupport_connext_cpp/nav_2d_msgs/msg/dds_connext/Twist2DStamped_.cxx.o[0m
[ 86%] [32mBuilding CXX object CMakeFiles/nav_2d_msgs__rosidl_typesupport_connext_c.dir/rosidl_typesupport_connext_cpp/nav_2d_msgs/msg/dds_connext/Twist2DStamped_Plugin.cxx.o[0m
[ 87%] [32mBuilding CXX object CMakeFiles/nav_2d_msgs__rosidl_typesupport_connext_c.dir/rosidl_typesupport_connext_cpp/nav_2d_msgs/msg/dds_connext/Twist2DStamped_Support.cxx.o[0m
[ 88%] [32m[1mLinking CXX shared library libnav_2d_msgs__rosidl_typesupport_connext_c.so[0m
[ 90%] Built target nav_2d_msgs__rosidl_typesupport_connext_c
[35m[1mScanning dependencies of target nav_2d_msgs[0m
[ 90%] Built target nav_2d_msgs
[35m[1mScanning dependencies of target nav_2d_msgs__py[0m
[ 91%] [34m[1mGenerating Python code for ROS interfaces[0m
[ 91%] Built target nav_2d_msgs__py
[35m[1mScanning dependencies of target nav_2d_msgs__python[0m
[ 92%] [32mBuilding C object CMakeFiles/nav_2d_msgs__python.dir/rosidl_generator_py/nav_2d_msgs/msg/_path2_d_s.c.o[0m
[ 93%] [32mBuilding C object CMakeFiles/nav_2d_msgs__python.dir/rosidl_generator_py/nav_2d_msgs/msg/_pose2_d_stamped_s.c.o[0m
[ 93%] [32mBuilding C object CMakeFiles/nav_2d_msgs__python.dir/rosidl_generator_py/nav_2d_msgs/msg/_pose2_d32_s.c.o[0m
[ 94%] [32mBuilding C object CMakeFiles/nav_2d_msgs__python.dir/rosidl_generator_py/nav_2d_msgs/msg/_twist2_d32_s.c.o[0m
[ 94%] [32mBuilding C object CMakeFiles/nav_2d_msgs__python.dir/rosidl_generator_py/nav_2d_msgs/msg/_twist2_d_stamped_s.c.o[0m
[ 95%] [32mBuilding C object CMakeFiles/nav_2d_msgs__python.dir/rosidl_generator_py/nav_2d_msgs/msg/_twist2_d_s.c.o[0m
[ 96%] [32m[1mLinking C shared library rosidl_generator_py/nav_2d_msgs/libnav_2d_msgs__python.so[0m
[ 96%] Built target nav_2d_msgs__python
[35m[1mScanning dependencies of target nav_2d_msgs__rosidl_typesupport_introspection_c__pyext[0m
[35m[1mScanning dependencies of target nav_2d_msgs__rosidl_typesupport_fastrtps_c__pyext[0m
[35m[1mScanning dependencies of target nav_2d_msgs__rosidl_typesupport_connext_c__pyext[0m
[35m[1mScanning dependencies of target nav_2d_msgs__rosidl_typesupport_c__pyext[0m
[ 97%] [32mBuilding C object CMakeFiles/nav_2d_msgs__rosidl_typesupport_fastrtps_c__pyext.dir/rosidl_generator_py/nav_2d_msgs/_nav_2d_msgs_s.ep.rosidl_typesupport_fastrtps_c.c.o[0m
[ 98%] [32mBuilding C object CMakeFiles/nav_2d_msgs__rosidl_typesupport_introspection_c__pyext.dir/rosidl_generator_py/nav_2d_msgs/_nav_2d_msgs_s.ep.rosidl_typesupport_introspection_c.c.o[0m
[ 99%] [32mBuilding C object CMakeFiles/nav_2d_msgs__rosidl_typesupport_connext_c__pyext.dir/rosidl_generator_py/nav_2d_msgs/_nav_2d_msgs_s.ep.rosidl_typesupport_connext_c.c.o[0m
[ 99%] [32mBuilding C object CMakeFiles/nav_2d_msgs__rosidl_typesupport_c__pyext.dir/rosidl_generator_py/nav_2d_msgs/_nav_2d_msgs_s.ep.rosidl_typesupport_c.c.o[0m
[ 99%] [32m[1mLinking CXX shared library rosidl_generator_py/nav_2d_msgs/nav_2d_msgs_s__rosidl_typesupport_fastrtps_c.cpython-38-x86_64-linux-gnu.so[0m
[ 99%] [32m[1mLinking C shared library rosidl_generator_py/nav_2d_msgs/nav_2d_msgs_s__rosidl_typesupport_connext_c.cpython-38-x86_64-linux-gnu.so[0m
[100%] [32m[1mLinking C shared library rosidl_generator_py/nav_2d_msgs/nav_2d_msgs_s__rosidl_typesupport_c.cpython-38-x86_64-linux-gnu.so[0m
[100%] [32m[1mLinking C shared library rosidl_generator_py/nav_2d_msgs/nav_2d_msgs_s__rosidl_typesupport_introspection_c.cpython-38-x86_64-linux-gnu.so[0m
[100%] Built target nav_2d_msgs__rosidl_typesupport_fastrtps_c__pyext
[100%] Built target nav_2d_msgs__rosidl_typesupport_introspection_c__pyext
[100%] Built target nav_2d_msgs__rosidl_typesupport_c__pyext
[100%] Built target nav_2d_msgs__rosidl_typesupport_connext_c__pyext
-- Install configuration: ""
-- Execute custom install script
-- Symlinking: /home/propp/Independent_Study/ros_workspace/install/nav_2d_msgs/share/ament_index/resource_index/rosidl_interfaces/nav_2d_msgs
-- Symlinking: /home/propp/Independent_Study/ros_workspace/install/nav_2d_msgs/include/nav_2d_msgs/msg/detail/path2_d__functions.h
-- Symlinking: /home/propp/Independent_Study/ros_workspace/install/nav_2d_msgs/include/nav_2d_msgs/msg/detail/path2_d__struct.h
-- Symlinking: /home/propp/Independent_Study/ros_workspace/install/nav_2d_msgs/include/nav_2d_msgs/msg/detail/path2_d__type_support.h
-- Symlinking: /home/propp/Independent_Study/ros_workspace/install/nav_2d_msgs/include/nav_2d_msgs/msg/detail/pose2_d32__functions.h
-- Symlinking: /home/propp/Independent_Study/ros_workspace/install/nav_2d_msgs/include/nav_2d_msgs/msg/detail/pose2_d32__struct.h
-- Symlinking: /home/propp/Independent_Study/ros_workspace/install/nav_2d_msgs/include/nav_2d_msgs/msg/detail/pose2_d32__type_support.h
-- Symlinking: /home/propp/Independent_Study/ros_workspace/install/nav_2d_msgs/include/nav_2d_msgs/msg/detail/pose2_d_stamped__functions.h
-- Symlinking: /home/propp/Independent_Study/ros_workspace/install/nav_2d_msgs/include/nav_2d_msgs/msg/detail/pose2_d_stamped__struct.h
-- Symlinking: /home/propp/Independent_Study/ros_workspace/install/nav_2d_msgs/include/nav_2d_msgs/msg/detail/pose2_d_stamped__type_support.h
-- Symlinking: /home/propp/Independent_Study/ros_workspace/install/nav_2d_msgs/include/nav_2d_msgs/msg/detail/twist2_d32__functions.h
-- Symlinking: /home/propp/Independent_Study/ros_workspace/install/nav_2d_msgs/include/nav_2d_msgs/msg/detail/twist2_d32__struct.h
-- Symlinking: /home/propp/Independent_Study/ros_workspace/install/nav_2d_msgs/include/nav_2d_msgs/msg/detail/twist2_d32__type_support.h
-- Symlinking: /home/propp/Independent_Study/ros_workspace/install/nav_2d_msgs/include/nav_2d_msgs/msg/detail/twist2_d__functions.h
-- Symlinking: /home/propp/Independent_Study/ros_workspace/install/nav_2d_msgs/include/nav_2d_msgs/msg/detail/twist2_d__struct.h
-- Symlinking: /home/propp/Independent_Study/ros_workspace/install/nav_2d_msgs/include/nav_2d_msgs/msg/detail/twist2_d__type_support.h
-- Symlinking: /home/propp/Independent_Study/ros_workspace/install/nav_2d_msgs/include/nav_2d_msgs/msg/detail/twist2_d_stamped__functions.h
-- Symlinking: /home/propp/Independent_Study/ros_workspace/install/nav_2d_msgs/include/nav_2d_msgs/msg/detail/twist2_d_stamped__struct.h
-- Symlinking: /home/propp/Independent_Study/ros_workspace/install/nav_2d_msgs/include/nav_2d_msgs/msg/detail/twist2_d_stamped__type_support.h
-- Symlinking: /home/propp/Independent_Study/ros_workspace/install/nav_2d_msgs/include/nav_2d_msgs/msg/path2_d.h
-- Symlinking: /home/propp/Independent_Study/ros_workspace/install/nav_2d_msgs/include/nav_2d_msgs/msg/pose2_d32.h
-- Symlinking: /home/propp/Independent_Study/ros_workspace/install/nav_2d_msgs/include/nav_2d_msgs/msg/pose2_d_stamped.h
-- Symlinking: /home/propp/Independent_Study/ros_workspace/install/nav_2d_msgs/include/nav_2d_msgs/msg/rosidl_generator_c__visibility_control.h
-- Symlinking: /home/propp/Independent_Study/ros_workspace/install/nav_2d_msgs/include/nav_2d_msgs/msg/twist2_d.h
-- Symlinking: /home/propp/Independent_Study/ros_workspace/install/nav_2d_msgs/include/nav_2d_msgs/msg/twist2_d32.h
-- Symlinking: /home/propp/Independent_Study/ros_workspace/install/nav_2d_msgs/include/nav_2d_msgs/msg/twist2_d_stamped.h
-- Symlinking: /home/propp/Independent_Study/ros_workspace/install/nav_2d_msgs/share/nav_2d_msgs/environment/library_path.sh
-- Symlinking: /home/propp/Independent_Study/ros_workspace/install/nav_2d_msgs/share/nav_2d_msgs/environment/library_path.dsv
-- Symlinking: /home/propp/Independent_Study/ros_workspace/install/nav_2d_msgs/include/nav_2d_msgs/msg/path2_d__rosidl_typesupport_connext_c.h
-- Symlinking: /home/propp/Independent_Study/ros_workspace/install/nav_2d_msgs/include/nav_2d_msgs/msg/pose2_d32__rosidl_typesupport_connext_c.h
-- Symlinking: /home/propp/Independent_Study/ros_workspace/install/nav_2d_msgs/include/nav_2d_msgs/msg/pose2_d_stamped__rosidl_typesupport_connext_c.h
-- Symlinking: /home/propp/Independent_Study/ros_workspace/install/nav_2d_msgs/include/nav_2d_msgs/msg/rosidl_typesupport_connext_c__visibility_control.h
-- Symlinking: /home/propp/Independent_Study/ros_workspace/install/nav_2d_msgs/include/nav_2d_msgs/msg/twist2_d32__rosidl_typesupport_connext_c.h
-- Symlinking: /home/propp/Independent_Study/ros_workspace/install/nav_2d_msgs/include/nav_2d_msgs/msg/twist2_d__rosidl_typesupport_connext_c.h
-- Symlinking: /home/propp/Independent_Study/ros_workspace/install/nav_2d_msgs/include/nav_2d_msgs/msg/twist2_d_stamped__rosidl_typesupport_connext_c.h
-- Symlinking: /home/propp/Independent_Study/ros_workspace/install/nav_2d_msgs/lib/libnav_2d_msgs__rosidl_typesupport_connext_c.so
-- Symlinking: /home/propp/Independent_Study/ros_workspace/install/nav_2d_msgs/share/nav_2d_msgs/msg/dds_connext/Path2D_.idl
-- Symlinking: /home/propp/Independent_Study/ros_workspace/install/nav_2d_msgs/share/nav_2d_msgs/msg/dds_connext/Pose2D32_.idl
-- Symlinking: /home/propp/Independent_Study/ros_workspace/install/nav_2d_msgs/share/nav_2d_msgs/msg/dds_connext/Pose2DStamped_.idl
-- Symlinking: /home/propp/Independent_Study/ros_workspace/install/nav_2d_msgs/share/nav_2d_msgs/msg/dds_connext/Twist2D32_.idl
-- Symlinking: /home/propp/Independent_Study/ros_workspace/install/nav_2d_msgs/share/nav_2d_msgs/msg/dds_connext/Twist2DStamped_.idl
-- Symlinking: /home/propp/Independent_Study/ros_workspace/install/nav_2d_msgs/share/nav_2d_msgs/msg/dds_connext/Twist2D_.idl
-- Symlinking: /home/propp/Independent_Study/ros_workspace/install/nav_2d_msgs/include/nav_2d_msgs/msg/dds_connext/Path2D_.cxx
-- Symlinking: /home/propp/Independent_Study/ros_workspace/install/nav_2d_msgs/include/nav_2d_msgs/msg/dds_connext/Path2D_.h
-- Symlinking: /home/propp/Independent_Study/ros_workspace/install/nav_2d_msgs/include/nav_2d_msgs/msg/dds_connext/Path2D_Plugin.cxx
-- Symlinking: /home/propp/Independent_Study/ros_workspace/install/nav_2d_msgs/include/nav_2d_msgs/msg/dds_connext/Path2D_Plugin.h
-- Symlinking: /home/propp/Independent_Study/ros_workspace/install/nav_2d_msgs/include/nav_2d_msgs/msg/dds_connext/Path2D_Support.cxx
-- Symlinking: /home/propp/Independent_Study/ros_workspace/install/nav_2d_msgs/include/nav_2d_msgs/msg/dds_connext/Path2D_Support.h
-- Symlinking: /home/propp/Independent_Study/ros_workspace/install/nav_2d_msgs/include/nav_2d_msgs/msg/dds_connext/Pose2D32_.cxx
-- Symlinking: /home/propp/Independent_Study/ros_workspace/install/nav_2d_msgs/include/nav_2d_msgs/msg/dds_connext/Pose2D32_.h
-- Symlinking: /home/propp/Independent_Study/ros_workspace/install/nav_2d_msgs/include/nav_2d_msgs/msg/dds_connext/Pose2D32_Plugin.cxx
-- Symlinking: /home/propp/Independent_Study/ros_workspace/install/nav_2d_msgs/include/nav_2d_msgs/msg/dds_connext/Pose2D32_Plugin.h
-- Symlinking: /home/propp/Independent_Study/ros_workspace/install/nav_2d_msgs/include/nav_2d_msgs/msg/dds_connext/Pose2D32_Support.cxx
-- Symlinking: /home/propp/Independent_Study/ros_workspace/install/nav_2d_msgs/include/nav_2d_msgs/msg/dds_connext/Pose2D32_Support.h
-- Symlinking: /home/propp/Independent_Study/ros_workspace/install/nav_2d_msgs/include/nav_2d_msgs/msg/dds_connext/Pose2DStamped_.cxx
-- Symlinking: /home/propp/Independent_Study/ros_workspace/install/nav_2d_msgs/include/nav_2d_msgs/msg/dds_connext/Pose2DStamped_.h
-- Symlinking: /home/propp/Independent_Study/ros_workspace/install/nav_2d_msgs/include/nav_2d_msgs/msg/dds_connext/Pose2DStamped_Plugin.cxx
-- Symlinking: /home/propp/Independent_Study/ros_workspace/install/nav_2d_msgs/include/nav_2d_msgs/msg/dds_connext/Pose2DStamped_Plugin.h
-- Symlinking: /home/propp/Independent_Study/ros_workspace/install/nav_2d_msgs/include/nav_2d_msgs/msg/dds_connext/Pose2DStamped_Support.cxx
-- Symlinking: /home/propp/Independent_Study/ros_workspace/install/nav_2d_msgs/include/nav_2d_msgs/msg/dds_connext/Pose2DStamped_Support.h
-- Symlinking: /home/propp/Independent_Study/ros_workspace/install/nav_2d_msgs/include/nav_2d_msgs/msg/dds_connext/Twist2D32_.cxx
-- Symlinking: /home/propp/Independent_Study/ros_workspace/install/nav_2d_msgs/include/nav_2d_msgs/msg/dds_connext/Twist2D32_.h
-- Symlinking: /home/propp/Independent_Study/ros_workspace/install/nav_2d_msgs/include/nav_2d_msgs/msg/dds_connext/Twist2D32_Plugin.cxx
-- Symlinking: /home/propp/Independent_Study/ros_workspace/install/nav_2d_msgs/include/nav_2d_msgs/msg/dds_connext/Twist2D32_Plugin.h
-- Symlinking: /home/propp/Independent_Study/ros_workspace/install/nav_2d_msgs/include/nav_2d_msgs/msg/dds_connext/Twist2D32_Support.cxx
-- Symlinking: /home/propp/Independent_Study/ros_workspace/install/nav_2d_msgs/include/nav_2d_msgs/msg/dds_connext/Twist2D32_Support.h
-- Symlinking: /home/propp/Independent_Study/ros_workspace/install/nav_2d_msgs/include/nav_2d_msgs/msg/dds_connext/Twist2DStamped_.cxx
-- Symlinking: /home/propp/Independent_Study/ros_workspace/install/nav_2d_msgs/include/nav_2d_msgs/msg/dds_connext/Twist2DStamped_.h
-- Symlinking: /home/propp/Independent_Study/ros_workspace/install/nav_2d_msgs/include/nav_2d_msgs/msg/dds_connext/Twist2DStamped_Plugin.cxx
-- Symlinking: /home/propp/Independent_Study/ros_workspace/install/nav_2d_msgs/include/nav_2d_msgs/msg/dds_connext/Twist2DStamped_Plugin.h
-- Symlinking: /home/propp/Independent_Study/ros_workspace/install/nav_2d_msgs/include/nav_2d_msgs/msg/dds_connext/Twist2DStamped_Support.cxx
-- Symlinking: /home/propp/Independent_Study/ros_workspace/install/nav_2d_msgs/include/nav_2d_msgs/msg/dds_connext/Twist2DStamped_Support.h
-- Symlinking: /home/propp/Independent_Study/ros_workspace/install/nav_2d_msgs/include/nav_2d_msgs/msg/dds_connext/Twist2D_.cxx
-- Symlinking: /home/propp/Independent_Study/ros_workspace/install/nav_2d_msgs/include/nav_2d_msgs/msg/dds_connext/Twist2D_.h
-- Symlinking: /home/propp/Independent_Study/ros_workspace/install/nav_2d_msgs/include/nav_2d_msgs/msg/dds_connext/Twist2D_Plugin.cxx
-- Symlinking: /home/propp/Independent_Study/ros_workspace/install/nav_2d_msgs/include/nav_2d_msgs/msg/dds_connext/Twist2D_Plugin.h
-- Symlinking: /home/propp/Independent_Study/ros_workspace/install/nav_2d_msgs/include/nav_2d_msgs/msg/dds_connext/Twist2D_Support.cxx
-- Symlinking: /home/propp/Independent_Study/ros_workspace/install/nav_2d_msgs/include/nav_2d_msgs/msg/dds_connext/Twist2D_Support.h
-- Symlinking: /home/propp/Independent_Study/ros_workspace/install/nav_2d_msgs/include/nav_2d_msgs/msg/path2_d__rosidl_typesupport_connext_cpp.hpp
-- Symlinking: /home/propp/Independent_Study/ros_workspace/install/nav_2d_msgs/include/nav_2d_msgs/msg/pose2_d32__rosidl_typesupport_connext_cpp.hpp
-- Symlinking: /home/propp/Independent_Study/ros_workspace/install/nav_2d_msgs/include/nav_2d_msgs/msg/pose2_d_stamped__rosidl_typesupport_connext_cpp.hpp
-- Symlinking: /home/propp/Independent_Study/ros_workspace/install/nav_2d_msgs/include/nav_2d_msgs/msg/rosidl_typesupport_connext_cpp__visibility_control.h
-- Symlinking: /home/propp/Independent_Study/ros_workspace/install/nav_2d_msgs/include/nav_2d_msgs/msg/twist2_d32__rosidl_typesupport_connext_cpp.hpp
-- Symlinking: /home/propp/Independent_Study/ros_workspace/install/nav_2d_msgs/include/nav_2d_msgs/msg/twist2_d__rosidl_typesupport_connext_cpp.hpp
-- Symlinking: /home/propp/Independent_Study/ros_workspace/install/nav_2d_msgs/include/nav_2d_msgs/msg/twist2_d_stamped__rosidl_typesupport_connext_cpp.hpp
-- Symlinking: /home/propp/Independent_Study/ros_workspace/install/nav_2d_msgs/lib/libnav_2d_msgs__rosidl_typesupport_connext_cpp.so
-- Symlinking: /home/propp/Independent_Study/ros_workspace/install/nav_2d_msgs/include/nav_2d_msgs/msg/detail/path2_d__rosidl_typesupport_fastrtps_c.h
-- Symlinking: /home/propp/Independent_Study/ros_workspace/install/nav_2d_msgs/include/nav_2d_msgs/msg/detail/pose2_d32__rosidl_typesupport_fastrtps_c.h
-- Symlinking: /home/propp/Independent_Study/ros_workspace/install/nav_2d_msgs/include/nav_2d_msgs/msg/detail/pose2_d_stamped__rosidl_typesupport_fastrtps_c.h
-- Symlinking: /home/propp/Independent_Study/ros_workspace/install/nav_2d_msgs/include/nav_2d_msgs/msg/detail/twist2_d32__rosidl_typesupport_fastrtps_c.h
-- Symlinking: /home/propp/Independent_Study/ros_workspace/install/nav_2d_msgs/include/nav_2d_msgs/msg/detail/twist2_d__rosidl_typesupport_fastrtps_c.h
-- Symlinking: /home/propp/Independent_Study/ros_workspace/install/nav_2d_msgs/include/nav_2d_msgs/msg/detail/twist2_d_stamped__rosidl_typesupport_fastrtps_c.h
-- Symlinking: /home/propp/Independent_Study/ros_workspace/install/nav_2d_msgs/include/nav_2d_msgs/msg/rosidl_typesupport_fastrtps_c__visibility_control.h
-- Symlinking: /home/propp/Independent_Study/ros_workspace/install/nav_2d_msgs/lib/libnav_2d_msgs__rosidl_typesupport_fastrtps_c.so
-- Symlinking: /home/propp/Independent_Study/ros_workspace/install/nav_2d_msgs/include/nav_2d_msgs/msg/detail/path2_d__rosidl_typesupport_fastrtps_cpp.hpp
-- Symlinking: /home/propp/Independent_Study/ros_workspace/install/nav_2d_msgs/include/nav_2d_msgs/msg/detail/pose2_d32__rosidl_typesupport_fastrtps_cpp.hpp
-- Symlinking: /home/propp/Independent_Study/ros_workspace/install/nav_2d_msgs/include/nav_2d_msgs/msg/detail/pose2_d_stamped__rosidl_typesupport_fastrtps_cpp.hpp
-- Symlinking: /home/propp/Independent_Study/ros_workspace/install/nav_2d_msgs/include/nav_2d_msgs/msg/detail/twist2_d32__rosidl_typesupport_fastrtps_cpp.hpp
-- Symlinking: /home/propp/Independent_Study/ros_workspace/install/nav_2d_msgs/include/nav_2d_msgs/msg/detail/twist2_d__rosidl_typesupport_fastrtps_cpp.hpp
-- Symlinking: /home/propp/Independent_Study/ros_workspace/install/nav_2d_msgs/include/nav_2d_msgs/msg/detail/twist2_d_stamped__rosidl_typesupport_fastrtps_cpp.hpp
-- Symlinking: /home/propp/Independent_Study/ros_workspace/install/nav_2d_msgs/include/nav_2d_msgs/msg/rosidl_typesupport_fastrtps_cpp__visibility_control.h
-- Symlinking: /home/propp/Independent_Study/ros_workspace/install/nav_2d_msgs/lib/libnav_2d_msgs__rosidl_typesupport_fastrtps_cpp.so
-- Symlinking: /home/propp/Independent_Study/ros_workspace/install/nav_2d_msgs/include/nav_2d_msgs/msg/detail/path2_d__rosidl_typesupport_introspection_c.h
-- Symlinking: /home/propp/Independent_Study/ros_workspace/install/nav_2d_msgs/include/nav_2d_msgs/msg/detail/pose2_d32__rosidl_typesupport_introspection_c.h
-- Symlinking: /home/propp/Independent_Study/ros_workspace/install/nav_2d_msgs/include/nav_2d_msgs/msg/detail/pose2_d_stamped__rosidl_typesupport_introspection_c.h
-- Symlinking: /home/propp/Independent_Study/ros_workspace/install/nav_2d_msgs/include/nav_2d_msgs/msg/detail/twist2_d32__rosidl_typesupport_introspection_c.h
-- Symlinking: /home/propp/Independent_Study/ros_workspace/install/nav_2d_msgs/include/nav_2d_msgs/msg/detail/twist2_d__rosidl_typesupport_introspection_c.h
-- Symlinking: /home/propp/Independent_Study/ros_workspace/install/nav_2d_msgs/include/nav_2d_msgs/msg/detail/twist2_d_stamped__rosidl_typesupport_introspection_c.h
-- Symlinking: /home/propp/Independent_Study/ros_workspace/install/nav_2d_msgs/include/nav_2d_msgs/msg/rosidl_typesupport_introspection_c__visibility_control.h
-- Symlinking: /home/propp/Independent_Study/ros_workspace/install/nav_2d_msgs/include/nav_2d_msgs/msg/detail/path2_d__builder.hpp
-- Symlinking: /home/propp/Independent_Study/ros_workspace/install/nav_2d_msgs/include/nav_2d_msgs/msg/detail/path2_d__struct.hpp
-- Symlinking: /home/propp/Independent_Study/ros_workspace/install/nav_2d_msgs/include/nav_2d_msgs/msg/detail/path2_d__traits.hpp
-- Symlinking: /home/propp/Independent_Study/ros_workspace/install/nav_2d_msgs/include/nav_2d_msgs/msg/detail/pose2_d32__builder.hpp
-- Symlinking: /home/propp/Independent_Study/ros_workspace/install/nav_2d_msgs/include/nav_2d_msgs/msg/detail/pose2_d32__struct.hpp
-- Symlinking: /home/propp/Independent_Study/ros_workspace/install/nav_2d_msgs/include/nav_2d_msgs/msg/detail/pose2_d32__traits.hpp
-- Symlinking: /home/propp/Independent_Study/ros_workspace/install/nav_2d_msgs/include/nav_2d_msgs/msg/detail/pose2_d_stamped__builder.hpp
-- Symlinking: /home/propp/Independent_Study/ros_workspace/install/nav_2d_msgs/include/nav_2d_msgs/msg/detail/pose2_d_stamped__struct.hpp
-- Symlinking: /home/propp/Independent_Study/ros_workspace/install/nav_2d_msgs/include/nav_2d_msgs/msg/detail/pose2_d_stamped__traits.hpp
-- Symlinking: /home/propp/Independent_Study/ros_workspace/install/nav_2d_msgs/include/nav_2d_msgs/msg/detail/twist2_d32__builder.hpp
-- Symlinking: /home/propp/Independent_Study/ros_workspace/install/nav_2d_msgs/include/nav_2d_msgs/msg/detail/twist2_d32__struct.hpp
-- Symlinking: /home/propp/Independent_Study/ros_workspace/install/nav_2d_msgs/include/nav_2d_msgs/msg/detail/twist2_d32__traits.hpp
-- Symlinking: /home/propp/Independent_Study/ros_workspace/install/nav_2d_msgs/include/nav_2d_msgs/msg/detail/twist2_d__builder.hpp
-- Symlinking: /home/propp/Independent_Study/ros_workspace/install/nav_2d_msgs/include/nav_2d_msgs/msg/detail/twist2_d__struct.hpp
-- Symlinking: /home/propp/Independent_Study/ros_workspace/install/nav_2d_msgs/include/nav_2d_msgs/msg/detail/twist2_d__traits.hpp
-- Symlinking: /home/propp/Independent_Study/ros_workspace/install/nav_2d_msgs/include/nav_2d_msgs/msg/detail/twist2_d_stamped__builder.hpp
-- Symlinking: /home/propp/Independent_Study/ros_workspace/install/nav_2d_msgs/include/nav_2d_msgs/msg/detail/twist2_d_stamped__struct.hpp
-- Symlinking: /home/propp/Independent_Study/ros_workspace/install/nav_2d_msgs/include/nav_2d_msgs/msg/detail/twist2_d_stamped__traits.hpp
-- Symlinking: /home/propp/Independent_Study/ros_workspace/install/nav_2d_msgs/include/nav_2d_msgs/msg/path2_d.hpp
-- Symlinking: /home/propp/Independent_Study/ros_workspace/install/nav_2d_msgs/include/nav_2d_msgs/msg/pose2_d32.hpp
-- Symlinking: /home/propp/Independent_Study/ros_workspace/install/nav_2d_msgs/include/nav_2d_msgs/msg/pose2_d_stamped.hpp
-- Symlinking: /home/propp/Independent_Study/ros_workspace/install/nav_2d_msgs/include/nav_2d_msgs/msg/twist2_d.hpp
-- Symlinking: /home/propp/Independent_Study/ros_workspace/install/nav_2d_msgs/include/nav_2d_msgs/msg/twist2_d32.hpp
-- Symlinking: /home/propp/Independent_Study/ros_workspace/install/nav_2d_msgs/include/nav_2d_msgs/msg/twist2_d_stamped.hpp
-- Symlinking: /home/propp/Independent_Study/ros_workspace/install/nav_2d_msgs/include/nav_2d_msgs/msg/detail/path2_d__rosidl_typesupport_introspection_cpp.hpp
-- Symlinking: /home/propp/Independent_Study/ros_workspace/install/nav_2d_msgs/include/nav_2d_msgs/msg/detail/pose2_d32__rosidl_typesupport_introspection_cpp.hpp
-- Symlinking: /home/propp/Independent_Study/ros_workspace/install/nav_2d_msgs/include/nav_2d_msgs/msg/detail/pose2_d_stamped__rosidl_typesupport_introspection_cpp.hpp
-- Symlinking: /home/propp/Independent_Study/ros_workspace/install/nav_2d_msgs/include/nav_2d_msgs/msg/detail/twist2_d32__rosidl_typesupport_introspection_cpp.hpp
-- Symlinking: /home/propp/Independent_Study/ros_workspace/install/nav_2d_msgs/include/nav_2d_msgs/msg/detail/twist2_d__rosidl_typesupport_introspection_cpp.hpp
-- Symlinking: /home/propp/Independent_Study/ros_workspace/install/nav_2d_msgs/include/nav_2d_msgs/msg/detail/twist2_d_stamped__rosidl_typesupport_introspection_cpp.hpp
-- Symlinking: /home/propp/Independent_Study/ros_workspace/install/nav_2d_msgs/share/nav_2d_msgs/environment/pythonpath.sh
-- Symlinking: /home/propp/Independent_Study/ros_workspace/install/nav_2d_msgs/share/nav_2d_msgs/environment/pythonpath.dsv
-- Symlinking: /home/propp/Independent_Study/ros_workspace/install/nav_2d_msgs/lib/python3.8/site-packages/nav_2d_msgs/__init__.py
-- Symlinking: /home/propp/Independent_Study/ros_workspace/install/nav_2d_msgs/lib/python3.8/site-packages/nav_2d_msgs/msg/__init__.py
-- Symlinking: /home/propp/Independent_Study/ros_workspace/install/nav_2d_msgs/lib/python3.8/site-packages/nav_2d_msgs/msg/_path2_d.py
-- Symlinking: /home/propp/Independent_Study/ros_workspace/install/nav_2d_msgs/lib/python3.8/site-packages/nav_2d_msgs/msg/_pose2_d32.py
-- Symlinking: /home/propp/Independent_Study/ros_workspace/install/nav_2d_msgs/lib/python3.8/site-packages/nav_2d_msgs/msg/_pose2_d_stamped.py
-- Symlinking: /home/propp/Independent_Study/ros_workspace/install/nav_2d_msgs/lib/python3.8/site-packages/nav_2d_msgs/msg/_twist2_d.py
-- Symlinking: /home/propp/Independent_Study/ros_workspace/install/nav_2d_msgs/lib/python3.8/site-packages/nav_2d_msgs/msg/_twist2_d32.py
-- Symlinking: /home/propp/Independent_Study/ros_workspace/install/nav_2d_msgs/lib/python3.8/site-packages/nav_2d_msgs/msg/_twist2_d_stamped.py
-- Symlinking: /home/propp/Independent_Study/ros_workspace/install/nav_2d_msgs/lib/python3.8/site-packages/nav_2d_msgs/nav_2d_msgs_s__rosidl_typesupport_connext_c.cpython-38-x86_64-linux-gnu.so
-- Symlinking: /home/propp/Independent_Study/ros_workspace/install/nav_2d_msgs/lib/python3.8/site-packages/nav_2d_msgs/nav_2d_msgs_s__rosidl_typesupport_fastrtps_c.cpython-38-x86_64-linux-gnu.so
-- Symlinking: /home/propp/Independent_Study/ros_workspace/install/nav_2d_msgs/lib/python3.8/site-packages/nav_2d_msgs/nav_2d_msgs_s__rosidl_typesupport_introspection_c.cpython-38-x86_64-linux-gnu.so
-- Symlinking: /home/propp/Independent_Study/ros_workspace/install/nav_2d_msgs/lib/python3.8/site-packages/nav_2d_msgs/nav_2d_msgs_s__rosidl_typesupport_c.cpython-38-x86_64-linux-gnu.so
-- Symlinking: /home/propp/Independent_Study/ros_workspace/install/nav_2d_msgs/lib/libnav_2d_msgs__python.so
-- Symlinking: /home/propp/Independent_Study/ros_workspace/install/nav_2d_msgs/share/nav_2d_msgs/msg/Path2D.idl
-- Symlinking: /home/propp/Independent_Study/ros_workspace/install/nav_2d_msgs/share/nav_2d_msgs/msg/Pose2D32.idl
-- Symlinking: /home/propp/Independent_Study/ros_workspace/install/nav_2d_msgs/share/nav_2d_msgs/msg/Pose2DStamped.idl
-- Symlinking: /home/propp/Independent_Study/ros_workspace/install/nav_2d_msgs/share/nav_2d_msgs/msg/Twist2D.idl
-- Symlinking: /home/propp/Independent_Study/ros_workspace/install/nav_2d_msgs/share/nav_2d_msgs/msg/Twist2D32.idl
-- Symlinking: /home/propp/Independent_Study/ros_workspace/install/nav_2d_msgs/share/nav_2d_msgs/msg/Twist2DStamped.idl
-- Symlinking: /home/propp/Independent_Study/ros_workspace/install/nav_2d_msgs/share/nav_2d_msgs/msg/Path2D.msg
-- Symlinking: /home/propp/Independent_Study/ros_workspace/install/nav_2d_msgs/share/nav_2d_msgs/msg/Pose2D32.msg
-- Symlinking: /home/propp/Independent_Study/ros_workspace/install/nav_2d_msgs/share/nav_2d_msgs/msg/Pose2DStamped.msg
-- Symlinking: /home/propp/Independent_Study/ros_workspace/install/nav_2d_msgs/share/nav_2d_msgs/msg/Twist2D.msg
-- Symlinking: /home/propp/Independent_Study/ros_workspace/install/nav_2d_msgs/share/nav_2d_msgs/msg/Twist2D32.msg
-- Symlinking: /home/propp/Independent_Study/ros_workspace/install/nav_2d_msgs/share/nav_2d_msgs/msg/Twist2DStamped.msg
-- Symlinking: /home/propp/Independent_Study/ros_workspace/install/nav_2d_msgs/share/ament_index/resource_index/package_run_dependencies/nav_2d_msgs
-- Symlinking: /home/propp/Independent_Study/ros_workspace/install/nav_2d_msgs/share/ament_index/resource_index/parent_prefix_path/nav_2d_msgs
-- Symlinking: /home/propp/Independent_Study/ros_workspace/install/nav_2d_msgs/share/nav_2d_msgs/environment/ament_prefix_path.sh
-- Symlinking: /home/propp/Independent_Study/ros_workspace/install/nav_2d_msgs/share/nav_2d_msgs/environment/ament_prefix_path.dsv
-- Symlinking: /home/propp/Independent_Study/ros_workspace/install/nav_2d_msgs/share/nav_2d_msgs/environment/path.sh
-- Symlinking: /home/propp/Independent_Study/ros_workspace/install/nav_2d_msgs/share/nav_2d_msgs/environment/path.dsv
-- Symlinking: /home/propp/Independent_Study/ros_workspace/install/nav_2d_msgs/share/nav_2d_msgs/local_setup.bash
-- Symlinking: /home/propp/Independent_Study/ros_workspace/install/nav_2d_msgs/share/nav_2d_msgs/local_setup.sh
-- Symlinking: /home/propp/Independent_Study/ros_workspace/install/nav_2d_msgs/share/nav_2d_msgs/local_setup.zsh
-- Symlinking: /home/propp/Independent_Study/ros_workspace/install/nav_2d_msgs/share/nav_2d_msgs/local_setup.dsv
-- Symlinking: /home/propp/Independent_Study/ros_workspace/install/nav_2d_msgs/share/nav_2d_msgs/package.dsv
-- Symlinking: /home/propp/Independent_Study/ros_workspace/install/nav_2d_msgs/share/ament_index/resource_index/packages/nav_2d_msgs
-- Symlinking: /home/propp/Independent_Study/ros_workspace/install/nav_2d_msgs/share/nav_2d_msgs/cmake/rosidl_cmake-extras.cmake
-- Symlinking: /home/propp/Independent_Study/ros_workspace/install/nav_2d_msgs/share/nav_2d_msgs/cmake/ament_cmake_export_dependencies-extras.cmake
-- Symlinking: /home/propp/Independent_Study/ros_workspace/install/nav_2d_msgs/share/nav_2d_msgs/cmake/ament_cmake_export_libraries-extras.cmake
-- Symlinking: /home/propp/Independent_Study/ros_workspace/install/nav_2d_msgs/share/nav_2d_msgs/cmake/ament_cmake_export_targets-extras.cmake
-- Symlinking: /home/propp/Independent_Study/ros_workspace/install/nav_2d_msgs/share/nav_2d_msgs/cmake/ament_cmake_export_include_directories-extras.cmake
-- Symlinking: /home/propp/Independent_Study/ros_workspace/install/nav_2d_msgs/share/nav_2d_msgs/cmake/rosidl_cmake_export_typesupport_libraries-extras.cmake
-- Symlinking: /home/propp/Independent_Study/ros_workspace/install/nav_2d_msgs/share/nav_2d_msgs/cmake/rosidl_cmake_export_typesupport_targets-extras.cmake
-- Symlinking: /home/propp/Independent_Study/ros_workspace/install/nav_2d_msgs/share/nav_2d_msgs/cmake/nav_2d_msgsConfig.cmake
-- Symlinking: /home/propp/Independent_Study/ros_workspace/install/nav_2d_msgs/share/nav_2d_msgs/cmake/nav_2d_msgsConfig-version.cmake
-- Symlinking: /home/propp/Independent_Study/ros_workspace/install/nav_2d_msgs/share/nav_2d_msgs/package.xml
-- Installing: /home/propp/Independent_Study/ros_workspace/install/nav_2d_msgs/lib/libnav_2d_msgs__rosidl_generator_c.so
-- Set runtime path of "/home/propp/Independent_Study/ros_workspace/install/nav_2d_msgs/lib/libnav_2d_msgs__rosidl_generator_c.so" to ""
-- Installing: /home/propp/Independent_Study/ros_workspace/install/nav_2d_msgs/lib/libnav_2d_msgs__rosidl_typesupport_introspection_c.so
-- Set runtime path of "/home/propp/Independent_Study/ros_workspace/install/nav_2d_msgs/lib/libnav_2d_msgs__rosidl_typesupport_introspection_c.so" to ""
-- Installing: /home/propp/Independent_Study/ros_workspace/install/nav_2d_msgs/lib/libnav_2d_msgs__rosidl_typesupport_c.so
-- Set runtime path of "/home/propp/Independent_Study/ros_workspace/install/nav_2d_msgs/lib/libnav_2d_msgs__rosidl_typesupport_c.so" to ""
-- Installing: /home/propp/Independent_Study/ros_workspace/install/nav_2d_msgs/lib/libnav_2d_msgs__rosidl_typesupport_introspection_cpp.so
-- Set runtime path of "/home/propp/Independent_Study/ros_workspace/install/nav_2d_msgs/lib/libnav_2d_msgs__rosidl_typesupport_introspection_cpp.so" to ""
-- Installing: /home/propp/Independent_Study/ros_workspace/install/nav_2d_msgs/lib/libnav_2d_msgs__rosidl_typesupport_cpp.so
-- Set runtime path of "/home/propp/Independent_Study/ros_workspace/install/nav_2d_msgs/lib/libnav_2d_msgs__rosidl_typesupport_cpp.so" to ""
Compiling '/home/propp/Independent_Study/ros_workspace/install/nav_2d_msgs/lib/python3.8/site-packages/nav_2d_msgs/__init__.py'...
-- Installing: /home/propp/Independent_Study/ros_workspace/install/nav_2d_msgs/share/nav_2d_msgs/cmake/nav_2d_msgs__rosidl_generator_cExport.cmake
-- Installing: /home/propp/Independent_Study/ros_workspace/install/nav_2d_msgs/share/nav_2d_msgs/cmake/nav_2d_msgs__rosidl_generator_cExport-noconfig.cmake
-- Installing: /home/propp/Independent_Study/ros_workspace/install/nav_2d_msgs/share/nav_2d_msgs/cmake/nav_2d_msgs__rosidl_typesupport_introspection_cExport.cmake
-- Installing: /home/propp/Independent_Study/ros_workspace/install/nav_2d_msgs/share/nav_2d_msgs/cmake/nav_2d_msgs__rosidl_typesupport_introspection_cExport-noconfig.cmake
-- Installing: /home/propp/Independent_Study/ros_workspace/install/nav_2d_msgs/share/nav_2d_msgs/cmake/nav_2d_msgs__rosidl_typesupport_cExport.cmake
-- Installing: /home/propp/Independent_Study/ros_workspace/install/nav_2d_msgs/share/nav_2d_msgs/cmake/nav_2d_msgs__rosidl_typesupport_cExport-noconfig.cmake
-- Installing: /home/propp/Independent_Study/ros_workspace/install/nav_2d_msgs/share/nav_2d_msgs/cmake/nav_2d_msgs__rosidl_generator_cppExport.cmake
-- Installing: /home/propp/Independent_Study/ros_workspace/install/nav_2d_msgs/share/nav_2d_msgs/cmake/nav_2d_msgs__rosidl_typesupport_introspection_cppExport.cmake
-- Installing: /home/propp/Independent_Study/ros_workspace/install/nav_2d_msgs/share/nav_2d_msgs/cmake/nav_2d_msgs__rosidl_typesupport_introspection_cppExport-noconfig.cmake
-- Installing: /home/propp/Independent_Study/ros_workspace/install/nav_2d_msgs/share/nav_2d_msgs/cmake/nav_2d_msgs__rosidl_typesupport_cppExport.cmake
-- Installing: /home/propp/Independent_Study/ros_workspace/install/nav_2d_msgs/share/nav_2d_msgs/cmake/nav_2d_msgs__rosidl_typesupport_cppExport-noconfig.cmake
