[0.029s] Invoking command in '/home/propp/Independent_Study/ros_workspace/build/nav_2d_msgs': CMAKE_PREFIX_PATH=${CMAKE_PREFIX_PATH}:/home/propp/Independent_Study/src/Test_Ros/install/my_package /usr/bin/cmake /home/propp/Independent_Study/ros_workspace/src/navigation2/nav2_dwb_controller/nav_2d_msgs -DAMENT_CMAKE_SYMLINK_INSTALL=1 -DCMAKE_INSTALL_PREFIX=/home/propp/Independent_Study/ros_workspace/install/nav_2d_msgs
[0.256s] -- The C compiler identification is GNU 9.3.0
[0.256s] -- The CXX compiler identification is GNU 9.3.0
[0.256s] -- Check for working C compiler: /usr/bin/cc
[0.257s] -- Check for working C compiler: /usr/bin/cc -- works
[0.257s] -- Detecting C compiler ABI info
[0.259s] -- Detecting C compiler ABI info - done
[0.269s] -- Detecting C compile features
[0.269s] -- Detecting C compile features - done
[0.271s] -- Check for working CXX compiler: /usr/bin/c++
[0.358s] -- Check for working CXX compiler: /usr/bin/c++ -- works
[0.358s] -- Detecting CXX compiler ABI info
[0.437s] -- Detecting CXX compiler ABI info - done
[0.448s] -- Detecting CXX compile features
[0.448s] -- Detecting CXX compile features - done
[0.450s] -- Found geometry_msgs: 2.0.3 (/home/propp/ros2_foxy/ros2-linux/share/geometry_msgs/cmake)
[0.470s] -- Found PythonInterp: /usr/bin/python3 (found suitable version "3.8.5", minimum required is "3") 
[0.470s] -- Using PYTHON_EXECUTABLE: /usr/bin/python3
[0.631s] -- Override CMake install command with custom implementation using symlinks instead of copying resources
[0.648s] -- Using all available rosidl_typesupport_c: rosidl_typesupport_connext_c;rosidl_typesupport_fastrtps_c;rosidl_typesupport_introspection_c
[0.654s] -- Found rosidl_adapter: 1.1.0 (/home/propp/ros2_foxy/ros2-linux/share/rosidl_adapter/cmake)
[0.658s] -- Found ament_cmake: 0.9.7 (/home/propp/ros2_foxy/ros2-linux/share/ament_cmake/cmake)
[0.677s] -- Found RTI Connext: /opt/rti.com/rti_connext_dds-5.3.1
[1.527s] -- Found OpenSSL: /usr/lib/x86_64-linux-gnu/libcrypto.so (found version "1.1.1f")  
[1.543s] -- Found FastRTPS: /home/propp/ros2_foxy/ros2-linux/include  
[1.596s] -- Using all available rosidl_typesupport_cpp: rosidl_typesupport_connext_cpp;rosidl_typesupport_fastrtps_cpp;rosidl_typesupport_introspection_cpp
[1.666s] -- Found rosidl_default_generators: 1.0.0 (/home/propp/ros2_foxy/ros2-linux/share/rosidl_default_generators/cmake)
[1.693s] -- Found PythonInterp: /usr/bin/python3 (found version "3.8.5") 
[2.059s] -- Found ament_cmake_ros: 0.9.0 (/home/propp/ros2_foxy/ros2-linux/share/ament_cmake_ros/cmake)
[2.268s] -- Using all available rosidl_typesupport_c: rosidl_typesupport_connext_c;rosidl_typesupport_fastrtps_c;rosidl_typesupport_introspection_c
[2.369s] -- Using all available rosidl_typesupport_cpp: rosidl_typesupport_connext_cpp;rosidl_typesupport_fastrtps_cpp;rosidl_typesupport_introspection_cpp
[2.390s] -- Found PythonInterp: /usr/bin/python3 (found suitable version "3.8.5", minimum required is "3.5") 
[2.392s] -- Found python_cmake_module: 0.8.0 (/home/propp/ros2_foxy/ros2-linux/share/python_cmake_module/cmake)
[2.413s] -- Found PythonLibs: /usr/lib/x86_64-linux-gnu/libpython3.8.so (found suitable version "3.8.5", minimum required is "3.5") 
[2.413s] -- Using PYTHON_EXECUTABLE: /usr/bin/python3
[2.414s] -- Using PYTHON_INCLUDE_DIRS: /usr/include/python3.8
[2.414s] -- Using PYTHON_LIBRARIES: /usr/lib/x86_64-linux-gnu/libpython3.8.so
[2.430s] -- Found PythonExtra: .so  
[2.526s] -- Configuring done
[2.630s] -- Generating done
[2.633s] -- Build files have been written to: /home/propp/Independent_Study/ros_workspace/build/nav_2d_msgs
[2.640s] Invoked command in '/home/propp/Independent_Study/ros_workspace/build/nav_2d_msgs' returned '0': CMAKE_PREFIX_PATH=${CMAKE_PREFIX_PATH}:/home/propp/Independent_Study/src/Test_Ros/install/my_package /usr/bin/cmake /home/propp/Independent_Study/ros_workspace/src/navigation2/nav2_dwb_controller/nav_2d_msgs -DAMENT_CMAKE_SYMLINK_INSTALL=1 -DCMAKE_INSTALL_PREFIX=/home/propp/Independent_Study/ros_workspace/install/nav_2d_msgs
[2.642s] Invoking command in '/home/propp/Independent_Study/ros_workspace/build/nav_2d_msgs': CMAKE_PREFIX_PATH=${CMAKE_PREFIX_PATH}:/home/propp/Independent_Study/src/Test_Ros/install/my_package /usr/bin/cmake --build /home/propp/Independent_Study/ros_workspace/build/nav_2d_msgs -- -j12 -l12
[2.679s] [35m[1mScanning dependencies of target nav_2d_msgs__dds_connext_idl[0m
[2.682s] [35m[1mScanning dependencies of target nav_2d_msgs__cpp[0m
[2.682s] [  1%] [34m[1mGenerating C code for ROS interfaces[0m
[2.688s] [  2%] [34m[1mGenerating DDS interfaces[0m
[2.699s] [  2%] [34m[1mGenerating C++ code for ROS interfaces[0m
[2.926s] [  2%] Built target nav_2d_msgs__dds_connext_idl
[3.223s] [35m[1mScanning dependencies of target nav_2d_msgs__rosidl_generator_c[0m
[3.242s] [  3%] [32mBuilding C object CMakeFiles/nav_2d_msgs__rosidl_generator_c.dir/rosidl_generator_c/nav_2d_msgs/msg/detail/pose2_d32__functions.c.o[0m
[3.249s] [  3%] [32mBuilding C object CMakeFiles/nav_2d_msgs__rosidl_generator_c.dir/rosidl_generator_c/nav_2d_msgs/msg/detail/pose2_d_stamped__functions.c.o[0m
[3.250s] [  4%] [32mBuilding C object CMakeFiles/nav_2d_msgs__rosidl_generator_c.dir/rosidl_generator_c/nav_2d_msgs/msg/detail/twist2_d__functions.c.o[0m
[3.257s] [  5%] [32mBuilding C object CMakeFiles/nav_2d_msgs__rosidl_generator_c.dir/rosidl_generator_c/nav_2d_msgs/msg/detail/path2_d__functions.c.o[0m
[3.260s] [  6%] [32mBuilding C object CMakeFiles/nav_2d_msgs__rosidl_generator_c.dir/rosidl_generator_c/nav_2d_msgs/msg/detail/twist2_d32__functions.c.o[0m
[3.306s] [  7%] [32mBuilding C object CMakeFiles/nav_2d_msgs__rosidl_generator_c.dir/rosidl_generator_c/nav_2d_msgs/msg/detail/twist2_d_stamped__functions.c.o[0m
[3.314s] [  7%] Built target nav_2d_msgs__cpp
[3.325s] [  8%] [34m[1mGenerating C++ introspection for ROS interfaces[0m
[3.330s] [  9%] [34m[1mGenerating C++ type support dispatch for ROS interfaces[0m
[3.332s] [ 10%] [34m[1mGenerating C++ type support for RTI Connext (using '/opt/rti.com/rti_connext_dds-5.3.1/bin/rtiddsgen_server')[0m
[3.339s] [ 11%] [34m[1mGenerating C++ type support for eProsima Fast-RTPS[0m
[3.362s] [ 11%] [32m[1mLinking C shared library libnav_2d_msgs__rosidl_generator_c.so[0m
[3.423s] [ 11%] Built target nav_2d_msgs__rosidl_generator_c
[3.440s] [ 12%] [34m[1mGenerating C type support dispatch for ROS interfaces[0m
[3.446s] [ 12%] [34m[1mGenerating C introspection for ROS interfaces[0m
[3.760s] [35m[1mScanning dependencies of target nav_2d_msgs__rosidl_typesupport_cpp[0m
[3.786s] [ 13%] [32mBuilding CXX object CMakeFiles/nav_2d_msgs__rosidl_typesupport_cpp.dir/rosidl_typesupport_cpp/nav_2d_msgs/msg/path2_d__type_support.cpp.o[0m
[3.803s] [ 14%] [32mBuilding CXX object CMakeFiles/nav_2d_msgs__rosidl_typesupport_cpp.dir/rosidl_typesupport_cpp/nav_2d_msgs/msg/pose2_d32__type_support.cpp.o[0m
[3.814s] [ 14%] [32mBuilding CXX object CMakeFiles/nav_2d_msgs__rosidl_typesupport_cpp.dir/rosidl_typesupport_cpp/nav_2d_msgs/msg/pose2_d_stamped__type_support.cpp.o[0m
[3.850s] [35m[1mScanning dependencies of target nav_2d_msgs__rosidl_typesupport_introspection_cpp[0m
[3.855s] [ 15%] [32mBuilding CXX object CMakeFiles/nav_2d_msgs__rosidl_typesupport_cpp.dir/rosidl_typesupport_cpp/nav_2d_msgs/msg/twist2_d__type_support.cpp.o[0m
[3.867s] [ 16%] [32mBuilding CXX object CMakeFiles/nav_2d_msgs__rosidl_typesupport_cpp.dir/rosidl_typesupport_cpp/nav_2d_msgs/msg/twist2_d32__type_support.cpp.o[0m
[3.893s] [35m[1mScanning dependencies of target nav_2d_msgs__rosidl_typesupport_c[0m
[3.912s] [ 17%] [32mBuilding CXX object CMakeFiles/nav_2d_msgs__rosidl_typesupport_introspection_cpp.dir/rosidl_typesupport_introspection_cpp/nav_2d_msgs/msg/detail/path2_d__type_support.cpp.o[0m
[3.917s] [ 18%] [32mBuilding CXX object CMakeFiles/nav_2d_msgs__rosidl_typesupport_cpp.dir/rosidl_typesupport_cpp/nav_2d_msgs/msg/twist2_d_stamped__type_support.cpp.o[0m
[3.933s] [ 19%] [32mBuilding CXX object CMakeFiles/nav_2d_msgs__rosidl_typesupport_c.dir/rosidl_typesupport_c/nav_2d_msgs/msg/path2_d__type_support.cpp.o[0m
[3.992s] [ 20%] [32mBuilding CXX object CMakeFiles/nav_2d_msgs__rosidl_typesupport_introspection_cpp.dir/rosidl_typesupport_introspection_cpp/nav_2d_msgs/msg/detail/pose2_d32__type_support.cpp.o[0m
[4.057s] [ 21%] [32mBuilding CXX object CMakeFiles/nav_2d_msgs__rosidl_typesupport_c.dir/rosidl_typesupport_c/nav_2d_msgs/msg/pose2_d32__type_support.cpp.o[0m
[4.162s] [35m[1mScanning dependencies of target nav_2d_msgs__rosidl_typesupport_fastrtps_cpp[0m
[4.193s] [ 22%] [32mBuilding CXX object CMakeFiles/nav_2d_msgs__rosidl_typesupport_c.dir/rosidl_typesupport_c/nav_2d_msgs/msg/pose2_d_stamped__type_support.cpp.o[0m
[4.228s] [ 22%] [32mBuilding CXX object CMakeFiles/nav_2d_msgs__rosidl_typesupport_introspection_cpp.dir/rosidl_typesupport_introspection_cpp/nav_2d_msgs/msg/detail/pose2_d_stamped__type_support.cpp.o[0m
[4.228s] [35m[1mScanning dependencies of target nav_2d_msgs__rosidl_typesupport_introspection_c[0m
[4.231s] [ 22%] [32mBuilding CXX object CMakeFiles/nav_2d_msgs__rosidl_typesupport_c.dir/rosidl_typesupport_c/nav_2d_msgs/msg/twist2_d__type_support.cpp.o[0m
[4.260s] [ 23%] [32mBuilding CXX object CMakeFiles/nav_2d_msgs__rosidl_typesupport_fastrtps_cpp.dir/rosidl_typesupport_fastrtps_cpp/nav_2d_msgs/msg/detail/dds_fastrtps/path2_d__type_support.cpp.o[0m
[4.262s] [ 24%] [32mBuilding CXX object CMakeFiles/nav_2d_msgs__rosidl_typesupport_c.dir/rosidl_typesupport_c/nav_2d_msgs/msg/twist2_d32__type_support.cpp.o[0m
[4.278s] [ 25%] [32mBuilding C object CMakeFiles/nav_2d_msgs__rosidl_typesupport_introspection_c.dir/rosidl_typesupport_introspection_c/nav_2d_msgs/msg/detail/path2_d__type_support.c.o[0m
[4.295s] [ 26%] [32mBuilding CXX object CMakeFiles/nav_2d_msgs__rosidl_typesupport_c.dir/rosidl_typesupport_c/nav_2d_msgs/msg/twist2_d_stamped__type_support.cpp.o[0m
[4.299s] [ 27%] [32mBuilding CXX object CMakeFiles/nav_2d_msgs__rosidl_typesupport_fastrtps_cpp.dir/rosidl_typesupport_fastrtps_cpp/nav_2d_msgs/msg/detail/dds_fastrtps/pose2_d32__type_support.cpp.o[0m
[4.309s] [ 28%] [32mBuilding C object CMakeFiles/nav_2d_msgs__rosidl_typesupport_introspection_c.dir/rosidl_typesupport_introspection_c/nav_2d_msgs/msg/detail/pose2_d32__type_support.c.o[0m
[4.347s] [ 29%] [32mBuilding C object CMakeFiles/nav_2d_msgs__rosidl_typesupport_introspection_c.dir/rosidl_typesupport_introspection_c/nav_2d_msgs/msg/detail/pose2_d_stamped__type_support.c.o[0m
[4.368s] [ 30%] [32mBuilding C object CMakeFiles/nav_2d_msgs__rosidl_typesupport_introspection_c.dir/rosidl_typesupport_introspection_c/nav_2d_msgs/msg/detail/twist2_d__type_support.c.o[0m
[4.368s] [ 30%] [32mBuilding CXX object CMakeFiles/nav_2d_msgs__rosidl_typesupport_introspection_cpp.dir/rosidl_typesupport_introspection_cpp/nav_2d_msgs/msg/detail/twist2_d__type_support.cpp.o[0m
[4.442s] [ 31%] [32mBuilding CXX object CMakeFiles/nav_2d_msgs__rosidl_typesupport_introspection_cpp.dir/rosidl_typesupport_introspection_cpp/nav_2d_msgs/msg/detail/twist2_d32__type_support.cpp.o[0m
[4.455s] [ 32%] [32m[1mLinking CXX shared library libnav_2d_msgs__rosidl_typesupport_c.so[0m
[4.471s] [ 33%] [32m[1mLinking CXX shared library libnav_2d_msgs__rosidl_typesupport_cpp.so[0m
[4.502s] [ 33%] [32mBuilding CXX object CMakeFiles/nav_2d_msgs__rosidl_typesupport_fastrtps_cpp.dir/rosidl_typesupport_fastrtps_cpp/nav_2d_msgs/msg/detail/dds_fastrtps/pose2_d_stamped__type_support.cpp.o[0m
[4.534s] [ 34%] [32mBuilding C object CMakeFiles/nav_2d_msgs__rosidl_typesupport_introspection_c.dir/rosidl_typesupport_introspection_c/nav_2d_msgs/msg/detail/twist2_d32__type_support.c.o[0m
[4.563s] [ 35%] [32mBuilding CXX object CMakeFiles/nav_2d_msgs__rosidl_typesupport_fastrtps_cpp.dir/rosidl_typesupport_fastrtps_cpp/nav_2d_msgs/msg/detail/dds_fastrtps/twist2_d__type_support.cpp.o[0m
[4.612s] [ 36%] [32mBuilding C object CMakeFiles/nav_2d_msgs__rosidl_typesupport_introspection_c.dir/rosidl_typesupport_introspection_c/nav_2d_msgs/msg/detail/twist2_d_stamped__type_support.c.o[0m
[4.665s] [ 36%] Built target nav_2d_msgs__rosidl_typesupport_cpp
[4.667s] [ 36%] Built target nav_2d_msgs__rosidl_typesupport_c
[4.689s] [ 37%] [32mBuilding CXX object CMakeFiles/nav_2d_msgs__rosidl_typesupport_fastrtps_cpp.dir/rosidl_typesupport_fastrtps_cpp/nav_2d_msgs/msg/detail/dds_fastrtps/twist2_d32__type_support.cpp.o[0m
[4.707s] [ 38%] [32mBuilding CXX object CMakeFiles/nav_2d_msgs__rosidl_typesupport_fastrtps_cpp.dir/rosidl_typesupport_fastrtps_cpp/nav_2d_msgs/msg/detail/dds_fastrtps/twist2_d_stamped__type_support.cpp.o[0m
[4.714s] [ 39%] [32mBuilding CXX object CMakeFiles/nav_2d_msgs__rosidl_typesupport_introspection_cpp.dir/rosidl_typesupport_introspection_cpp/nav_2d_msgs/msg/detail/twist2_d_stamped__type_support.cpp.o[0m
[4.749s] [ 40%] [32m[1mLinking C shared library libnav_2d_msgs__rosidl_typesupport_introspection_c.so[0m
[4.895s] [ 40%] Built target nav_2d_msgs__rosidl_typesupport_introspection_c
[5.214s] [ 41%] [32m[1mLinking CXX shared library libnav_2d_msgs__rosidl_typesupport_introspection_cpp.so[0m
[5.334s] [ 41%] Built target nav_2d_msgs__rosidl_typesupport_introspection_cpp
[5.343s] [ 42%] [32m[1mLinking CXX shared library libnav_2d_msgs__rosidl_typesupport_fastrtps_cpp.so[0m
[5.474s] [ 42%] Built target nav_2d_msgs__rosidl_typesupport_fastrtps_cpp
[5.485s] [ 42%] [34m[1mGenerating C type support for eProsima Fast-RTPS[0m
[6.059s] [35m[1mScanning dependencies of target nav_2d_msgs__rosidl_typesupport_fastrtps_c[0m
[6.083s] [ 43%] [32mBuilding CXX object CMakeFiles/nav_2d_msgs__rosidl_typesupport_fastrtps_c.dir/rosidl_typesupport_fastrtps_c/nav_2d_msgs/msg/detail/pose2_d32__type_support_c.cpp.o[0m
[6.086s] [ 44%] [32mBuilding CXX object CMakeFiles/nav_2d_msgs__rosidl_typesupport_fastrtps_c.dir/rosidl_typesupport_fastrtps_c/nav_2d_msgs/msg/detail/path2_d__type_support_c.cpp.o[0m
[6.087s] [ 45%] [32mBuilding CXX object CMakeFiles/nav_2d_msgs__rosidl_typesupport_fastrtps_c.dir/rosidl_typesupport_fastrtps_c/nav_2d_msgs/msg/detail/pose2_d_stamped__type_support_c.cpp.o[0m
[6.094s] [ 46%] [32mBuilding CXX object CMakeFiles/nav_2d_msgs__rosidl_typesupport_fastrtps_c.dir/rosidl_typesupport_fastrtps_c/nav_2d_msgs/msg/detail/twist2_d32__type_support_c.cpp.o[0m
[6.096s] [ 46%] [32mBuilding CXX object CMakeFiles/nav_2d_msgs__rosidl_typesupport_fastrtps_c.dir/rosidl_typesupport_fastrtps_c/nav_2d_msgs/msg/detail/twist2_d__type_support_c.cpp.o[0m
[6.101s] [ 47%] [32mBuilding CXX object CMakeFiles/nav_2d_msgs__rosidl_typesupport_fastrtps_c.dir/rosidl_typesupport_fastrtps_c/nav_2d_msgs/msg/detail/twist2_d_stamped__type_support_c.cpp.o[0m
[6.223s] INFO com.rti.ndds.nddsgen.Main Running rtiddsgen version 2.5.2, please wait ...
[6.223s] INFO com.rti.ndds.nddsgen.Main Done
[6.630s] [ 48%] [32m[1mLinking CXX shared library libnav_2d_msgs__rosidl_typesupport_fastrtps_c.so[0m
[6.747s] INFO com.rti.ndds.nddsgen.Main Running rtiddsgen version 2.5.2, please wait ...
[6.747s] INFO com.rti.ndds.nddsgen.Main Done
[6.770s] [ 48%] Built target nav_2d_msgs__rosidl_typesupport_fastrtps_c
[7.018s] INFO com.rti.ndds.nddsgen.Main Running rtiddsgen version 2.5.2, please wait ...
[7.018s] INFO com.rti.ndds.nddsgen.Main Done
[7.184s] INFO com.rti.ndds.nddsgen.Main Running rtiddsgen version 2.5.2, please wait ...
[7.184s] INFO com.rti.ndds.nddsgen.Main Done
[7.352s] INFO com.rti.ndds.nddsgen.Main Running rtiddsgen version 2.5.2, please wait ...
[7.352s] INFO com.rti.ndds.nddsgen.Main Done
[7.517s] INFO com.rti.ndds.nddsgen.Main Running rtiddsgen version 2.5.2, please wait ...
[7.517s] INFO com.rti.ndds.nddsgen.Main Done
[7.688s] [35m[1mScanning dependencies of target nav_2d_msgs__rosidl_typesupport_connext_cpp[0m
[7.801s] [ 49%] [32mBuilding CXX object CMakeFiles/nav_2d_msgs__rosidl_typesupport_connext_cpp.dir/rosidl_typesupport_connext_cpp/nav_2d_msgs/msg/dds_connext/path2_d__type_support.cpp.o[0m
[7.801s] [ 50%] [32mBuilding CXX object CMakeFiles/nav_2d_msgs__rosidl_typesupport_connext_cpp.dir/rosidl_typesupport_connext_cpp/nav_2d_msgs/msg/dds_connext/pose2_d32__type_support.cpp.o[0m
[7.805s] [ 50%] [32mBuilding CXX object CMakeFiles/nav_2d_msgs__rosidl_typesupport_connext_cpp.dir/rosidl_typesupport_connext_cpp/nav_2d_msgs/msg/dds_connext/pose2_d_stamped__type_support.cpp.o[0m
[7.806s] [ 51%] [32mBuilding CXX object CMakeFiles/nav_2d_msgs__rosidl_typesupport_connext_cpp.dir/rosidl_typesupport_connext_cpp/nav_2d_msgs/msg/dds_connext/twist2_d32__type_support.cpp.o[0m
[7.810s] [ 53%] [32mBuilding CXX object CMakeFiles/nav_2d_msgs__rosidl_typesupport_connext_cpp.dir/rosidl_typesupport_connext_cpp/nav_2d_msgs/msg/dds_connext/twist2_d_stamped__type_support.cpp.o[0m
[7.810s] [ 53%] [32mBuilding CXX object CMakeFiles/nav_2d_msgs__rosidl_typesupport_connext_cpp.dir/rosidl_typesupport_connext_cpp/nav_2d_msgs/msg/dds_connext/Path2D_Plugin.cxx.o[0m
[7.814s] [ 54%] [32mBuilding CXX object CMakeFiles/nav_2d_msgs__rosidl_typesupport_connext_cpp.dir/rosidl_typesupport_connext_cpp/nav_2d_msgs/msg/dds_connext/twist2_d__type_support.cpp.o[0m
[7.815s] [ 54%] [32mBuilding CXX object CMakeFiles/nav_2d_msgs__rosidl_typesupport_connext_cpp.dir/rosidl_typesupport_connext_cpp/nav_2d_msgs/msg/dds_connext/Path2D_.cxx.o[0m
[7.819s] [ 55%] [32mBuilding CXX object CMakeFiles/nav_2d_msgs__rosidl_typesupport_connext_cpp.dir/rosidl_typesupport_connext_cpp/nav_2d_msgs/msg/dds_connext/Path2D_Support.cxx.o[0m
[7.932s] [ 56%] [32mBuilding CXX object CMakeFiles/nav_2d_msgs__rosidl_typesupport_connext_cpp.dir/rosidl_typesupport_connext_cpp/nav_2d_msgs/msg/dds_connext/Pose2D32_.cxx.o[0m
[7.944s] [ 57%] [32mBuilding CXX object CMakeFiles/nav_2d_msgs__rosidl_typesupport_connext_cpp.dir/rosidl_typesupport_connext_cpp/nav_2d_msgs/msg/dds_connext/Pose2D32_Plugin.cxx.o[0m
[7.963s] [ 57%] [32mBuilding CXX object CMakeFiles/nav_2d_msgs__rosidl_typesupport_connext_cpp.dir/rosidl_typesupport_connext_cpp/nav_2d_msgs/msg/dds_connext/Pose2D32_Support.cxx.o[0m
[8.659s] [ 58%] [32mBuilding CXX object CMakeFiles/nav_2d_msgs__rosidl_typesupport_connext_cpp.dir/rosidl_typesupport_connext_cpp/nav_2d_msgs/msg/dds_connext/Pose2DStamped_.cxx.o[0m
[8.679s] [ 59%] [32mBuilding CXX object CMakeFiles/nav_2d_msgs__rosidl_typesupport_connext_cpp.dir/rosidl_typesupport_connext_cpp/nav_2d_msgs/msg/dds_connext/Pose2DStamped_Plugin.cxx.o[0m
[8.910s] [ 60%] [32mBuilding CXX object CMakeFiles/nav_2d_msgs__rosidl_typesupport_connext_cpp.dir/rosidl_typesupport_connext_cpp/nav_2d_msgs/msg/dds_connext/Pose2DStamped_Support.cxx.o[0m
[8.997s] [ 60%] [32mBuilding CXX object CMakeFiles/nav_2d_msgs__rosidl_typesupport_connext_cpp.dir/rosidl_typesupport_connext_cpp/nav_2d_msgs/msg/dds_connext/Twist2D_.cxx.o[0m
[9.018s] [ 61%] [32mBuilding CXX object CMakeFiles/nav_2d_msgs__rosidl_typesupport_connext_cpp.dir/rosidl_typesupport_connext_cpp/nav_2d_msgs/msg/dds_connext/Twist2D_Plugin.cxx.o[0m
[9.040s] [ 62%] [32mBuilding CXX object CMakeFiles/nav_2d_msgs__rosidl_typesupport_connext_cpp.dir/rosidl_typesupport_connext_cpp/nav_2d_msgs/msg/dds_connext/Twist2D_Support.cxx.o[0m
[9.081s] [ 63%] [32mBuilding CXX object CMakeFiles/nav_2d_msgs__rosidl_typesupport_connext_cpp.dir/rosidl_typesupport_connext_cpp/nav_2d_msgs/msg/dds_connext/Twist2D32_.cxx.o[0m
[9.093s] [ 64%] [32mBuilding CXX object CMakeFiles/nav_2d_msgs__rosidl_typesupport_connext_cpp.dir/rosidl_typesupport_connext_cpp/nav_2d_msgs/msg/dds_connext/Twist2D32_Plugin.cxx.o[0m
[9.184s] [ 65%] [32mBuilding CXX object CMakeFiles/nav_2d_msgs__rosidl_typesupport_connext_cpp.dir/rosidl_typesupport_connext_cpp/nav_2d_msgs/msg/dds_connext/Twist2DStamped_.cxx.o[0m
[9.196s] [ 65%] [32mBuilding CXX object CMakeFiles/nav_2d_msgs__rosidl_typesupport_connext_cpp.dir/rosidl_typesupport_connext_cpp/nav_2d_msgs/msg/dds_connext/Twist2D32_Support.cxx.o[0m
[9.280s] [ 66%] [32mBuilding CXX object CMakeFiles/nav_2d_msgs__rosidl_typesupport_connext_cpp.dir/rosidl_typesupport_connext_cpp/nav_2d_msgs/msg/dds_connext/Twist2DStamped_Plugin.cxx.o[0m
[9.400s] [ 67%] [32mBuilding CXX object CMakeFiles/nav_2d_msgs__rosidl_typesupport_connext_cpp.dir/rosidl_typesupport_connext_cpp/nav_2d_msgs/msg/dds_connext/Twist2DStamped_Support.cxx.o[0m
[10.413s] [ 67%] [32m[1mLinking CXX shared library libnav_2d_msgs__rosidl_typesupport_connext_cpp.so[0m
[11.025s] [ 68%] Built target nav_2d_msgs__rosidl_typesupport_connext_cpp
[11.046s] [ 69%] [34m[1mGenerating C type support for RTI Connext[0m
[11.522s] [35m[1mScanning dependencies of target nav_2d_msgs__rosidl_typesupport_connext_c[0m
[11.720s] [ 70%] [32mBuilding CXX object CMakeFiles/nav_2d_msgs__rosidl_typesupport_connext_c.dir/rosidl_typesupport_connext_c/nav_2d_msgs/msg/dds_connext/pose2_d32__type_support_c.cpp.o[0m
[11.724s] [ 70%] [32mBuilding CXX object CMakeFiles/nav_2d_msgs__rosidl_typesupport_connext_c.dir/rosidl_typesupport_connext_c/nav_2d_msgs/msg/dds_connext/path2_d__type_support_c.cpp.o[0m
[11.734s] [ 71%] [32mBuilding CXX object CMakeFiles/nav_2d_msgs__rosidl_typesupport_connext_c.dir/rosidl_typesupport_connext_c/nav_2d_msgs/msg/dds_connext/twist2_d__type_support_c.cpp.o[0m
[11.743s] [ 71%] [32mBuilding CXX object CMakeFiles/nav_2d_msgs__rosidl_typesupport_connext_c.dir/rosidl_typesupport_connext_c/nav_2d_msgs/msg/dds_connext/twist2_d32__type_support_c.cpp.o[0m
[11.746s] [ 72%] [32mBuilding CXX object CMakeFiles/nav_2d_msgs__rosidl_typesupport_connext_c.dir/rosidl_typesupport_connext_c/nav_2d_msgs/msg/dds_connext/pose2_d_stamped__type_support_c.cpp.o[0m
[11.759s] [ 73%] [32mBuilding CXX object CMakeFiles/nav_2d_msgs__rosidl_typesupport_connext_c.dir/rosidl_typesupport_connext_c/nav_2d_msgs/msg/dds_connext/twist2_d_stamped__type_support_c.cpp.o[0m
[11.760s] [ 74%] [32mBuilding CXX object CMakeFiles/nav_2d_msgs__rosidl_typesupport_connext_c.dir/rosidl_typesupport_connext_cpp/nav_2d_msgs/msg/dds_connext/Path2D_.cxx.o[0m
[11.770s] [ 75%] [32mBuilding CXX object CMakeFiles/nav_2d_msgs__rosidl_typesupport_connext_c.dir/rosidl_typesupport_connext_cpp/nav_2d_msgs/msg/dds_connext/Path2D_Plugin.cxx.o[0m
[11.887s] [ 76%] [32mBuilding CXX object CMakeFiles/nav_2d_msgs__rosidl_typesupport_connext_c.dir/rosidl_typesupport_connext_cpp/nav_2d_msgs/msg/dds_connext/Path2D_Support.cxx.o[0m
[11.896s] [ 77%] [32mBuilding CXX object CMakeFiles/nav_2d_msgs__rosidl_typesupport_connext_c.dir/rosidl_typesupport_connext_cpp/nav_2d_msgs/msg/dds_connext/Pose2D32_Plugin.cxx.o[0m
[11.904s] [ 77%] [32mBuilding CXX object CMakeFiles/nav_2d_msgs__rosidl_typesupport_connext_c.dir/rosidl_typesupport_connext_cpp/nav_2d_msgs/msg/dds_connext/Pose2D32_.cxx.o[0m
[11.918s] [ 78%] [32mBuilding CXX object CMakeFiles/nav_2d_msgs__rosidl_typesupport_connext_c.dir/rosidl_typesupport_connext_cpp/nav_2d_msgs/msg/dds_connext/Pose2D32_Support.cxx.o[0m
[12.567s] [ 79%] [32mBuilding CXX object CMakeFiles/nav_2d_msgs__rosidl_typesupport_connext_c.dir/rosidl_typesupport_connext_cpp/nav_2d_msgs/msg/dds_connext/Pose2DStamped_.cxx.o[0m
[12.587s] [ 79%] [32mBuilding CXX object CMakeFiles/nav_2d_msgs__rosidl_typesupport_connext_c.dir/rosidl_typesupport_connext_cpp/nav_2d_msgs/msg/dds_connext/Pose2DStamped_Plugin.cxx.o[0m
[12.832s] [ 80%] [32mBuilding CXX object CMakeFiles/nav_2d_msgs__rosidl_typesupport_connext_c.dir/rosidl_typesupport_connext_cpp/nav_2d_msgs/msg/dds_connext/Pose2DStamped_Support.cxx.o[0m
[12.912s] [ 81%] [32mBuilding CXX object CMakeFiles/nav_2d_msgs__rosidl_typesupport_connext_c.dir/rosidl_typesupport_connext_cpp/nav_2d_msgs/msg/dds_connext/Twist2D_.cxx.o[0m
[13.060s] [ 82%] [32mBuilding CXX object CMakeFiles/nav_2d_msgs__rosidl_typesupport_connext_c.dir/rosidl_typesupport_connext_cpp/nav_2d_msgs/msg/dds_connext/Twist2D_Plugin.cxx.o[0m
[13.123s] [ 83%] [32mBuilding CXX object CMakeFiles/nav_2d_msgs__rosidl_typesupport_connext_c.dir/rosidl_typesupport_connext_cpp/nav_2d_msgs/msg/dds_connext/Twist2D32_.cxx.o[0m
[13.134s] [ 84%] [32mBuilding CXX object CMakeFiles/nav_2d_msgs__rosidl_typesupport_connext_c.dir/rosidl_typesupport_connext_cpp/nav_2d_msgs/msg/dds_connext/Twist2D32_Plugin.cxx.o[0m
[13.135s] [ 84%] [32mBuilding CXX object CMakeFiles/nav_2d_msgs__rosidl_typesupport_connext_c.dir/rosidl_typesupport_connext_cpp/nav_2d_msgs/msg/dds_connext/Twist2D_Support.cxx.o[0m
[13.208s] [ 85%] [32mBuilding CXX object CMakeFiles/nav_2d_msgs__rosidl_typesupport_connext_c.dir/rosidl_typesupport_connext_cpp/nav_2d_msgs/msg/dds_connext/Twist2D32_Support.cxx.o[0m
[13.310s] [ 86%] [32mBuilding CXX object CMakeFiles/nav_2d_msgs__rosidl_typesupport_connext_c.dir/rosidl_typesupport_connext_cpp/nav_2d_msgs/msg/dds_connext/Twist2DStamped_.cxx.o[0m
[13.395s] [ 86%] [32mBuilding CXX object CMakeFiles/nav_2d_msgs__rosidl_typesupport_connext_c.dir/rosidl_typesupport_connext_cpp/nav_2d_msgs/msg/dds_connext/Twist2DStamped_Plugin.cxx.o[0m
[13.568s] [ 87%] [32mBuilding CXX object CMakeFiles/nav_2d_msgs__rosidl_typesupport_connext_c.dir/rosidl_typesupport_connext_cpp/nav_2d_msgs/msg/dds_connext/Twist2DStamped_Support.cxx.o[0m
[14.792s] [ 88%] [32m[1mLinking CXX shared library libnav_2d_msgs__rosidl_typesupport_connext_c.so[0m
[15.449s] [ 90%] Built target nav_2d_msgs__rosidl_typesupport_connext_c
[15.489s] [35m[1mScanning dependencies of target nav_2d_msgs[0m
[15.523s] [ 90%] Built target nav_2d_msgs
[15.537s] [35m[1mScanning dependencies of target nav_2d_msgs__py[0m
[15.577s] [ 91%] [34m[1mGenerating Python code for ROS interfaces[0m
[17.052s] [ 91%] Built target nav_2d_msgs__py
[17.106s] [35m[1mScanning dependencies of target nav_2d_msgs__python[0m
[17.246s] [ 92%] [32mBuilding C object CMakeFiles/nav_2d_msgs__python.dir/rosidl_generator_py/nav_2d_msgs/msg/_path2_d_s.c.o[0m
[17.253s] [ 93%] [32mBuilding C object CMakeFiles/nav_2d_msgs__python.dir/rosidl_generator_py/nav_2d_msgs/msg/_pose2_d_stamped_s.c.o[0m
[17.253s] [ 93%] [32mBuilding C object CMakeFiles/nav_2d_msgs__python.dir/rosidl_generator_py/nav_2d_msgs/msg/_pose2_d32_s.c.o[0m
[17.265s] [ 94%] [32mBuilding C object CMakeFiles/nav_2d_msgs__python.dir/rosidl_generator_py/nav_2d_msgs/msg/_twist2_d32_s.c.o[0m
[17.269s] [ 94%] [32mBuilding C object CMakeFiles/nav_2d_msgs__python.dir/rosidl_generator_py/nav_2d_msgs/msg/_twist2_d_stamped_s.c.o[0m
[17.272s] [ 95%] [32mBuilding C object CMakeFiles/nav_2d_msgs__python.dir/rosidl_generator_py/nav_2d_msgs/msg/_twist2_d_s.c.o[0m
[17.565s] [ 96%] [32m[1mLinking C shared library rosidl_generator_py/nav_2d_msgs/libnav_2d_msgs__python.so[0m
[17.689s] [ 96%] Built target nav_2d_msgs__python
[17.739s] [35m[1mScanning dependencies of target nav_2d_msgs__rosidl_typesupport_introspection_c__pyext[0m
[17.757s] [35m[1mScanning dependencies of target nav_2d_msgs__rosidl_typesupport_fastrtps_c__pyext[0m
[17.778s] [35m[1mScanning dependencies of target nav_2d_msgs__rosidl_typesupport_connext_c__pyext[0m
[17.828s] [35m[1mScanning dependencies of target nav_2d_msgs__rosidl_typesupport_c__pyext[0m
[17.873s] [ 97%] [32mBuilding C object CMakeFiles/nav_2d_msgs__rosidl_typesupport_fastrtps_c__pyext.dir/rosidl_generator_py/nav_2d_msgs/_nav_2d_msgs_s.ep.rosidl_typesupport_fastrtps_c.c.o[0m
[17.878s] [ 98%] [32mBuilding C object CMakeFiles/nav_2d_msgs__rosidl_typesupport_introspection_c__pyext.dir/rosidl_generator_py/nav_2d_msgs/_nav_2d_msgs_s.ep.rosidl_typesupport_introspection_c.c.o[0m
[17.928s] [ 99%] [32mBuilding C object CMakeFiles/nav_2d_msgs__rosidl_typesupport_connext_c__pyext.dir/rosidl_generator_py/nav_2d_msgs/_nav_2d_msgs_s.ep.rosidl_typesupport_connext_c.c.o[0m
[17.942s] [ 99%] [32mBuilding C object CMakeFiles/nav_2d_msgs__rosidl_typesupport_c__pyext.dir/rosidl_generator_py/nav_2d_msgs/_nav_2d_msgs_s.ep.rosidl_typesupport_c.c.o[0m
[18.132s] [ 99%] [32m[1mLinking CXX shared library rosidl_generator_py/nav_2d_msgs/nav_2d_msgs_s__rosidl_typesupport_fastrtps_c.cpython-38-x86_64-linux-gnu.so[0m
[18.167s] [ 99%] [32m[1mLinking C shared library rosidl_generator_py/nav_2d_msgs/nav_2d_msgs_s__rosidl_typesupport_connext_c.cpython-38-x86_64-linux-gnu.so[0m
[18.207s] [100%] [32m[1mLinking C shared library rosidl_generator_py/nav_2d_msgs/nav_2d_msgs_s__rosidl_typesupport_c.cpython-38-x86_64-linux-gnu.so[0m
[18.231s] [100%] [32m[1mLinking C shared library rosidl_generator_py/nav_2d_msgs/nav_2d_msgs_s__rosidl_typesupport_introspection_c.cpython-38-x86_64-linux-gnu.so[0m
[18.305s] [100%] Built target nav_2d_msgs__rosidl_typesupport_fastrtps_c__pyext
[18.375s] [100%] Built target nav_2d_msgs__rosidl_typesupport_introspection_c__pyext
[18.398s] [100%] Built target nav_2d_msgs__rosidl_typesupport_c__pyext
[18.464s] [100%] Built target nav_2d_msgs__rosidl_typesupport_connext_c__pyext
[40.815s] Invoked command in '/home/propp/Independent_Study/ros_workspace/build/nav_2d_msgs' returned '0': CMAKE_PREFIX_PATH=${CMAKE_PREFIX_PATH}:/home/propp/Independent_Study/src/Test_Ros/install/my_package /usr/bin/cmake --build /home/propp/Independent_Study/ros_workspace/build/nav_2d_msgs -- -j12 -l12
[40.948s] Invoking command in '/home/propp/Independent_Study/ros_workspace/build/nav_2d_msgs': CMAKE_PREFIX_PATH=${CMAKE_PREFIX_PATH}:/home/propp/Independent_Study/src/Test_Ros/install/my_package /usr/bin/cmake --install /home/propp/Independent_Study/ros_workspace/build/nav_2d_msgs
[40.954s] -- Install configuration: ""
[40.955s] -- Execute custom install script
[40.955s] -- Symlinking: /home/propp/Independent_Study/ros_workspace/install/nav_2d_msgs/share/ament_index/resource_index/rosidl_interfaces/nav_2d_msgs
[40.963s] -- Symlinking: /home/propp/Independent_Study/ros_workspace/install/nav_2d_msgs/include/nav_2d_msgs/msg/detail/path2_d__functions.h
[40.970s] -- Symlinking: /home/propp/Independent_Study/ros_workspace/install/nav_2d_msgs/include/nav_2d_msgs/msg/detail/path2_d__struct.h
[40.980s] -- Symlinking: /home/propp/Independent_Study/ros_workspace/install/nav_2d_msgs/include/nav_2d_msgs/msg/detail/path2_d__type_support.h
[40.987s] -- Symlinking: /home/propp/Independent_Study/ros_workspace/install/nav_2d_msgs/include/nav_2d_msgs/msg/detail/pose2_d32__functions.h
[40.994s] -- Symlinking: /home/propp/Independent_Study/ros_workspace/install/nav_2d_msgs/include/nav_2d_msgs/msg/detail/pose2_d32__struct.h
[41.001s] -- Symlinking: /home/propp/Independent_Study/ros_workspace/install/nav_2d_msgs/include/nav_2d_msgs/msg/detail/pose2_d32__type_support.h
[41.007s] -- Symlinking: /home/propp/Independent_Study/ros_workspace/install/nav_2d_msgs/include/nav_2d_msgs/msg/detail/pose2_d_stamped__functions.h
[41.015s] -- Symlinking: /home/propp/Independent_Study/ros_workspace/install/nav_2d_msgs/include/nav_2d_msgs/msg/detail/pose2_d_stamped__struct.h
[41.022s] -- Symlinking: /home/propp/Independent_Study/ros_workspace/install/nav_2d_msgs/include/nav_2d_msgs/msg/detail/pose2_d_stamped__type_support.h
[41.028s] -- Symlinking: /home/propp/Independent_Study/ros_workspace/install/nav_2d_msgs/include/nav_2d_msgs/msg/detail/twist2_d32__functions.h
[41.035s] -- Symlinking: /home/propp/Independent_Study/ros_workspace/install/nav_2d_msgs/include/nav_2d_msgs/msg/detail/twist2_d32__struct.h
[41.042s] -- Symlinking: /home/propp/Independent_Study/ros_workspace/install/nav_2d_msgs/include/nav_2d_msgs/msg/detail/twist2_d32__type_support.h
[41.049s] -- Symlinking: /home/propp/Independent_Study/ros_workspace/install/nav_2d_msgs/include/nav_2d_msgs/msg/detail/twist2_d__functions.h
[41.056s] -- Symlinking: /home/propp/Independent_Study/ros_workspace/install/nav_2d_msgs/include/nav_2d_msgs/msg/detail/twist2_d__struct.h
[41.063s] -- Symlinking: /home/propp/Independent_Study/ros_workspace/install/nav_2d_msgs/include/nav_2d_msgs/msg/detail/twist2_d__type_support.h
[41.070s] -- Symlinking: /home/propp/Independent_Study/ros_workspace/install/nav_2d_msgs/include/nav_2d_msgs/msg/detail/twist2_d_stamped__functions.h
[41.076s] -- Symlinking: /home/propp/Independent_Study/ros_workspace/install/nav_2d_msgs/include/nav_2d_msgs/msg/detail/twist2_d_stamped__struct.h
[41.083s] -- Symlinking: /home/propp/Independent_Study/ros_workspace/install/nav_2d_msgs/include/nav_2d_msgs/msg/detail/twist2_d_stamped__type_support.h
[41.090s] -- Symlinking: /home/propp/Independent_Study/ros_workspace/install/nav_2d_msgs/include/nav_2d_msgs/msg/path2_d.h
[41.097s] -- Symlinking: /home/propp/Independent_Study/ros_workspace/install/nav_2d_msgs/include/nav_2d_msgs/msg/pose2_d32.h
[41.104s] -- Symlinking: /home/propp/Independent_Study/ros_workspace/install/nav_2d_msgs/include/nav_2d_msgs/msg/pose2_d_stamped.h
[41.111s] -- Symlinking: /home/propp/Independent_Study/ros_workspace/install/nav_2d_msgs/include/nav_2d_msgs/msg/rosidl_generator_c__visibility_control.h
[41.118s] -- Symlinking: /home/propp/Independent_Study/ros_workspace/install/nav_2d_msgs/include/nav_2d_msgs/msg/twist2_d.h
[41.125s] -- Symlinking: /home/propp/Independent_Study/ros_workspace/install/nav_2d_msgs/include/nav_2d_msgs/msg/twist2_d32.h
[41.132s] -- Symlinking: /home/propp/Independent_Study/ros_workspace/install/nav_2d_msgs/include/nav_2d_msgs/msg/twist2_d_stamped.h
[41.139s] -- Symlinking: /home/propp/Independent_Study/ros_workspace/install/nav_2d_msgs/share/nav_2d_msgs/environment/library_path.sh
[41.146s] -- Symlinking: /home/propp/Independent_Study/ros_workspace/install/nav_2d_msgs/share/nav_2d_msgs/environment/library_path.dsv
[41.153s] -- Symlinking: /home/propp/Independent_Study/ros_workspace/install/nav_2d_msgs/include/nav_2d_msgs/msg/path2_d__rosidl_typesupport_connext_c.h
[41.160s] -- Symlinking: /home/propp/Independent_Study/ros_workspace/install/nav_2d_msgs/include/nav_2d_msgs/msg/pose2_d32__rosidl_typesupport_connext_c.h
[41.167s] -- Symlinking: /home/propp/Independent_Study/ros_workspace/install/nav_2d_msgs/include/nav_2d_msgs/msg/pose2_d_stamped__rosidl_typesupport_connext_c.h
[41.174s] -- Symlinking: /home/propp/Independent_Study/ros_workspace/install/nav_2d_msgs/include/nav_2d_msgs/msg/rosidl_typesupport_connext_c__visibility_control.h
[41.180s] -- Symlinking: /home/propp/Independent_Study/ros_workspace/install/nav_2d_msgs/include/nav_2d_msgs/msg/twist2_d32__rosidl_typesupport_connext_c.h
[41.187s] -- Symlinking: /home/propp/Independent_Study/ros_workspace/install/nav_2d_msgs/include/nav_2d_msgs/msg/twist2_d__rosidl_typesupport_connext_c.h
[41.194s] -- Symlinking: /home/propp/Independent_Study/ros_workspace/install/nav_2d_msgs/include/nav_2d_msgs/msg/twist2_d_stamped__rosidl_typesupport_connext_c.h
[41.202s] -- Symlinking: /home/propp/Independent_Study/ros_workspace/install/nav_2d_msgs/lib/libnav_2d_msgs__rosidl_typesupport_connext_c.so
[41.210s] -- Symlinking: /home/propp/Independent_Study/ros_workspace/install/nav_2d_msgs/share/nav_2d_msgs/msg/dds_connext/Path2D_.idl
[41.217s] -- Symlinking: /home/propp/Independent_Study/ros_workspace/install/nav_2d_msgs/share/nav_2d_msgs/msg/dds_connext/Pose2D32_.idl
[41.224s] -- Symlinking: /home/propp/Independent_Study/ros_workspace/install/nav_2d_msgs/share/nav_2d_msgs/msg/dds_connext/Pose2DStamped_.idl
[41.231s] -- Symlinking: /home/propp/Independent_Study/ros_workspace/install/nav_2d_msgs/share/nav_2d_msgs/msg/dds_connext/Twist2D32_.idl
[41.238s] -- Symlinking: /home/propp/Independent_Study/ros_workspace/install/nav_2d_msgs/share/nav_2d_msgs/msg/dds_connext/Twist2DStamped_.idl
[41.244s] -- Symlinking: /home/propp/Independent_Study/ros_workspace/install/nav_2d_msgs/share/nav_2d_msgs/msg/dds_connext/Twist2D_.idl
[41.252s] -- Symlinking: /home/propp/Independent_Study/ros_workspace/install/nav_2d_msgs/include/nav_2d_msgs/msg/dds_connext/Path2D_.cxx
[41.259s] -- Symlinking: /home/propp/Independent_Study/ros_workspace/install/nav_2d_msgs/include/nav_2d_msgs/msg/dds_connext/Path2D_.h
[41.266s] -- Symlinking: /home/propp/Independent_Study/ros_workspace/install/nav_2d_msgs/include/nav_2d_msgs/msg/dds_connext/Path2D_Plugin.cxx
[41.272s] -- Symlinking: /home/propp/Independent_Study/ros_workspace/install/nav_2d_msgs/include/nav_2d_msgs/msg/dds_connext/Path2D_Plugin.h
[41.279s] -- Symlinking: /home/propp/Independent_Study/ros_workspace/install/nav_2d_msgs/include/nav_2d_msgs/msg/dds_connext/Path2D_Support.cxx
[41.285s] -- Symlinking: /home/propp/Independent_Study/ros_workspace/install/nav_2d_msgs/include/nav_2d_msgs/msg/dds_connext/Path2D_Support.h
[41.293s] -- Symlinking: /home/propp/Independent_Study/ros_workspace/install/nav_2d_msgs/include/nav_2d_msgs/msg/dds_connext/Pose2D32_.cxx
[41.299s] -- Symlinking: /home/propp/Independent_Study/ros_workspace/install/nav_2d_msgs/include/nav_2d_msgs/msg/dds_connext/Pose2D32_.h
[41.306s] -- Symlinking: /home/propp/Independent_Study/ros_workspace/install/nav_2d_msgs/include/nav_2d_msgs/msg/dds_connext/Pose2D32_Plugin.cxx
[41.312s] -- Symlinking: /home/propp/Independent_Study/ros_workspace/install/nav_2d_msgs/include/nav_2d_msgs/msg/dds_connext/Pose2D32_Plugin.h
[41.319s] -- Symlinking: /home/propp/Independent_Study/ros_workspace/install/nav_2d_msgs/include/nav_2d_msgs/msg/dds_connext/Pose2D32_Support.cxx
[41.326s] -- Symlinking: /home/propp/Independent_Study/ros_workspace/install/nav_2d_msgs/include/nav_2d_msgs/msg/dds_connext/Pose2D32_Support.h
[41.333s] -- Symlinking: /home/propp/Independent_Study/ros_workspace/install/nav_2d_msgs/include/nav_2d_msgs/msg/dds_connext/Pose2DStamped_.cxx
[41.340s] -- Symlinking: /home/propp/Independent_Study/ros_workspace/install/nav_2d_msgs/include/nav_2d_msgs/msg/dds_connext/Pose2DStamped_.h
[41.346s] -- Symlinking: /home/propp/Independent_Study/ros_workspace/install/nav_2d_msgs/include/nav_2d_msgs/msg/dds_connext/Pose2DStamped_Plugin.cxx
[41.353s] -- Symlinking: /home/propp/Independent_Study/ros_workspace/install/nav_2d_msgs/include/nav_2d_msgs/msg/dds_connext/Pose2DStamped_Plugin.h
[41.360s] -- Symlinking: /home/propp/Independent_Study/ros_workspace/install/nav_2d_msgs/include/nav_2d_msgs/msg/dds_connext/Pose2DStamped_Support.cxx
[41.367s] -- Symlinking: /home/propp/Independent_Study/ros_workspace/install/nav_2d_msgs/include/nav_2d_msgs/msg/dds_connext/Pose2DStamped_Support.h
[41.374s] -- Symlinking: /home/propp/Independent_Study/ros_workspace/install/nav_2d_msgs/include/nav_2d_msgs/msg/dds_connext/Twist2D32_.cxx
[41.380s] -- Symlinking: /home/propp/Independent_Study/ros_workspace/install/nav_2d_msgs/include/nav_2d_msgs/msg/dds_connext/Twist2D32_.h
[41.387s] -- Symlinking: /home/propp/Independent_Study/ros_workspace/install/nav_2d_msgs/include/nav_2d_msgs/msg/dds_connext/Twist2D32_Plugin.cxx
[41.394s] -- Symlinking: /home/propp/Independent_Study/ros_workspace/install/nav_2d_msgs/include/nav_2d_msgs/msg/dds_connext/Twist2D32_Plugin.h
[41.401s] -- Symlinking: /home/propp/Independent_Study/ros_workspace/install/nav_2d_msgs/include/nav_2d_msgs/msg/dds_connext/Twist2D32_Support.cxx
[41.407s] -- Symlinking: /home/propp/Independent_Study/ros_workspace/install/nav_2d_msgs/include/nav_2d_msgs/msg/dds_connext/Twist2D32_Support.h
[41.414s] -- Symlinking: /home/propp/Independent_Study/ros_workspace/install/nav_2d_msgs/include/nav_2d_msgs/msg/dds_connext/Twist2DStamped_.cxx
[41.421s] -- Symlinking: /home/propp/Independent_Study/ros_workspace/install/nav_2d_msgs/include/nav_2d_msgs/msg/dds_connext/Twist2DStamped_.h
[41.428s] -- Symlinking: /home/propp/Independent_Study/ros_workspace/install/nav_2d_msgs/include/nav_2d_msgs/msg/dds_connext/Twist2DStamped_Plugin.cxx
[41.435s] -- Symlinking: /home/propp/Independent_Study/ros_workspace/install/nav_2d_msgs/include/nav_2d_msgs/msg/dds_connext/Twist2DStamped_Plugin.h
[41.442s] -- Symlinking: /home/propp/Independent_Study/ros_workspace/install/nav_2d_msgs/include/nav_2d_msgs/msg/dds_connext/Twist2DStamped_Support.cxx
[41.450s] -- Symlinking: /home/propp/Independent_Study/ros_workspace/install/nav_2d_msgs/include/nav_2d_msgs/msg/dds_connext/Twist2DStamped_Support.h
[41.457s] -- Symlinking: /home/propp/Independent_Study/ros_workspace/install/nav_2d_msgs/include/nav_2d_msgs/msg/dds_connext/Twist2D_.cxx
[41.464s] -- Symlinking: /home/propp/Independent_Study/ros_workspace/install/nav_2d_msgs/include/nav_2d_msgs/msg/dds_connext/Twist2D_.h
[41.471s] -- Symlinking: /home/propp/Independent_Study/ros_workspace/install/nav_2d_msgs/include/nav_2d_msgs/msg/dds_connext/Twist2D_Plugin.cxx
[41.478s] -- Symlinking: /home/propp/Independent_Study/ros_workspace/install/nav_2d_msgs/include/nav_2d_msgs/msg/dds_connext/Twist2D_Plugin.h
[41.485s] -- Symlinking: /home/propp/Independent_Study/ros_workspace/install/nav_2d_msgs/include/nav_2d_msgs/msg/dds_connext/Twist2D_Support.cxx
[41.491s] -- Symlinking: /home/propp/Independent_Study/ros_workspace/install/nav_2d_msgs/include/nav_2d_msgs/msg/dds_connext/Twist2D_Support.h
[41.499s] -- Symlinking: /home/propp/Independent_Study/ros_workspace/install/nav_2d_msgs/include/nav_2d_msgs/msg/path2_d__rosidl_typesupport_connext_cpp.hpp
[41.505s] -- Symlinking: /home/propp/Independent_Study/ros_workspace/install/nav_2d_msgs/include/nav_2d_msgs/msg/pose2_d32__rosidl_typesupport_connext_cpp.hpp
[41.512s] -- Symlinking: /home/propp/Independent_Study/ros_workspace/install/nav_2d_msgs/include/nav_2d_msgs/msg/pose2_d_stamped__rosidl_typesupport_connext_cpp.hpp
[41.520s] -- Symlinking: /home/propp/Independent_Study/ros_workspace/install/nav_2d_msgs/include/nav_2d_msgs/msg/rosidl_typesupport_connext_cpp__visibility_control.h
[41.526s] -- Symlinking: /home/propp/Independent_Study/ros_workspace/install/nav_2d_msgs/include/nav_2d_msgs/msg/twist2_d32__rosidl_typesupport_connext_cpp.hpp
[41.533s] -- Symlinking: /home/propp/Independent_Study/ros_workspace/install/nav_2d_msgs/include/nav_2d_msgs/msg/twist2_d__rosidl_typesupport_connext_cpp.hpp
[41.539s] -- Symlinking: /home/propp/Independent_Study/ros_workspace/install/nav_2d_msgs/include/nav_2d_msgs/msg/twist2_d_stamped__rosidl_typesupport_connext_cpp.hpp
[41.546s] -- Symlinking: /home/propp/Independent_Study/ros_workspace/install/nav_2d_msgs/lib/libnav_2d_msgs__rosidl_typesupport_connext_cpp.so
[41.554s] -- Symlinking: /home/propp/Independent_Study/ros_workspace/install/nav_2d_msgs/include/nav_2d_msgs/msg/detail/path2_d__rosidl_typesupport_fastrtps_c.h
[41.560s] -- Symlinking: /home/propp/Independent_Study/ros_workspace/install/nav_2d_msgs/include/nav_2d_msgs/msg/detail/pose2_d32__rosidl_typesupport_fastrtps_c.h
[41.567s] -- Symlinking: /home/propp/Independent_Study/ros_workspace/install/nav_2d_msgs/include/nav_2d_msgs/msg/detail/pose2_d_stamped__rosidl_typesupport_fastrtps_c.h
[41.573s] -- Symlinking: /home/propp/Independent_Study/ros_workspace/install/nav_2d_msgs/include/nav_2d_msgs/msg/detail/twist2_d32__rosidl_typesupport_fastrtps_c.h
[41.580s] -- Symlinking: /home/propp/Independent_Study/ros_workspace/install/nav_2d_msgs/include/nav_2d_msgs/msg/detail/twist2_d__rosidl_typesupport_fastrtps_c.h
[41.587s] -- Symlinking: /home/propp/Independent_Study/ros_workspace/install/nav_2d_msgs/include/nav_2d_msgs/msg/detail/twist2_d_stamped__rosidl_typesupport_fastrtps_c.h
[41.594s] -- Symlinking: /home/propp/Independent_Study/ros_workspace/install/nav_2d_msgs/include/nav_2d_msgs/msg/rosidl_typesupport_fastrtps_c__visibility_control.h
[41.601s] -- Symlinking: /home/propp/Independent_Study/ros_workspace/install/nav_2d_msgs/lib/libnav_2d_msgs__rosidl_typesupport_fastrtps_c.so
[41.608s] -- Symlinking: /home/propp/Independent_Study/ros_workspace/install/nav_2d_msgs/include/nav_2d_msgs/msg/detail/path2_d__rosidl_typesupport_fastrtps_cpp.hpp
[41.615s] -- Symlinking: /home/propp/Independent_Study/ros_workspace/install/nav_2d_msgs/include/nav_2d_msgs/msg/detail/pose2_d32__rosidl_typesupport_fastrtps_cpp.hpp
[41.621s] -- Symlinking: /home/propp/Independent_Study/ros_workspace/install/nav_2d_msgs/include/nav_2d_msgs/msg/detail/pose2_d_stamped__rosidl_typesupport_fastrtps_cpp.hpp
[41.628s] -- Symlinking: /home/propp/Independent_Study/ros_workspace/install/nav_2d_msgs/include/nav_2d_msgs/msg/detail/twist2_d32__rosidl_typesupport_fastrtps_cpp.hpp
[41.635s] -- Symlinking: /home/propp/Independent_Study/ros_workspace/install/nav_2d_msgs/include/nav_2d_msgs/msg/detail/twist2_d__rosidl_typesupport_fastrtps_cpp.hpp
[41.641s] -- Symlinking: /home/propp/Independent_Study/ros_workspace/install/nav_2d_msgs/include/nav_2d_msgs/msg/detail/twist2_d_stamped__rosidl_typesupport_fastrtps_cpp.hpp
[41.648s] -- Symlinking: /home/propp/Independent_Study/ros_workspace/install/nav_2d_msgs/include/nav_2d_msgs/msg/rosidl_typesupport_fastrtps_cpp__visibility_control.h
[41.655s] -- Symlinking: /home/propp/Independent_Study/ros_workspace/install/nav_2d_msgs/lib/libnav_2d_msgs__rosidl_typesupport_fastrtps_cpp.so
[41.663s] -- Symlinking: /home/propp/Independent_Study/ros_workspace/install/nav_2d_msgs/include/nav_2d_msgs/msg/detail/path2_d__rosidl_typesupport_introspection_c.h
[41.670s] -- Symlinking: /home/propp/Independent_Study/ros_workspace/install/nav_2d_msgs/include/nav_2d_msgs/msg/detail/pose2_d32__rosidl_typesupport_introspection_c.h
[41.676s] -- Symlinking: /home/propp/Independent_Study/ros_workspace/install/nav_2d_msgs/include/nav_2d_msgs/msg/detail/pose2_d_stamped__rosidl_typesupport_introspection_c.h
[41.683s] -- Symlinking: /home/propp/Independent_Study/ros_workspace/install/nav_2d_msgs/include/nav_2d_msgs/msg/detail/twist2_d32__rosidl_typesupport_introspection_c.h
[41.690s] -- Symlinking: /home/propp/Independent_Study/ros_workspace/install/nav_2d_msgs/include/nav_2d_msgs/msg/detail/twist2_d__rosidl_typesupport_introspection_c.h
[41.699s] -- Symlinking: /home/propp/Independent_Study/ros_workspace/install/nav_2d_msgs/include/nav_2d_msgs/msg/detail/twist2_d_stamped__rosidl_typesupport_introspection_c.h
[41.706s] -- Symlinking: /home/propp/Independent_Study/ros_workspace/install/nav_2d_msgs/include/nav_2d_msgs/msg/rosidl_typesupport_introspection_c__visibility_control.h
[41.716s] -- Symlinking: /home/propp/Independent_Study/ros_workspace/install/nav_2d_msgs/include/nav_2d_msgs/msg/detail/path2_d__builder.hpp
[41.723s] -- Symlinking: /home/propp/Independent_Study/ros_workspace/install/nav_2d_msgs/include/nav_2d_msgs/msg/detail/path2_d__struct.hpp
[41.730s] -- Symlinking: /home/propp/Independent_Study/ros_workspace/install/nav_2d_msgs/include/nav_2d_msgs/msg/detail/path2_d__traits.hpp
[41.736s] -- Symlinking: /home/propp/Independent_Study/ros_workspace/install/nav_2d_msgs/include/nav_2d_msgs/msg/detail/pose2_d32__builder.hpp
[41.743s] -- Symlinking: /home/propp/Independent_Study/ros_workspace/install/nav_2d_msgs/include/nav_2d_msgs/msg/detail/pose2_d32__struct.hpp
[41.750s] -- Symlinking: /home/propp/Independent_Study/ros_workspace/install/nav_2d_msgs/include/nav_2d_msgs/msg/detail/pose2_d32__traits.hpp
[41.757s] -- Symlinking: /home/propp/Independent_Study/ros_workspace/install/nav_2d_msgs/include/nav_2d_msgs/msg/detail/pose2_d_stamped__builder.hpp
[41.765s] -- Symlinking: /home/propp/Independent_Study/ros_workspace/install/nav_2d_msgs/include/nav_2d_msgs/msg/detail/pose2_d_stamped__struct.hpp
[41.771s] -- Symlinking: /home/propp/Independent_Study/ros_workspace/install/nav_2d_msgs/include/nav_2d_msgs/msg/detail/pose2_d_stamped__traits.hpp
[41.778s] -- Symlinking: /home/propp/Independent_Study/ros_workspace/install/nav_2d_msgs/include/nav_2d_msgs/msg/detail/twist2_d32__builder.hpp
[41.785s] -- Symlinking: /home/propp/Independent_Study/ros_workspace/install/nav_2d_msgs/include/nav_2d_msgs/msg/detail/twist2_d32__struct.hpp
[41.792s] -- Symlinking: /home/propp/Independent_Study/ros_workspace/install/nav_2d_msgs/include/nav_2d_msgs/msg/detail/twist2_d32__traits.hpp
[41.799s] -- Symlinking: /home/propp/Independent_Study/ros_workspace/install/nav_2d_msgs/include/nav_2d_msgs/msg/detail/twist2_d__builder.hpp
[41.806s] -- Symlinking: /home/propp/Independent_Study/ros_workspace/install/nav_2d_msgs/include/nav_2d_msgs/msg/detail/twist2_d__struct.hpp
[41.816s] -- Symlinking: /home/propp/Independent_Study/ros_workspace/install/nav_2d_msgs/include/nav_2d_msgs/msg/detail/twist2_d__traits.hpp
[41.822s] -- Symlinking: /home/propp/Independent_Study/ros_workspace/install/nav_2d_msgs/include/nav_2d_msgs/msg/detail/twist2_d_stamped__builder.hpp
[41.830s] -- Symlinking: /home/propp/Independent_Study/ros_workspace/install/nav_2d_msgs/include/nav_2d_msgs/msg/detail/twist2_d_stamped__struct.hpp
[41.838s] -- Symlinking: /home/propp/Independent_Study/ros_workspace/install/nav_2d_msgs/include/nav_2d_msgs/msg/detail/twist2_d_stamped__traits.hpp
[41.852s] -- Symlinking: /home/propp/Independent_Study/ros_workspace/install/nav_2d_msgs/include/nav_2d_msgs/msg/path2_d.hpp
[41.861s] -- Symlinking: /home/propp/Independent_Study/ros_workspace/install/nav_2d_msgs/include/nav_2d_msgs/msg/pose2_d32.hpp
[41.870s] -- Symlinking: /home/propp/Independent_Study/ros_workspace/install/nav_2d_msgs/include/nav_2d_msgs/msg/pose2_d_stamped.hpp
[41.878s] -- Symlinking: /home/propp/Independent_Study/ros_workspace/install/nav_2d_msgs/include/nav_2d_msgs/msg/twist2_d.hpp
[41.885s] -- Symlinking: /home/propp/Independent_Study/ros_workspace/install/nav_2d_msgs/include/nav_2d_msgs/msg/twist2_d32.hpp
[41.892s] -- Symlinking: /home/propp/Independent_Study/ros_workspace/install/nav_2d_msgs/include/nav_2d_msgs/msg/twist2_d_stamped.hpp
[41.900s] -- Symlinking: /home/propp/Independent_Study/ros_workspace/install/nav_2d_msgs/include/nav_2d_msgs/msg/detail/path2_d__rosidl_typesupport_introspection_cpp.hpp
[41.907s] -- Symlinking: /home/propp/Independent_Study/ros_workspace/install/nav_2d_msgs/include/nav_2d_msgs/msg/detail/pose2_d32__rosidl_typesupport_introspection_cpp.hpp
[41.914s] -- Symlinking: /home/propp/Independent_Study/ros_workspace/install/nav_2d_msgs/include/nav_2d_msgs/msg/detail/pose2_d_stamped__rosidl_typesupport_introspection_cpp.hpp
[41.921s] -- Symlinking: /home/propp/Independent_Study/ros_workspace/install/nav_2d_msgs/include/nav_2d_msgs/msg/detail/twist2_d32__rosidl_typesupport_introspection_cpp.hpp
[41.927s] -- Symlinking: /home/propp/Independent_Study/ros_workspace/install/nav_2d_msgs/include/nav_2d_msgs/msg/detail/twist2_d__rosidl_typesupport_introspection_cpp.hpp
[41.934s] -- Symlinking: /home/propp/Independent_Study/ros_workspace/install/nav_2d_msgs/include/nav_2d_msgs/msg/detail/twist2_d_stamped__rosidl_typesupport_introspection_cpp.hpp
[41.940s] -- Symlinking: /home/propp/Independent_Study/ros_workspace/install/nav_2d_msgs/share/nav_2d_msgs/environment/pythonpath.sh
[41.946s] -- Symlinking: /home/propp/Independent_Study/ros_workspace/install/nav_2d_msgs/share/nav_2d_msgs/environment/pythonpath.dsv
[41.953s] -- Symlinking: /home/propp/Independent_Study/ros_workspace/install/nav_2d_msgs/lib/python3.8/site-packages/nav_2d_msgs/__init__.py
[41.960s] -- Symlinking: /home/propp/Independent_Study/ros_workspace/install/nav_2d_msgs/lib/python3.8/site-packages/nav_2d_msgs/msg/__init__.py
[41.966s] -- Symlinking: /home/propp/Independent_Study/ros_workspace/install/nav_2d_msgs/lib/python3.8/site-packages/nav_2d_msgs/msg/_path2_d.py
[41.972s] -- Symlinking: /home/propp/Independent_Study/ros_workspace/install/nav_2d_msgs/lib/python3.8/site-packages/nav_2d_msgs/msg/_pose2_d32.py
[41.979s] -- Symlinking: /home/propp/Independent_Study/ros_workspace/install/nav_2d_msgs/lib/python3.8/site-packages/nav_2d_msgs/msg/_pose2_d_stamped.py
[41.985s] -- Symlinking: /home/propp/Independent_Study/ros_workspace/install/nav_2d_msgs/lib/python3.8/site-packages/nav_2d_msgs/msg/_twist2_d.py
[41.991s] -- Symlinking: /home/propp/Independent_Study/ros_workspace/install/nav_2d_msgs/lib/python3.8/site-packages/nav_2d_msgs/msg/_twist2_d32.py
[41.998s] -- Symlinking: /home/propp/Independent_Study/ros_workspace/install/nav_2d_msgs/lib/python3.8/site-packages/nav_2d_msgs/msg/_twist2_d_stamped.py
[42.004s] -- Symlinking: /home/propp/Independent_Study/ros_workspace/install/nav_2d_msgs/lib/python3.8/site-packages/nav_2d_msgs/nav_2d_msgs_s__rosidl_typesupport_connext_c.cpython-38-x86_64-linux-gnu.so
[42.011s] -- Symlinking: /home/propp/Independent_Study/ros_workspace/install/nav_2d_msgs/lib/python3.8/site-packages/nav_2d_msgs/nav_2d_msgs_s__rosidl_typesupport_fastrtps_c.cpython-38-x86_64-linux-gnu.so
[42.017s] -- Symlinking: /home/propp/Independent_Study/ros_workspace/install/nav_2d_msgs/lib/python3.8/site-packages/nav_2d_msgs/nav_2d_msgs_s__rosidl_typesupport_introspection_c.cpython-38-x86_64-linux-gnu.so
[42.024s] -- Symlinking: /home/propp/Independent_Study/ros_workspace/install/nav_2d_msgs/lib/python3.8/site-packages/nav_2d_msgs/nav_2d_msgs_s__rosidl_typesupport_c.cpython-38-x86_64-linux-gnu.so
[42.030s] -- Symlinking: /home/propp/Independent_Study/ros_workspace/install/nav_2d_msgs/lib/libnav_2d_msgs__python.so
[42.037s] -- Symlinking: /home/propp/Independent_Study/ros_workspace/install/nav_2d_msgs/share/nav_2d_msgs/msg/Path2D.idl
[42.044s] -- Symlinking: /home/propp/Independent_Study/ros_workspace/install/nav_2d_msgs/share/nav_2d_msgs/msg/Pose2D32.idl
[42.050s] -- Symlinking: /home/propp/Independent_Study/ros_workspace/install/nav_2d_msgs/share/nav_2d_msgs/msg/Pose2DStamped.idl
[42.056s] -- Symlinking: /home/propp/Independent_Study/ros_workspace/install/nav_2d_msgs/share/nav_2d_msgs/msg/Twist2D.idl
[42.063s] -- Symlinking: /home/propp/Independent_Study/ros_workspace/install/nav_2d_msgs/share/nav_2d_msgs/msg/Twist2D32.idl
[42.069s] -- Symlinking: /home/propp/Independent_Study/ros_workspace/install/nav_2d_msgs/share/nav_2d_msgs/msg/Twist2DStamped.idl
[42.076s] -- Symlinking: /home/propp/Independent_Study/ros_workspace/install/nav_2d_msgs/share/nav_2d_msgs/msg/Path2D.msg
[42.082s] -- Symlinking: /home/propp/Independent_Study/ros_workspace/install/nav_2d_msgs/share/nav_2d_msgs/msg/Pose2D32.msg
[42.088s] -- Symlinking: /home/propp/Independent_Study/ros_workspace/install/nav_2d_msgs/share/nav_2d_msgs/msg/Pose2DStamped.msg
[42.095s] -- Symlinking: /home/propp/Independent_Study/ros_workspace/install/nav_2d_msgs/share/nav_2d_msgs/msg/Twist2D.msg
[42.101s] -- Symlinking: /home/propp/Independent_Study/ros_workspace/install/nav_2d_msgs/share/nav_2d_msgs/msg/Twist2D32.msg
[42.107s] -- Symlinking: /home/propp/Independent_Study/ros_workspace/install/nav_2d_msgs/share/nav_2d_msgs/msg/Twist2DStamped.msg
[42.114s] -- Symlinking: /home/propp/Independent_Study/ros_workspace/install/nav_2d_msgs/share/ament_index/resource_index/package_run_dependencies/nav_2d_msgs
[42.121s] -- Symlinking: /home/propp/Independent_Study/ros_workspace/install/nav_2d_msgs/share/ament_index/resource_index/parent_prefix_path/nav_2d_msgs
[42.127s] -- Symlinking: /home/propp/Independent_Study/ros_workspace/install/nav_2d_msgs/share/nav_2d_msgs/environment/ament_prefix_path.sh
[42.133s] -- Symlinking: /home/propp/Independent_Study/ros_workspace/install/nav_2d_msgs/share/nav_2d_msgs/environment/ament_prefix_path.dsv
[42.140s] -- Symlinking: /home/propp/Independent_Study/ros_workspace/install/nav_2d_msgs/share/nav_2d_msgs/environment/path.sh
[42.146s] -- Symlinking: /home/propp/Independent_Study/ros_workspace/install/nav_2d_msgs/share/nav_2d_msgs/environment/path.dsv
[42.153s] -- Symlinking: /home/propp/Independent_Study/ros_workspace/install/nav_2d_msgs/share/nav_2d_msgs/local_setup.bash
[42.159s] -- Symlinking: /home/propp/Independent_Study/ros_workspace/install/nav_2d_msgs/share/nav_2d_msgs/local_setup.sh
[42.166s] -- Symlinking: /home/propp/Independent_Study/ros_workspace/install/nav_2d_msgs/share/nav_2d_msgs/local_setup.zsh
[42.172s] -- Symlinking: /home/propp/Independent_Study/ros_workspace/install/nav_2d_msgs/share/nav_2d_msgs/local_setup.dsv
[42.178s] -- Symlinking: /home/propp/Independent_Study/ros_workspace/install/nav_2d_msgs/share/nav_2d_msgs/package.dsv
[42.185s] -- Symlinking: /home/propp/Independent_Study/ros_workspace/install/nav_2d_msgs/share/ament_index/resource_index/packages/nav_2d_msgs
[42.191s] -- Symlinking: /home/propp/Independent_Study/ros_workspace/install/nav_2d_msgs/share/nav_2d_msgs/cmake/rosidl_cmake-extras.cmake
[42.198s] -- Symlinking: /home/propp/Independent_Study/ros_workspace/install/nav_2d_msgs/share/nav_2d_msgs/cmake/ament_cmake_export_dependencies-extras.cmake
[42.204s] -- Symlinking: /home/propp/Independent_Study/ros_workspace/install/nav_2d_msgs/share/nav_2d_msgs/cmake/ament_cmake_export_libraries-extras.cmake
[42.210s] -- Symlinking: /home/propp/Independent_Study/ros_workspace/install/nav_2d_msgs/share/nav_2d_msgs/cmake/ament_cmake_export_targets-extras.cmake
[42.217s] -- Symlinking: /home/propp/Independent_Study/ros_workspace/install/nav_2d_msgs/share/nav_2d_msgs/cmake/ament_cmake_export_include_directories-extras.cmake
[42.223s] -- Symlinking: /home/propp/Independent_Study/ros_workspace/install/nav_2d_msgs/share/nav_2d_msgs/cmake/rosidl_cmake_export_typesupport_libraries-extras.cmake
[42.230s] -- Symlinking: /home/propp/Independent_Study/ros_workspace/install/nav_2d_msgs/share/nav_2d_msgs/cmake/rosidl_cmake_export_typesupport_targets-extras.cmake
[42.236s] -- Symlinking: /home/propp/Independent_Study/ros_workspace/install/nav_2d_msgs/share/nav_2d_msgs/cmake/nav_2d_msgsConfig.cmake
[42.243s] -- Symlinking: /home/propp/Independent_Study/ros_workspace/install/nav_2d_msgs/share/nav_2d_msgs/cmake/nav_2d_msgsConfig-version.cmake
[42.249s] -- Symlinking: /home/propp/Independent_Study/ros_workspace/install/nav_2d_msgs/share/nav_2d_msgs/package.xml
[42.255s] -- Installing: /home/propp/Independent_Study/ros_workspace/install/nav_2d_msgs/lib/libnav_2d_msgs__rosidl_generator_c.so
[42.256s] -- Set runtime path of "/home/propp/Independent_Study/ros_workspace/install/nav_2d_msgs/lib/libnav_2d_msgs__rosidl_generator_c.so" to ""
[42.256s] -- Installing: /home/propp/Independent_Study/ros_workspace/install/nav_2d_msgs/lib/libnav_2d_msgs__rosidl_typesupport_introspection_c.so
[42.256s] -- Set runtime path of "/home/propp/Independent_Study/ros_workspace/install/nav_2d_msgs/lib/libnav_2d_msgs__rosidl_typesupport_introspection_c.so" to ""
[42.256s] -- Installing: /home/propp/Independent_Study/ros_workspace/install/nav_2d_msgs/lib/libnav_2d_msgs__rosidl_typesupport_c.so
[42.256s] -- Set runtime path of "/home/propp/Independent_Study/ros_workspace/install/nav_2d_msgs/lib/libnav_2d_msgs__rosidl_typesupport_c.so" to ""
[42.256s] -- Installing: /home/propp/Independent_Study/ros_workspace/install/nav_2d_msgs/lib/libnav_2d_msgs__rosidl_typesupport_introspection_cpp.so
[42.257s] -- Set runtime path of "/home/propp/Independent_Study/ros_workspace/install/nav_2d_msgs/lib/libnav_2d_msgs__rosidl_typesupport_introspection_cpp.so" to ""
[42.257s] -- Installing: /home/propp/Independent_Study/ros_workspace/install/nav_2d_msgs/lib/libnav_2d_msgs__rosidl_typesupport_cpp.so
[42.257s] -- Set runtime path of "/home/propp/Independent_Study/ros_workspace/install/nav_2d_msgs/lib/libnav_2d_msgs__rosidl_typesupport_cpp.so" to ""
[42.279s] Compiling '/home/propp/Independent_Study/ros_workspace/install/nav_2d_msgs/lib/python3.8/site-packages/nav_2d_msgs/__init__.py'...
[42.282s] -- Installing: /home/propp/Independent_Study/ros_workspace/install/nav_2d_msgs/share/nav_2d_msgs/cmake/nav_2d_msgs__rosidl_generator_cExport.cmake
[42.282s] -- Installing: /home/propp/Independent_Study/ros_workspace/install/nav_2d_msgs/share/nav_2d_msgs/cmake/nav_2d_msgs__rosidl_generator_cExport-noconfig.cmake
[42.282s] -- Installing: /home/propp/Independent_Study/ros_workspace/install/nav_2d_msgs/share/nav_2d_msgs/cmake/nav_2d_msgs__rosidl_typesupport_introspection_cExport.cmake
[42.282s] -- Installing: /home/propp/Independent_Study/ros_workspace/install/nav_2d_msgs/share/nav_2d_msgs/cmake/nav_2d_msgs__rosidl_typesupport_introspection_cExport-noconfig.cmake
[42.282s] -- Installing: /home/propp/Independent_Study/ros_workspace/install/nav_2d_msgs/share/nav_2d_msgs/cmake/nav_2d_msgs__rosidl_typesupport_cExport.cmake
[42.282s] -- Installing: /home/propp/Independent_Study/ros_workspace/install/nav_2d_msgs/share/nav_2d_msgs/cmake/nav_2d_msgs__rosidl_typesupport_cExport-noconfig.cmake
[42.282s] -- Installing: /home/propp/Independent_Study/ros_workspace/install/nav_2d_msgs/share/nav_2d_msgs/cmake/nav_2d_msgs__rosidl_generator_cppExport.cmake
[42.282s] -- Installing: /home/propp/Independent_Study/ros_workspace/install/nav_2d_msgs/share/nav_2d_msgs/cmake/nav_2d_msgs__rosidl_typesupport_introspection_cppExport.cmake
[42.282s] -- Installing: /home/propp/Independent_Study/ros_workspace/install/nav_2d_msgs/share/nav_2d_msgs/cmake/nav_2d_msgs__rosidl_typesupport_introspection_cppExport-noconfig.cmake
[42.283s] -- Installing: /home/propp/Independent_Study/ros_workspace/install/nav_2d_msgs/share/nav_2d_msgs/cmake/nav_2d_msgs__rosidl_typesupport_cppExport.cmake
[42.283s] -- Installing: /home/propp/Independent_Study/ros_workspace/install/nav_2d_msgs/share/nav_2d_msgs/cmake/nav_2d_msgs__rosidl_typesupport_cppExport-noconfig.cmake
[42.284s] Invoked command in '/home/propp/Independent_Study/ros_workspace/build/nav_2d_msgs' returned '0': CMAKE_PREFIX_PATH=${CMAKE_PREFIX_PATH}:/home/propp/Independent_Study/src/Test_Ros/install/my_package /usr/bin/cmake --install /home/propp/Independent_Study/ros_workspace/build/nav_2d_msgs
