[0.013s] Invoking command in '/home/propp/Independent_Study/ros_workspace/build/pointcloud_to_laserscan': /usr/bin/cmake --build /home/propp/Independent_Study/ros_workspace/build/pointcloud_to_laserscan -- -j12 -l12
[0.044s] [35m[1mScanning dependencies of target pointcloud_converter[0m
[0.046s] [35m[1mScanning dependencies of target pointcloud_to_laserscan[0m
[0.054s] [ 10%] [32mBuilding CXX object CMakeFiles/pointcloud_converter.dir/src/pointcloud_to_laserscan_node.cpp.o[0m
[0.058s] [ 30%] Built target pointcloud_to_laserscan_node
[0.061s] [ 50%] Built target laserscan_to_pointcloud_node
[0.066s] [ 70%] Built target laserscan_to_pointcloud
[0.084s] [ 80%] [32mBuilding CXX object CMakeFiles/pointcloud_to_laserscan.dir/src/pointcloud_to_laserscan_node.cpp.o[0m
[0.089s] In file included from [01m[K/home/propp/Independent_Study/ros_workspace/src/pointcloud_to_laserscan/src/pointcloud_to_laserscan_node.cpp:41[m[K:
[0.089s] [01m[K/home/propp/Independent_Study/ros_workspace/src/pointcloud_to_laserscan/include/pointcloud_to_laserscan/pointcloud_to_laserscan_node.hpp:49:10:[m[K [01;31m[Kfatal error: [m[Kmessage_filters/subscriber.h: No such file or directory
[0.089s]    49 | #include [01;31m[K"message_filters/subscriber.h"[m[K
[0.089s]       |          [01;31m[K^~~~~~~~~~~~~~~~~~~~~~~~~~~~~~[m[K
[0.089s] compilation terminated.
[0.090s] make[2]: *** [CMakeFiles/pointcloud_converter.dir/build.make:63: CMakeFiles/pointcloud_converter.dir/src/pointcloud_to_laserscan_node.cpp.o] Error 1
[0.090s] make[1]: *** [CMakeFiles/Makefile2:221: CMakeFiles/pointcloud_converter.dir/all] Error 2
[0.090s] make[1]: *** Waiting for unfinished jobs....
[5.944s] [ 90%] [32m[1mLinking CXX shared library libpointcloud_to_laserscan.so[0m
[6.228s] [ 90%] Built target pointcloud_to_laserscan
[6.229s] make: *** [Makefile:141: all] Error 2
[6.230s] Invoked command in '/home/propp/Independent_Study/ros_workspace/build/pointcloud_to_laserscan' returned '2': /usr/bin/cmake --build /home/propp/Independent_Study/ros_workspace/build/pointcloud_to_laserscan -- -j12 -l12
