[0.018s] Invoking command in '/home/propp/Independent_Study/ros_workspace/build/box_nav': CMAKE_PREFIX_PATH=${CMAKE_PREFIX_PATH}:/opt/ros/foxy /usr/bin/cmake --build /home/propp/Independent_Study/ros_workspace/build/box_nav -- -j12 -l12
[0.072s] [100%] Built target lidar_odometry
[0.083s] Invoked command in '/home/propp/Independent_Study/ros_workspace/build/box_nav' returned '0': CMAKE_PREFIX_PATH=${CMAKE_PREFIX_PATH}:/opt/ros/foxy /usr/bin/cmake --build /home/propp/Independent_Study/ros_workspace/build/box_nav -- -j12 -l12
[0.115s] Invoking command in '/home/propp/Independent_Study/ros_workspace/build/box_nav': CMAKE_PREFIX_PATH=${CMAKE_PREFIX_PATH}:/opt/ros/foxy /usr/bin/cmake --install /home/propp/Independent_Study/ros_workspace/build/box_nav
[0.124s] -- Install configuration: ""
[0.124s] -- Up-to-date: /home/propp/Independent_Study/ros_workspace/install/box_nav/lib/box_nav/lidar_odometry
[0.124s] -- Up-to-date: /home/propp/Independent_Study/ros_workspace/install/box_nav/share/ament_index/resource_index/package_run_dependencies/box_nav
[0.124s] -- Up-to-date: /home/propp/Independent_Study/ros_workspace/install/box_nav/share/ament_index/resource_index/parent_prefix_path/box_nav
[0.124s] -- Up-to-date: /home/propp/Independent_Study/ros_workspace/install/box_nav/share/box_nav/environment/ament_prefix_path.sh
[0.124s] -- Up-to-date: /home/propp/Independent_Study/ros_workspace/install/box_nav/share/box_nav/environment/ament_prefix_path.dsv
[0.125s] -- Up-to-date: /home/propp/Independent_Study/ros_workspace/install/box_nav/share/box_nav/environment/path.sh
[0.125s] -- Up-to-date: /home/propp/Independent_Study/ros_workspace/install/box_nav/share/box_nav/environment/path.dsv
[0.125s] -- Up-to-date: /home/propp/Independent_Study/ros_workspace/install/box_nav/share/box_nav/local_setup.bash
[0.125s] -- Up-to-date: /home/propp/Independent_Study/ros_workspace/install/box_nav/share/box_nav/local_setup.sh
[0.125s] -- Up-to-date: /home/propp/Independent_Study/ros_workspace/install/box_nav/share/box_nav/local_setup.zsh
[0.125s] -- Up-to-date: /home/propp/Independent_Study/ros_workspace/install/box_nav/share/box_nav/local_setup.dsv
[0.125s] -- Installing: /home/propp/Independent_Study/ros_workspace/install/box_nav/share/box_nav/package.dsv
[0.125s] -- Up-to-date: /home/propp/Independent_Study/ros_workspace/install/box_nav/share/ament_index/resource_index/packages/box_nav
[0.125s] -- Up-to-date: /home/propp/Independent_Study/ros_workspace/install/box_nav/share/box_nav/cmake/box_navConfig.cmake
[0.125s] -- Up-to-date: /home/propp/Independent_Study/ros_workspace/install/box_nav/share/box_nav/cmake/box_navConfig-version.cmake
[0.125s] -- Up-to-date: /home/propp/Independent_Study/ros_workspace/install/box_nav/share/box_nav/package.xml
[0.128s] Invoked command in '/home/propp/Independent_Study/ros_workspace/build/box_nav' returned '0': CMAKE_PREFIX_PATH=${CMAKE_PREFIX_PATH}:/opt/ros/foxy /usr/bin/cmake --install /home/propp/Independent_Study/ros_workspace/build/box_nav
