[35m[1mScanning dependencies of target all_points_trans[0m
[ 50%] [32mBuilding CXX object CMakeFiles/all_points_trans.dir/src/all_points.cpp.o[0m
[100%] [32m[1mLinking CXX executable all_points_trans[0m
[100%] Built target all_points_trans
-- Install configuration: ""
-- Installing: /home/propp/Independent_Study/ros_workspace/install/all_points/share/ament_index/resource_index/package_run_dependencies/all_points
-- Installing: /home/propp/Independent_Study/ros_workspace/install/all_points/share/ament_index/resource_index/parent_prefix_path/all_points
-- Installing: /home/propp/Independent_Study/ros_workspace/install/all_points/share/all_points/environment/ament_prefix_path.sh
-- Installing: /home/propp/Independent_Study/ros_workspace/install/all_points/share/all_points/environment/ament_prefix_path.dsv
-- Installing: /home/propp/Independent_Study/ros_workspace/install/all_points/share/all_points/environment/path.sh
-- Installing: /home/propp/Independent_Study/ros_workspace/install/all_points/share/all_points/environment/path.dsv
-- Installing: /home/propp/Independent_Study/ros_workspace/install/all_points/share/all_points/local_setup.bash
-- Installing: /home/propp/Independent_Study/ros_workspace/install/all_points/share/all_points/local_setup.sh
-- Installing: /home/propp/Independent_Study/ros_workspace/install/all_points/share/all_points/local_setup.zsh
-- Installing: /home/propp/Independent_Study/ros_workspace/install/all_points/share/all_points/local_setup.dsv
-- Installing: /home/propp/Independent_Study/ros_workspace/install/all_points/share/all_points/package.dsv
-- Installing: /home/propp/Independent_Study/ros_workspace/install/all_points/share/ament_index/resource_index/packages/all_points
-- Installing: /home/propp/Independent_Study/ros_workspace/install/all_points/share/all_points/cmake/all_pointsConfig.cmake
-- Installing: /home/propp/Independent_Study/ros_workspace/install/all_points/share/all_points/cmake/all_pointsConfig-version.cmake
-- Installing: /home/propp/Independent_Study/ros_workspace/install/all_points/share/all_points/package.xml
