[0.012s] Invoking command in '/home/propp/Independent_Study/first_ros_package/src/first_ros_package/build/first_ros_package': CMAKE_PREFIX_PATH=${CMAKE_PREFIX_PATH}:/home/propp/Independent_Study/src/Test_Ros/install/my_package /usr/bin/cmake --build /home/propp/Independent_Study/first_ros_package/src/first_ros_package/build/first_ros_package -- -j12 -l12
[0.049s] [35m[1mScanning dependencies of target talker[0m
[0.075s] [ 50%] [32mBuilding CXX object CMakeFiles/talker.dir/src/publisher_member_function.cpp.o[0m
[2.419s] [100%] [32m[1mLinking CXX executable talker[0m
[2.522s] [100%] Built target talker
[2.530s] Invoked command in '/home/propp/Independent_Study/first_ros_package/src/first_ros_package/build/first_ros_package' returned '0': CMAKE_PREFIX_PATH=${CMAKE_PREFIX_PATH}:/home/propp/Independent_Study/src/Test_Ros/install/my_package /usr/bin/cmake --build /home/propp/Independent_Study/first_ros_package/src/first_ros_package/build/first_ros_package -- -j12 -l12
[2.557s] Invoking command in '/home/propp/Independent_Study/first_ros_package/src/first_ros_package/build/first_ros_package': CMAKE_PREFIX_PATH=${CMAKE_PREFIX_PATH}:/home/propp/Independent_Study/src/Test_Ros/install/my_package /usr/bin/cmake --install /home/propp/Independent_Study/first_ros_package/src/first_ros_package/build/first_ros_package
[2.563s] -- Install configuration: ""
[2.564s] -- Installing: /home/propp/Independent_Study/first_ros_package/src/first_ros_package/install/first_ros_package/lib/first_ros_package/talker
[2.564s] -- Set runtime path of "/home/propp/Independent_Study/first_ros_package/src/first_ros_package/install/first_ros_package/lib/first_ros_package/talker" to ""
[2.564s] -- Up-to-date: /home/propp/Independent_Study/first_ros_package/src/first_ros_package/install/first_ros_package/share/ament_index/resource_index/package_run_dependencies/first_ros_package
[2.564s] -- Up-to-date: /home/propp/Independent_Study/first_ros_package/src/first_ros_package/install/first_ros_package/share/ament_index/resource_index/parent_prefix_path/first_ros_package
[2.564s] -- Up-to-date: /home/propp/Independent_Study/first_ros_package/src/first_ros_package/install/first_ros_package/share/first_ros_package/environment/ament_prefix_path.sh
[2.564s] -- Up-to-date: /home/propp/Independent_Study/first_ros_package/src/first_ros_package/install/first_ros_package/share/first_ros_package/environment/ament_prefix_path.dsv
[2.565s] -- Up-to-date: /home/propp/Independent_Study/first_ros_package/src/first_ros_package/install/first_ros_package/share/first_ros_package/environment/path.sh
[2.565s] -- Up-to-date: /home/propp/Independent_Study/first_ros_package/src/first_ros_package/install/first_ros_package/share/first_ros_package/environment/path.dsv
[2.565s] -- Up-to-date: /home/propp/Independent_Study/first_ros_package/src/first_ros_package/install/first_ros_package/share/first_ros_package/local_setup.bash
[2.565s] -- Up-to-date: /home/propp/Independent_Study/first_ros_package/src/first_ros_package/install/first_ros_package/share/first_ros_package/local_setup.sh
[2.565s] -- Up-to-date: /home/propp/Independent_Study/first_ros_package/src/first_ros_package/install/first_ros_package/share/first_ros_package/local_setup.zsh
[2.565s] -- Up-to-date: /home/propp/Independent_Study/first_ros_package/src/first_ros_package/install/first_ros_package/share/first_ros_package/local_setup.dsv
[2.565s] -- Installing: /home/propp/Independent_Study/first_ros_package/src/first_ros_package/install/first_ros_package/share/first_ros_package/package.dsv
[2.565s] -- Up-to-date: /home/propp/Independent_Study/first_ros_package/src/first_ros_package/install/first_ros_package/share/ament_index/resource_index/packages/first_ros_package
[2.565s] -- Up-to-date: /home/propp/Independent_Study/first_ros_package/src/first_ros_package/install/first_ros_package/share/first_ros_package/cmake/first_ros_packageConfig.cmake
[2.565s] -- Up-to-date: /home/propp/Independent_Study/first_ros_package/src/first_ros_package/install/first_ros_package/share/first_ros_package/cmake/first_ros_packageConfig-version.cmake
[2.565s] -- Up-to-date: /home/propp/Independent_Study/first_ros_package/src/first_ros_package/install/first_ros_package/share/first_ros_package/package.xml
[2.567s] Invoked command in '/home/propp/Independent_Study/first_ros_package/src/first_ros_package/build/first_ros_package' returned '0': CMAKE_PREFIX_PATH=${CMAKE_PREFIX_PATH}:/home/propp/Independent_Study/src/Test_Ros/install/my_package /usr/bin/cmake --install /home/propp/Independent_Study/first_ros_package/src/first_ros_package/build/first_ros_package
