[0.015s] Invoking command in '/home/propp/Independent_Study/ros_workspace/build/box_nav': CMAKE_PREFIX_PATH=${CMAKE_PREFIX_PATH}:/home/propp/Independent_Study/ros_workspace/install/nav2_gazebo_spawner:/opt/ros/foxy /usr/bin/cmake --build /home/propp/Independent_Study/ros_workspace/build/box_nav -- -j12 -l12
[0.044s] -- Found ament_cmake: 0.9.7 (/opt/ros/foxy/share/ament_cmake/cmake)
[0.061s] -- Using PYTHON_EXECUTABLE: /usr/bin/python3
[0.203s] -- Found rclcpp: 2.2.0 (/opt/ros/foxy/share/rclcpp/cmake)
[0.222s] -- Using all available rosidl_typesupport_c: rosidl_typesupport_fastrtps_c;rosidl_typesupport_introspection_c
[0.224s] -- Found rosidl_adapter: 1.1.0 (/opt/ros/foxy/share/rosidl_adapter/cmake)
[0.315s] -- Using all available rosidl_typesupport_cpp: rosidl_typesupport_fastrtps_cpp;rosidl_typesupport_introspection_cpp
[0.354s] -- Found rmw_implementation_cmake: 1.0.2 (/opt/ros/foxy/share/rmw_implementation_cmake/cmake)
[0.355s] -- Using RMW implementation 'rmw_fastrtps_cpp' as default
[0.469s] -- Found tf2: 0.13.6 (/opt/ros/foxy/share/tf2/cmake)
[0.506s] -- Found tf2_ros: 0.13.6 (/opt/ros/foxy/share/tf2_ros/cmake)
[0.766s] -- Found nav_msgs: 2.0.3 (/opt/ros/foxy/share/nav_msgs/cmake)
[0.826s] -- Found sensor_msgs: 2.0.3 (/opt/ros/foxy/share/sensor_msgs/cmake)
[0.883s] -- Found slam_toolbox: 2.3.0 (/opt/ros/foxy/share/slam_toolbox/cmake)
[1.181s] -- Found eigen3_cmake_module: 0.1.1 (/opt/ros/foxy/share/eigen3_cmake_module/cmake)
[1.299s] -- Configuring done
[1.301s] CMake Error at CMakeLists.txt:18 (add_library):
[1.302s]   Cannot find source file:
[1.302s] 
[1.302s]     Eigen.cpp
[1.302s] 
[1.302s]   Tried extensions .c .C .c++ .cc .cpp .cxx .cu .m .M .mm .h .hh .h++ .hm
[1.302s]   .hpp .hxx .in .txx
[1.302s] 
[1.302s] 
[1.302s] CMake Error at CMakeLists.txt:18 (add_library):
[1.302s]   No SOURCES given to target: eigen3
[1.302s] 
[1.302s] 
[1.302s] CMake Generate step failed.  Build files cannot be regenerated correctly.
[1.307s] make: *** [Makefile:266: cmake_check_build_system] Error 1
[1.308s] Invoked command in '/home/propp/Independent_Study/ros_workspace/build/box_nav' returned '2': CMAKE_PREFIX_PATH=${CMAKE_PREFIX_PATH}:/home/propp/Independent_Study/ros_workspace/install/nav2_gazebo_spawner:/opt/ros/foxy /usr/bin/cmake --build /home/propp/Independent_Study/ros_workspace/build/box_nav -- -j12 -l12
