[0.010s] Invoking command in '/home/propp/Independent_Study/ros_workspace/build/nav2_util': AMENT_PREFIX_PATH=/home/propp/Independent_Study/ros_workspace/install/nav2_msgs:/home/propp/Independent_Study/ros_workspace/install/nav2_common:${AMENT_PREFIX_PATH} CMAKE_PREFIX_PATH=/home/propp/Independent_Study/ros_workspace/install/nav2_msgs:/home/propp/Independent_Study/ros_workspace/install/nav2_common:/home/propp/Independent_Study/first_ros_package/src/first_ros_package/install/first_ros_package:/home/propp/ros2_foxy/ros2-linux:/home/propp/Independent_Study/src/Test_Ros/install/my_package LD_LIBRARY_PATH=/home/propp/Independent_Study/ros_workspace/install/nav2_msgs/lib:${LD_LIBRARY_PATH} PYTHONPATH=/home/propp/Independent_Study/ros_workspace/install/nav2_msgs/lib/python3.8/site-packages:/home/propp/Independent_Study/ros_workspace/install/nav2_common/lib/python3.8/site-packages:${PYTHONPATH} /usr/bin/cmake /home/propp/Independent_Study/ros_workspace/src/navigation2/nav2_util -DAMENT_CMAKE_SYMLINK_INSTALL=1 -DCMAKE_INSTALL_PREFIX=/home/propp/Independent_Study/ros_workspace/install/nav2_util
[0.051s] -- The C compiler identification is GNU 9.3.0
[0.091s] -- The CXX compiler identification is GNU 9.3.0
[0.094s] -- Check for working C compiler: /usr/bin/cc
[0.143s] -- Check for working C compiler: /usr/bin/cc -- works
[0.144s] -- Detecting C compiler ABI info
[0.194s] -- Detecting C compiler ABI info - done
[0.204s] -- Detecting C compile features
[0.204s] -- Detecting C compile features - done
[0.206s] -- Check for working CXX compiler: /usr/bin/c++
[0.264s] -- Check for working CXX compiler: /usr/bin/c++ -- works
[0.266s] -- Detecting CXX compiler ABI info
[0.324s] -- Detecting CXX compiler ABI info - done
[0.334s] -- Detecting CXX compile features
[0.334s] -- Detecting CXX compile features - done
[0.336s] -- Found ament_cmake: 0.9.7 (/home/propp/ros2_foxy/ros2-linux/share/ament_cmake/cmake)
[0.353s] -- Found PythonInterp: /usr/bin/python3 (found suitable version "3.8.5", minimum required is "3") 
[0.354s] -- Using PYTHON_EXECUTABLE: /usr/bin/python3
[0.483s] -- Override CMake install command with custom implementation using symlinks instead of copying resources
[0.501s] -- Found nav2_common: 0.4.5 (/home/propp/Independent_Study/ros_workspace/install/nav2_common/share/nav2_common/cmake)
[0.502s] -- Found nav2_msgs: 0.4.5 (/home/propp/Independent_Study/ros_workspace/install/nav2_msgs/share/nav2_msgs/cmake)
[0.515s] -- Using all available rosidl_typesupport_c: rosidl_typesupport_connext_c;rosidl_typesupport_fastrtps_c;rosidl_typesupport_introspection_c
[0.521s] -- Found rosidl_adapter: 1.1.0 (/home/propp/ros2_foxy/ros2-linux/share/rosidl_adapter/cmake)
[0.525s] -- Found RTI Connext: /opt/rti.com/rti_connext_dds-5.3.1
[1.204s] -- Found OpenSSL: /usr/lib/x86_64-linux-gnu/libcrypto.so (found version "1.1.1f")  
[1.218s] -- Found FastRTPS: /home/propp/ros2_foxy/ros2-linux/include  
[1.267s] -- Using all available rosidl_typesupport_cpp: rosidl_typesupport_connext_cpp;rosidl_typesupport_fastrtps_cpp;rosidl_typesupport_introspection_cpp
[1.619s] -- Found tf2_ros: 0.13.5 (/home/propp/ros2_foxy/ros2-linux/share/tf2_ros/cmake)
[1.661s] -- Found rmw_implementation_cmake: 1.0.1 (/home/propp/ros2_foxy/ros2-linux/share/rmw_implementation_cmake/cmake)
[1.663s] -- Using RMW implementation 'rmw_fastrtps_cpp' as default
[1.664s] -- Looking for pthread.h
[1.718s] -- Looking for pthread.h - found
[1.718s] -- Performing Test CMAKE_HAVE_LIBC_PTHREAD
[1.771s] -- Performing Test CMAKE_HAVE_LIBC_PTHREAD - Failed
[1.771s] -- Looking for pthread_create in pthreads
[1.814s] -- Looking for pthread_create in pthreads - not found
[1.814s] -- Looking for pthread_create in pthread
[1.865s] -- Looking for pthread_create in pthread - found
[1.866s] -- Found Threads: TRUE  
[2.168s] -- Found tf2_geometry_msgs: 0.13.5 (/home/propp/ros2_foxy/ros2-linux/share/tf2_geometry_msgs/cmake)
[2.175s] -- Found eigen3_cmake_module: 0.1.1 (/home/propp/ros2_foxy/ros2-linux/share/eigen3_cmake_module/cmake)
[2.179s] -- Found Eigen3: TRUE (found version "3.3.7") 
[2.211s] -- Found lifecycle_msgs: 1.0.0 (/home/propp/ros2_foxy/ros2-linux/share/lifecycle_msgs/cmake)
[2.225s] -- Found test_msgs: 1.0.0 (/home/propp/ros2_foxy/ros2-linux/share/test_msgs/cmake)
[2.278s] -- Found rclcpp_lifecycle: 2.2.0 (/home/propp/ros2_foxy/ros2-linux/share/rclcpp_lifecycle/cmake)
[2.293s] -- Setting build type to Release as none was specified.
[2.305s] -- Found Boost: /usr/lib/x86_64-linux-gnu/cmake/Boost-1.71.0/BoostConfig.cmake (found version "1.71.0") found components: program_options 
[2.308s] -- Found ament_lint_auto: 0.9.5 (/home/propp/ros2_foxy/ros2-linux/share/ament_lint_auto/cmake)
[2.310s] -- Found ament_cmake_pytest: 0.9.7 (/home/propp/ros2_foxy/ros2-linux/share/ament_cmake_pytest/cmake)
[2.312s] -- Found launch_testing_ament_cmake: 0.10.3 (/home/propp/ros2_foxy/ros2-linux/share/launch_testing_ament_cmake/cmake)
[2.313s] -- Found python_cmake_module: 0.8.0 (/home/propp/ros2_foxy/ros2-linux/share/python_cmake_module/cmake)
[2.329s] -- Found PythonInterp: /usr/bin/python3 (found suitable version "3.8.5", minimum required is "3.5") 
[2.333s] -- Found PythonLibs: /usr/lib/x86_64-linux-gnu/libpython3.8.so (found suitable version "3.8.5", minimum required is "3.5") 
[2.333s] -- Using PYTHON_EXECUTABLE: /usr/bin/python3
[2.333s] -- Using PYTHON_INCLUDE_DIRS: /usr/include/python3.8
[2.333s] -- Using PYTHON_LIBRARIES: /usr/lib/x86_64-linux-gnu/libpython3.8.so
[2.350s] -- Found PythonExtra: .so  
[2.422s] -- Found gtest sources under '/home/propp/ros2_foxy/ros2-linux/src/gtest_vendor': C++ tests using 'Google Test' will be built
[2.423s] -- Check if compiler accepts -pthread
[2.478s] -- Check if compiler accepts -pthread - yes
[2.506s] -- Added test 'copyright' to check source files copyright and LICENSE
[2.508s] -- Added test 'cppcheck' to perform static code analysis on C / C++ code
[2.508s] -- Configured cppcheck include dirs: /home/propp/Independent_Study/ros_workspace/src/navigation2/nav2_util/include
[2.508s] -- Configured cppcheck exclude dirs and/or files: 
[2.510s] -- Added test 'cpplint' to check C / C++ code against the Google style
[2.510s] -- Configured cpplint exclude dirs and/or files: 
[2.511s] -- Added test 'flake8' to check Python code syntax and style conventions
[2.512s] -- Added test 'lint_cmake' to check CMake code style
[2.512s] -- Added test 'pep257' to check Python code against some of the style conventions in PEP 257
[2.514s] -- Added test 'uncrustify' to check C / C++ code style
[2.515s] -- Configured uncrustify additional arguments: 
[2.515s] -- Added test 'xmllint' to check XML markup files
[2.521s] -- Configuring done
[2.595s] -- Generating done
[2.600s] -- Build files have been written to: /home/propp/Independent_Study/ros_workspace/build/nav2_util
[2.611s] Invoked command in '/home/propp/Independent_Study/ros_workspace/build/nav2_util' returned '0': AMENT_PREFIX_PATH=/home/propp/Independent_Study/ros_workspace/install/nav2_msgs:/home/propp/Independent_Study/ros_workspace/install/nav2_common:${AMENT_PREFIX_PATH} CMAKE_PREFIX_PATH=/home/propp/Independent_Study/ros_workspace/install/nav2_msgs:/home/propp/Independent_Study/ros_workspace/install/nav2_common:/home/propp/Independent_Study/first_ros_package/src/first_ros_package/install/first_ros_package:/home/propp/ros2_foxy/ros2-linux:/home/propp/Independent_Study/src/Test_Ros/install/my_package LD_LIBRARY_PATH=/home/propp/Independent_Study/ros_workspace/install/nav2_msgs/lib:${LD_LIBRARY_PATH} PYTHONPATH=/home/propp/Independent_Study/ros_workspace/install/nav2_msgs/lib/python3.8/site-packages:/home/propp/Independent_Study/ros_workspace/install/nav2_common/lib/python3.8/site-packages:${PYTHONPATH} /usr/bin/cmake /home/propp/Independent_Study/ros_workspace/src/navigation2/nav2_util -DAMENT_CMAKE_SYMLINK_INSTALL=1 -DCMAKE_INSTALL_PREFIX=/home/propp/Independent_Study/ros_workspace/install/nav2_util
[2.613s] Invoking command in '/home/propp/Independent_Study/ros_workspace/build/nav2_util': AMENT_PREFIX_PATH=/home/propp/Independent_Study/ros_workspace/install/nav2_msgs:/home/propp/Independent_Study/ros_workspace/install/nav2_common:${AMENT_PREFIX_PATH} CMAKE_PREFIX_PATH=/home/propp/Independent_Study/ros_workspace/install/nav2_msgs:/home/propp/Independent_Study/ros_workspace/install/nav2_common:/home/propp/Independent_Study/first_ros_package/src/first_ros_package/install/first_ros_package:/home/propp/ros2_foxy/ros2-linux:/home/propp/Independent_Study/src/Test_Ros/install/my_package LD_LIBRARY_PATH=/home/propp/Independent_Study/ros_workspace/install/nav2_msgs/lib:${LD_LIBRARY_PATH} PYTHONPATH=/home/propp/Independent_Study/ros_workspace/install/nav2_msgs/lib/python3.8/site-packages:/home/propp/Independent_Study/ros_workspace/install/nav2_common/lib/python3.8/site-packages:${PYTHONPATH} /usr/bin/cmake --build /home/propp/Independent_Study/ros_workspace/build/nav2_util -- -j12 -l12
[2.649s] [35m[1mScanning dependencies of target gtest_main[0m
[2.649s] [35m[1mScanning dependencies of target dump_params[0m
[2.649s] [35m[1mScanning dependencies of target gtest[0m
[2.651s] [35m[1mScanning dependencies of target nav2_util_core[0m
[2.666s] [  5%] [32mBuilding CXX object gtest/CMakeFiles/gtest.dir/src/gtest-all.cc.o[0m
[2.666s] [  5%] [32mBuilding CXX object gtest/CMakeFiles/gtest_main.dir/src/gtest_main.cc.o[0m
[2.678s] [  7%] [32mBuilding CXX object src/CMakeFiles/dump_params.dir/dump_params.cpp.o[0m
[2.745s] [ 10%] [32mBuilding CXX object src/CMakeFiles/nav2_util_core.dir/lifecycle_service_client.cpp.o[0m
[2.746s] [ 12%] [32mBuilding CXX object src/CMakeFiles/nav2_util_core.dir/costmap.cpp.o[0m
[2.746s] [ 15%] [32mBuilding CXX object src/CMakeFiles/nav2_util_core.dir/lifecycle_utils.cpp.o[0m
[2.748s] [ 22%] [32mBuilding CXX object src/CMakeFiles/nav2_util_core.dir/node_utils.cpp.o[0m
[2.748s] [ 22%] [32mBuilding CXX object src/CMakeFiles/nav2_util_core.dir/robot_utils.cpp.o[0m
[2.749s] [ 22%] [32mBuilding CXX object src/CMakeFiles/nav2_util_core.dir/string_utils.cpp.o[0m
[2.749s] [ 25%] [32mBuilding CXX object src/CMakeFiles/nav2_util_core.dir/lifecycle_node.cpp.o[0m
[2.753s] [ 27%] [32mBuilding CXX object src/CMakeFiles/nav2_util_core.dir/node_thread.cpp.o[0m
[2.756s] [ 30%] [32mBuilding CXX object src/CMakeFiles/nav2_util_core.dir/odometry_utils.cpp.o[0m
[3.594s] [ 32%] [32m[1mLinking CXX static library libgtest_main.a[0m
[3.720s] [ 32%] Built target gtest_main
[9.060s] [ 35%] [32m[1mLinking CXX shared library libnav2_util_core.so[0m
[9.208s] [ 35%] Built target nav2_util_core
[9.217s] [35m[1mScanning dependencies of target lifecycle_bringup[0m
[9.245s] [ 37%] [32mBuilding CXX object src/CMakeFiles/lifecycle_bringup.dir/lifecycle_bringup_commandline.cpp.o[0m
[9.487s] [ 40%] [32m[1mLinking CXX executable dump_params[0m
[9.588s] [ 40%] Built target dump_params
[9.771s] [ 42%] [32m[1mLinking CXX static library libgtest.a[0m
[9.799s] [ 42%] Built target gtest
[9.810s] [35m[1mScanning dependencies of target test_execution_timer[0m
[9.810s] [35m[1mScanning dependencies of target test_node_utils[0m
[9.810s] [35m[1mScanning dependencies of target test_string_utils[0m
[9.810s] [35m[1mScanning dependencies of target test_service_client[0m
[9.811s] [35m[1mScanning dependencies of target test_lifecycle_utils[0m
[9.811s] [35m[1mScanning dependencies of target test_lifecycle_cli_node[0m
[9.812s] [35m[1mScanning dependencies of target test_actions[0m
[9.812s] [35m[1mScanning dependencies of target test_lifecycle_node[0m
[9.816s] [35m[1mScanning dependencies of target test_odometry_utils[0m
[9.819s] [35m[1mScanning dependencies of target test_geometry_utils[0m
[9.823s] [35m[1mScanning dependencies of target test_robot_utils[0m
[9.856s] [ 45%] [32mBuilding CXX object test/CMakeFiles/test_execution_timer.dir/test_execution_timer.cpp.o[0m
[9.867s] [ 47%] [32mBuilding CXX object test/CMakeFiles/test_string_utils.dir/test_string_utils.cpp.o[0m
[9.868s] [ 50%] [32mBuilding CXX object test/CMakeFiles/test_lifecycle_node.dir/test_lifecycle_node.cpp.o[0m
[9.868s] [ 52%] [32mBuilding CXX object test/CMakeFiles/test_service_client.dir/test_service_client.cpp.o[0m
[9.869s] [ 55%] [32mBuilding CXX object test/CMakeFiles/test_node_utils.dir/test_node_utils.cpp.o[0m
[9.875s] [ 57%] [32mBuilding CXX object test/CMakeFiles/test_lifecycle_utils.dir/test_lifecycle_utils.cpp.o[0m
[9.877s] [ 60%] [32mBuilding CXX object test/CMakeFiles/test_lifecycle_cli_node.dir/test_lifecycle_cli_node.cpp.o[0m
[9.877s] [ 62%] [32mBuilding CXX object test/CMakeFiles/test_odometry_utils.dir/test_odometry_utils.cpp.o[0m
[9.885s] [ 65%] [32mBuilding CXX object test/CMakeFiles/test_geometry_utils.dir/test_geometry_utils.cpp.o[0m
[9.894s] [ 67%] [32mBuilding CXX object test/CMakeFiles/test_robot_utils.dir/test_robot_utils.cpp.o[0m
[9.902s] [ 70%] [32mBuilding CXX object test/CMakeFiles/test_actions.dir/test_actions.cpp.o[0m
[11.373s] [ 72%] [32m[1mLinking CXX executable lifecycle_bringup[0m
[11.414s] [ 75%] [32m[1mLinking CXX executable test_execution_timer[0m
[11.424s] [ 77%] [32m[1mLinking CXX executable test_string_utils[0m
[11.658s] [ 77%] Built target lifecycle_bringup
[11.674s] [ 77%] Built target test_execution_timer
[11.738s] [ 77%] Built target test_string_utils
[13.230s] [ 80%] [32m[1mLinking CXX executable test_geometry_utils[0m
[13.325s] [ 82%] [32m[1mLinking CXX executable test_lifecycle_utils[0m
[13.405s] [ 82%] Built target test_geometry_utils
[13.496s] [ 82%] Built target test_lifecycle_utils
[13.557s] [ 85%] [32m[1mLinking CXX executable test_lifecycle_cli_node[0m
[13.581s] [ 87%] [32m[1mLinking CXX executable test_lifecycle_node[0m
[13.625s] [ 90%] [32m[1mLinking CXX executable test_robot_utils[0m
[13.792s] [ 90%] Built target test_lifecycle_cli_node
[13.811s] [ 90%] Built target test_lifecycle_node
[13.854s] [ 90%] Built target test_robot_utils
[14.002s] [ 92%] [32m[1mLinking CXX executable test_service_client[0m
[14.141s] [ 92%] Built target test_service_client
[14.316s] [ 95%] [32m[1mLinking CXX executable test_node_utils[0m
[14.447s] [ 95%] Built target test_node_utils
[14.994s] [ 97%] [32m[1mLinking CXX executable test_odometry_utils[0m
[15.123s] [ 97%] Built target test_odometry_utils
[20.970s] [100%] [32m[1mLinking CXX executable test_actions[0m
[21.134s] [100%] Built target test_actions
[21.144s] Invoked command in '/home/propp/Independent_Study/ros_workspace/build/nav2_util' returned '0': AMENT_PREFIX_PATH=/home/propp/Independent_Study/ros_workspace/install/nav2_msgs:/home/propp/Independent_Study/ros_workspace/install/nav2_common:${AMENT_PREFIX_PATH} CMAKE_PREFIX_PATH=/home/propp/Independent_Study/ros_workspace/install/nav2_msgs:/home/propp/Independent_Study/ros_workspace/install/nav2_common:/home/propp/Independent_Study/first_ros_package/src/first_ros_package/install/first_ros_package:/home/propp/ros2_foxy/ros2-linux:/home/propp/Independent_Study/src/Test_Ros/install/my_package LD_LIBRARY_PATH=/home/propp/Independent_Study/ros_workspace/install/nav2_msgs/lib:${LD_LIBRARY_PATH} PYTHONPATH=/home/propp/Independent_Study/ros_workspace/install/nav2_msgs/lib/python3.8/site-packages:/home/propp/Independent_Study/ros_workspace/install/nav2_common/lib/python3.8/site-packages:${PYTHONPATH} /usr/bin/cmake --build /home/propp/Independent_Study/ros_workspace/build/nav2_util -- -j12 -l12
[21.166s] Invoking command in '/home/propp/Independent_Study/ros_workspace/build/nav2_util': AMENT_PREFIX_PATH=/home/propp/Independent_Study/ros_workspace/install/nav2_msgs:/home/propp/Independent_Study/ros_workspace/install/nav2_common:${AMENT_PREFIX_PATH} CMAKE_PREFIX_PATH=/home/propp/Independent_Study/ros_workspace/install/nav2_msgs:/home/propp/Independent_Study/ros_workspace/install/nav2_common:/home/propp/Independent_Study/first_ros_package/src/first_ros_package/install/first_ros_package:/home/propp/ros2_foxy/ros2-linux:/home/propp/Independent_Study/src/Test_Ros/install/my_package LD_LIBRARY_PATH=/home/propp/Independent_Study/ros_workspace/install/nav2_msgs/lib:${LD_LIBRARY_PATH} PYTHONPATH=/home/propp/Independent_Study/ros_workspace/install/nav2_msgs/lib/python3.8/site-packages:/home/propp/Independent_Study/ros_workspace/install/nav2_common/lib/python3.8/site-packages:${PYTHONPATH} /usr/bin/cmake --install /home/propp/Independent_Study/ros_workspace/build/nav2_util
[21.172s] -- Install configuration: "Release"
[21.172s] -- Execute custom install script
[21.173s] -- Symlinking: /home/propp/Independent_Study/ros_workspace/install/nav2_util/lib/libnav2_util_core.so
[21.180s] -- Symlinking: /home/propp/Independent_Study/ros_workspace/install/nav2_util/lib/nav2_util/lifecycle_bringup
[21.186s] -- Symlinking: /home/propp/Independent_Study/ros_workspace/install/nav2_util/lib/nav2_util/dump_params
[21.193s] -- Symlinking: /home/propp/Independent_Study/ros_workspace/install/nav2_util/include//nav2_util/clear_entirely_costmap_service_client.hpp
[21.200s] -- Symlinking: /home/propp/Independent_Study/ros_workspace/install/nav2_util/include//nav2_util/costmap.hpp
[21.206s] -- Symlinking: /home/propp/Independent_Study/ros_workspace/install/nav2_util/include//nav2_util/execution_timer.hpp
[21.213s] -- Symlinking: /home/propp/Independent_Study/ros_workspace/install/nav2_util/include//nav2_util/geometry_utils.hpp
[21.219s] -- Symlinking: /home/propp/Independent_Study/ros_workspace/install/nav2_util/include//nav2_util/lifecycle_node.hpp
[21.226s] -- Symlinking: /home/propp/Independent_Study/ros_workspace/install/nav2_util/include//nav2_util/lifecycle_service_client.hpp
[21.232s] -- Symlinking: /home/propp/Independent_Study/ros_workspace/install/nav2_util/include//nav2_util/lifecycle_utils.hpp
[21.239s] -- Symlinking: /home/propp/Independent_Study/ros_workspace/install/nav2_util/include//nav2_util/line_iterator.hpp
[21.246s] -- Symlinking: /home/propp/Independent_Study/ros_workspace/install/nav2_util/include//nav2_util/node_thread.hpp
[21.253s] -- Symlinking: /home/propp/Independent_Study/ros_workspace/install/nav2_util/include//nav2_util/node_utils.hpp
[21.259s] -- Symlinking: /home/propp/Independent_Study/ros_workspace/install/nav2_util/include//nav2_util/odometry_utils.hpp
[21.266s] -- Symlinking: /home/propp/Independent_Study/ros_workspace/install/nav2_util/include//nav2_util/robot_utils.hpp
[21.272s] -- Symlinking: /home/propp/Independent_Study/ros_workspace/install/nav2_util/include//nav2_util/service_client.hpp
[21.279s] -- Symlinking: /home/propp/Independent_Study/ros_workspace/install/nav2_util/include//nav2_util/simple_action_server.hpp
[21.286s] -- Symlinking: /home/propp/Independent_Study/ros_workspace/install/nav2_util/include//nav2_util/string_utils.hpp
[21.292s] -- Symlinking: /home/propp/Independent_Study/ros_workspace/install/nav2_util/share/nav2_util/environment/library_path.sh
[21.299s] -- Symlinking: /home/propp/Independent_Study/ros_workspace/install/nav2_util/share/nav2_util/environment/library_path.dsv
[21.306s] -- Symlinking: /home/propp/Independent_Study/ros_workspace/install/nav2_util/share/ament_index/resource_index/package_run_dependencies/nav2_util
[21.313s] -- Symlinking: /home/propp/Independent_Study/ros_workspace/install/nav2_util/share/ament_index/resource_index/parent_prefix_path/nav2_util
[21.320s] -- Symlinking: /home/propp/Independent_Study/ros_workspace/install/nav2_util/share/nav2_util/environment/ament_prefix_path.sh
[21.326s] -- Symlinking: /home/propp/Independent_Study/ros_workspace/install/nav2_util/share/nav2_util/environment/ament_prefix_path.dsv
[21.333s] -- Symlinking: /home/propp/Independent_Study/ros_workspace/install/nav2_util/share/nav2_util/environment/path.sh
[21.340s] -- Symlinking: /home/propp/Independent_Study/ros_workspace/install/nav2_util/share/nav2_util/environment/path.dsv
[21.347s] -- Symlinking: /home/propp/Independent_Study/ros_workspace/install/nav2_util/share/nav2_util/local_setup.bash
[21.354s] -- Symlinking: /home/propp/Independent_Study/ros_workspace/install/nav2_util/share/nav2_util/local_setup.sh
[21.360s] -- Symlinking: /home/propp/Independent_Study/ros_workspace/install/nav2_util/share/nav2_util/local_setup.zsh
[21.367s] -- Symlinking: /home/propp/Independent_Study/ros_workspace/install/nav2_util/share/nav2_util/local_setup.dsv
[21.374s] -- Symlinking: /home/propp/Independent_Study/ros_workspace/install/nav2_util/share/nav2_util/package.dsv
[21.380s] -- Symlinking: /home/propp/Independent_Study/ros_workspace/install/nav2_util/share/ament_index/resource_index/packages/nav2_util
[21.387s] -- Symlinking: /home/propp/Independent_Study/ros_workspace/install/nav2_util/share/nav2_util/cmake/ament_cmake_export_include_directories-extras.cmake
[21.394s] -- Symlinking: /home/propp/Independent_Study/ros_workspace/install/nav2_util/share/nav2_util/cmake/ament_cmake_export_libraries-extras.cmake
[21.401s] -- Symlinking: /home/propp/Independent_Study/ros_workspace/install/nav2_util/share/nav2_util/cmake/ament_cmake_export_dependencies-extras.cmake
[21.407s] -- Symlinking: /home/propp/Independent_Study/ros_workspace/install/nav2_util/share/nav2_util/cmake/nav2_utilConfig.cmake
[21.414s] -- Symlinking: /home/propp/Independent_Study/ros_workspace/install/nav2_util/share/nav2_util/cmake/nav2_utilConfig-version.cmake
[21.422s] -- Symlinking: /home/propp/Independent_Study/ros_workspace/install/nav2_util/share/nav2_util/package.xml
[21.431s] Invoked command in '/home/propp/Independent_Study/ros_workspace/build/nav2_util' returned '0': AMENT_PREFIX_PATH=/home/propp/Independent_Study/ros_workspace/install/nav2_msgs:/home/propp/Independent_Study/ros_workspace/install/nav2_common:${AMENT_PREFIX_PATH} CMAKE_PREFIX_PATH=/home/propp/Independent_Study/ros_workspace/install/nav2_msgs:/home/propp/Independent_Study/ros_workspace/install/nav2_common:/home/propp/Independent_Study/first_ros_package/src/first_ros_package/install/first_ros_package:/home/propp/ros2_foxy/ros2-linux:/home/propp/Independent_Study/src/Test_Ros/install/my_package LD_LIBRARY_PATH=/home/propp/Independent_Study/ros_workspace/install/nav2_msgs/lib:${LD_LIBRARY_PATH} PYTHONPATH=/home/propp/Independent_Study/ros_workspace/install/nav2_msgs/lib/python3.8/site-packages:/home/propp/Independent_Study/ros_workspace/install/nav2_common/lib/python3.8/site-packages:${PYTHONPATH} /usr/bin/cmake --install /home/propp/Independent_Study/ros_workspace/build/nav2_util
