[35m[1mScanning dependencies of target lidar_odometry[0m
[ 50%] [32mBuilding CXX object CMakeFiles/lidar_odometry.dir/src/lidar_odometry.cpp.o[0m
In file included from [01m[K/home/propp/Independent_Study/ros_workspace/src/box_nav/src/lidar_odometry.cpp:28[m[K:
[01m[K/opt/ros/foxy/include/sensor_msgs/point_cloud_conversion.hpp:51:6:[m[K [01;35m[Kwarning: [m[K#warning POINT_CLOUD_DEPRECATION_MESSAGE [[01;35m[K-Wcpp[m[K]
   51 | #    [01;35m[Kwarning[m[K POINT_CLOUD_DEPRECATION_MESSAGE
      |      [01;35m[K^~~~~~~[m[K
[01m[K/home/propp/Independent_Study/ros_workspace/src/box_nav/src/lidar_odometry.cpp:[m[K In member function ‘[01m[Kvoid OdometryFromLidar::topic_callback(std::shared_ptr<const sensor_msgs::msg::PointCloud2_<std::allocator<void> > >)[m[K’:
[01m[K/home/propp/Independent_Study/ros_workspace/src/box_nav/src/lidar_odometry.cpp:56:22:[m[K [01;35m[Kwarning: [m[K‘[01m[Kbool sensor_msgs::convertPointCloud2ToPointCloud(const PointCloud2&, sensor_msgs::msg::PointCloud&)[m[K’ is deprecated: PointCloud is deprecated as of Foxy if favor of sensor_msgs/PointCloud2. [[01;35m[K-Wdeprecated-declarations[m[K]
   56 |         sensor_msgs::[01;35m[KconvertPointCloud2ToPointCloud[m[K(*msg,p1);
      |                      [01;35m[K^~~~~~~~~~~~~~~~~~~~~~~~~~~~~~[m[K
In file included from [01m[K/home/propp/Independent_Study/ros_workspace/src/box_nav/src/lidar_odometry.cpp:28[m[K:
[01m[K/opt/ros/foxy/include/sensor_msgs/point_cloud_conversion.hpp:140:20:[m[K [01;36m[Knote: [m[Kdeclared here
  140 | static inline bool [01;36m[KconvertPointCloud2ToPointCloud[m[K(
      |                    [01;36m[K^~~~~~~~~~~~~~~~~~~~~~~~~~~~~~[m[K
[01m[K/home/propp/Independent_Study/ros_workspace/src/box_nav/src/lidar_odometry.cpp:56:60:[m[K [01;35m[Kwarning: [m[K‘[01m[Kbool sensor_msgs::convertPointCloud2ToPointCloud(const PointCloud2&, sensor_msgs::msg::PointCloud&)[m[K’ is deprecated: PointCloud is deprecated as of Foxy if favor of sensor_msgs/PointCloud2. [[01;35m[K-Wdeprecated-declarations[m[K]
   56 |         sensor_msgs::convertPointCloud2ToPointCloud(*msg,p1[01;35m[K)[m[K;
      |                                                            [01;35m[K^[m[K
In file included from [01m[K/home/propp/Independent_Study/ros_workspace/src/box_nav/src/lidar_odometry.cpp:28[m[K:
[01m[K/opt/ros/foxy/include/sensor_msgs/point_cloud_conversion.hpp:140:20:[m[K [01;36m[Knote: [m[Kdeclared here
  140 | static inline bool [01;36m[KconvertPointCloud2ToPointCloud[m[K(
      |                    [01;36m[K^~~~~~~~~~~~~~~~~~~~~~~~~~~~~~[m[K
[01m[K/home/propp/Independent_Study/ros_workspace/src/box_nav/src/lidar_odometry.cpp:56:60:[m[K [01;35m[Kwarning: [m[K‘[01m[Kbool sensor_msgs::convertPointCloud2ToPointCloud(const PointCloud2&, sensor_msgs::msg::PointCloud&)[m[K’ is deprecated: PointCloud is deprecated as of Foxy if favor of sensor_msgs/PointCloud2. [[01;35m[K-Wdeprecated-declarations[m[K]
   56 |         sensor_msgs::convertPointCloud2ToPointCloud(*msg,p1[01;35m[K)[m[K;
      |                                                            [01;35m[K^[m[K
In file included from [01m[K/home/propp/Independent_Study/ros_workspace/src/box_nav/src/lidar_odometry.cpp:28[m[K:
[01m[K/opt/ros/foxy/include/sensor_msgs/point_cloud_conversion.hpp:140:20:[m[K [01;36m[Knote: [m[Kdeclared here
  140 | static inline bool [01;36m[KconvertPointCloud2ToPointCloud[m[K(
      |                    [01;36m[K^~~~~~~~~~~~~~~~~~~~~~~~~~~~~~[m[K
[01m[K/home/propp/Independent_Study/ros_workspace/src/box_nav/src/lidar_odometry.cpp:57:26:[m[K [01;35m[Kwarning: [m[Kcomparison of integer expressions of different signedness: ‘[01m[Kint[m[K’ and ‘[01m[Kstd::vector<geometry_msgs::msg::Point32_<std::allocator<void> >, std::allocator<geometry_msgs::msg::Point32_<std::allocator<void> > > >::size_type[m[K’ {aka ‘[01m[Klong unsigned int[m[K’} [[01;35m[K-Wsign-compare[m[K]
   57 |         for(int i = 0; [01;35m[Ki < p1.points.size()[m[K; i++) {
      |                        [01;35m[K~~^~~~~~~~~~~~~~~~~~[m[K
[01m[K/home/propp/Independent_Study/ros_workspace/src/box_nav/src/lidar_odometry.cpp:68:26:[m[K [01;35m[Kwarning: [m[Kcomparison of integer expressions of different signedness: ‘[01m[Kint[m[K’ and ‘[01m[Kstd::vector<geometry_msgs::msg::Point32_<std::allocator<void> >, std::allocator<geometry_msgs::msg::Point32_<std::allocator<void> > > >::size_type[m[K’ {aka ‘[01m[Klong unsigned int[m[K’} [[01;35m[K-Wsign-compare[m[K]
   68 |         for(int i = 0; [01;35m[Ki < p1.points.size()[m[K; i++) {
      |                        [01;35m[K~~^~~~~~~~~~~~~~~~~~[m[K
[01m[K/home/propp/Independent_Study/ros_workspace/src/box_nav/src/lidar_odometry.cpp:71:26:[m[K [01;35m[Kwarning: [m[Kcomparison of integer expressions of different signedness: ‘[01m[Kint[m[K’ and ‘[01m[Kstd::vector<geometry_msgs::msg::Point32_<std::allocator<void> >, std::allocator<geometry_msgs::msg::Point32_<std::allocator<void> > > >::size_type[m[K’ {aka ‘[01m[Klong unsigned int[m[K’} [[01;35m[K-Wsign-compare[m[K]
   71 |         for(int i = 0; [01;35m[Ki < lastPoints.points.size()[m[K; i++) {
      |                        [01;35m[K~~^~~~~~~~~~~~~~~~~~~~~~~~~~[m[K
[01m[K/home/propp/Independent_Study/ros_workspace/src/box_nav/src/lidar_odometry.cpp:[m[K In member function ‘[01m[Kint OdometryFromLidar::closest_point(geometry_msgs::msg::Point32, std::vector<geometry_msgs::msg::Point32_<std::allocator<void> >, std::allocator<geometry_msgs::msg::Point32_<std::allocator<void> > > >)[m[K’:
[01m[K/home/propp/Independent_Study/ros_workspace/src/box_nav/src/lidar_odometry.cpp:187:16:[m[K [01;35m[Kwarning: [m[Kunused variable ‘[01m[Kresidual[m[K’ [[01;35m[K-Wunused-variable[m[K]
  187 |         double [01;35m[Kresidual[m[K = 10000000.0; //big number
      |                [01;35m[K^~~~~~~~[m[K
[01m[K/home/propp/Independent_Study/ros_workspace/src/box_nav/src/lidar_odometry.cpp:188:13:[m[K [01;35m[Kwarning: [m[Kunused variable ‘[01m[KreturnIndex[m[K’ [[01;35m[K-Wunused-variable[m[K]
  188 |         int [01;35m[KreturnIndex[m[K = 0;
      |             [01;35m[K^~~~~~~~~~~[m[K
[100%] [32m[1mLinking CXX executable lidar_odometry[0m
[100%] Built target lidar_odometry
-- Install configuration: ""
-- Installing: /home/propp/Independent_Study/ros_workspace/install/box_nav/lib/box_nav/lidar_odometry
-- Set runtime path of "/home/propp/Independent_Study/ros_workspace/install/box_nav/lib/box_nav/lidar_odometry" to ""
-- Up-to-date: /home/propp/Independent_Study/ros_workspace/install/box_nav/share/ament_index/resource_index/package_run_dependencies/box_nav
-- Up-to-date: /home/propp/Independent_Study/ros_workspace/install/box_nav/share/ament_index/resource_index/parent_prefix_path/box_nav
-- Up-to-date: /home/propp/Independent_Study/ros_workspace/install/box_nav/share/box_nav/environment/ament_prefix_path.sh
-- Up-to-date: /home/propp/Independent_Study/ros_workspace/install/box_nav/share/box_nav/environment/ament_prefix_path.dsv
-- Up-to-date: /home/propp/Independent_Study/ros_workspace/install/box_nav/share/box_nav/environment/path.sh
-- Up-to-date: /home/propp/Independent_Study/ros_workspace/install/box_nav/share/box_nav/environment/path.dsv
-- Up-to-date: /home/propp/Independent_Study/ros_workspace/install/box_nav/share/box_nav/local_setup.bash
-- Up-to-date: /home/propp/Independent_Study/ros_workspace/install/box_nav/share/box_nav/local_setup.sh
-- Up-to-date: /home/propp/Independent_Study/ros_workspace/install/box_nav/share/box_nav/local_setup.zsh
-- Up-to-date: /home/propp/Independent_Study/ros_workspace/install/box_nav/share/box_nav/local_setup.dsv
-- Installing: /home/propp/Independent_Study/ros_workspace/install/box_nav/share/box_nav/package.dsv
-- Up-to-date: /home/propp/Independent_Study/ros_workspace/install/box_nav/share/ament_index/resource_index/packages/box_nav
-- Up-to-date: /home/propp/Independent_Study/ros_workspace/install/box_nav/share/box_nav/cmake/box_navConfig.cmake
-- Up-to-date: /home/propp/Independent_Study/ros_workspace/install/box_nav/share/box_nav/cmake/box_navConfig-version.cmake
-- Up-to-date: /home/propp/Independent_Study/ros_workspace/install/box_nav/share/box_nav/package.xml
