[0.247s] Invoking command in '/home/propp/Independent_Study/ros_workspace/build/nav2_gazebo_spawner': PYTHONPATH=/home/propp/Independent_Study/ros_workspace/install/nav2_gazebo_spawner/lib/python3.8/site-packages:${PYTHONPATH} /usr/bin/python3 setup.py develop --prefix /home/propp/Independent_Study/ros_workspace/install/nav2_gazebo_spawner --editable --build-directory /home/propp/Independent_Study/ros_workspace/build/nav2_gazebo_spawner/build --no-deps install_data --install-dir /home/propp/Independent_Study/ros_workspace/install/nav2_gazebo_spawner
[0.473s] running develop
[0.575s] running egg_info
[0.575s] creating nav2_gazebo_spawner.egg-info
[0.575s] writing nav2_gazebo_spawner.egg-info/PKG-INFO
[0.575s] writing dependency_links to nav2_gazebo_spawner.egg-info/dependency_links.txt
[0.575s] writing entry points to nav2_gazebo_spawner.egg-info/entry_points.txt
[0.576s] writing requirements to nav2_gazebo_spawner.egg-info/requires.txt
[0.576s] writing top-level names to nav2_gazebo_spawner.egg-info/top_level.txt
[0.577s] writing manifest file 'nav2_gazebo_spawner.egg-info/SOURCES.txt'
[0.599s] reading manifest file 'nav2_gazebo_spawner.egg-info/SOURCES.txt'
[0.600s] writing manifest file 'nav2_gazebo_spawner.egg-info/SOURCES.txt'
[0.601s] running build_ext
[0.601s] Creating /home/propp/Independent_Study/ros_workspace/install/nav2_gazebo_spawner/lib/python3.8/site-packages/site.py
[0.603s] Creating /home/propp/Independent_Study/ros_workspace/install/nav2_gazebo_spawner/lib/python3.8/site-packages/nav2-gazebo-spawner.egg-link (link to .)
[0.604s] Installing nav2_gazebo_spawner script to /home/propp/Independent_Study/ros_workspace/install/nav2_gazebo_spawner/lib/nav2_gazebo_spawner
[0.604s] 
[0.604s] Installed /home/propp/Independent_Study/ros_workspace/build/nav2_gazebo_spawner
[0.605s] running install_data
[0.605s] creating /home/propp/Independent_Study/ros_workspace/install/nav2_gazebo_spawner/share/ament_index
[0.605s] creating /home/propp/Independent_Study/ros_workspace/install/nav2_gazebo_spawner/share/ament_index/resource_index
[0.606s] creating /home/propp/Independent_Study/ros_workspace/install/nav2_gazebo_spawner/share/ament_index/resource_index/packages
[0.606s] copying resource/nav2_gazebo_spawner -> /home/propp/Independent_Study/ros_workspace/install/nav2_gazebo_spawner/share/ament_index/resource_index/packages
[0.606s] copying package.xml -> /home/propp/Independent_Study/ros_workspace/install/nav2_gazebo_spawner/share/nav2_gazebo_spawner
[0.631s] Invoked command in '/home/propp/Independent_Study/ros_workspace/build/nav2_gazebo_spawner' returned '0': PYTHONPATH=/home/propp/Independent_Study/ros_workspace/install/nav2_gazebo_spawner/lib/python3.8/site-packages:${PYTHONPATH} /usr/bin/python3 setup.py develop --prefix /home/propp/Independent_Study/ros_workspace/install/nav2_gazebo_spawner --editable --build-directory /home/propp/Independent_Study/ros_workspace/build/nav2_gazebo_spawner/build --no-deps install_data --install-dir /home/propp/Independent_Study/ros_workspace/install/nav2_gazebo_spawner
