[0.213s] DEBUG:colcon:Command line arguments: ['/home/propp/.local/bin/colcon', 'build']
[0.213s] DEBUG:colcon:Parsed command line arguments: Namespace(ament_cmake_args=None, base_paths=['.'], build_base='build', catkin_cmake_args=None, catkin_skip_building_tests=False, cmake_args=None, cmake_clean_cache=False, cmake_clean_first=False, cmake_force_configure=False, cmake_target=None, cmake_target_skip_unavailable=False, continue_on_error=False, event_handlers=None, executor='parallel', ignore_user_meta=False, install_base='install', log_base=None, log_level=None, main=<bound method BuildVerb.main of <colcon_core.verb.build.BuildVerb object at 0x7f87fa5d8310>>, merge_install=False, metas=['./colcon.meta'], packages_above=None, packages_above_and_dependencies=None, packages_above_depth=None, packages_end=None, packages_ignore=None, packages_ignore_regex=None, packages_select=None, packages_select_build_failed=False, packages_select_by_dep=None, packages_select_regex=None, packages_select_test_failures=False, packages_skip=None, packages_skip_build_finished=False, packages_skip_by_dep=None, packages_skip_regex=None, packages_skip_test_passed=False, packages_skip_up_to=None, packages_start=None, packages_up_to=None, packages_up_to_regex=None, parallel_workers=12, paths=None, symlink_install=False, test_result_base=None, verb_extension=<colcon_core.verb.build.BuildVerb object at 0x7f87fa5d8310>, verb_name='build', verb_parser=<colcon_defaults.argument_parser.defaults.DefaultArgumentsDecorator object at 0x7f87fa5d8850>)
[0.217s] Level 1:colcon.colcon_core.package_discovery:discover_packages(colcon_meta) check parameters
[0.217s] Level 1:colcon.colcon_core.package_discovery:discover_packages(recursive) check parameters
[0.217s] Level 1:colcon.colcon_core.package_discovery:discover_packages(ignore) check parameters
[0.217s] Level 1:colcon.colcon_core.package_discovery:discover_packages(path) check parameters
[0.217s] Level 1:colcon.colcon_core.package_discovery:discover_packages(colcon_meta) discover
[0.217s] Level 1:colcon.colcon_core.package_discovery:discover_packages(recursive) discover
[0.217s] INFO:colcon.colcon_core.package_discovery:Crawling recursively for packages in '/home/propp/Independent_Study/ros_workspace'
[0.217s] Level 1:colcon.colcon_core.package_identification:_identify(.) by extensions ['ignore', 'ignore_ament_install']
[0.217s] Level 1:colcon.colcon_core.package_identification:_identify(.) by extension 'ignore'
[0.217s] Level 1:colcon.colcon_core.package_identification:_identify(.) by extension 'ignore_ament_install'
[0.217s] Level 1:colcon.colcon_core.package_identification:_identify(.) by extensions ['colcon_pkg']
[0.217s] Level 1:colcon.colcon_core.package_identification:_identify(.) by extension 'colcon_pkg'
[0.217s] Level 1:colcon.colcon_core.package_identification:_identify(.) by extensions ['colcon_meta']
[0.217s] Level 1:colcon.colcon_core.package_identification:_identify(.) by extension 'colcon_meta'
[0.217s] Level 1:colcon.colcon_core.package_identification:_identify(.) by extensions ['ros']
[0.217s] Level 1:colcon.colcon_core.package_identification:_identify(.) by extension 'ros'
[0.226s] Level 1:colcon.colcon_core.package_identification:_identify(.) by extensions ['cmake', 'python']
[0.226s] Level 1:colcon.colcon_core.package_identification:_identify(.) by extension 'cmake'
[0.226s] Level 1:colcon.colcon_core.package_identification:_identify(.) by extension 'python'
[0.226s] Level 1:colcon.colcon_core.package_identification:_identify(.) by extensions ['python_setup_py']
[0.226s] Level 1:colcon.colcon_core.package_identification:_identify(.) by extension 'python_setup_py'
[0.226s] Level 1:colcon.colcon_core.package_identification:_identify(build) by extensions ['ignore', 'ignore_ament_install']
[0.226s] Level 1:colcon.colcon_core.package_identification:_identify(build) by extension 'ignore'
[0.226s] Level 1:colcon.colcon_core.package_identification:_identify(build) ignored
[0.226s] Level 1:colcon.colcon_core.package_identification:_identify(install) by extensions ['ignore', 'ignore_ament_install']
[0.227s] Level 1:colcon.colcon_core.package_identification:_identify(install) by extension 'ignore'
[0.227s] Level 1:colcon.colcon_core.package_identification:_identify(install) ignored
[0.227s] Level 1:colcon.colcon_core.package_identification:_identify(log) by extensions ['ignore', 'ignore_ament_install']
[0.227s] Level 1:colcon.colcon_core.package_identification:_identify(log) by extension 'ignore'
[0.227s] Level 1:colcon.colcon_core.package_identification:_identify(log) ignored
[0.227s] Level 1:colcon.colcon_core.package_identification:_identify(src) by extensions ['ignore', 'ignore_ament_install']
[0.227s] Level 1:colcon.colcon_core.package_identification:_identify(src) by extension 'ignore'
[0.227s] Level 1:colcon.colcon_core.package_identification:_identify(src) by extension 'ignore_ament_install'
[0.227s] Level 1:colcon.colcon_core.package_identification:_identify(src) by extensions ['colcon_pkg']
[0.227s] Level 1:colcon.colcon_core.package_identification:_identify(src) by extension 'colcon_pkg'
[0.227s] Level 1:colcon.colcon_core.package_identification:_identify(src) by extensions ['colcon_meta']
[0.227s] Level 1:colcon.colcon_core.package_identification:_identify(src) by extension 'colcon_meta'
[0.227s] Level 1:colcon.colcon_core.package_identification:_identify(src) by extensions ['ros']
[0.227s] Level 1:colcon.colcon_core.package_identification:_identify(src) by extension 'ros'
[0.227s] Level 1:colcon.colcon_core.package_identification:_identify(src) by extensions ['cmake', 'python']
[0.227s] Level 1:colcon.colcon_core.package_identification:_identify(src) by extension 'cmake'
[0.227s] Level 1:colcon.colcon_core.package_identification:_identify(src) by extension 'python'
[0.227s] Level 1:colcon.colcon_core.package_identification:_identify(src) by extensions ['python_setup_py']
[0.227s] Level 1:colcon.colcon_core.package_identification:_identify(src) by extension 'python_setup_py'
[0.228s] Level 1:colcon.colcon_core.package_identification:_identify(src/first_ros_package) by extensions ['ignore', 'ignore_ament_install']
[0.228s] Level 1:colcon.colcon_core.package_identification:_identify(src/first_ros_package) by extension 'ignore'
[0.228s] Level 1:colcon.colcon_core.package_identification:_identify(src/first_ros_package) by extension 'ignore_ament_install'
[0.228s] Level 1:colcon.colcon_core.package_identification:_identify(src/first_ros_package) by extensions ['colcon_pkg']
[0.228s] Level 1:colcon.colcon_core.package_identification:_identify(src/first_ros_package) by extension 'colcon_pkg'
[0.228s] Level 1:colcon.colcon_core.package_identification:_identify(src/first_ros_package) by extensions ['colcon_meta']
[0.228s] Level 1:colcon.colcon_core.package_identification:_identify(src/first_ros_package) by extension 'colcon_meta'
[0.228s] Level 1:colcon.colcon_core.package_identification:_identify(src/first_ros_package) by extensions ['ros']
[0.228s] Level 1:colcon.colcon_core.package_identification:_identify(src/first_ros_package) by extension 'ros'
[0.230s] DEBUG:colcon.colcon_core.package_identification:Package 'src/first_ros_package' with type 'ros.ament_cmake' and name 'first_ros_package'
[0.230s] Level 1:colcon.colcon_core.package_identification:_identify(src/pointcloud_to_laserscan) by extensions ['ignore', 'ignore_ament_install']
[0.230s] Level 1:colcon.colcon_core.package_identification:_identify(src/pointcloud_to_laserscan) by extension 'ignore'
[0.231s] Level 1:colcon.colcon_core.package_identification:_identify(src/pointcloud_to_laserscan) by extension 'ignore_ament_install'
[0.231s] Level 1:colcon.colcon_core.package_identification:_identify(src/pointcloud_to_laserscan) by extensions ['colcon_pkg']
[0.231s] Level 1:colcon.colcon_core.package_identification:_identify(src/pointcloud_to_laserscan) by extension 'colcon_pkg'
[0.231s] Level 1:colcon.colcon_core.package_identification:_identify(src/pointcloud_to_laserscan) by extensions ['colcon_meta']
[0.231s] Level 1:colcon.colcon_core.package_identification:_identify(src/pointcloud_to_laserscan) by extension 'colcon_meta'
[0.231s] Level 1:colcon.colcon_core.package_identification:_identify(src/pointcloud_to_laserscan) by extensions ['ros']
[0.231s] Level 1:colcon.colcon_core.package_identification:_identify(src/pointcloud_to_laserscan) by extension 'ros'
[0.232s] DEBUG:colcon.colcon_core.package_identification:Package 'src/pointcloud_to_laserscan' with type 'ros.ament_cmake' and name 'pointcloud_to_laserscan'
[0.232s] Level 1:colcon.colcon_core.package_discovery:discover_packages(recursive) using defaults
[0.232s] Level 1:colcon.colcon_core.package_discovery:discover_packages(ignore) discover
[0.232s] Level 1:colcon.colcon_core.package_discovery:discover_packages(ignore) using defaults
[0.232s] Level 1:colcon.colcon_core.package_discovery:discover_packages(path) discover
[0.232s] Level 1:colcon.colcon_core.package_discovery:discover_packages(path) using defaults
[0.246s] Level 5:colcon.colcon_core.verb:set package 'first_ros_package' build argument 'cmake_args' from command line to 'None'
[0.246s] Level 5:colcon.colcon_core.verb:set package 'first_ros_package' build argument 'cmake_target' from command line to 'None'
[0.246s] Level 5:colcon.colcon_core.verb:set package 'first_ros_package' build argument 'cmake_target_skip_unavailable' from command line to 'False'
[0.246s] Level 5:colcon.colcon_core.verb:set package 'first_ros_package' build argument 'cmake_clean_cache' from command line to 'False'
[0.246s] Level 5:colcon.colcon_core.verb:set package 'first_ros_package' build argument 'cmake_clean_first' from command line to 'False'
[0.246s] Level 5:colcon.colcon_core.verb:set package 'first_ros_package' build argument 'cmake_force_configure' from command line to 'False'
[0.247s] Level 5:colcon.colcon_core.verb:set package 'first_ros_package' build argument 'ament_cmake_args' from command line to 'None'
[0.247s] Level 5:colcon.colcon_core.verb:set package 'first_ros_package' build argument 'catkin_cmake_args' from command line to 'None'
[0.247s] Level 5:colcon.colcon_core.verb:set package 'first_ros_package' build argument 'catkin_skip_building_tests' from command line to 'False'
[0.247s] DEBUG:colcon.colcon_core.verb:Building package 'first_ros_package' with the following arguments: {'ament_cmake_args': None, 'build_base': '/home/propp/Independent_Study/ros_workspace/build/first_ros_package', 'catkin_cmake_args': None, 'catkin_skip_building_tests': False, 'cmake_args': None, 'cmake_clean_cache': False, 'cmake_clean_first': False, 'cmake_force_configure': False, 'cmake_target': None, 'cmake_target_skip_unavailable': False, 'install_base': '/home/propp/Independent_Study/ros_workspace/install/first_ros_package', 'merge_install': False, 'path': '/home/propp/Independent_Study/ros_workspace/src/first_ros_package', 'symlink_install': False, 'test_result_base': None}
[0.248s] Level 5:colcon.colcon_core.verb:set package 'pointcloud_to_laserscan' build argument 'cmake_args' from command line to 'None'
[0.248s] Level 5:colcon.colcon_core.verb:set package 'pointcloud_to_laserscan' build argument 'cmake_target' from command line to 'None'
[0.248s] Level 5:colcon.colcon_core.verb:set package 'pointcloud_to_laserscan' build argument 'cmake_target_skip_unavailable' from command line to 'False'
[0.249s] Level 5:colcon.colcon_core.verb:set package 'pointcloud_to_laserscan' build argument 'cmake_clean_cache' from command line to 'False'
[0.249s] Level 5:colcon.colcon_core.verb:set package 'pointcloud_to_laserscan' build argument 'cmake_clean_first' from command line to 'False'
[0.249s] Level 5:colcon.colcon_core.verb:set package 'pointcloud_to_laserscan' build argument 'cmake_force_configure' from command line to 'False'
[0.249s] Level 5:colcon.colcon_core.verb:set package 'pointcloud_to_laserscan' build argument 'ament_cmake_args' from command line to 'None'
[0.249s] Level 5:colcon.colcon_core.verb:set package 'pointcloud_to_laserscan' build argument 'catkin_cmake_args' from command line to 'None'
[0.249s] Level 5:colcon.colcon_core.verb:set package 'pointcloud_to_laserscan' build argument 'catkin_skip_building_tests' from command line to 'False'
[0.249s] DEBUG:colcon.colcon_core.verb:Building package 'pointcloud_to_laserscan' with the following arguments: {'ament_cmake_args': None, 'build_base': '/home/propp/Independent_Study/ros_workspace/build/pointcloud_to_laserscan', 'catkin_cmake_args': None, 'catkin_skip_building_tests': False, 'cmake_args': None, 'cmake_clean_cache': False, 'cmake_clean_first': False, 'cmake_force_configure': False, 'cmake_target': None, 'cmake_target_skip_unavailable': False, 'install_base': '/home/propp/Independent_Study/ros_workspace/install/pointcloud_to_laserscan', 'merge_install': False, 'path': '/home/propp/Independent_Study/ros_workspace/src/pointcloud_to_laserscan', 'symlink_install': False, 'test_result_base': None}
[0.249s] INFO:colcon.colcon_core.executor:Executing jobs using 'parallel' executor
[0.251s] DEBUG:colcon.colcon_parallel_executor.executor.parallel:run_until_complete
[0.251s] INFO:colcon.colcon_ros.task.ament_cmake.build:Building ROS package in '/home/propp/Independent_Study/ros_workspace/src/first_ros_package' with build type 'ament_cmake'
[0.251s] INFO:colcon.colcon_cmake.task.cmake.build:Building CMake package in '/home/propp/Independent_Study/ros_workspace/src/first_ros_package'
[0.254s] INFO:colcon.colcon_core.plugin_system:Skipping extension 'colcon_core.shell.bat': Not used on non-Windows systems
[0.254s] INFO:colcon.colcon_core.shell:Skip shell extension 'powershell' for command environment: Not usable outside of PowerShell
[0.254s] DEBUG:colcon.colcon_core.shell:Skip shell extension 'dsv' for command environment
[0.259s] INFO:colcon.colcon_ros.task.ament_cmake.build:Building ROS package in '/home/propp/Independent_Study/ros_workspace/src/pointcloud_to_laserscan' with build type 'ament_cmake'
[0.259s] INFO:colcon.colcon_cmake.task.cmake.build:Building CMake package in '/home/propp/Independent_Study/ros_workspace/src/pointcloud_to_laserscan'
[0.260s] INFO:colcon.colcon_core.shell:Skip shell extension 'powershell' for command environment: Not usable outside of PowerShell
[0.260s] DEBUG:colcon.colcon_core.shell:Skip shell extension 'dsv' for command environment
[0.270s] DEBUG:colcon.colcon_core.event_handler.log_command:Invoking command in '/home/propp/Independent_Study/ros_workspace/build/first_ros_package': /usr/bin/cmake --build /home/propp/Independent_Study/ros_workspace/build/first_ros_package -- -j12 -l12
[0.276s] DEBUG:colcon.colcon_core.event_handler.log_command:Invoking command in '/home/propp/Independent_Study/ros_workspace/build/pointcloud_to_laserscan': /usr/bin/cmake --build /home/propp/Independent_Study/ros_workspace/build/pointcloud_to_laserscan -- -j12 -l12
[0.350s] DEBUG:colcon.colcon_core.event_handler.log_command:Invoked command in '/home/propp/Independent_Study/ros_workspace/build/pointcloud_to_laserscan' returned '0': /usr/bin/cmake --build /home/propp/Independent_Study/ros_workspace/build/pointcloud_to_laserscan -- -j12 -l12
[0.384s] DEBUG:colcon.colcon_core.event_handler.log_command:Invoking command in '/home/propp/Independent_Study/ros_workspace/build/pointcloud_to_laserscan': /usr/bin/cmake --install /home/propp/Independent_Study/ros_workspace/build/pointcloud_to_laserscan
[0.396s] Level 1:colcon.colcon_core.environment:create_environment_scripts_only(pointcloud_to_laserscan)
[0.399s] DEBUG:colcon.colcon_core.event_handler.log_command:Invoked command in '/home/propp/Independent_Study/ros_workspace/build/pointcloud_to_laserscan' returned '0': /usr/bin/cmake --install /home/propp/Independent_Study/ros_workspace/build/pointcloud_to_laserscan
[0.402s] Level 1:colcon.colcon_core.environment:checking '/home/propp/Independent_Study/ros_workspace/install/pointcloud_to_laserscan' for CMake module files
[0.402s] Level 1:colcon.colcon_core.environment:checking '/home/propp/Independent_Study/ros_workspace/install/pointcloud_to_laserscan' for CMake config files
[0.402s] Level 1:colcon.colcon_core.shell:create_environment_hook('pointcloud_to_laserscan', 'cmake_prefix_path')
[0.403s] INFO:colcon.colcon_core.shell:Creating environment hook '/home/propp/Independent_Study/ros_workspace/install/pointcloud_to_laserscan/share/pointcloud_to_laserscan/hook/cmake_prefix_path.ps1'
[0.403s] INFO:colcon.colcon_core.shell:Creating environment descriptor '/home/propp/Independent_Study/ros_workspace/install/pointcloud_to_laserscan/share/pointcloud_to_laserscan/hook/cmake_prefix_path.dsv'
[0.404s] INFO:colcon.colcon_core.shell:Creating environment hook '/home/propp/Independent_Study/ros_workspace/install/pointcloud_to_laserscan/share/pointcloud_to_laserscan/hook/cmake_prefix_path.sh'
[0.404s] Level 1:colcon.colcon_core.environment:checking '/home/propp/Independent_Study/ros_workspace/install/pointcloud_to_laserscan/lib'
[0.405s] Level 1:colcon.colcon_core.shell:create_environment_hook('pointcloud_to_laserscan', 'ld_library_path_lib')
[0.405s] INFO:colcon.colcon_core.shell:Creating environment hook '/home/propp/Independent_Study/ros_workspace/install/pointcloud_to_laserscan/share/pointcloud_to_laserscan/hook/ld_library_path_lib.ps1'
[0.405s] INFO:colcon.colcon_core.shell:Creating environment descriptor '/home/propp/Independent_Study/ros_workspace/install/pointcloud_to_laserscan/share/pointcloud_to_laserscan/hook/ld_library_path_lib.dsv'
[0.406s] INFO:colcon.colcon_core.shell:Creating environment hook '/home/propp/Independent_Study/ros_workspace/install/pointcloud_to_laserscan/share/pointcloud_to_laserscan/hook/ld_library_path_lib.sh'
[0.406s] Level 1:colcon.colcon_core.environment:checking '/home/propp/Independent_Study/ros_workspace/install/pointcloud_to_laserscan/bin'
[0.406s] Level 1:colcon.colcon_core.environment:checking '/home/propp/Independent_Study/ros_workspace/install/pointcloud_to_laserscan/lib/pkgconfig/pointcloud_to_laserscan.pc'
[0.406s] Level 1:colcon.colcon_core.environment:checking '/home/propp/Independent_Study/ros_workspace/install/pointcloud_to_laserscan/lib/python3.8/site-packages'
[0.407s] INFO:colcon.colcon_core.shell:Creating package script '/home/propp/Independent_Study/ros_workspace/install/pointcloud_to_laserscan/share/pointcloud_to_laserscan/package.ps1'
[0.407s] INFO:colcon.colcon_core.shell:Creating package descriptor '/home/propp/Independent_Study/ros_workspace/install/pointcloud_to_laserscan/share/pointcloud_to_laserscan/package.dsv'
[0.408s] INFO:colcon.colcon_core.shell:Creating package script '/home/propp/Independent_Study/ros_workspace/install/pointcloud_to_laserscan/share/pointcloud_to_laserscan/package.sh'
[0.408s] INFO:colcon.colcon_core.shell:Creating package script '/home/propp/Independent_Study/ros_workspace/install/pointcloud_to_laserscan/share/pointcloud_to_laserscan/package.bash'
[0.409s] INFO:colcon.colcon_core.shell:Creating package script '/home/propp/Independent_Study/ros_workspace/install/pointcloud_to_laserscan/share/pointcloud_to_laserscan/package.zsh'
[0.409s] Level 1:colcon.colcon_core.environment:create_file_with_runtime_dependencies(/home/propp/Independent_Study/ros_workspace/install/pointcloud_to_laserscan/share/colcon-core/packages/pointcloud_to_laserscan)
[0.434s] Level 1:colcon.colcon_core.environment:create_environment_scripts_only(pointcloud_to_laserscan)
[0.435s] Level 1:colcon.colcon_core.environment:checking '/home/propp/Independent_Study/ros_workspace/install/pointcloud_to_laserscan' for CMake module files
[0.435s] Level 1:colcon.colcon_core.environment:checking '/home/propp/Independent_Study/ros_workspace/install/pointcloud_to_laserscan' for CMake config files
[0.436s] Level 1:colcon.colcon_core.shell:create_environment_hook('pointcloud_to_laserscan', 'cmake_prefix_path')
[0.436s] INFO:colcon.colcon_core.shell:Creating environment hook '/home/propp/Independent_Study/ros_workspace/install/pointcloud_to_laserscan/share/pointcloud_to_laserscan/hook/cmake_prefix_path.ps1'
[0.437s] INFO:colcon.colcon_core.shell:Creating environment descriptor '/home/propp/Independent_Study/ros_workspace/install/pointcloud_to_laserscan/share/pointcloud_to_laserscan/hook/cmake_prefix_path.dsv'
[0.437s] INFO:colcon.colcon_core.shell:Creating environment hook '/home/propp/Independent_Study/ros_workspace/install/pointcloud_to_laserscan/share/pointcloud_to_laserscan/hook/cmake_prefix_path.sh'
[0.438s] Level 1:colcon.colcon_core.environment:checking '/home/propp/Independent_Study/ros_workspace/install/pointcloud_to_laserscan/lib'
[0.438s] Level 1:colcon.colcon_core.shell:create_environment_hook('pointcloud_to_laserscan', 'ld_library_path_lib')
[0.439s] INFO:colcon.colcon_core.shell:Creating environment hook '/home/propp/Independent_Study/ros_workspace/install/pointcloud_to_laserscan/share/pointcloud_to_laserscan/hook/ld_library_path_lib.ps1'
[0.439s] INFO:colcon.colcon_core.shell:Creating environment descriptor '/home/propp/Independent_Study/ros_workspace/install/pointcloud_to_laserscan/share/pointcloud_to_laserscan/hook/ld_library_path_lib.dsv'
[0.440s] INFO:colcon.colcon_core.shell:Creating environment hook '/home/propp/Independent_Study/ros_workspace/install/pointcloud_to_laserscan/share/pointcloud_to_laserscan/hook/ld_library_path_lib.sh'
[0.440s] Level 1:colcon.colcon_core.environment:checking '/home/propp/Independent_Study/ros_workspace/install/pointcloud_to_laserscan/bin'
[0.440s] Level 1:colcon.colcon_core.environment:checking '/home/propp/Independent_Study/ros_workspace/install/pointcloud_to_laserscan/lib/pkgconfig/pointcloud_to_laserscan.pc'
[0.440s] Level 1:colcon.colcon_core.environment:checking '/home/propp/Independent_Study/ros_workspace/install/pointcloud_to_laserscan/lib/python3.8/site-packages'
[0.441s] INFO:colcon.colcon_core.shell:Creating package script '/home/propp/Independent_Study/ros_workspace/install/pointcloud_to_laserscan/share/pointcloud_to_laserscan/package.ps1'
[0.442s] INFO:colcon.colcon_core.shell:Creating package descriptor '/home/propp/Independent_Study/ros_workspace/install/pointcloud_to_laserscan/share/pointcloud_to_laserscan/package.dsv'
[0.442s] INFO:colcon.colcon_core.shell:Creating package script '/home/propp/Independent_Study/ros_workspace/install/pointcloud_to_laserscan/share/pointcloud_to_laserscan/package.sh'
[0.443s] INFO:colcon.colcon_core.shell:Creating package script '/home/propp/Independent_Study/ros_workspace/install/pointcloud_to_laserscan/share/pointcloud_to_laserscan/package.bash'
[0.443s] INFO:colcon.colcon_core.shell:Creating package script '/home/propp/Independent_Study/ros_workspace/install/pointcloud_to_laserscan/share/pointcloud_to_laserscan/package.zsh'
[0.444s] Level 1:colcon.colcon_core.environment:create_file_with_runtime_dependencies(/home/propp/Independent_Study/ros_workspace/install/pointcloud_to_laserscan/share/colcon-core/packages/pointcloud_to_laserscan)
[1.308s] DEBUG:colcon.colcon_core.event_handler.log_command:Invoked command in '/home/propp/Independent_Study/ros_workspace/build/first_ros_package' returned '2': /usr/bin/cmake --build /home/propp/Independent_Study/ros_workspace/build/first_ros_package -- -j12 -l12
[1.326s] Level 1:colcon.colcon_core.environment:create_environment_scripts_only(first_ros_package)
[1.327s] Level 1:colcon.colcon_core.environment:checking '/home/propp/Independent_Study/ros_workspace/install/first_ros_package' for CMake module files
[1.327s] Level 1:colcon.colcon_core.environment:checking '/home/propp/Independent_Study/ros_workspace/install/first_ros_package' for CMake config files
[1.328s] Level 1:colcon.colcon_core.shell:create_environment_hook('first_ros_package', 'cmake_prefix_path')
[1.328s] INFO:colcon.colcon_core.shell:Creating environment hook '/home/propp/Independent_Study/ros_workspace/install/first_ros_package/share/first_ros_package/hook/cmake_prefix_path.ps1'
[1.328s] INFO:colcon.colcon_core.shell:Creating environment descriptor '/home/propp/Independent_Study/ros_workspace/install/first_ros_package/share/first_ros_package/hook/cmake_prefix_path.dsv'
[1.329s] INFO:colcon.colcon_core.shell:Creating environment hook '/home/propp/Independent_Study/ros_workspace/install/first_ros_package/share/first_ros_package/hook/cmake_prefix_path.sh'
[1.329s] Level 1:colcon.colcon_core.environment:checking '/home/propp/Independent_Study/ros_workspace/install/first_ros_package/lib'
[1.329s] Level 1:colcon.colcon_core.environment:checking '/home/propp/Independent_Study/ros_workspace/install/first_ros_package/bin'
[1.329s] Level 1:colcon.colcon_core.environment:checking '/home/propp/Independent_Study/ros_workspace/install/first_ros_package/lib/pkgconfig/first_ros_package.pc'
[1.330s] Level 1:colcon.colcon_core.environment:checking '/home/propp/Independent_Study/ros_workspace/install/first_ros_package/lib/python3.8/site-packages'
[1.330s] INFO:colcon.colcon_core.shell:Creating package script '/home/propp/Independent_Study/ros_workspace/install/first_ros_package/share/first_ros_package/package.ps1'
[1.331s] INFO:colcon.colcon_core.shell:Creating package descriptor '/home/propp/Independent_Study/ros_workspace/install/first_ros_package/share/first_ros_package/package.dsv'
[1.331s] INFO:colcon.colcon_core.shell:Creating package script '/home/propp/Independent_Study/ros_workspace/install/first_ros_package/share/first_ros_package/package.sh'
[1.331s] INFO:colcon.colcon_core.shell:Creating package script '/home/propp/Independent_Study/ros_workspace/install/first_ros_package/share/first_ros_package/package.bash'
[1.332s] INFO:colcon.colcon_core.shell:Creating package script '/home/propp/Independent_Study/ros_workspace/install/first_ros_package/share/first_ros_package/package.zsh'
[1.332s] Level 1:colcon.colcon_core.environment:create_file_with_runtime_dependencies(/home/propp/Independent_Study/ros_workspace/install/first_ros_package/share/colcon-core/packages/first_ros_package)
[1.343s] DEBUG:colcon.colcon_parallel_executor.executor.parallel:closing loop
[1.343s] DEBUG:colcon.colcon_parallel_executor.executor.parallel:loop closed
[1.343s] DEBUG:colcon.colcon_parallel_executor.executor.parallel:run_until_complete finished with '2'
[1.343s] DEBUG:colcon.colcon_core.event_reactor:joining thread
[1.347s] INFO:colcon.colcon_core.plugin_system:Skipping extension 'colcon_notification.desktop_notification.terminal_notifier': Not used on non-Darwin systems
[1.347s] INFO:colcon.colcon_core.plugin_system:Skipping extension 'colcon_notification.desktop_notification.win32': Not used on non-Windows systems
[1.348s] INFO:colcon.colcon_notification.desktop_notification:Sending desktop notification using 'notify2'
[1.358s] DEBUG:colcon.colcon_core.event_reactor:joined thread
[1.358s] INFO:colcon.colcon_core.shell:Creating prefix script '/home/propp/Independent_Study/ros_workspace/install/local_setup.ps1'
[1.359s] INFO:colcon.colcon_core.shell:Creating prefix util module '/home/propp/Independent_Study/ros_workspace/install/_local_setup_util_ps1.py'
[1.360s] INFO:colcon.colcon_core.shell:Creating prefix chain script '/home/propp/Independent_Study/ros_workspace/install/setup.ps1'
[1.362s] INFO:colcon.colcon_core.shell:Creating prefix script '/home/propp/Independent_Study/ros_workspace/install/local_setup.sh'
[1.362s] INFO:colcon.colcon_core.shell:Creating prefix util module '/home/propp/Independent_Study/ros_workspace/install/_local_setup_util_sh.py'
[1.362s] INFO:colcon.colcon_core.shell:Creating prefix chain script '/home/propp/Independent_Study/ros_workspace/install/setup.sh'
[1.364s] INFO:colcon.colcon_core.shell:Creating prefix script '/home/propp/Independent_Study/ros_workspace/install/local_setup.bash'
[1.364s] INFO:colcon.colcon_core.shell:Creating prefix chain script '/home/propp/Independent_Study/ros_workspace/install/setup.bash'
[1.366s] INFO:colcon.colcon_core.shell:Creating prefix script '/home/propp/Independent_Study/ros_workspace/install/local_setup.zsh'
[1.366s] INFO:colcon.colcon_core.shell:Creating prefix chain script '/home/propp/Independent_Study/ros_workspace/install/setup.zsh'
