[0.016s] Invoking command in '/home/propp/Independent_Study/ros_workspace/build/box_nav': CMAKE_PREFIX_PATH=${CMAKE_PREFIX_PATH}:/home/propp/Independent_Study/ros_workspace/install/nav2_gazebo_spawner:/opt/ros/foxy /usr/bin/cmake --build /home/propp/Independent_Study/ros_workspace/build/box_nav -- -j12 -l12
[0.040s] -- Found ament_cmake: 0.9.7 (/opt/ros/foxy/share/ament_cmake/cmake)
[0.059s] -- Using PYTHON_EXECUTABLE: /usr/bin/python3
[0.207s] -- Found rclcpp: 2.2.0 (/opt/ros/foxy/share/rclcpp/cmake)
[0.227s] -- Using all available rosidl_typesupport_c: rosidl_typesupport_fastrtps_c;rosidl_typesupport_introspection_c
[0.230s] -- Found rosidl_adapter: 1.1.0 (/opt/ros/foxy/share/rosidl_adapter/cmake)
[0.321s] -- Using all available rosidl_typesupport_cpp: rosidl_typesupport_fastrtps_cpp;rosidl_typesupport_introspection_cpp
[0.361s] -- Found rmw_implementation_cmake: 1.0.2 (/opt/ros/foxy/share/rmw_implementation_cmake/cmake)
[0.362s] -- Using RMW implementation 'rmw_fastrtps_cpp' as default
[0.478s] -- Found tf2: 0.13.6 (/opt/ros/foxy/share/tf2/cmake)
[0.516s] -- Found tf2_ros: 0.13.6 (/opt/ros/foxy/share/tf2_ros/cmake)
[0.785s] -- Found nav_msgs: 2.0.3 (/opt/ros/foxy/share/nav_msgs/cmake)
[0.849s] -- Found sensor_msgs: 2.0.3 (/opt/ros/foxy/share/sensor_msgs/cmake)
[0.907s] -- Found slam_toolbox: 2.3.0 (/opt/ros/foxy/share/slam_toolbox/cmake)
[1.210s] -- Found eigen3_cmake_module: 0.1.1 (/opt/ros/foxy/share/eigen3_cmake_module/cmake)
[1.289s] CMake Error at CMakeLists.txt:29 (find_package):
[1.289s]   By not providing "Findeigen.cmake" in CMAKE_MODULE_PATH this project has
[1.289s]   asked CMake to find a package configuration file provided by "eigen", but
[1.289s]   CMake did not find one.
[1.289s] 
[1.289s]   Could not find a package configuration file provided by "eigen" with any of
[1.289s]   the following names:
[1.289s] 
[1.289s]     eigenConfig.cmake
[1.289s]     eigen-config.cmake
[1.289s] 
[1.289s]   Add the installation prefix of "eigen" to CMAKE_PREFIX_PATH or set
[1.289s]   "eigen_DIR" to a directory containing one of the above files.  If "eigen"
[1.289s]   provides a separate development package or SDK, be sure it has been
[1.289s]   installed.
[1.289s] 
[1.289s] 
[1.290s] -- Configuring incomplete, errors occurred!
[1.290s] See also "/home/propp/Independent_Study/ros_workspace/build/box_nav/CMakeFiles/CMakeOutput.log".
[1.290s] See also "/home/propp/Independent_Study/ros_workspace/build/box_nav/CMakeFiles/CMakeError.log".
[1.295s] make: *** [Makefile:266: cmake_check_build_system] Error 1
[1.296s] Invoked command in '/home/propp/Independent_Study/ros_workspace/build/box_nav' returned '2': CMAKE_PREFIX_PATH=${CMAKE_PREFIX_PATH}:/home/propp/Independent_Study/ros_workspace/install/nav2_gazebo_spawner:/opt/ros/foxy /usr/bin/cmake --build /home/propp/Independent_Study/ros_workspace/build/box_nav -- -j12 -l12
