[0.043s] Invoking command in '/home/propp/Independent_Study/ros_workspace/build/nav2_behavior_tree': AMENT_PREFIX_PATH=/home/propp/Independent_Study/ros_workspace/install/nav2_util:/home/propp/Independent_Study/ros_workspace/install/nav2_msgs:/home/propp/Independent_Study/ros_workspace/install/nav2_common:${AMENT_PREFIX_PATH} CMAKE_PREFIX_PATH=/home/propp/Independent_Study/ros_workspace/install/nav2_util:/home/propp/Independent_Study/ros_workspace/install/nav2_msgs:/home/propp/Independent_Study/ros_workspace/install/nav2_common:${CMAKE_PREFIX_PATH} LD_LIBRARY_PATH=/home/propp/Independent_Study/ros_workspace/install/nav2_util/lib:/home/propp/Independent_Study/ros_workspace/install/nav2_msgs/lib:${LD_LIBRARY_PATH} PYTHONPATH=/home/propp/Independent_Study/ros_workspace/install/nav2_msgs/lib/python3.8/site-packages:/home/propp/Independent_Study/ros_workspace/install/nav2_common/lib/python3.8/site-packages:${PYTHONPATH} /usr/bin/cmake /home/propp/Independent_Study/ros_workspace/src/navigation2/nav2_behavior_tree -DAMENT_CMAKE_SYMLINK_INSTALL=1 -DCMAKE_INSTALL_PREFIX=/home/propp/Independent_Study/ros_workspace/install/nav2_behavior_tree
[0.059s] -- Found ament_cmake: 0.9.7 (/home/propp/ros2_foxy/ros2-linux/share/ament_cmake/cmake)
[0.085s] -- Using PYTHON_EXECUTABLE: /usr/bin/python3
[0.301s] -- Override CMake install command with custom implementation using symlinks instead of copying resources
[0.310s] -- Found nav2_common: 0.4.5 (/home/propp/Independent_Study/ros_workspace/install/nav2_common/share/nav2_common/cmake)
[0.310s] -- Found rclcpp: 2.2.0 (/home/propp/ros2_foxy/ros2-linux/share/rclcpp/cmake)
[0.362s] -- Using all available rosidl_typesupport_c: rosidl_typesupport_connext_c;rosidl_typesupport_fastrtps_c;rosidl_typesupport_introspection_c
[0.382s] -- Found rosidl_adapter: 1.1.0 (/home/propp/ros2_foxy/ros2-linux/share/rosidl_adapter/cmake)
[0.385s] -- Found RTI Connext: /opt/rti.com/rti_connext_dds-5.3.1
[1.915s] -- Using all available rosidl_typesupport_cpp: rosidl_typesupport_connext_cpp;rosidl_typesupport_fastrtps_cpp;rosidl_typesupport_introspection_cpp
[1.987s] -- Found rmw_implementation_cmake: 1.0.1 (/home/propp/ros2_foxy/ros2-linux/share/rmw_implementation_cmake/cmake)
[1.989s] -- Using RMW implementation 'rmw_fastrtps_cpp' as default
[2.111s] -- Found rclcpp_action: 2.2.0 (/home/propp/ros2_foxy/ros2-linux/share/rclcpp_action/cmake)
[2.175s] -- Found rclcpp_lifecycle: 2.2.0 (/home/propp/ros2_foxy/ros2-linux/share/rclcpp_lifecycle/cmake)
[2.199s] -- Found geometry_msgs: 2.0.3 (/home/propp/ros2_foxy/ros2-linux/share/geometry_msgs/cmake)
[2.248s] -- Found sensor_msgs: 2.0.3 (/home/propp/ros2_foxy/ros2-linux/share/sensor_msgs/cmake)
[2.312s] -- Found nav2_msgs: 0.4.5 (/home/propp/Independent_Study/ros_workspace/install/nav2_msgs/share/nav2_msgs/cmake)
[2.723s] CMake Error at CMakeLists.txt:14 (find_package):
[2.723s]   By not providing "Findbehaviortree_cpp_v3.cmake" in CMAKE_MODULE_PATH this
[2.724s]   project has asked CMake to find a package configuration file provided by
[2.724s]   "behaviortree_cpp_v3", but CMake did not find one.
[2.724s] 
[2.724s]   Could not find a package configuration file provided by
[2.724s]   "behaviortree_cpp_v3" with any of the following names:
[2.724s] 
[2.724s]     behaviortree_cpp_v3Config.cmake
[2.724s]     behaviortree_cpp_v3-config.cmake
[2.724s] 
[2.724s]   Add the installation prefix of "behaviortree_cpp_v3" to CMAKE_PREFIX_PATH
[2.724s]   or set "behaviortree_cpp_v3_DIR" to a directory containing one of the above
[2.725s]   files.  If "behaviortree_cpp_v3" provides a separate development package or
[2.725s]   SDK, be sure it has been installed.
[2.725s] 
[2.725s] 
[2.725s] -- Configuring incomplete, errors occurred!
[2.726s] See also "/home/propp/Independent_Study/ros_workspace/build/nav2_behavior_tree/CMakeFiles/CMakeOutput.log".
[2.726s] See also "/home/propp/Independent_Study/ros_workspace/build/nav2_behavior_tree/CMakeFiles/CMakeError.log".
[2.734s] Invoked command in '/home/propp/Independent_Study/ros_workspace/build/nav2_behavior_tree' returned '1': AMENT_PREFIX_PATH=/home/propp/Independent_Study/ros_workspace/install/nav2_util:/home/propp/Independent_Study/ros_workspace/install/nav2_msgs:/home/propp/Independent_Study/ros_workspace/install/nav2_common:${AMENT_PREFIX_PATH} CMAKE_PREFIX_PATH=/home/propp/Independent_Study/ros_workspace/install/nav2_util:/home/propp/Independent_Study/ros_workspace/install/nav2_msgs:/home/propp/Independent_Study/ros_workspace/install/nav2_common:${CMAKE_PREFIX_PATH} LD_LIBRARY_PATH=/home/propp/Independent_Study/ros_workspace/install/nav2_util/lib:/home/propp/Independent_Study/ros_workspace/install/nav2_msgs/lib:${LD_LIBRARY_PATH} PYTHONPATH=/home/propp/Independent_Study/ros_workspace/install/nav2_msgs/lib/python3.8/site-packages:/home/propp/Independent_Study/ros_workspace/install/nav2_common/lib/python3.8/site-packages:${PYTHONPATH} /usr/bin/cmake /home/propp/Independent_Study/ros_workspace/src/navigation2/nav2_behavior_tree -DAMENT_CMAKE_SYMLINK_INSTALL=1 -DCMAKE_INSTALL_PREFIX=/home/propp/Independent_Study/ros_workspace/install/nav2_behavior_tree
