[0.221s] Invoking command in '/home/propp/Independent_Study/ros_workspace/build/nav2_gazebo_spawner': PYTHONPATH=/home/propp/Independent_Study/ros_workspace/install/nav2_gazebo_spawner/lib/python3.8/site-packages:${PYTHONPATH} /usr/bin/python3 setup.py develop --prefix /home/propp/Independent_Study/ros_workspace/install/nav2_gazebo_spawner --uninstall --editable --build-directory /home/propp/Independent_Study/ros_workspace/build/nav2_gazebo_spawner/build
[0.429s] running develop
[0.573s] Removing /home/propp/Independent_Study/ros_workspace/install/nav2_gazebo_spawner/lib/python3.8/site-packages/nav2-gazebo-spawner.egg-link (link to .)
[0.594s] Invoked command in '/home/propp/Independent_Study/ros_workspace/build/nav2_gazebo_spawner' returned '0': PYTHONPATH=/home/propp/Independent_Study/ros_workspace/install/nav2_gazebo_spawner/lib/python3.8/site-packages:${PYTHONPATH} /usr/bin/python3 setup.py develop --prefix /home/propp/Independent_Study/ros_workspace/install/nav2_gazebo_spawner --uninstall --editable --build-directory /home/propp/Independent_Study/ros_workspace/build/nav2_gazebo_spawner/build
[0.595s] Invoking command in '/home/propp/Independent_Study/ros_workspace/src/navigation2/nav2_bringup/nav2_gazebo_spawner': PYTHONPATH=/home/propp/Independent_Study/ros_workspace/install/nav2_gazebo_spawner/lib/python3.8/site-packages:${PYTHONPATH} /usr/bin/python3 setup.py egg_info --egg-base ../../../../build/nav2_gazebo_spawner build --build-base /home/propp/Independent_Study/ros_workspace/build/nav2_gazebo_spawner/build install --prefix /home/propp/Independent_Study/ros_workspace/install/nav2_gazebo_spawner --record /home/propp/Independent_Study/ros_workspace/build/nav2_gazebo_spawner/install.log --single-version-externally-managed
[0.789s] running egg_info
[0.790s] writing ../../../../build/nav2_gazebo_spawner/nav2_gazebo_spawner.egg-info/PKG-INFO
[0.790s] writing dependency_links to ../../../../build/nav2_gazebo_spawner/nav2_gazebo_spawner.egg-info/dependency_links.txt
[0.790s] writing entry points to ../../../../build/nav2_gazebo_spawner/nav2_gazebo_spawner.egg-info/entry_points.txt
[0.790s] writing requirements to ../../../../build/nav2_gazebo_spawner/nav2_gazebo_spawner.egg-info/requires.txt
[0.791s] writing top-level names to ../../../../build/nav2_gazebo_spawner/nav2_gazebo_spawner.egg-info/top_level.txt
[0.816s] reading manifest file '../../../../build/nav2_gazebo_spawner/nav2_gazebo_spawner.egg-info/SOURCES.txt'
[0.817s] writing manifest file '../../../../build/nav2_gazebo_spawner/nav2_gazebo_spawner.egg-info/SOURCES.txt'
[0.817s] running build
[0.817s] running build_py
[0.818s] creating /home/propp/Independent_Study/ros_workspace/build/nav2_gazebo_spawner/build
[0.818s] creating /home/propp/Independent_Study/ros_workspace/build/nav2_gazebo_spawner/build/lib
[0.818s] creating /home/propp/Independent_Study/ros_workspace/build/nav2_gazebo_spawner/build/lib/nav2_gazebo_spawner
[0.818s] copying nav2_gazebo_spawner/nav2_gazebo_spawner.py -> /home/propp/Independent_Study/ros_workspace/build/nav2_gazebo_spawner/build/lib/nav2_gazebo_spawner
[0.818s] copying nav2_gazebo_spawner/__init__.py -> /home/propp/Independent_Study/ros_workspace/build/nav2_gazebo_spawner/build/lib/nav2_gazebo_spawner
[0.818s] running install
[0.818s] running install_lib
[0.819s] creating /home/propp/Independent_Study/ros_workspace/install/nav2_gazebo_spawner/lib/python3.8/site-packages/nav2_gazebo_spawner
[0.819s] copying /home/propp/Independent_Study/ros_workspace/build/nav2_gazebo_spawner/build/lib/nav2_gazebo_spawner/nav2_gazebo_spawner.py -> /home/propp/Independent_Study/ros_workspace/install/nav2_gazebo_spawner/lib/python3.8/site-packages/nav2_gazebo_spawner
[0.819s] copying /home/propp/Independent_Study/ros_workspace/build/nav2_gazebo_spawner/build/lib/nav2_gazebo_spawner/__init__.py -> /home/propp/Independent_Study/ros_workspace/install/nav2_gazebo_spawner/lib/python3.8/site-packages/nav2_gazebo_spawner
[0.819s] byte-compiling /home/propp/Independent_Study/ros_workspace/install/nav2_gazebo_spawner/lib/python3.8/site-packages/nav2_gazebo_spawner/nav2_gazebo_spawner.py to nav2_gazebo_spawner.cpython-38.pyc
[0.821s] byte-compiling /home/propp/Independent_Study/ros_workspace/install/nav2_gazebo_spawner/lib/python3.8/site-packages/nav2_gazebo_spawner/__init__.py to __init__.cpython-38.pyc
[0.821s] running install_data
[0.821s] running install_egg_info
[0.823s] Copying ../../../../build/nav2_gazebo_spawner/nav2_gazebo_spawner.egg-info to /home/propp/Independent_Study/ros_workspace/install/nav2_gazebo_spawner/lib/python3.8/site-packages/nav2_gazebo_spawner-0.3.0-py3.8.egg-info
[0.823s] running install_scripts
[0.838s] Installing nav2_gazebo_spawner script to /home/propp/Independent_Study/ros_workspace/install/nav2_gazebo_spawner/lib/nav2_gazebo_spawner
[0.839s] writing list of installed files to '/home/propp/Independent_Study/ros_workspace/build/nav2_gazebo_spawner/install.log'
[0.865s] Invoked command in '/home/propp/Independent_Study/ros_workspace/src/navigation2/nav2_bringup/nav2_gazebo_spawner' returned '0': PYTHONPATH=/home/propp/Independent_Study/ros_workspace/install/nav2_gazebo_spawner/lib/python3.8/site-packages:${PYTHONPATH} /usr/bin/python3 setup.py egg_info --egg-base ../../../../build/nav2_gazebo_spawner build --build-base /home/propp/Independent_Study/ros_workspace/build/nav2_gazebo_spawner/build install --prefix /home/propp/Independent_Study/ros_workspace/install/nav2_gazebo_spawner --record /home/propp/Independent_Study/ros_workspace/build/nav2_gazebo_spawner/install.log --single-version-externally-managed
