[0.012s] Invoking command in '/home/propp/Independent_Study/first_ros_package/src/first_ros_package/build/first_ros_package': CMAKE_PREFIX_PATH=${CMAKE_PREFIX_PATH}:/home/propp/Independent_Study/src/Test_Ros/install/my_package /usr/bin/cmake --build /home/propp/Independent_Study/first_ros_package/src/first_ros_package/build/first_ros_package -- -j12 -l12
[0.066s] [100%] Built target talker
[0.075s] Invoked command in '/home/propp/Independent_Study/first_ros_package/src/first_ros_package/build/first_ros_package' returned '0': CMAKE_PREFIX_PATH=${CMAKE_PREFIX_PATH}:/home/propp/Independent_Study/src/Test_Ros/install/my_package /usr/bin/cmake --build /home/propp/Independent_Study/first_ros_package/src/first_ros_package/build/first_ros_package -- -j12 -l12
[0.105s] Invoking command in '/home/propp/Independent_Study/first_ros_package/src/first_ros_package/build/first_ros_package': CMAKE_PREFIX_PATH=${CMAKE_PREFIX_PATH}:/home/propp/Independent_Study/src/Test_Ros/install/my_package /usr/bin/cmake --install /home/propp/Independent_Study/first_ros_package/src/first_ros_package/build/first_ros_package
[0.112s] -- Install configuration: ""
[0.112s] -- Up-to-date: /home/propp/Independent_Study/first_ros_package/src/first_ros_package/install/first_ros_package/lib/first_ros_package/talker
[0.112s] -- Up-to-date: /home/propp/Independent_Study/first_ros_package/src/first_ros_package/install/first_ros_package/share/ament_index/resource_index/package_run_dependencies/first_ros_package
[0.112s] -- Up-to-date: /home/propp/Independent_Study/first_ros_package/src/first_ros_package/install/first_ros_package/share/ament_index/resource_index/parent_prefix_path/first_ros_package
[0.112s] -- Up-to-date: /home/propp/Independent_Study/first_ros_package/src/first_ros_package/install/first_ros_package/share/first_ros_package/environment/ament_prefix_path.sh
[0.112s] -- Up-to-date: /home/propp/Independent_Study/first_ros_package/src/first_ros_package/install/first_ros_package/share/first_ros_package/environment/ament_prefix_path.dsv
[0.113s] -- Up-to-date: /home/propp/Independent_Study/first_ros_package/src/first_ros_package/install/first_ros_package/share/first_ros_package/environment/path.sh
[0.113s] -- Up-to-date: /home/propp/Independent_Study/first_ros_package/src/first_ros_package/install/first_ros_package/share/first_ros_package/environment/path.dsv
[0.113s] -- Up-to-date: /home/propp/Independent_Study/first_ros_package/src/first_ros_package/install/first_ros_package/share/first_ros_package/local_setup.bash
[0.113s] -- Up-to-date: /home/propp/Independent_Study/first_ros_package/src/first_ros_package/install/first_ros_package/share/first_ros_package/local_setup.sh
[0.113s] -- Up-to-date: /home/propp/Independent_Study/first_ros_package/src/first_ros_package/install/first_ros_package/share/first_ros_package/local_setup.zsh
[0.113s] -- Up-to-date: /home/propp/Independent_Study/first_ros_package/src/first_ros_package/install/first_ros_package/share/first_ros_package/local_setup.dsv
[0.113s] -- Installing: /home/propp/Independent_Study/first_ros_package/src/first_ros_package/install/first_ros_package/share/first_ros_package/package.dsv
[0.113s] -- Up-to-date: /home/propp/Independent_Study/first_ros_package/src/first_ros_package/install/first_ros_package/share/ament_index/resource_index/packages/first_ros_package
[0.113s] -- Up-to-date: /home/propp/Independent_Study/first_ros_package/src/first_ros_package/install/first_ros_package/share/first_ros_package/cmake/first_ros_packageConfig.cmake
[0.113s] -- Up-to-date: /home/propp/Independent_Study/first_ros_package/src/first_ros_package/install/first_ros_package/share/first_ros_package/cmake/first_ros_packageConfig-version.cmake
[0.113s] -- Up-to-date: /home/propp/Independent_Study/first_ros_package/src/first_ros_package/install/first_ros_package/share/first_ros_package/package.xml
[0.115s] Invoked command in '/home/propp/Independent_Study/first_ros_package/src/first_ros_package/build/first_ros_package' returned '0': CMAKE_PREFIX_PATH=${CMAKE_PREFIX_PATH}:/home/propp/Independent_Study/src/Test_Ros/install/my_package /usr/bin/cmake --install /home/propp/Independent_Study/first_ros_package/src/first_ros_package/build/first_ros_package
