[0.012s] Invoking command in '/home/propp/Independent_Study/ros_workspace/build/nav2_voxel_grid': AMENT_PREFIX_PATH=/home/propp/Independent_Study/ros_workspace/install/nav2_common:${AMENT_PREFIX_PATH} CMAKE_PREFIX_PATH=/home/propp/Independent_Study/ros_workspace/install/nav2_common:/home/propp/Independent_Study/first_ros_package/src/first_ros_package/install/first_ros_package:/home/propp/ros2_foxy/ros2-linux:/home/propp/Independent_Study/src/Test_Ros/install/my_package PYTHONPATH=/home/propp/Independent_Study/ros_workspace/install/nav2_common/lib/python3.8/site-packages:${PYTHONPATH} /usr/bin/cmake /home/propp/Independent_Study/ros_workspace/src/navigation2/nav2_voxel_grid -DAMENT_CMAKE_SYMLINK_INSTALL=1 -DCMAKE_INSTALL_PREFIX=/home/propp/Independent_Study/ros_workspace/install/nav2_voxel_grid
[0.057s] -- The C compiler identification is GNU 9.3.0
[0.116s] -- The CXX compiler identification is GNU 9.3.0
[0.122s] -- Check for working C compiler: /usr/bin/cc
[0.182s] -- Check for working C compiler: /usr/bin/cc -- works
[0.183s] -- Detecting C compiler ABI info
[0.238s] -- Detecting C compiler ABI info - done
[0.248s] -- Detecting C compile features
[0.248s] -- Detecting C compile features - done
[0.251s] -- Check for working CXX compiler: /usr/bin/c++
[0.325s] -- Check for working CXX compiler: /usr/bin/c++ -- works
[0.325s] -- Detecting CXX compiler ABI info
[0.393s] -- Detecting CXX compiler ABI info - done
[0.409s] -- Detecting CXX compile features
[0.410s] -- Detecting CXX compile features - done
[0.413s] -- Found ament_cmake: 0.9.7 (/home/propp/ros2_foxy/ros2-linux/share/ament_cmake/cmake)
[0.434s] -- Found PythonInterp: /usr/bin/python3 (found suitable version "3.8.5", minimum required is "3") 
[0.434s] -- Using PYTHON_EXECUTABLE: /usr/bin/python3
[0.574s] -- Override CMake install command with custom implementation using symlinks instead of copying resources
[0.599s] -- Found nav2_common: 0.4.5 (/home/propp/Independent_Study/ros_workspace/install/nav2_common/share/nav2_common/cmake)
[0.600s] -- Found rclcpp: 2.2.0 (/home/propp/ros2_foxy/ros2-linux/share/rclcpp/cmake)
[0.628s] -- Using all available rosidl_typesupport_c: rosidl_typesupport_connext_c;rosidl_typesupport_fastrtps_c;rosidl_typesupport_introspection_c
[0.634s] -- Found rosidl_adapter: 1.1.0 (/home/propp/ros2_foxy/ros2-linux/share/rosidl_adapter/cmake)
[0.639s] -- Found RTI Connext: /opt/rti.com/rti_connext_dds-5.3.1
[1.516s] -- Found OpenSSL: /usr/lib/x86_64-linux-gnu/libcrypto.so (found version "1.1.1f")  
[1.535s] -- Found FastRTPS: /home/propp/ros2_foxy/ros2-linux/include  
[1.592s] -- Using all available rosidl_typesupport_cpp: rosidl_typesupport_connext_cpp;rosidl_typesupport_fastrtps_cpp;rosidl_typesupport_introspection_cpp
[1.638s] -- Found rmw_implementation_cmake: 1.0.1 (/home/propp/ros2_foxy/ros2-linux/share/rmw_implementation_cmake/cmake)
[1.639s] -- Using RMW implementation 'rmw_fastrtps_cpp' as default
[1.640s] -- Looking for pthread.h
[1.709s] -- Looking for pthread.h - found
[1.709s] -- Performing Test CMAKE_HAVE_LIBC_PTHREAD
[1.774s] -- Performing Test CMAKE_HAVE_LIBC_PTHREAD - Failed
[1.774s] -- Looking for pthread_create in pthreads
[1.829s] -- Looking for pthread_create in pthreads - not found
[1.829s] -- Looking for pthread_create in pthread
[1.890s] -- Looking for pthread_create in pthread - found
[1.891s] -- Found Threads: TRUE  
[1.975s] -- Setting build type to Release as none was specified.
[1.977s] -- Found ament_lint_auto: 0.9.5 (/home/propp/ros2_foxy/ros2-linux/share/ament_lint_auto/cmake)
[2.068s] -- Found gtest sources under '/home/propp/ros2_foxy/ros2-linux/src/gtest_vendor': C++ tests using 'Google Test' will be built
[2.071s] -- Check if compiler accepts -pthread
[2.155s] -- Check if compiler accepts -pthread - yes
[2.162s] -- Added test 'cppcheck' to perform static code analysis on C / C++ code
[2.162s] -- Configured cppcheck include dirs: /home/propp/Independent_Study/ros_workspace/src/navigation2/nav2_voxel_grid/include
[2.163s] -- Configured cppcheck exclude dirs and/or files: 
[2.163s] -- Added test 'cpplint' to check C / C++ code against the Google style
[2.163s] -- Configured cpplint exclude dirs and/or files: 
[2.164s] -- Added test 'lint_cmake' to check CMake code style
[2.165s] -- Added test 'uncrustify' to check C / C++ code style
[2.165s] -- Configured uncrustify additional arguments: 
[2.165s] -- Added test 'xmllint' to check XML markup files
[2.170s] -- Configuring done
[2.180s] -- Generating done
[2.182s] -- Build files have been written to: /home/propp/Independent_Study/ros_workspace/build/nav2_voxel_grid
[2.190s] Invoked command in '/home/propp/Independent_Study/ros_workspace/build/nav2_voxel_grid' returned '0': AMENT_PREFIX_PATH=/home/propp/Independent_Study/ros_workspace/install/nav2_common:${AMENT_PREFIX_PATH} CMAKE_PREFIX_PATH=/home/propp/Independent_Study/ros_workspace/install/nav2_common:/home/propp/Independent_Study/first_ros_package/src/first_ros_package/install/first_ros_package:/home/propp/ros2_foxy/ros2-linux:/home/propp/Independent_Study/src/Test_Ros/install/my_package PYTHONPATH=/home/propp/Independent_Study/ros_workspace/install/nav2_common/lib/python3.8/site-packages:${PYTHONPATH} /usr/bin/cmake /home/propp/Independent_Study/ros_workspace/src/navigation2/nav2_voxel_grid -DAMENT_CMAKE_SYMLINK_INSTALL=1 -DCMAKE_INSTALL_PREFIX=/home/propp/Independent_Study/ros_workspace/install/nav2_voxel_grid
[2.193s] Invoking command in '/home/propp/Independent_Study/ros_workspace/build/nav2_voxel_grid': AMENT_PREFIX_PATH=/home/propp/Independent_Study/ros_workspace/install/nav2_common:${AMENT_PREFIX_PATH} CMAKE_PREFIX_PATH=/home/propp/Independent_Study/ros_workspace/install/nav2_common:/home/propp/Independent_Study/first_ros_package/src/first_ros_package/install/first_ros_package:/home/propp/ros2_foxy/ros2-linux:/home/propp/Independent_Study/src/Test_Ros/install/my_package PYTHONPATH=/home/propp/Independent_Study/ros_workspace/install/nav2_common/lib/python3.8/site-packages:${PYTHONPATH} /usr/bin/cmake --build /home/propp/Independent_Study/ros_workspace/build/nav2_voxel_grid -- -j12 -l12
[2.235s] [35m[1mScanning dependencies of target gtest[0m
[2.241s] [35m[1mScanning dependencies of target gtest_main[0m
[2.243s] [35m[1mScanning dependencies of target voxel_grid[0m
[2.264s] [ 12%] [32mBuilding CXX object gtest/CMakeFiles/gtest.dir/src/gtest-all.cc.o[0m
[2.265s] [ 25%] [32mBuilding CXX object gtest/CMakeFiles/gtest_main.dir/src/gtest_main.cc.o[0m
[2.286s] [ 37%] [32mBuilding CXX object CMakeFiles/voxel_grid.dir/src/voxel_grid.cpp.o[0m
[3.119s] [ 50%] [32m[1mLinking CXX static library libgtest_main.a[0m
[3.272s] [ 50%] Built target gtest_main
[4.882s] [ 62%] [32m[1mLinking CXX shared library libvoxel_grid.so[0m
[5.063s] [ 62%] Built target voxel_grid
[12.112s] [ 75%] [32m[1mLinking CXX static library libgtest.a[0m
[12.264s] [ 75%] Built target gtest
[12.383s] [35m[1mScanning dependencies of target voxel_grid_tests[0m
[12.568s] [ 87%] [32mBuilding CXX object test/CMakeFiles/voxel_grid_tests.dir/voxel_grid_tests.cpp.o[0m
[16.973s] [100%] [32m[1mLinking CXX executable voxel_grid_tests[0m
[17.260s] [100%] Built target voxel_grid_tests
[17.296s] Invoked command in '/home/propp/Independent_Study/ros_workspace/build/nav2_voxel_grid' returned '0': AMENT_PREFIX_PATH=/home/propp/Independent_Study/ros_workspace/install/nav2_common:${AMENT_PREFIX_PATH} CMAKE_PREFIX_PATH=/home/propp/Independent_Study/ros_workspace/install/nav2_common:/home/propp/Independent_Study/first_ros_package/src/first_ros_package/install/first_ros_package:/home/propp/ros2_foxy/ros2-linux:/home/propp/Independent_Study/src/Test_Ros/install/my_package PYTHONPATH=/home/propp/Independent_Study/ros_workspace/install/nav2_common/lib/python3.8/site-packages:${PYTHONPATH} /usr/bin/cmake --build /home/propp/Independent_Study/ros_workspace/build/nav2_voxel_grid -- -j12 -l12
[17.549s] Invoking command in '/home/propp/Independent_Study/ros_workspace/build/nav2_voxel_grid': AMENT_PREFIX_PATH=/home/propp/Independent_Study/ros_workspace/install/nav2_common:${AMENT_PREFIX_PATH} CMAKE_PREFIX_PATH=/home/propp/Independent_Study/ros_workspace/install/nav2_common:/home/propp/Independent_Study/first_ros_package/src/first_ros_package/install/first_ros_package:/home/propp/ros2_foxy/ros2-linux:/home/propp/Independent_Study/src/Test_Ros/install/my_package PYTHONPATH=/home/propp/Independent_Study/ros_workspace/install/nav2_common/lib/python3.8/site-packages:${PYTHONPATH} /usr/bin/cmake --install /home/propp/Independent_Study/ros_workspace/build/nav2_voxel_grid
[17.600s] -- Install configuration: "Release"
[17.601s] -- Execute custom install script
[17.601s] -- Symlinking: /home/propp/Independent_Study/ros_workspace/install/nav2_voxel_grid/lib/libvoxel_grid.so
[17.633s] -- Symlinking: /home/propp/Independent_Study/ros_workspace/install/nav2_voxel_grid/include/nav2_voxel_grid/voxel_grid.hpp
[17.668s] -- Symlinking: /home/propp/Independent_Study/ros_workspace/install/nav2_voxel_grid/share/nav2_voxel_grid/environment/library_path.sh
[17.702s] -- Symlinking: /home/propp/Independent_Study/ros_workspace/install/nav2_voxel_grid/share/nav2_voxel_grid/environment/library_path.dsv
[17.725s] -- Symlinking: /home/propp/Independent_Study/ros_workspace/install/nav2_voxel_grid/share/ament_index/resource_index/package_run_dependencies/nav2_voxel_grid
[17.739s] -- Symlinking: /home/propp/Independent_Study/ros_workspace/install/nav2_voxel_grid/share/ament_index/resource_index/parent_prefix_path/nav2_voxel_grid
[17.759s] -- Symlinking: /home/propp/Independent_Study/ros_workspace/install/nav2_voxel_grid/share/nav2_voxel_grid/environment/ament_prefix_path.sh
[17.771s] -- Symlinking: /home/propp/Independent_Study/ros_workspace/install/nav2_voxel_grid/share/nav2_voxel_grid/environment/ament_prefix_path.dsv
[17.789s] -- Symlinking: /home/propp/Independent_Study/ros_workspace/install/nav2_voxel_grid/share/nav2_voxel_grid/environment/path.sh
[17.803s] -- Symlinking: /home/propp/Independent_Study/ros_workspace/install/nav2_voxel_grid/share/nav2_voxel_grid/environment/path.dsv
[17.815s] -- Symlinking: /home/propp/Independent_Study/ros_workspace/install/nav2_voxel_grid/share/nav2_voxel_grid/local_setup.bash
[17.827s] -- Symlinking: /home/propp/Independent_Study/ros_workspace/install/nav2_voxel_grid/share/nav2_voxel_grid/local_setup.sh
[17.838s] -- Symlinking: /home/propp/Independent_Study/ros_workspace/install/nav2_voxel_grid/share/nav2_voxel_grid/local_setup.zsh
[17.849s] -- Symlinking: /home/propp/Independent_Study/ros_workspace/install/nav2_voxel_grid/share/nav2_voxel_grid/local_setup.dsv
[17.860s] -- Symlinking: /home/propp/Independent_Study/ros_workspace/install/nav2_voxel_grid/share/nav2_voxel_grid/package.dsv
[17.871s] -- Symlinking: /home/propp/Independent_Study/ros_workspace/install/nav2_voxel_grid/share/ament_index/resource_index/packages/nav2_voxel_grid
[17.882s] -- Symlinking: /home/propp/Independent_Study/ros_workspace/install/nav2_voxel_grid/share/nav2_voxel_grid/cmake/ament_cmake_export_dependencies-extras.cmake
[17.894s] -- Symlinking: /home/propp/Independent_Study/ros_workspace/install/nav2_voxel_grid/share/nav2_voxel_grid/cmake/ament_cmake_export_include_directories-extras.cmake
[17.905s] -- Symlinking: /home/propp/Independent_Study/ros_workspace/install/nav2_voxel_grid/share/nav2_voxel_grid/cmake/ament_cmake_export_libraries-extras.cmake
[17.916s] -- Symlinking: /home/propp/Independent_Study/ros_workspace/install/nav2_voxel_grid/share/nav2_voxel_grid/cmake/nav2_voxel_gridConfig.cmake
[17.927s] -- Symlinking: /home/propp/Independent_Study/ros_workspace/install/nav2_voxel_grid/share/nav2_voxel_grid/cmake/nav2_voxel_gridConfig-version.cmake
[17.938s] -- Symlinking: /home/propp/Independent_Study/ros_workspace/install/nav2_voxel_grid/share/nav2_voxel_grid/package.xml
[17.957s] Invoked command in '/home/propp/Independent_Study/ros_workspace/build/nav2_voxel_grid' returned '0': AMENT_PREFIX_PATH=/home/propp/Independent_Study/ros_workspace/install/nav2_common:${AMENT_PREFIX_PATH} CMAKE_PREFIX_PATH=/home/propp/Independent_Study/ros_workspace/install/nav2_common:/home/propp/Independent_Study/first_ros_package/src/first_ros_package/install/first_ros_package:/home/propp/ros2_foxy/ros2-linux:/home/propp/Independent_Study/src/Test_Ros/install/my_package PYTHONPATH=/home/propp/Independent_Study/ros_workspace/install/nav2_common/lib/python3.8/site-packages:${PYTHONPATH} /usr/bin/cmake --install /home/propp/Independent_Study/ros_workspace/build/nav2_voxel_grid
