[0.206s] Invoking command in '/home/propp/Independent_Study/ros_workspace/build/pointcloud_to_laserscan': /usr/bin/cmake /home/propp/Independent_Study/ros_workspace/src/pointcloud_to_laserscan -DCMAKE_INSTALL_PREFIX=/home/propp/Independent_Study/ros_workspace/install/pointcloud_to_laserscan
[0.257s] -- The C compiler identification is GNU 9.3.0
[0.304s] -- The CXX compiler identification is GNU 9.3.0
[0.307s] -- Check for working C compiler: /usr/bin/cc
[0.374s] -- Check for working C compiler: /usr/bin/cc -- works
[0.375s] -- Detecting C compiler ABI info
[0.450s] -- Detecting C compiler ABI info - done
[0.470s] -- Detecting C compile features
[0.471s] -- Detecting C compile features - done
[0.471s] -- Check for working CXX compiler: /usr/bin/c++
[0.547s] -- Check for working CXX compiler: /usr/bin/c++ -- works
[0.548s] -- Detecting CXX compiler ABI info
[0.620s] -- Detecting CXX compiler ABI info - done
[0.630s] -- Detecting CXX compile features
[0.630s] -- Detecting CXX compile features - done
[0.632s] -- Found ament_cmake: 0.9.7 (/home/propp/ros2_foxy/ros2-linux/share/ament_cmake/cmake)
[0.650s] -- Found PythonInterp: /usr/bin/python3 (found suitable version "3.8.5", minimum required is "3") 
[0.650s] -- Using PYTHON_EXECUTABLE: /usr/bin/python3
[0.820s] -- Found laser_geometry: 2.2.0 (/home/propp/ros2_foxy/ros2-linux/share/laser_geometry/cmake)
[0.828s] -- Found message_filters: 3.2.4 (/home/propp/ros2_foxy/ros2-linux/share/message_filters/cmake)
[0.830s] -- Found rclcpp: 2.2.0 (/home/propp/ros2_foxy/ros2-linux/share/rclcpp/cmake)
[0.853s] -- Using all available rosidl_typesupport_c: rosidl_typesupport_connext_c;rosidl_typesupport_fastrtps_c;rosidl_typesupport_introspection_c
[0.858s] -- Found rosidl_adapter: 1.1.0 (/home/propp/ros2_foxy/ros2-linux/share/rosidl_adapter/cmake)
[0.862s] -- Found RTI Connext: /opt/rti.com/rti_connext_dds-5.3.1
[1.810s] -- Found OpenSSL: /usr/lib/x86_64-linux-gnu/libcrypto.so (found version "1.1.1f")  
[1.828s] -- Found FastRTPS: /home/propp/ros2_foxy/ros2-linux/include  
[1.884s] -- Using all available rosidl_typesupport_cpp: rosidl_typesupport_connext_cpp;rosidl_typesupport_fastrtps_cpp;rosidl_typesupport_introspection_cpp
[1.933s] -- Found rmw_implementation_cmake: 1.0.1 (/home/propp/ros2_foxy/ros2-linux/share/rmw_implementation_cmake/cmake)
[1.934s] -- Using RMW implementation 'rmw_fastrtps_cpp' as default
[1.935s] -- Looking for pthread.h
[2.010s] -- Looking for pthread.h - found
[2.010s] -- Performing Test CMAKE_HAVE_LIBC_PTHREAD
[2.080s] -- Performing Test CMAKE_HAVE_LIBC_PTHREAD - Failed
[2.080s] -- Looking for pthread_create in pthreads
[2.136s] -- Looking for pthread_create in pthreads - not found
[2.136s] -- Looking for pthread_create in pthread
[2.206s] -- Looking for pthread_create in pthread - found
[2.207s] -- Found Threads: TRUE  
[2.296s] -- Found rclcpp_components: 2.2.0 (/home/propp/ros2_foxy/ros2-linux/share/rclcpp_components/cmake)
[2.350s] -- Found sensor_msgs: 2.0.3 (/home/propp/ros2_foxy/ros2-linux/share/sensor_msgs/cmake)
[2.480s] -- Found tf2: 0.13.5 (/home/propp/ros2_foxy/ros2-linux/share/tf2/cmake)
[2.490s] -- Found tf2_ros: 0.13.5 (/home/propp/ros2_foxy/ros2-linux/share/tf2_ros/cmake)
[2.800s] -- Found tf2_sensor_msgs: 0.13.5 (/home/propp/ros2_foxy/ros2-linux/share/tf2_sensor_msgs/cmake)
[2.840s] -- Found ament_lint_auto: 0.9.5 (/home/propp/ros2_foxy/ros2-linux/share/ament_lint_auto/cmake)
[2.907s] -- Added test 'cppcheck' to perform static code analysis on C / C++ code
[2.907s] -- Configured cppcheck include dirs: /home/propp/Independent_Study/ros_workspace/src/pointcloud_to_laserscan/include
[2.907s] -- Configured cppcheck exclude dirs and/or files: 
[2.911s] -- Added test 'cpplint' to check C / C++ code against the Google style
[2.911s] -- Configured cpplint exclude dirs and/or files: 
[2.912s] -- Added test 'flake8' to check Python code syntax and style conventions
[2.913s] -- Added test 'lint_cmake' to check CMake code style
[2.914s] -- Added test 'pep257' to check Python code against some of the style conventions in PEP 257
[2.917s] -- Added test 'uncrustify' to check C / C++ code style
[2.917s] -- Configured uncrustify additional arguments: 
[2.918s] -- Added test 'xmllint' to check XML markup files
[2.922s] -- Configuring done
[2.953s] -- Generating done
[2.955s] -- Build files have been written to: /home/propp/Independent_Study/ros_workspace/build/pointcloud_to_laserscan
[2.966s] Invoked command in '/home/propp/Independent_Study/ros_workspace/build/pointcloud_to_laserscan' returned '0': /usr/bin/cmake /home/propp/Independent_Study/ros_workspace/src/pointcloud_to_laserscan -DCMAKE_INSTALL_PREFIX=/home/propp/Independent_Study/ros_workspace/install/pointcloud_to_laserscan
[2.967s] Invoking command in '/home/propp/Independent_Study/ros_workspace/build/pointcloud_to_laserscan': /usr/bin/cmake --build /home/propp/Independent_Study/ros_workspace/build/pointcloud_to_laserscan -- -j12 -l12
[3.006s] [35m[1mScanning dependencies of target pointcloud_to_laserscan_node[0m
[3.007s] [35m[1mScanning dependencies of target laserscan_to_pointcloud_node[0m
[3.007s] [35m[1mScanning dependencies of target laserscan_to_pointcloud[0m
[3.007s] [35m[1mScanning dependencies of target pointcloud_to_laserscan[0m
[3.007s] [35m[1mScanning dependencies of target dummy_pointcloud_publisher[0m
[3.043s] [ 10%] [32mBuilding CXX object CMakeFiles/pointcloud_to_laserscan_node.dir/rclcpp_components/node_main_pointcloud_to_laserscan_node.cpp.o[0m
[3.045s] [ 20%] [32mBuilding CXX object CMakeFiles/laserscan_to_pointcloud_node.dir/rclcpp_components/node_main_laserscan_to_pointcloud_node.cpp.o[0m
[3.054s] [ 30%] [32mBuilding CXX object CMakeFiles/dummy_pointcloud_publisher.dir/src/dummy_pointcloud_publisher.cpp.o[0m
[3.094s] [ 40%] [32mBuilding CXX object CMakeFiles/pointcloud_to_laserscan.dir/src/pointcloud_to_laserscan_node.cpp.o[0m
[3.099s] [ 50%] [32mBuilding CXX object CMakeFiles/laserscan_to_pointcloud.dir/src/laserscan_to_pointcloud_node.cpp.o[0m
[5.510s] [ 60%] [32m[1mLinking CXX executable laserscan_to_pointcloud_node[0m
[5.556s] [ 70%] [32m[1mLinking CXX executable pointcloud_to_laserscan_node[0m
[5.730s] [ 70%] Built target laserscan_to_pointcloud_node
[5.745s] [ 70%] Built target pointcloud_to_laserscan_node
[6.978s] [ 80%] [32m[1mLinking CXX executable dummy_pointcloud_publisher[0m
[7.170s] [ 80%] Built target dummy_pointcloud_publisher
[12.022s] [ 90%] [32m[1mLinking CXX shared library liblaserscan_to_pointcloud.so[0m
[12.377s] [100%] [32m[1mLinking CXX shared library libpointcloud_to_laserscan.so[0m
[12.479s] [100%] Built target laserscan_to_pointcloud
[12.775s] [100%] Built target pointcloud_to_laserscan
[12.784s] Invoked command in '/home/propp/Independent_Study/ros_workspace/build/pointcloud_to_laserscan' returned '0': /usr/bin/cmake --build /home/propp/Independent_Study/ros_workspace/build/pointcloud_to_laserscan -- -j12 -l12
[12.813s] Invoking command in '/home/propp/Independent_Study/ros_workspace/build/pointcloud_to_laserscan': /usr/bin/cmake --install /home/propp/Independent_Study/ros_workspace/build/pointcloud_to_laserscan
[12.820s] -- Install configuration: ""
[12.820s] -- Installing: /home/propp/Independent_Study/ros_workspace/install/pointcloud_to_laserscan/lib/pointcloud_to_laserscan/laserscan_to_pointcloud_node
[12.821s] -- Set runtime path of "/home/propp/Independent_Study/ros_workspace/install/pointcloud_to_laserscan/lib/pointcloud_to_laserscan/laserscan_to_pointcloud_node" to ""
[12.821s] -- Installing: /home/propp/Independent_Study/ros_workspace/install/pointcloud_to_laserscan/lib/pointcloud_to_laserscan/pointcloud_to_laserscan_node
[12.821s] -- Set runtime path of "/home/propp/Independent_Study/ros_workspace/install/pointcloud_to_laserscan/lib/pointcloud_to_laserscan/pointcloud_to_laserscan_node" to ""
[12.821s] -- Installing: /home/propp/Independent_Study/ros_workspace/install/pointcloud_to_laserscan/lib/liblaserscan_to_pointcloud.so
[12.825s] -- Set runtime path of "/home/propp/Independent_Study/ros_workspace/install/pointcloud_to_laserscan/lib/liblaserscan_to_pointcloud.so" to ""
[12.825s] -- Installing: /home/propp/Independent_Study/ros_workspace/install/pointcloud_to_laserscan/lib/libpointcloud_to_laserscan.so
[12.829s] -- Set runtime path of "/home/propp/Independent_Study/ros_workspace/install/pointcloud_to_laserscan/lib/libpointcloud_to_laserscan.so" to ""
[12.829s] -- Installing: /home/propp/Independent_Study/ros_workspace/install/pointcloud_to_laserscan/lib/pointcloud_to_laserscan/dummy_pointcloud_publisher
[12.830s] -- Set runtime path of "/home/propp/Independent_Study/ros_workspace/install/pointcloud_to_laserscan/lib/pointcloud_to_laserscan/dummy_pointcloud_publisher" to ""
[12.830s] -- Installing: /home/propp/Independent_Study/ros_workspace/install/pointcloud_to_laserscan/include/include
[12.830s] -- Installing: /home/propp/Independent_Study/ros_workspace/install/pointcloud_to_laserscan/include/include/pointcloud_to_laserscan
[12.830s] -- Installing: /home/propp/Independent_Study/ros_workspace/install/pointcloud_to_laserscan/include/include/pointcloud_to_laserscan/pointcloud_to_laserscan_node.hpp
[12.830s] -- Installing: /home/propp/Independent_Study/ros_workspace/install/pointcloud_to_laserscan/include/include/pointcloud_to_laserscan/laserscan_to_pointcloud_node.hpp
[12.830s] -- Installing: /home/propp/Independent_Study/ros_workspace/install/pointcloud_to_laserscan/include/include/pointcloud_to_laserscan/visibility_control.h
[12.830s] -- Installing: /home/propp/Independent_Study/ros_workspace/install/pointcloud_to_laserscan/share/pointcloud_to_laserscan/launch
[12.831s] -- Installing: /home/propp/Independent_Study/ros_workspace/install/pointcloud_to_laserscan/share/pointcloud_to_laserscan/launch/sample_laserscan_to_pointcloud_launch.py
[12.831s] -- Installing: /home/propp/Independent_Study/ros_workspace/install/pointcloud_to_laserscan/share/pointcloud_to_laserscan/launch/sample_pointcloud_to_laserscan_launch.py
[12.831s] -- Installing: /home/propp/Independent_Study/ros_workspace/install/pointcloud_to_laserscan/share/ament_index/resource_index/package_run_dependencies/pointcloud_to_laserscan
[12.831s] -- Installing: /home/propp/Independent_Study/ros_workspace/install/pointcloud_to_laserscan/share/ament_index/resource_index/parent_prefix_path/pointcloud_to_laserscan
[12.831s] -- Installing: /home/propp/Independent_Study/ros_workspace/install/pointcloud_to_laserscan/share/pointcloud_to_laserscan/environment/ament_prefix_path.sh
[12.831s] -- Installing: /home/propp/Independent_Study/ros_workspace/install/pointcloud_to_laserscan/share/pointcloud_to_laserscan/environment/ament_prefix_path.dsv
[12.831s] -- Installing: /home/propp/Independent_Study/ros_workspace/install/pointcloud_to_laserscan/share/pointcloud_to_laserscan/environment/path.sh
[12.832s] -- Installing: /home/propp/Independent_Study/ros_workspace/install/pointcloud_to_laserscan/share/pointcloud_to_laserscan/environment/path.dsv
[12.832s] -- Installing: /home/propp/Independent_Study/ros_workspace/install/pointcloud_to_laserscan/share/pointcloud_to_laserscan/local_setup.bash
[12.832s] -- Installing: /home/propp/Independent_Study/ros_workspace/install/pointcloud_to_laserscan/share/pointcloud_to_laserscan/local_setup.sh
[12.832s] -- Installing: /home/propp/Independent_Study/ros_workspace/install/pointcloud_to_laserscan/share/pointcloud_to_laserscan/local_setup.zsh
[12.832s] -- Installing: /home/propp/Independent_Study/ros_workspace/install/pointcloud_to_laserscan/share/pointcloud_to_laserscan/local_setup.dsv
[12.832s] -- Installing: /home/propp/Independent_Study/ros_workspace/install/pointcloud_to_laserscan/share/pointcloud_to_laserscan/package.dsv
[12.832s] -- Installing: /home/propp/Independent_Study/ros_workspace/install/pointcloud_to_laserscan/share/ament_index/resource_index/packages/pointcloud_to_laserscan
[12.832s] -- Installing: /home/propp/Independent_Study/ros_workspace/install/pointcloud_to_laserscan/share/ament_index/resource_index/rclcpp_components/pointcloud_to_laserscan
[12.832s] -- Installing: /home/propp/Independent_Study/ros_workspace/install/pointcloud_to_laserscan/share/pointcloud_to_laserscan/cmake/pointcloud_to_laserscanConfig.cmake
[12.833s] -- Installing: /home/propp/Independent_Study/ros_workspace/install/pointcloud_to_laserscan/share/pointcloud_to_laserscan/cmake/pointcloud_to_laserscanConfig-version.cmake
[12.833s] -- Installing: /home/propp/Independent_Study/ros_workspace/install/pointcloud_to_laserscan/share/pointcloud_to_laserscan/package.xml
[12.835s] Invoked command in '/home/propp/Independent_Study/ros_workspace/build/pointcloud_to_laserscan' returned '0': /usr/bin/cmake --install /home/propp/Independent_Study/ros_workspace/build/pointcloud_to_laserscan
