[0.017s] Invoking command in '/home/propp/Independent_Study/ros_workspace/build/eigen3_cmake_module': CMAKE_PREFIX_PATH=${CMAKE_PREFIX_PATH}:/home/propp/Independent_Study/ros_workspace/install/nav2_gazebo_spawner:/opt/ros/foxy /usr/bin/cmake /home/propp/Independent_Study/ros_workspace/src/eigen3_cmake_module -DCMAKE_INSTALL_PREFIX=/home/propp/Independent_Study/ros_workspace/install/eigen3_cmake_module
[0.069s] -- The C compiler identification is GNU 9.3.0
[0.115s] -- The CXX compiler identification is GNU 9.3.0
[0.121s] -- Check for working C compiler: /usr/bin/cc
[0.182s] -- Check for working C compiler: /usr/bin/cc -- works
[0.183s] -- Detecting C compiler ABI info
[0.244s] -- Detecting C compiler ABI info - done
[0.254s] -- Detecting C compile features
[0.255s] -- Detecting C compile features - done
[0.258s] -- Check for working CXX compiler: /usr/bin/c++
[0.322s] -- Check for working CXX compiler: /usr/bin/c++ -- works
[0.323s] -- Detecting CXX compiler ABI info
[0.384s] -- Detecting CXX compiler ABI info - done
[0.395s] -- Detecting CXX compile features
[0.395s] -- Detecting CXX compile features - done
[0.397s] -- Found ament_cmake: 0.9.7 (/opt/ros/foxy/share/ament_cmake/cmake)
[0.416s] -- Found PythonInterp: /usr/bin/python3 (found suitable version "3.8.5", minimum required is "3") 
[0.416s] -- Using PYTHON_EXECUTABLE: /usr/bin/python3
[0.572s] -- Found ament_cmake_lint_cmake: 0.9.5 (/opt/ros/foxy/share/ament_cmake_lint_cmake/cmake)
[0.573s] -- Found ament_cmake_copyright: 0.9.5 (/opt/ros/foxy/share/ament_cmake_copyright/cmake)
[0.621s] -- Configuring done
[0.622s] -- Generating done
[0.623s] -- Build files have been written to: /home/propp/Independent_Study/ros_workspace/build/eigen3_cmake_module
[0.626s] Invoked command in '/home/propp/Independent_Study/ros_workspace/build/eigen3_cmake_module' returned '0': CMAKE_PREFIX_PATH=${CMAKE_PREFIX_PATH}:/home/propp/Independent_Study/ros_workspace/install/nav2_gazebo_spawner:/opt/ros/foxy /usr/bin/cmake /home/propp/Independent_Study/ros_workspace/src/eigen3_cmake_module -DCMAKE_INSTALL_PREFIX=/home/propp/Independent_Study/ros_workspace/install/eigen3_cmake_module
[0.627s] Invoking command in '/home/propp/Independent_Study/ros_workspace/build/eigen3_cmake_module': CMAKE_PREFIX_PATH=${CMAKE_PREFIX_PATH}:/home/propp/Independent_Study/ros_workspace/install/nav2_gazebo_spawner:/opt/ros/foxy /usr/bin/cmake --build /home/propp/Independent_Study/ros_workspace/build/eigen3_cmake_module -- -j12 -l12
[0.659s] Invoked command in '/home/propp/Independent_Study/ros_workspace/build/eigen3_cmake_module' returned '0': CMAKE_PREFIX_PATH=${CMAKE_PREFIX_PATH}:/home/propp/Independent_Study/ros_workspace/install/nav2_gazebo_spawner:/opt/ros/foxy /usr/bin/cmake --build /home/propp/Independent_Study/ros_workspace/build/eigen3_cmake_module -- -j12 -l12
[0.677s] Invoking command in '/home/propp/Independent_Study/ros_workspace/build/eigen3_cmake_module': CMAKE_PREFIX_PATH=${CMAKE_PREFIX_PATH}:/home/propp/Independent_Study/ros_workspace/install/nav2_gazebo_spawner:/opt/ros/foxy /usr/bin/cmake --install /home/propp/Independent_Study/ros_workspace/build/eigen3_cmake_module
[0.685s] -- Install configuration: ""
[0.685s] -- Installing: /home/propp/Independent_Study/ros_workspace/install/eigen3_cmake_module/share/ament_index/resource_index/package_run_dependencies/eigen3_cmake_module
[0.685s] -- Installing: /home/propp/Independent_Study/ros_workspace/install/eigen3_cmake_module/share/ament_index/resource_index/parent_prefix_path/eigen3_cmake_module
[0.686s] -- Installing: /home/propp/Independent_Study/ros_workspace/install/eigen3_cmake_module/share/eigen3_cmake_module/environment/ament_prefix_path.sh
[0.686s] -- Installing: /home/propp/Independent_Study/ros_workspace/install/eigen3_cmake_module/share/eigen3_cmake_module/environment/ament_prefix_path.dsv
[0.686s] -- Installing: /home/propp/Independent_Study/ros_workspace/install/eigen3_cmake_module/share/eigen3_cmake_module/environment/path.sh
[0.686s] -- Installing: /home/propp/Independent_Study/ros_workspace/install/eigen3_cmake_module/share/eigen3_cmake_module/environment/path.dsv
[0.686s] -- Installing: /home/propp/Independent_Study/ros_workspace/install/eigen3_cmake_module/share/eigen3_cmake_module/local_setup.bash
[0.686s] -- Installing: /home/propp/Independent_Study/ros_workspace/install/eigen3_cmake_module/share/eigen3_cmake_module/local_setup.sh
[0.686s] -- Installing: /home/propp/Independent_Study/ros_workspace/install/eigen3_cmake_module/share/eigen3_cmake_module/local_setup.zsh
[0.686s] -- Installing: /home/propp/Independent_Study/ros_workspace/install/eigen3_cmake_module/share/eigen3_cmake_module/local_setup.dsv
[0.686s] -- Installing: /home/propp/Independent_Study/ros_workspace/install/eigen3_cmake_module/share/eigen3_cmake_module/package.dsv
[0.687s] -- Installing: /home/propp/Independent_Study/ros_workspace/install/eigen3_cmake_module/share/ament_index/resource_index/packages/eigen3_cmake_module
[0.687s] -- Installing: /home/propp/Independent_Study/ros_workspace/install/eigen3_cmake_module/share/eigen3_cmake_module/cmake/eigen3_cmake_module-extras.cmake
[0.687s] -- Installing: /home/propp/Independent_Study/ros_workspace/install/eigen3_cmake_module/share/eigen3_cmake_module/cmake/eigen3_cmake_moduleConfig.cmake
[0.687s] -- Installing: /home/propp/Independent_Study/ros_workspace/install/eigen3_cmake_module/share/eigen3_cmake_module/cmake/eigen3_cmake_moduleConfig-version.cmake
[0.687s] -- Installing: /home/propp/Independent_Study/ros_workspace/install/eigen3_cmake_module/share/eigen3_cmake_module/package.xml
[0.687s] -- Up-to-date: /home/propp/Independent_Study/ros_workspace/install/eigen3_cmake_module/share/eigen3_cmake_module/cmake
[0.687s] -- Installing: /home/propp/Independent_Study/ros_workspace/install/eigen3_cmake_module/share/eigen3_cmake_module/cmake/Modules
[0.687s] -- Installing: /home/propp/Independent_Study/ros_workspace/install/eigen3_cmake_module/share/eigen3_cmake_module/cmake/Modules/FindEigen3.cmake
[0.690s] Invoked command in '/home/propp/Independent_Study/ros_workspace/build/eigen3_cmake_module' returned '0': CMAKE_PREFIX_PATH=${CMAKE_PREFIX_PATH}:/home/propp/Independent_Study/ros_workspace/install/nav2_gazebo_spawner:/opt/ros/foxy /usr/bin/cmake --install /home/propp/Independent_Study/ros_workspace/build/eigen3_cmake_module
