[0.021s] Invoking command in '/home/propp/Independent_Study/ros_workspace/build/first_ros_package': CMAKE_PREFIX_PATH=${CMAKE_PREFIX_PATH}:/opt/ros/foxy /usr/bin/cmake --build /home/propp/Independent_Study/ros_workspace/build/first_ros_package -- -j12 -l12
[0.082s] [100%] Built target odometryTfConverter
[0.095s] Invoked command in '/home/propp/Independent_Study/ros_workspace/build/first_ros_package' returned '0': CMAKE_PREFIX_PATH=${CMAKE_PREFIX_PATH}:/opt/ros/foxy /usr/bin/cmake --build /home/propp/Independent_Study/ros_workspace/build/first_ros_package -- -j12 -l12
[0.127s] Invoking command in '/home/propp/Independent_Study/ros_workspace/build/first_ros_package': CMAKE_PREFIX_PATH=${CMAKE_PREFIX_PATH}:/opt/ros/foxy /usr/bin/cmake --install /home/propp/Independent_Study/ros_workspace/build/first_ros_package
[0.137s] -- Install configuration: ""
[0.137s] -- Up-to-date: /home/propp/Independent_Study/ros_workspace/install/first_ros_package/lib/first_ros_package/odometryTfConverter
[0.138s] -- Up-to-date: /home/propp/Independent_Study/ros_workspace/install/first_ros_package/share/ament_index/resource_index/package_run_dependencies/first_ros_package
[0.138s] -- Up-to-date: /home/propp/Independent_Study/ros_workspace/install/first_ros_package/share/ament_index/resource_index/parent_prefix_path/first_ros_package
[0.138s] -- Up-to-date: /home/propp/Independent_Study/ros_workspace/install/first_ros_package/share/first_ros_package/environment/ament_prefix_path.sh
[0.138s] -- Up-to-date: /home/propp/Independent_Study/ros_workspace/install/first_ros_package/share/first_ros_package/environment/ament_prefix_path.dsv
[0.138s] -- Up-to-date: /home/propp/Independent_Study/ros_workspace/install/first_ros_package/share/first_ros_package/environment/path.sh
[0.139s] -- Up-to-date: /home/propp/Independent_Study/ros_workspace/install/first_ros_package/share/first_ros_package/environment/path.dsv
[0.139s] -- Up-to-date: /home/propp/Independent_Study/ros_workspace/install/first_ros_package/share/first_ros_package/local_setup.bash
[0.139s] -- Up-to-date: /home/propp/Independent_Study/ros_workspace/install/first_ros_package/share/first_ros_package/local_setup.sh
[0.140s] -- Up-to-date: /home/propp/Independent_Study/ros_workspace/install/first_ros_package/share/first_ros_package/local_setup.zsh
[0.140s] -- Up-to-date: /home/propp/Independent_Study/ros_workspace/install/first_ros_package/share/first_ros_package/local_setup.dsv
[0.140s] -- Installing: /home/propp/Independent_Study/ros_workspace/install/first_ros_package/share/first_ros_package/package.dsv
[0.140s] -- Up-to-date: /home/propp/Independent_Study/ros_workspace/install/first_ros_package/share/ament_index/resource_index/packages/first_ros_package
[0.141s] -- Up-to-date: /home/propp/Independent_Study/ros_workspace/install/first_ros_package/share/first_ros_package/cmake/first_ros_packageConfig.cmake
[0.141s] -- Up-to-date: /home/propp/Independent_Study/ros_workspace/install/first_ros_package/share/first_ros_package/cmake/first_ros_packageConfig-version.cmake
[0.142s] -- Up-to-date: /home/propp/Independent_Study/ros_workspace/install/first_ros_package/share/first_ros_package/package.xml
[0.155s] Invoked command in '/home/propp/Independent_Study/ros_workspace/build/first_ros_package' returned '0': CMAKE_PREFIX_PATH=${CMAKE_PREFIX_PATH}:/opt/ros/foxy /usr/bin/cmake --install /home/propp/Independent_Study/ros_workspace/build/first_ros_package
