[0.030s] Invoking command in '/home/propp/Independent_Study/ros_workspace/build/nav2_common': /usr/bin/cmake --build /home/propp/Independent_Study/ros_workspace/build/nav2_common -- -j12 -l12
[0.246s] Invoked command in '/home/propp/Independent_Study/ros_workspace/build/nav2_common' returned '0': /usr/bin/cmake --build /home/propp/Independent_Study/ros_workspace/build/nav2_common -- -j12 -l12
[0.276s] Invoking command in '/home/propp/Independent_Study/ros_workspace/build/nav2_common': /usr/bin/cmake --install /home/propp/Independent_Study/ros_workspace/build/nav2_common
[0.295s] -- Install configuration: ""
[0.296s] -- Execute custom install script
[0.296s] -- Up-to-date symlink: /home/propp/Independent_Study/ros_workspace/install/nav2_common/share/nav2_common/environment/pythonpath.sh
[0.296s] -- Up-to-date symlink: /home/propp/Independent_Study/ros_workspace/install/nav2_common/share/nav2_common/environment/pythonpath.dsv
[0.296s] -- Up-to-date symlink: /home/propp/Independent_Study/ros_workspace/install/nav2_common/lib/python3.8/site-packages/nav2_common/__init__.py
[0.296s] -- Up-to-date symlink: /home/propp/Independent_Study/ros_workspace/install/nav2_common/lib/python3.8/site-packages/nav2_common/launch/__init__.py
[0.296s] -- Up-to-date symlink: /home/propp/Independent_Study/ros_workspace/install/nav2_common/lib/python3.8/site-packages/nav2_common/launch/replace_string.py
[0.296s] -- Up-to-date symlink: /home/propp/Independent_Study/ros_workspace/install/nav2_common/lib/python3.8/site-packages/nav2_common/launch/rewritten_yaml.py
[0.296s] -- Up-to-date symlink: /home/propp/Independent_Study/ros_workspace/install/nav2_common/share/ament_index/resource_index/package_run_dependencies/nav2_common
[0.296s] -- Up-to-date symlink: /home/propp/Independent_Study/ros_workspace/install/nav2_common/share/ament_index/resource_index/parent_prefix_path/nav2_common
[0.296s] -- Up-to-date symlink: /home/propp/Independent_Study/ros_workspace/install/nav2_common/share/nav2_common/environment/ament_prefix_path.sh
[0.297s] -- Up-to-date symlink: /home/propp/Independent_Study/ros_workspace/install/nav2_common/share/nav2_common/environment/ament_prefix_path.dsv
[0.297s] -- Up-to-date symlink: /home/propp/Independent_Study/ros_workspace/install/nav2_common/share/nav2_common/environment/path.sh
[0.297s] -- Up-to-date symlink: /home/propp/Independent_Study/ros_workspace/install/nav2_common/share/nav2_common/environment/path.dsv
[0.297s] -- Up-to-date symlink: /home/propp/Independent_Study/ros_workspace/install/nav2_common/share/nav2_common/local_setup.bash
[0.297s] -- Up-to-date symlink: /home/propp/Independent_Study/ros_workspace/install/nav2_common/share/nav2_common/local_setup.sh
[0.297s] -- Up-to-date symlink: /home/propp/Independent_Study/ros_workspace/install/nav2_common/share/nav2_common/local_setup.zsh
[0.297s] -- Up-to-date symlink: /home/propp/Independent_Study/ros_workspace/install/nav2_common/share/nav2_common/local_setup.dsv
[0.297s] -- Symlinking: /home/propp/Independent_Study/ros_workspace/install/nav2_common/share/nav2_common/package.dsv
[0.298s] -- Up-to-date symlink: /home/propp/Independent_Study/ros_workspace/install/nav2_common/share/ament_index/resource_index/packages/nav2_common
[0.298s] -- Up-to-date symlink: /home/propp/Independent_Study/ros_workspace/install/nav2_common/share/nav2_common/cmake/nav2_common-extras.cmake
[0.298s] -- Up-to-date symlink: /home/propp/Independent_Study/ros_workspace/install/nav2_common/share/nav2_common/cmake/nav2_commonConfig.cmake
[0.298s] -- Up-to-date symlink: /home/propp/Independent_Study/ros_workspace/install/nav2_common/share/nav2_common/cmake/nav2_commonConfig-version.cmake
[0.298s] -- Up-to-date symlink: /home/propp/Independent_Study/ros_workspace/install/nav2_common/share/nav2_common/package.xml
[0.299s] -- Up-to-date symlink: /home/propp/Independent_Study/ros_workspace/install/nav2_common/share/nav2_common/cmake/nav2_package.cmake
[0.330s] Listing '/home/propp/Independent_Study/ros_workspace/install/nav2_common/lib/python3.8/site-packages/nav2_common'...
[0.330s] Listing '/home/propp/Independent_Study/ros_workspace/install/nav2_common/lib/python3.8/site-packages/nav2_common/launch'...
[0.338s] Invoked command in '/home/propp/Independent_Study/ros_workspace/build/nav2_common' returned '0': /usr/bin/cmake --install /home/propp/Independent_Study/ros_workspace/build/nav2_common
