[0.024s] Invoking command in '/home/propp/Independent_Study/ros_workspace/build/first_ros_package': CMAKE_PREFIX_PATH=${CMAKE_PREFIX_PATH}:/home/propp/Independent_Study/src/Test_Ros/install/my_package /usr/bin/cmake /home/propp/Independent_Study/ros_workspace/src/first_ros_package -DAMENT_CMAKE_SYMLINK_INSTALL=1 -DCMAKE_INSTALL_PREFIX=/home/propp/Independent_Study/ros_workspace/install/first_ros_package
[0.250s] -- The C compiler identification is GNU 9.3.0
[0.250s] -- The CXX compiler identification is GNU 9.3.0
[0.250s] -- Check for working C compiler: /usr/bin/cc
[0.250s] -- Check for working C compiler: /usr/bin/cc -- works
[0.250s] -- Detecting C compiler ABI info
[0.251s] -- Detecting C compiler ABI info - done
[0.260s] -- Detecting C compile features
[0.260s] -- Detecting C compile features - done
[0.262s] -- Check for working CXX compiler: /usr/bin/c++
[0.336s] -- Check for working CXX compiler: /usr/bin/c++ -- works
[0.337s] -- Detecting CXX compiler ABI info
[0.413s] -- Detecting CXX compiler ABI info - done
[0.427s] -- Detecting CXX compile features
[0.428s] -- Detecting CXX compile features - done
[0.430s] -- Found ament_cmake: 0.9.7 (/home/propp/ros2_foxy/ros2-linux/share/ament_cmake/cmake)
[0.451s] -- Found PythonInterp: /usr/bin/python3 (found suitable version "3.8.5", minimum required is "3") 
[0.452s] -- Using PYTHON_EXECUTABLE: /usr/bin/python3
[0.614s] -- Override CMake install command with custom implementation using symlinks instead of copying resources
[0.633s] -- Found rclcpp: 2.2.0 (/home/propp/ros2_foxy/ros2-linux/share/rclcpp/cmake)
[0.659s] -- Using all available rosidl_typesupport_c: rosidl_typesupport_connext_c;rosidl_typesupport_fastrtps_c;rosidl_typesupport_introspection_c
[0.663s] -- Found rosidl_adapter: 1.1.0 (/home/propp/ros2_foxy/ros2-linux/share/rosidl_adapter/cmake)
[0.670s] -- Found RTI Connext: /opt/rti.com/rti_connext_dds-5.3.1
[1.546s] -- Found OpenSSL: /usr/lib/x86_64-linux-gnu/libcrypto.so (found version "1.1.1f")  
[1.562s] -- Found FastRTPS: /home/propp/ros2_foxy/ros2-linux/include  
[1.614s] -- Using all available rosidl_typesupport_cpp: rosidl_typesupport_connext_cpp;rosidl_typesupport_fastrtps_cpp;rosidl_typesupport_introspection_cpp
[1.659s] -- Found rmw_implementation_cmake: 1.0.1 (/home/propp/ros2_foxy/ros2-linux/share/rmw_implementation_cmake/cmake)
[1.661s] -- Using RMW implementation 'rmw_fastrtps_cpp' as default
[1.661s] -- Looking for pthread.h
[1.730s] -- Looking for pthread.h - found
[1.730s] -- Performing Test CMAKE_HAVE_LIBC_PTHREAD
[1.796s] -- Performing Test CMAKE_HAVE_LIBC_PTHREAD - Failed
[1.796s] -- Looking for pthread_create in pthreads
[1.849s] -- Looking for pthread_create in pthreads - not found
[1.849s] -- Looking for pthread_create in pthread
[1.919s] -- Looking for pthread_create in pthread - found
[1.921s] -- Found Threads: TRUE  
[2.008s] -- Found tf2: 0.13.5 (/home/propp/ros2_foxy/ros2-linux/share/tf2/cmake)
[2.085s] -- Found tf2_ros: 0.13.5 (/home/propp/ros2_foxy/ros2-linux/share/tf2_ros/cmake)
[2.382s] -- Found nav_msgs: 2.0.3 (/home/propp/ros2_foxy/ros2-linux/share/nav_msgs/cmake)
[2.454s] -- Found sensor_msgs: 2.0.3 (/home/propp/ros2_foxy/ros2-linux/share/sensor_msgs/cmake)
[2.600s] -- Configuring done
[2.608s] -- Generating done
[2.609s] -- Build files have been written to: /home/propp/Independent_Study/ros_workspace/build/first_ros_package
[2.616s] Invoked command in '/home/propp/Independent_Study/ros_workspace/build/first_ros_package' returned '0': CMAKE_PREFIX_PATH=${CMAKE_PREFIX_PATH}:/home/propp/Independent_Study/src/Test_Ros/install/my_package /usr/bin/cmake /home/propp/Independent_Study/ros_workspace/src/first_ros_package -DAMENT_CMAKE_SYMLINK_INSTALL=1 -DCMAKE_INSTALL_PREFIX=/home/propp/Independent_Study/ros_workspace/install/first_ros_package
[2.618s] Invoking command in '/home/propp/Independent_Study/ros_workspace/build/first_ros_package': CMAKE_PREFIX_PATH=${CMAKE_PREFIX_PATH}:/home/propp/Independent_Study/src/Test_Ros/install/my_package /usr/bin/cmake --build /home/propp/Independent_Study/ros_workspace/build/first_ros_package -- -j12 -l12
[2.658s] [35m[1mScanning dependencies of target talker[0m
[2.695s] [ 50%] [32mBuilding CXX object CMakeFiles/talker.dir/src/publisher_member_function.cpp.o[0m
[9.987s] [100%] [32m[1mLinking CXX executable talker[0m
[10.438s] [100%] Built target talker
[10.466s] Invoked command in '/home/propp/Independent_Study/ros_workspace/build/first_ros_package' returned '0': CMAKE_PREFIX_PATH=${CMAKE_PREFIX_PATH}:/home/propp/Independent_Study/src/Test_Ros/install/my_package /usr/bin/cmake --build /home/propp/Independent_Study/ros_workspace/build/first_ros_package -- -j12 -l12
[10.784s] Invoking command in '/home/propp/Independent_Study/ros_workspace/build/first_ros_package': CMAKE_PREFIX_PATH=${CMAKE_PREFIX_PATH}:/home/propp/Independent_Study/src/Test_Ros/install/my_package /usr/bin/cmake --install /home/propp/Independent_Study/ros_workspace/build/first_ros_package
[10.808s] -- Install configuration: ""
[10.809s] -- Execute custom install script
[10.809s] -- Symlinking: /home/propp/Independent_Study/ros_workspace/install/first_ros_package/lib/first_ros_package/talker
[10.830s] -- Symlinking: /home/propp/Independent_Study/ros_workspace/install/first_ros_package/share/ament_index/resource_index/package_run_dependencies/first_ros_package
[10.862s] -- Symlinking: /home/propp/Independent_Study/ros_workspace/install/first_ros_package/share/ament_index/resource_index/parent_prefix_path/first_ros_package
[10.882s] -- Symlinking: /home/propp/Independent_Study/ros_workspace/install/first_ros_package/share/first_ros_package/environment/ament_prefix_path.sh
[10.894s] -- Symlinking: /home/propp/Independent_Study/ros_workspace/install/first_ros_package/share/first_ros_package/environment/ament_prefix_path.dsv
[10.911s] -- Symlinking: /home/propp/Independent_Study/ros_workspace/install/first_ros_package/share/first_ros_package/environment/path.sh
[10.922s] -- Symlinking: /home/propp/Independent_Study/ros_workspace/install/first_ros_package/share/first_ros_package/environment/path.dsv
[10.934s] -- Symlinking: /home/propp/Independent_Study/ros_workspace/install/first_ros_package/share/first_ros_package/local_setup.bash
[10.946s] -- Symlinking: /home/propp/Independent_Study/ros_workspace/install/first_ros_package/share/first_ros_package/local_setup.sh
[10.959s] -- Symlinking: /home/propp/Independent_Study/ros_workspace/install/first_ros_package/share/first_ros_package/local_setup.zsh
[10.972s] -- Symlinking: /home/propp/Independent_Study/ros_workspace/install/first_ros_package/share/first_ros_package/local_setup.dsv
[10.980s] -- Symlinking: /home/propp/Independent_Study/ros_workspace/install/first_ros_package/share/first_ros_package/package.dsv
[10.990s] -- Symlinking: /home/propp/Independent_Study/ros_workspace/install/first_ros_package/share/ament_index/resource_index/packages/first_ros_package
[11.001s] -- Symlinking: /home/propp/Independent_Study/ros_workspace/install/first_ros_package/share/first_ros_package/cmake/first_ros_packageConfig.cmake
[11.010s] -- Symlinking: /home/propp/Independent_Study/ros_workspace/install/first_ros_package/share/first_ros_package/cmake/first_ros_packageConfig-version.cmake
[11.020s] -- Symlinking: /home/propp/Independent_Study/ros_workspace/install/first_ros_package/share/first_ros_package/package.xml
[11.038s] Invoked command in '/home/propp/Independent_Study/ros_workspace/build/first_ros_package' returned '0': CMAKE_PREFIX_PATH=${CMAKE_PREFIX_PATH}:/home/propp/Independent_Study/src/Test_Ros/install/my_package /usr/bin/cmake --install /home/propp/Independent_Study/ros_workspace/build/first_ros_package
