-- Found ament_cmake: 0.9.7 (/home/propp/ros2_foxy/ros2-linux/share/ament_cmake/cmake)
-- Using PYTHON_EXECUTABLE: /usr/bin/python3
-- Override CMake install command with custom implementation using symlinks instead of copying resources
-- Found rclcpp: 2.2.0 (/home/propp/ros2_foxy/ros2-linux/share/rclcpp/cmake)
-- Using all available rosidl_typesupport_c: rosidl_typesupport_connext_c;rosidl_typesupport_fastrtps_c;rosidl_typesupport_introspection_c
-- Found rosidl_adapter: 1.1.0 (/home/propp/ros2_foxy/ros2-linux/share/rosidl_adapter/cmake)
-- Found RTI Connext: /opt/rti.com/rti_connext_dds-5.3.1
-- Using all available rosidl_typesupport_cpp: rosidl_typesupport_connext_cpp;rosidl_typesupport_fastrtps_cpp;rosidl_typesupport_introspection_cpp
-- Found rmw_implementation_cmake: 1.0.1 (/home/propp/ros2_foxy/ros2-linux/share/rmw_implementation_cmake/cmake)
-- Using RMW implementation 'rmw_fastrtps_cpp' as default
-- Found tf2: 0.13.5 (/home/propp/ros2_foxy/ros2-linux/share/tf2/cmake)
-- Found tf2_ros: 0.13.5 (/home/propp/ros2_foxy/ros2-linux/share/tf2_ros/cmake)
-- Found nav_msgs: 2.0.3 (/home/propp/ros2_foxy/ros2-linux/share/nav_msgs/cmake)
-- Found sensor_msgs: 2.0.3 (/home/propp/ros2_foxy/ros2-linux/share/sensor_msgs/cmake)
-- Configuring done
-- Generating done
-- Build files have been written to: /home/propp/Independent_Study/ros_workspace/build/first_ros_package
[35m[1mScanning dependencies of target talker[0m
[ 50%] [32mBuilding CXX object CMakeFiles/talker.dir/src/publisher_member_function.cpp.o[0m
[100%] [32m[1mLinking CXX executable talker[0m
[100%] Built target talker
-- Install configuration: ""
-- Execute custom install script
-- Up-to-date symlink: /home/propp/Independent_Study/ros_workspace/install/first_ros_package/lib/first_ros_package/talker
-- Up-to-date symlink: /home/propp/Independent_Study/ros_workspace/install/first_ros_package/share/ament_index/resource_index/package_run_dependencies/first_ros_package
-- Up-to-date symlink: /home/propp/Independent_Study/ros_workspace/install/first_ros_package/share/ament_index/resource_index/parent_prefix_path/first_ros_package
-- Up-to-date symlink: /home/propp/Independent_Study/ros_workspace/install/first_ros_package/share/first_ros_package/environment/ament_prefix_path.sh
-- Up-to-date symlink: /home/propp/Independent_Study/ros_workspace/install/first_ros_package/share/first_ros_package/environment/ament_prefix_path.dsv
-- Up-to-date symlink: /home/propp/Independent_Study/ros_workspace/install/first_ros_package/share/first_ros_package/environment/path.sh
-- Up-to-date symlink: /home/propp/Independent_Study/ros_workspace/install/first_ros_package/share/first_ros_package/environment/path.dsv
-- Up-to-date symlink: /home/propp/Independent_Study/ros_workspace/install/first_ros_package/share/first_ros_package/local_setup.bash
-- Up-to-date symlink: /home/propp/Independent_Study/ros_workspace/install/first_ros_package/share/first_ros_package/local_setup.sh
-- Up-to-date symlink: /home/propp/Independent_Study/ros_workspace/install/first_ros_package/share/first_ros_package/local_setup.zsh
-- Up-to-date symlink: /home/propp/Independent_Study/ros_workspace/install/first_ros_package/share/first_ros_package/local_setup.dsv
-- Symlinking: /home/propp/Independent_Study/ros_workspace/install/first_ros_package/share/first_ros_package/package.dsv
-- Up-to-date symlink: /home/propp/Independent_Study/ros_workspace/install/first_ros_package/share/ament_index/resource_index/packages/first_ros_package
-- Up-to-date symlink: /home/propp/Independent_Study/ros_workspace/install/first_ros_package/share/first_ros_package/cmake/first_ros_packageConfig.cmake
-- Up-to-date symlink: /home/propp/Independent_Study/ros_workspace/install/first_ros_package/share/first_ros_package/cmake/first_ros_packageConfig-version.cmake
-- Up-to-date symlink: /home/propp/Independent_Study/ros_workspace/install/first_ros_package/share/first_ros_package/package.xml
