[0.038s] Invoking command in '/home/propp/Independent_Study/ros_workspace/build/first_ros_package': /usr/bin/cmake /home/propp/Independent_Study/ros_workspace/src/first_ros_package -DCMAKE_INSTALL_PREFIX=/home/propp/Independent_Study/ros_workspace/install/first_ros_package
[0.225s] -- Found ament_cmake: 0.9.7 (/home/propp/ros2_foxy/ros2-linux/share/ament_cmake/cmake)
[0.225s] -- Using PYTHON_EXECUTABLE: /usr/bin/python3
[0.225s] -- Override CMake install command with custom implementation using symlinks instead of copying resources
[0.225s] -- Found rclcpp: 2.2.0 (/home/propp/ros2_foxy/ros2-linux/share/rclcpp/cmake)
[0.238s] -- Using all available rosidl_typesupport_c: rosidl_typesupport_connext_c;rosidl_typesupport_fastrtps_c;rosidl_typesupport_introspection_c
[0.243s] -- Found rosidl_adapter: 1.1.0 (/home/propp/ros2_foxy/ros2-linux/share/rosidl_adapter/cmake)
[0.246s] -- Found RTI Connext: /opt/rti.com/rti_connext_dds-5.3.1
[0.674s] -- Using all available rosidl_typesupport_cpp: rosidl_typesupport_connext_cpp;rosidl_typesupport_fastrtps_cpp;rosidl_typesupport_introspection_cpp
[0.717s] -- Found rmw_implementation_cmake: 1.0.1 (/home/propp/ros2_foxy/ros2-linux/share/rmw_implementation_cmake/cmake)
[0.719s] -- Using RMW implementation 'rmw_fastrtps_cpp' as default
[0.798s] -- Found tf2: 0.13.5 (/home/propp/ros2_foxy/ros2-linux/share/tf2/cmake)
[0.895s] -- Found tf2_ros: 0.13.5 (/home/propp/ros2_foxy/ros2-linux/share/tf2_ros/cmake)
[1.267s] -- Found nav_msgs: 2.0.3 (/home/propp/ros2_foxy/ros2-linux/share/nav_msgs/cmake)
[1.328s] -- Found sensor_msgs: 2.0.3 (/home/propp/ros2_foxy/ros2-linux/share/sensor_msgs/cmake)
[1.448s] -- Configuring done
[1.456s] -- Generating done
[1.458s] -- Build files have been written to: /home/propp/Independent_Study/ros_workspace/build/first_ros_package
[1.464s] Invoked command in '/home/propp/Independent_Study/ros_workspace/build/first_ros_package' returned '0': /usr/bin/cmake /home/propp/Independent_Study/ros_workspace/src/first_ros_package -DCMAKE_INSTALL_PREFIX=/home/propp/Independent_Study/ros_workspace/install/first_ros_package
[1.466s] Invoking command in '/home/propp/Independent_Study/ros_workspace/build/first_ros_package': /usr/bin/cmake --build /home/propp/Independent_Study/ros_workspace/build/first_ros_package -- -j12 -l12
[1.504s] [35m[1mScanning dependencies of target talker[0m
[1.535s] [ 50%] [32mBuilding CXX object CMakeFiles/talker.dir/src/publisher_member_function.cpp.o[0m
[6.981s] [100%] [32m[1mLinking CXX executable talker[0m
[7.261s] [100%] Built target talker
[7.270s] Invoked command in '/home/propp/Independent_Study/ros_workspace/build/first_ros_package' returned '0': /usr/bin/cmake --build /home/propp/Independent_Study/ros_workspace/build/first_ros_package -- -j12 -l12
[7.291s] Invoking command in '/home/propp/Independent_Study/ros_workspace/build/first_ros_package': /usr/bin/cmake --install /home/propp/Independent_Study/ros_workspace/build/first_ros_package
[7.297s] -- Install configuration: ""
[7.297s] -- Execute custom install script
[7.298s] -- Up-to-date symlink: /home/propp/Independent_Study/ros_workspace/install/first_ros_package/lib/first_ros_package/talker
[7.298s] -- Up-to-date symlink: /home/propp/Independent_Study/ros_workspace/install/first_ros_package/share/ament_index/resource_index/package_run_dependencies/first_ros_package
[7.298s] -- Up-to-date symlink: /home/propp/Independent_Study/ros_workspace/install/first_ros_package/share/ament_index/resource_index/parent_prefix_path/first_ros_package
[7.299s] -- Up-to-date symlink: /home/propp/Independent_Study/ros_workspace/install/first_ros_package/share/first_ros_package/environment/ament_prefix_path.sh
[7.299s] -- Up-to-date symlink: /home/propp/Independent_Study/ros_workspace/install/first_ros_package/share/first_ros_package/environment/ament_prefix_path.dsv
[7.299s] -- Up-to-date symlink: /home/propp/Independent_Study/ros_workspace/install/first_ros_package/share/first_ros_package/environment/path.sh
[7.299s] -- Up-to-date symlink: /home/propp/Independent_Study/ros_workspace/install/first_ros_package/share/first_ros_package/environment/path.dsv
[7.300s] -- Up-to-date symlink: /home/propp/Independent_Study/ros_workspace/install/first_ros_package/share/first_ros_package/local_setup.bash
[7.300s] -- Up-to-date symlink: /home/propp/Independent_Study/ros_workspace/install/first_ros_package/share/first_ros_package/local_setup.sh
[7.300s] -- Up-to-date symlink: /home/propp/Independent_Study/ros_workspace/install/first_ros_package/share/first_ros_package/local_setup.zsh
[7.300s] -- Up-to-date symlink: /home/propp/Independent_Study/ros_workspace/install/first_ros_package/share/first_ros_package/local_setup.dsv
[7.301s] -- Symlinking: /home/propp/Independent_Study/ros_workspace/install/first_ros_package/share/first_ros_package/package.dsv
[7.308s] -- Up-to-date symlink: /home/propp/Independent_Study/ros_workspace/install/first_ros_package/share/ament_index/resource_index/packages/first_ros_package
[7.308s] -- Up-to-date symlink: /home/propp/Independent_Study/ros_workspace/install/first_ros_package/share/first_ros_package/cmake/first_ros_packageConfig.cmake
[7.308s] -- Up-to-date symlink: /home/propp/Independent_Study/ros_workspace/install/first_ros_package/share/first_ros_package/cmake/first_ros_packageConfig-version.cmake
[7.309s] -- Up-to-date symlink: /home/propp/Independent_Study/ros_workspace/install/first_ros_package/share/first_ros_package/package.xml
[7.312s] Invoked command in '/home/propp/Independent_Study/ros_workspace/build/first_ros_package' returned '0': /usr/bin/cmake --install /home/propp/Independent_Study/ros_workspace/build/first_ros_package
