[0.015s] Invoking command in '/home/propp/Independent_Study/ros_workspace/build/box_nav': CMAKE_PREFIX_PATH=${CMAKE_PREFIX_PATH}:/home/propp/Independent_Study/ros_workspace/install/nav2_gazebo_spawner:/opt/ros/foxy /usr/bin/cmake --build /home/propp/Independent_Study/ros_workspace/build/box_nav -- -j12 -l12
[0.040s] -- Found ament_cmake: 0.9.7 (/opt/ros/foxy/share/ament_cmake/cmake)
[0.057s] -- Using PYTHON_EXECUTABLE: /usr/bin/python3
[0.205s] -- Found rclcpp: 2.2.0 (/opt/ros/foxy/share/rclcpp/cmake)
[0.224s] -- Using all available rosidl_typesupport_c: rosidl_typesupport_fastrtps_c;rosidl_typesupport_introspection_c
[0.227s] -- Found rosidl_adapter: 1.1.0 (/opt/ros/foxy/share/rosidl_adapter/cmake)
[0.316s] -- Using all available rosidl_typesupport_cpp: rosidl_typesupport_fastrtps_cpp;rosidl_typesupport_introspection_cpp
[0.355s] -- Found rmw_implementation_cmake: 1.0.2 (/opt/ros/foxy/share/rmw_implementation_cmake/cmake)
[0.357s] -- Using RMW implementation 'rmw_fastrtps_cpp' as default
[0.473s] -- Found tf2: 0.13.6 (/opt/ros/foxy/share/tf2/cmake)
[0.511s] -- Found tf2_ros: 0.13.6 (/opt/ros/foxy/share/tf2_ros/cmake)
[0.780s] -- Found nav_msgs: 2.0.3 (/opt/ros/foxy/share/nav_msgs/cmake)
[0.840s] -- Found sensor_msgs: 2.0.3 (/opt/ros/foxy/share/sensor_msgs/cmake)
[0.900s] -- Found slam_toolbox: 2.3.0 (/opt/ros/foxy/share/slam_toolbox/cmake)
[1.205s] -- Found eigen3_cmake_module: 0.1.1 (/opt/ros/foxy/share/eigen3_cmake_module/cmake)
[1.325s] -- Configuring done
[1.335s] -- Generating done
[1.336s] -- Build files have been written to: /home/propp/Independent_Study/ros_workspace/build/box_nav
[1.373s] [100%] Built target lidar_odometry
[1.382s] Invoked command in '/home/propp/Independent_Study/ros_workspace/build/box_nav' returned '0': CMAKE_PREFIX_PATH=${CMAKE_PREFIX_PATH}:/home/propp/Independent_Study/ros_workspace/install/nav2_gazebo_spawner:/opt/ros/foxy /usr/bin/cmake --build /home/propp/Independent_Study/ros_workspace/build/box_nav -- -j12 -l12
[1.400s] Invoking command in '/home/propp/Independent_Study/ros_workspace/build/box_nav': CMAKE_PREFIX_PATH=${CMAKE_PREFIX_PATH}:/home/propp/Independent_Study/ros_workspace/install/nav2_gazebo_spawner:/opt/ros/foxy /usr/bin/cmake --install /home/propp/Independent_Study/ros_workspace/build/box_nav
[1.408s] -- Install configuration: ""
[1.408s] -- Up-to-date: /home/propp/Independent_Study/ros_workspace/install/box_nav/lib/box_nav/lidar_odometry
[1.408s] -- Installing: /home/propp/Independent_Study/ros_workspace/install/box_nav/share/ament_index/resource_index/package_run_dependencies/box_nav
[1.409s] -- Up-to-date: /home/propp/Independent_Study/ros_workspace/install/box_nav/share/ament_index/resource_index/parent_prefix_path/box_nav
[1.409s] -- Up-to-date: /home/propp/Independent_Study/ros_workspace/install/box_nav/share/box_nav/environment/ament_prefix_path.sh
[1.409s] -- Installing: /home/propp/Independent_Study/ros_workspace/install/box_nav/share/box_nav/environment/ament_prefix_path.dsv
[1.409s] -- Up-to-date: /home/propp/Independent_Study/ros_workspace/install/box_nav/share/box_nav/environment/path.sh
[1.409s] -- Installing: /home/propp/Independent_Study/ros_workspace/install/box_nav/share/box_nav/environment/path.dsv
[1.409s] -- Up-to-date: /home/propp/Independent_Study/ros_workspace/install/box_nav/share/box_nav/local_setup.bash
[1.409s] -- Up-to-date: /home/propp/Independent_Study/ros_workspace/install/box_nav/share/box_nav/local_setup.sh
[1.409s] -- Up-to-date: /home/propp/Independent_Study/ros_workspace/install/box_nav/share/box_nav/local_setup.zsh
[1.409s] -- Installing: /home/propp/Independent_Study/ros_workspace/install/box_nav/share/box_nav/local_setup.dsv
[1.410s] -- Installing: /home/propp/Independent_Study/ros_workspace/install/box_nav/share/box_nav/package.dsv
[1.410s] -- Up-to-date: /home/propp/Independent_Study/ros_workspace/install/box_nav/share/ament_index/resource_index/packages/box_nav
[1.410s] -- Up-to-date: /home/propp/Independent_Study/ros_workspace/install/box_nav/share/box_nav/cmake/box_navConfig.cmake
[1.410s] -- Up-to-date: /home/propp/Independent_Study/ros_workspace/install/box_nav/share/box_nav/cmake/box_navConfig-version.cmake
[1.410s] -- Installing: /home/propp/Independent_Study/ros_workspace/install/box_nav/share/box_nav/package.xml
[1.412s] Invoked command in '/home/propp/Independent_Study/ros_workspace/build/box_nav' returned '0': CMAKE_PREFIX_PATH=${CMAKE_PREFIX_PATH}:/home/propp/Independent_Study/ros_workspace/install/nav2_gazebo_spawner:/opt/ros/foxy /usr/bin/cmake --install /home/propp/Independent_Study/ros_workspace/build/box_nav
