[0.045s] Invoking command in '/home/propp/Independent_Study/ros_workspace/build/nav2_common': /usr/bin/cmake /home/propp/Independent_Study/ros_workspace/src/navigation2/nav2_common -DCMAKE_INSTALL_PREFIX=/home/propp/Independent_Study/ros_workspace/install/nav2_common
[0.239s] -- Found ament_cmake_core: 0.9.7 (/home/propp/ros2_foxy/ros2-linux/share/ament_cmake_core/cmake)
[0.239s] -- Using PYTHON_EXECUTABLE: /usr/bin/python3
[0.240s] -- Override CMake install command with custom implementation using symlinks instead of copying resources
[0.240s] -- Found ament_cmake_python: 0.9.7 (/home/propp/ros2_foxy/ros2-linux/share/ament_cmake_python/cmake)
[0.284s] -- Configuring done
[0.286s] -- Generating done
[0.287s] -- Build files have been written to: /home/propp/Independent_Study/ros_workspace/build/nav2_common
[0.289s] Invoked command in '/home/propp/Independent_Study/ros_workspace/build/nav2_common' returned '0': /usr/bin/cmake /home/propp/Independent_Study/ros_workspace/src/navigation2/nav2_common -DCMAKE_INSTALL_PREFIX=/home/propp/Independent_Study/ros_workspace/install/nav2_common
[0.292s] Invoking command in '/home/propp/Independent_Study/ros_workspace/build/nav2_common': /usr/bin/cmake --build /home/propp/Independent_Study/ros_workspace/build/nav2_common -- -j12 -l12
[0.328s] Invoked command in '/home/propp/Independent_Study/ros_workspace/build/nav2_common' returned '0': /usr/bin/cmake --build /home/propp/Independent_Study/ros_workspace/build/nav2_common -- -j12 -l12
[0.366s] Invoking command in '/home/propp/Independent_Study/ros_workspace/build/nav2_common': /usr/bin/cmake --install /home/propp/Independent_Study/ros_workspace/build/nav2_common
[0.377s] -- Install configuration: ""
[0.377s] -- Execute custom install script
[0.377s] -- Up-to-date symlink: /home/propp/Independent_Study/ros_workspace/install/nav2_common/share/nav2_common/environment/pythonpath.sh
[0.378s] -- Up-to-date symlink: /home/propp/Independent_Study/ros_workspace/install/nav2_common/share/nav2_common/environment/pythonpath.dsv
[0.379s] -- Up-to-date symlink: /home/propp/Independent_Study/ros_workspace/install/nav2_common/lib/python3.8/site-packages/nav2_common/__init__.py
[0.379s] -- Up-to-date symlink: /home/propp/Independent_Study/ros_workspace/install/nav2_common/lib/python3.8/site-packages/nav2_common/launch/__init__.py
[0.379s] -- Up-to-date symlink: /home/propp/Independent_Study/ros_workspace/install/nav2_common/lib/python3.8/site-packages/nav2_common/launch/replace_string.py
[0.379s] -- Up-to-date symlink: /home/propp/Independent_Study/ros_workspace/install/nav2_common/lib/python3.8/site-packages/nav2_common/launch/rewritten_yaml.py
[0.380s] -- Up-to-date symlink: /home/propp/Independent_Study/ros_workspace/install/nav2_common/share/ament_index/resource_index/package_run_dependencies/nav2_common
[0.380s] -- Up-to-date symlink: /home/propp/Independent_Study/ros_workspace/install/nav2_common/share/ament_index/resource_index/parent_prefix_path/nav2_common
[0.380s] -- Up-to-date symlink: /home/propp/Independent_Study/ros_workspace/install/nav2_common/share/nav2_common/environment/ament_prefix_path.sh
[0.380s] -- Up-to-date symlink: /home/propp/Independent_Study/ros_workspace/install/nav2_common/share/nav2_common/environment/ament_prefix_path.dsv
[0.381s] -- Up-to-date symlink: /home/propp/Independent_Study/ros_workspace/install/nav2_common/share/nav2_common/environment/path.sh
[0.381s] -- Up-to-date symlink: /home/propp/Independent_Study/ros_workspace/install/nav2_common/share/nav2_common/environment/path.dsv
[0.381s] -- Up-to-date symlink: /home/propp/Independent_Study/ros_workspace/install/nav2_common/share/nav2_common/local_setup.bash
[0.381s] -- Up-to-date symlink: /home/propp/Independent_Study/ros_workspace/install/nav2_common/share/nav2_common/local_setup.sh
[0.381s] -- Up-to-date symlink: /home/propp/Independent_Study/ros_workspace/install/nav2_common/share/nav2_common/local_setup.zsh
[0.382s] -- Up-to-date symlink: /home/propp/Independent_Study/ros_workspace/install/nav2_common/share/nav2_common/local_setup.dsv
[0.382s] -- Symlinking: /home/propp/Independent_Study/ros_workspace/install/nav2_common/share/nav2_common/package.dsv
[0.391s] -- Up-to-date symlink: /home/propp/Independent_Study/ros_workspace/install/nav2_common/share/ament_index/resource_index/packages/nav2_common
[0.391s] -- Up-to-date symlink: /home/propp/Independent_Study/ros_workspace/install/nav2_common/share/nav2_common/cmake/nav2_common-extras.cmake
[0.392s] -- Up-to-date symlink: /home/propp/Independent_Study/ros_workspace/install/nav2_common/share/nav2_common/cmake/nav2_commonConfig.cmake
[0.392s] -- Up-to-date symlink: /home/propp/Independent_Study/ros_workspace/install/nav2_common/share/nav2_common/cmake/nav2_commonConfig-version.cmake
[0.392s] -- Up-to-date symlink: /home/propp/Independent_Study/ros_workspace/install/nav2_common/share/nav2_common/package.xml
[0.392s] -- Up-to-date symlink: /home/propp/Independent_Study/ros_workspace/install/nav2_common/share/nav2_common/cmake/nav2_package.cmake
[0.426s] Listing '/home/propp/Independent_Study/ros_workspace/install/nav2_common/lib/python3.8/site-packages/nav2_common'...
[0.426s] Listing '/home/propp/Independent_Study/ros_workspace/install/nav2_common/lib/python3.8/site-packages/nav2_common/launch'...
[0.434s] Invoked command in '/home/propp/Independent_Study/ros_workspace/build/nav2_common' returned '0': /usr/bin/cmake --install /home/propp/Independent_Study/ros_workspace/build/nav2_common
