[0.013s] Invoking command in '/home/propp/Independent_Study/ros_workspace/build/nav2_util': AMENT_PREFIX_PATH=/home/propp/Independent_Study/ros_workspace/install/nav2_msgs:/home/propp/Independent_Study/ros_workspace/install/nav2_common:${AMENT_PREFIX_PATH} CMAKE_PREFIX_PATH=/home/propp/Independent_Study/ros_workspace/install/nav2_msgs:/home/propp/Independent_Study/ros_workspace/install/nav2_common:${CMAKE_PREFIX_PATH} LD_LIBRARY_PATH=/home/propp/Independent_Study/ros_workspace/install/nav2_msgs/lib:${LD_LIBRARY_PATH} PYTHONPATH=/home/propp/Independent_Study/ros_workspace/install/nav2_msgs/lib/python3.8/site-packages:/home/propp/Independent_Study/ros_workspace/install/nav2_common/lib/python3.8/site-packages:${PYTHONPATH} /usr/bin/cmake --build /home/propp/Independent_Study/ros_workspace/build/nav2_util -- -j12 -l12
[0.060s] [  5%] Built target gtest
[0.062s] [ 10%] Built target gtest_main
[0.069s] [ 15%] Built target dump_params
[0.081s] [ 20%] Built target test_execution_timer
[0.085s] [ 45%] Built target nav2_util_core
[0.114s] [ 50%] Built target test_string_utils
[0.117s] [ 55%] Built target test_service_client
[0.118s] [ 65%] Built target test_node_utils
[0.118s] [ 65%] Built target lifecycle_bringup
[0.119s] [ 70%] Built target test_lifecycle_utils
[0.119s] [ 75%] Built target test_actions
[0.119s] [ 80%] Built target test_lifecycle_node
[0.121s] [ 85%] Built target test_lifecycle_cli_node
[0.121s] [ 90%] Built target test_odometry_utils
[0.121s] [ 95%] Built target test_geometry_utils
[0.125s] [100%] Built target test_robot_utils
[0.134s] Invoked command in '/home/propp/Independent_Study/ros_workspace/build/nav2_util' returned '0': AMENT_PREFIX_PATH=/home/propp/Independent_Study/ros_workspace/install/nav2_msgs:/home/propp/Independent_Study/ros_workspace/install/nav2_common:${AMENT_PREFIX_PATH} CMAKE_PREFIX_PATH=/home/propp/Independent_Study/ros_workspace/install/nav2_msgs:/home/propp/Independent_Study/ros_workspace/install/nav2_common:${CMAKE_PREFIX_PATH} LD_LIBRARY_PATH=/home/propp/Independent_Study/ros_workspace/install/nav2_msgs/lib:${LD_LIBRARY_PATH} PYTHONPATH=/home/propp/Independent_Study/ros_workspace/install/nav2_msgs/lib/python3.8/site-packages:/home/propp/Independent_Study/ros_workspace/install/nav2_common/lib/python3.8/site-packages:${PYTHONPATH} /usr/bin/cmake --build /home/propp/Independent_Study/ros_workspace/build/nav2_util -- -j12 -l12
[0.158s] Invoking command in '/home/propp/Independent_Study/ros_workspace/build/nav2_util': AMENT_PREFIX_PATH=/home/propp/Independent_Study/ros_workspace/install/nav2_msgs:/home/propp/Independent_Study/ros_workspace/install/nav2_common:${AMENT_PREFIX_PATH} CMAKE_PREFIX_PATH=/home/propp/Independent_Study/ros_workspace/install/nav2_msgs:/home/propp/Independent_Study/ros_workspace/install/nav2_common:${CMAKE_PREFIX_PATH} LD_LIBRARY_PATH=/home/propp/Independent_Study/ros_workspace/install/nav2_msgs/lib:${LD_LIBRARY_PATH} PYTHONPATH=/home/propp/Independent_Study/ros_workspace/install/nav2_msgs/lib/python3.8/site-packages:/home/propp/Independent_Study/ros_workspace/install/nav2_common/lib/python3.8/site-packages:${PYTHONPATH} /usr/bin/cmake --install /home/propp/Independent_Study/ros_workspace/build/nav2_util
[0.165s] -- Install configuration: "Release"
[0.166s] -- Execute custom install script
[0.166s] -- Up-to-date symlink: /home/propp/Independent_Study/ros_workspace/install/nav2_util/lib/libnav2_util_core.so
[0.166s] -- Up-to-date symlink: /home/propp/Independent_Study/ros_workspace/install/nav2_util/lib/nav2_util/lifecycle_bringup
[0.166s] -- Up-to-date symlink: /home/propp/Independent_Study/ros_workspace/install/nav2_util/lib/nav2_util/dump_params
[0.167s] -- Up-to-date symlink: /home/propp/Independent_Study/ros_workspace/install/nav2_util/include//nav2_util/clear_entirely_costmap_service_client.hpp
[0.167s] -- Up-to-date symlink: /home/propp/Independent_Study/ros_workspace/install/nav2_util/include//nav2_util/costmap.hpp
[0.167s] -- Up-to-date symlink: /home/propp/Independent_Study/ros_workspace/install/nav2_util/include//nav2_util/execution_timer.hpp
[0.167s] -- Up-to-date symlink: /home/propp/Independent_Study/ros_workspace/install/nav2_util/include//nav2_util/geometry_utils.hpp
[0.167s] -- Up-to-date symlink: /home/propp/Independent_Study/ros_workspace/install/nav2_util/include//nav2_util/lifecycle_node.hpp
[0.168s] -- Up-to-date symlink: /home/propp/Independent_Study/ros_workspace/install/nav2_util/include//nav2_util/lifecycle_service_client.hpp
[0.168s] -- Up-to-date symlink: /home/propp/Independent_Study/ros_workspace/install/nav2_util/include//nav2_util/lifecycle_utils.hpp
[0.168s] -- Up-to-date symlink: /home/propp/Independent_Study/ros_workspace/install/nav2_util/include//nav2_util/line_iterator.hpp
[0.168s] -- Up-to-date symlink: /home/propp/Independent_Study/ros_workspace/install/nav2_util/include//nav2_util/node_thread.hpp
[0.168s] -- Up-to-date symlink: /home/propp/Independent_Study/ros_workspace/install/nav2_util/include//nav2_util/node_utils.hpp
[0.168s] -- Up-to-date symlink: /home/propp/Independent_Study/ros_workspace/install/nav2_util/include//nav2_util/odometry_utils.hpp
[0.168s] -- Up-to-date symlink: /home/propp/Independent_Study/ros_workspace/install/nav2_util/include//nav2_util/robot_utils.hpp
[0.168s] -- Up-to-date symlink: /home/propp/Independent_Study/ros_workspace/install/nav2_util/include//nav2_util/service_client.hpp
[0.169s] -- Up-to-date symlink: /home/propp/Independent_Study/ros_workspace/install/nav2_util/include//nav2_util/simple_action_server.hpp
[0.169s] -- Up-to-date symlink: /home/propp/Independent_Study/ros_workspace/install/nav2_util/include//nav2_util/string_utils.hpp
[0.169s] -- Up-to-date symlink: /home/propp/Independent_Study/ros_workspace/install/nav2_util/share/nav2_util/environment/library_path.sh
[0.169s] -- Up-to-date symlink: /home/propp/Independent_Study/ros_workspace/install/nav2_util/share/nav2_util/environment/library_path.dsv
[0.169s] -- Up-to-date symlink: /home/propp/Independent_Study/ros_workspace/install/nav2_util/share/ament_index/resource_index/package_run_dependencies/nav2_util
[0.169s] -- Up-to-date symlink: /home/propp/Independent_Study/ros_workspace/install/nav2_util/share/ament_index/resource_index/parent_prefix_path/nav2_util
[0.170s] -- Up-to-date symlink: /home/propp/Independent_Study/ros_workspace/install/nav2_util/share/nav2_util/environment/ament_prefix_path.sh
[0.170s] -- Up-to-date symlink: /home/propp/Independent_Study/ros_workspace/install/nav2_util/share/nav2_util/environment/ament_prefix_path.dsv
[0.170s] -- Up-to-date symlink: /home/propp/Independent_Study/ros_workspace/install/nav2_util/share/nav2_util/environment/path.sh
[0.170s] -- Up-to-date symlink: /home/propp/Independent_Study/ros_workspace/install/nav2_util/share/nav2_util/environment/path.dsv
[0.170s] -- Up-to-date symlink: /home/propp/Independent_Study/ros_workspace/install/nav2_util/share/nav2_util/local_setup.bash
[0.171s] -- Up-to-date symlink: /home/propp/Independent_Study/ros_workspace/install/nav2_util/share/nav2_util/local_setup.sh
[0.171s] -- Up-to-date symlink: /home/propp/Independent_Study/ros_workspace/install/nav2_util/share/nav2_util/local_setup.zsh
[0.171s] -- Up-to-date symlink: /home/propp/Independent_Study/ros_workspace/install/nav2_util/share/nav2_util/local_setup.dsv
[0.171s] -- Symlinking: /home/propp/Independent_Study/ros_workspace/install/nav2_util/share/nav2_util/package.dsv
[0.181s] -- Up-to-date symlink: /home/propp/Independent_Study/ros_workspace/install/nav2_util/share/ament_index/resource_index/packages/nav2_util
[0.181s] -- Up-to-date symlink: /home/propp/Independent_Study/ros_workspace/install/nav2_util/share/nav2_util/cmake/ament_cmake_export_include_directories-extras.cmake
[0.181s] -- Up-to-date symlink: /home/propp/Independent_Study/ros_workspace/install/nav2_util/share/nav2_util/cmake/ament_cmake_export_libraries-extras.cmake
[0.181s] -- Up-to-date symlink: /home/propp/Independent_Study/ros_workspace/install/nav2_util/share/nav2_util/cmake/ament_cmake_export_dependencies-extras.cmake
[0.182s] -- Up-to-date symlink: /home/propp/Independent_Study/ros_workspace/install/nav2_util/share/nav2_util/cmake/nav2_utilConfig.cmake
[0.182s] -- Up-to-date symlink: /home/propp/Independent_Study/ros_workspace/install/nav2_util/share/nav2_util/cmake/nav2_utilConfig-version.cmake
[0.182s] -- Up-to-date symlink: /home/propp/Independent_Study/ros_workspace/install/nav2_util/share/nav2_util/package.xml
[0.185s] Invoked command in '/home/propp/Independent_Study/ros_workspace/build/nav2_util' returned '0': AMENT_PREFIX_PATH=/home/propp/Independent_Study/ros_workspace/install/nav2_msgs:/home/propp/Independent_Study/ros_workspace/install/nav2_common:${AMENT_PREFIX_PATH} CMAKE_PREFIX_PATH=/home/propp/Independent_Study/ros_workspace/install/nav2_msgs:/home/propp/Independent_Study/ros_workspace/install/nav2_common:${CMAKE_PREFIX_PATH} LD_LIBRARY_PATH=/home/propp/Independent_Study/ros_workspace/install/nav2_msgs/lib:${LD_LIBRARY_PATH} PYTHONPATH=/home/propp/Independent_Study/ros_workspace/install/nav2_msgs/lib/python3.8/site-packages:/home/propp/Independent_Study/ros_workspace/install/nav2_common/lib/python3.8/site-packages:${PYTHONPATH} /usr/bin/cmake --install /home/propp/Independent_Study/ros_workspace/build/nav2_util
