[0.016s] Invoking command in '/home/propp/Independent_Study/ros_workspace/build/box_nav': CMAKE_PREFIX_PATH=${CMAKE_PREFIX_PATH}:/home/propp/Independent_Study/ros_workspace/install/nav2_gazebo_spawner:/opt/ros/foxy /usr/bin/cmake --build /home/propp/Independent_Study/ros_workspace/build/box_nav -- -j12 -l12
[0.040s] -- Found ament_cmake: 0.9.7 (/opt/ros/foxy/share/ament_cmake/cmake)
[0.059s] -- Using PYTHON_EXECUTABLE: /usr/bin/python3
[0.211s] -- Found rclcpp: 2.2.0 (/opt/ros/foxy/share/rclcpp/cmake)
[0.230s] -- Using all available rosidl_typesupport_c: rosidl_typesupport_fastrtps_c;rosidl_typesupport_introspection_c
[0.233s] -- Found rosidl_adapter: 1.1.0 (/opt/ros/foxy/share/rosidl_adapter/cmake)
[0.324s] -- Using all available rosidl_typesupport_cpp: rosidl_typesupport_fastrtps_cpp;rosidl_typesupport_introspection_cpp
[0.364s] -- Found rmw_implementation_cmake: 1.0.2 (/opt/ros/foxy/share/rmw_implementation_cmake/cmake)
[0.365s] -- Using RMW implementation 'rmw_fastrtps_cpp' as default
[0.478s] -- Found tf2: 0.13.6 (/opt/ros/foxy/share/tf2/cmake)
[0.516s] -- Found tf2_ros: 0.13.6 (/opt/ros/foxy/share/tf2_ros/cmake)
[0.777s] -- Found nav_msgs: 2.0.3 (/opt/ros/foxy/share/nav_msgs/cmake)
[0.838s] -- Found sensor_msgs: 2.0.3 (/opt/ros/foxy/share/sensor_msgs/cmake)
[0.895s] -- Found slam_toolbox: 2.3.0 (/opt/ros/foxy/share/slam_toolbox/cmake)
[1.192s] -- Found eigen3_cmake_module: 0.1.1 (/opt/ros/foxy/share/eigen3_cmake_module/cmake)
[1.310s] -- Configuring done
[1.313s] CMake Error at CMakeLists.txt:19 (add_library):
[1.313s]   Cannot find source file:
[1.313s] 
[1.313s]     Eigen.cpp
[1.313s] 
[1.313s]   Tried extensions .c .C .c++ .cc .cpp .cxx .cu .m .M .mm .h .hh .h++ .hm
[1.313s]   .hpp .hxx .in .txx
[1.313s] 
[1.313s] 
[1.314s] CMake Error at CMakeLists.txt:19 (add_library):
[1.314s]   No SOURCES given to target: eigen3
[1.314s] 
[1.314s] 
[1.314s] CMake Generate step failed.  Build files cannot be regenerated correctly.
[1.318s] make: *** [Makefile:266: cmake_check_build_system] Error 1
[1.321s] Invoked command in '/home/propp/Independent_Study/ros_workspace/build/box_nav' returned '2': CMAKE_PREFIX_PATH=${CMAKE_PREFIX_PATH}:/home/propp/Independent_Study/ros_workspace/install/nav2_gazebo_spawner:/opt/ros/foxy /usr/bin/cmake --build /home/propp/Independent_Study/ros_workspace/build/box_nav -- -j12 -l12
