[0.013s] Invoking command in '/home/propp/Independent_Study/first_ros_package/src/first_ros_package/build/first_ros_package': CMAKE_PREFIX_PATH=${CMAKE_PREFIX_PATH}:/home/propp/Independent_Study/src/Test_Ros/install/my_package /usr/bin/cmake --build /home/propp/Independent_Study/first_ros_package/src/first_ros_package/build/first_ros_package -- -j12 -l12
[0.032s] -- Found ament_cmake: 0.9.7 (/home/propp/ros2_foxy/ros2-linux/share/ament_cmake/cmake)
[0.047s] -- Using PYTHON_EXECUTABLE: /usr/bin/python3
[0.172s] -- Found rclcpp: 2.2.0 (/home/propp/ros2_foxy/ros2-linux/share/rclcpp/cmake)
[0.186s] -- Using all available rosidl_typesupport_c: rosidl_typesupport_connext_c;rosidl_typesupport_fastrtps_c;rosidl_typesupport_introspection_c
[0.188s] -- Found rosidl_adapter: 1.1.0 (/home/propp/ros2_foxy/ros2-linux/share/rosidl_adapter/cmake)
[0.190s] -- Found RTI Connext: /opt/rti.com/rti_connext_dds-5.3.1
[0.460s] -- Using all available rosidl_typesupport_cpp: rosidl_typesupport_connext_cpp;rosidl_typesupport_fastrtps_cpp;rosidl_typesupport_introspection_cpp
[0.496s] -- Found rmw_implementation_cmake: 1.0.1 (/home/propp/ros2_foxy/ros2-linux/share/rmw_implementation_cmake/cmake)
[0.498s] -- Using RMW implementation 'rmw_fastrtps_cpp' as default
[0.564s] -- Found tf2: 0.13.5 (/home/propp/ros2_foxy/ros2-linux/share/tf2/cmake)
[0.617s] -- Found tf2_ros: 0.13.5 (/home/propp/ros2_foxy/ros2-linux/share/tf2_ros/cmake)
[0.860s] -- Found nav_msgs: 2.0.3 (/home/propp/ros2_foxy/ros2-linux/share/nav_msgs/cmake)
[0.918s] -- Found sensor_msgs: 2.0.3 (/home/propp/ros2_foxy/ros2-linux/share/sensor_msgs/cmake)
[0.973s] CMake Error at /home/propp/ros2_foxy/ros2-linux/share/ament_cmake_target_dependencies/cmake/ament_target_dependencies.cmake:66 (message):
[0.974s]   ament_target_dependencies() the passed package name 'ft2_ros' was not found
[0.974s]   before
[0.974s] Call Stack (most recent call first):
[0.974s]   CMakeLists.txt:27 (ament_target_dependencies)
[0.974s] 
[0.974s] 
[0.975s] -- Configuring incomplete, errors occurred!
[0.976s] See also "/home/propp/Independent_Study/first_ros_package/src/first_ros_package/build/first_ros_package/CMakeFiles/CMakeOutput.log".
[0.976s] See also "/home/propp/Independent_Study/first_ros_package/src/first_ros_package/build/first_ros_package/CMakeFiles/CMakeError.log".
[0.980s] make: *** [Makefile:266: cmake_check_build_system] Error 1
[0.982s] Invoked command in '/home/propp/Independent_Study/first_ros_package/src/first_ros_package/build/first_ros_package' returned '2': CMAKE_PREFIX_PATH=${CMAKE_PREFIX_PATH}:/home/propp/Independent_Study/src/Test_Ros/install/my_package /usr/bin/cmake --build /home/propp/Independent_Study/first_ros_package/src/first_ros_package/build/first_ros_package -- -j12 -l12
