[35m[1mScanning dependencies of target pf_lib[0m
[35m[1mScanning dependencies of target map_lib[0m
[  3%] [32mBuilding C object src/pf/CMakeFiles/pf_lib.dir/pf.c.o[0m
[  7%] [32mBuilding C object src/map/CMakeFiles/map_lib.dir/map.c.o[0m
[ 11%] [32mBuilding C object src/pf/CMakeFiles/pf_lib.dir/pf_kdtree.c.o[0m
[ 15%] [32mBuilding C object src/map/CMakeFiles/map_lib.dir/map_range.c.o[0m
[ 19%] [32mBuilding C object src/map/CMakeFiles/map_lib.dir/map_draw.c.o[0m
[ 23%] [32mBuilding CXX object src/map/CMakeFiles/map_lib.dir/map_cspace.cpp.o[0m
[ 26%] [32mBuilding C object src/map/CMakeFiles/map_lib.dir/map_store.c.o[0m
[ 30%] [32mBuilding C object src/pf/CMakeFiles/pf_lib.dir/pf_vector.c.o[0m
[ 34%] [32mBuilding C object src/pf/CMakeFiles/pf_lib.dir/pf_pdf.c.o[0m
[ 38%] [32mBuilding C object src/pf/CMakeFiles/pf_lib.dir/eig3.c.o[0m
[ 42%] [32mBuilding C object src/pf/CMakeFiles/pf_lib.dir/pf_draw.c.o[0m
[ 46%] [32m[1mLinking C shared library libpf_lib.so[0m
[ 46%] Built target pf_lib
[ 50%] [32m[1mLinking CXX shared library libmap_lib.so[0m
[35m[1mScanning dependencies of target motions_lib[0m
[ 57%] [32mBuilding CXX object src/motion_model/CMakeFiles/motions_lib.dir/motion_model.cpp.o[0m
[ 61%] [32mBuilding CXX object src/motion_model/CMakeFiles/motions_lib.dir/differential_motion_model.cpp.o[0m
[ 61%] [32mBuilding CXX object src/motion_model/CMakeFiles/motions_lib.dir/omni_motion_model.cpp.o[0m
[ 61%] Built target map_lib
[35m[1mScanning dependencies of target sensors_lib[0m
[ 65%] [32mBuilding CXX object src/sensors/CMakeFiles/sensors_lib.dir/laser/laser.cpp.o[0m
[ 69%] [32mBuilding CXX object src/sensors/CMakeFiles/sensors_lib.dir/laser/beam_model.cpp.o[0m
[ 73%] [32mBuilding CXX object src/sensors/CMakeFiles/sensors_lib.dir/laser/likelihood_field_model.cpp.o[0m
[ 76%] [32mBuilding CXX object src/sensors/CMakeFiles/sensors_lib.dir/laser/likelihood_field_model_prob.cpp.o[0m
[ 80%] [32m[1mLinking CXX shared library libmotions_lib.so[0m
[ 84%] [32m[1mLinking CXX shared library libsensors_lib.so[0m
[ 84%] Built target motions_lib
[ 84%] Built target sensors_lib
[35m[1mScanning dependencies of target amcl_core[0m
[ 88%] [32mBuilding CXX object CMakeFiles/amcl_core.dir/src/amcl_node.cpp.o[0m
[ 92%] [32m[1mLinking CXX shared library libamcl_core.so[0m
[ 92%] Built target amcl_core
[35m[1mScanning dependencies of target amcl[0m
[ 96%] [32mBuilding CXX object CMakeFiles/amcl.dir/src/main.cpp.o[0m
[100%] [32m[1mLinking CXX executable amcl[0m
[100%] Built target amcl
