[0.035s] Invoking command in '/home/propp/Independent_Study/ros_workspace/build/nav2_amcl': AMENT_PREFIX_PATH=/home/propp/Independent_Study/ros_workspace/install/nav2_util:/home/propp/Independent_Study/ros_workspace/install/nav2_msgs:/home/propp/Independent_Study/ros_workspace/install/nav2_common:${AMENT_PREFIX_PATH} CMAKE_PREFIX_PATH=/home/propp/Independent_Study/ros_workspace/install/nav2_util:/home/propp/Independent_Study/ros_workspace/install/nav2_msgs:/home/propp/Independent_Study/ros_workspace/install/nav2_common:${CMAKE_PREFIX_PATH} LD_LIBRARY_PATH=/home/propp/Independent_Study/ros_workspace/install/nav2_util/lib:/home/propp/Independent_Study/ros_workspace/install/nav2_msgs/lib:${LD_LIBRARY_PATH} PYTHONPATH=/home/propp/Independent_Study/ros_workspace/install/nav2_msgs/lib/python3.8/site-packages:/home/propp/Independent_Study/ros_workspace/install/nav2_common/lib/python3.8/site-packages:${PYTHONPATH} /usr/bin/cmake --build /home/propp/Independent_Study/ros_workspace/build/nav2_amcl -- -j12 -l12
[0.092s] [35m[1mScanning dependencies of target pf_lib[0m
[0.092s] [35m[1mScanning dependencies of target map_lib[0m
[0.113s] [  3%] [32mBuilding C object src/pf/CMakeFiles/pf_lib.dir/pf.c.o[0m
[0.124s] [  7%] [32mBuilding C object src/map/CMakeFiles/map_lib.dir/map.c.o[0m
[0.125s] [ 11%] [32mBuilding C object src/pf/CMakeFiles/pf_lib.dir/pf_kdtree.c.o[0m
[0.130s] [ 15%] [32mBuilding C object src/map/CMakeFiles/map_lib.dir/map_range.c.o[0m
[0.133s] [ 19%] [32mBuilding C object src/map/CMakeFiles/map_lib.dir/map_draw.c.o[0m
[0.133s] [ 23%] [32mBuilding CXX object src/map/CMakeFiles/map_lib.dir/map_cspace.cpp.o[0m
[0.142s] [ 26%] [32mBuilding C object src/map/CMakeFiles/map_lib.dir/map_store.c.o[0m
[0.158s] [ 30%] [32mBuilding C object src/pf/CMakeFiles/pf_lib.dir/pf_vector.c.o[0m
[0.159s] [ 34%] [32mBuilding C object src/pf/CMakeFiles/pf_lib.dir/pf_pdf.c.o[0m
[0.165s] [ 38%] [32mBuilding C object src/pf/CMakeFiles/pf_lib.dir/eig3.c.o[0m
[0.188s] [ 42%] [32mBuilding C object src/pf/CMakeFiles/pf_lib.dir/pf_draw.c.o[0m
[0.624s] [ 46%] [32m[1mLinking C shared library libpf_lib.so[0m
[0.727s] [ 46%] Built target pf_lib
[0.747s] [ 50%] [32m[1mLinking CXX shared library libmap_lib.so[0m
[0.786s] [35m[1mScanning dependencies of target motions_lib[0m
[0.895s] [ 57%] [32mBuilding CXX object src/motion_model/CMakeFiles/motions_lib.dir/motion_model.cpp.o[0m
[0.904s] [ 61%] [32mBuilding CXX object src/motion_model/CMakeFiles/motions_lib.dir/differential_motion_model.cpp.o[0m
[0.908s] [ 61%] [32mBuilding CXX object src/motion_model/CMakeFiles/motions_lib.dir/omni_motion_model.cpp.o[0m
[1.104s] [ 61%] Built target map_lib
[1.151s] [35m[1mScanning dependencies of target sensors_lib[0m
[1.211s] [ 65%] [32mBuilding CXX object src/sensors/CMakeFiles/sensors_lib.dir/laser/laser.cpp.o[0m
[1.245s] [ 69%] [32mBuilding CXX object src/sensors/CMakeFiles/sensors_lib.dir/laser/beam_model.cpp.o[0m
[1.267s] [ 73%] [32mBuilding CXX object src/sensors/CMakeFiles/sensors_lib.dir/laser/likelihood_field_model.cpp.o[0m
[1.279s] [ 76%] [32mBuilding CXX object src/sensors/CMakeFiles/sensors_lib.dir/laser/likelihood_field_model_prob.cpp.o[0m
[1.538s] [ 80%] [32m[1mLinking CXX shared library libmotions_lib.so[0m
[1.727s] [ 84%] [32m[1mLinking CXX shared library libsensors_lib.so[0m
[1.800s] [ 84%] Built target motions_lib
[1.843s] [ 84%] Built target sensors_lib
[1.853s] [35m[1mScanning dependencies of target amcl_core[0m
[1.910s] [ 88%] [32mBuilding CXX object CMakeFiles/amcl_core.dir/src/amcl_node.cpp.o[0m
[19.037s] [ 92%] [32m[1mLinking CXX shared library libamcl_core.so[0m
[19.281s] [ 92%] Built target amcl_core
[19.289s] [35m[1mScanning dependencies of target amcl[0m
[19.326s] [ 96%] [32mBuilding CXX object CMakeFiles/amcl.dir/src/main.cpp.o[0m
[21.027s] [100%] [32m[1mLinking CXX executable amcl[0m
[21.196s] [100%] Built target amcl
