[0.019s] Invoking command in '/home/propp/Independent_Study/ros_workspace/build/eigen3_cmake_module': CMAKE_PREFIX_PATH=${CMAKE_PREFIX_PATH}:/home/propp/Independent_Study/ros_workspace/install/nav2_gazebo_spawner:/opt/ros/foxy /usr/bin/cmake --build /home/propp/Independent_Study/ros_workspace/build/eigen3_cmake_module -- -j12 -l12
[0.053s] Invoked command in '/home/propp/Independent_Study/ros_workspace/build/eigen3_cmake_module' returned '0': CMAKE_PREFIX_PATH=${CMAKE_PREFIX_PATH}:/home/propp/Independent_Study/ros_workspace/install/nav2_gazebo_spawner:/opt/ros/foxy /usr/bin/cmake --build /home/propp/Independent_Study/ros_workspace/build/eigen3_cmake_module -- -j12 -l12
[0.083s] Invoking command in '/home/propp/Independent_Study/ros_workspace/build/eigen3_cmake_module': CMAKE_PREFIX_PATH=${CMAKE_PREFIX_PATH}:/home/propp/Independent_Study/ros_workspace/install/nav2_gazebo_spawner:/opt/ros/foxy /usr/bin/cmake --install /home/propp/Independent_Study/ros_workspace/build/eigen3_cmake_module
[0.091s] -- Install configuration: ""
[0.092s] -- Up-to-date: /home/propp/Independent_Study/ros_workspace/install/eigen3_cmake_module/share/ament_index/resource_index/package_run_dependencies/eigen3_cmake_module
[0.093s] -- Up-to-date: /home/propp/Independent_Study/ros_workspace/install/eigen3_cmake_module/share/ament_index/resource_index/parent_prefix_path/eigen3_cmake_module
[0.093s] -- Up-to-date: /home/propp/Independent_Study/ros_workspace/install/eigen3_cmake_module/share/eigen3_cmake_module/environment/ament_prefix_path.sh
[0.093s] -- Up-to-date: /home/propp/Independent_Study/ros_workspace/install/eigen3_cmake_module/share/eigen3_cmake_module/environment/ament_prefix_path.dsv
[0.094s] -- Up-to-date: /home/propp/Independent_Study/ros_workspace/install/eigen3_cmake_module/share/eigen3_cmake_module/environment/path.sh
[0.094s] -- Up-to-date: /home/propp/Independent_Study/ros_workspace/install/eigen3_cmake_module/share/eigen3_cmake_module/environment/path.dsv
[0.094s] -- Up-to-date: /home/propp/Independent_Study/ros_workspace/install/eigen3_cmake_module/share/eigen3_cmake_module/local_setup.bash
[0.094s] -- Up-to-date: /home/propp/Independent_Study/ros_workspace/install/eigen3_cmake_module/share/eigen3_cmake_module/local_setup.sh
[0.094s] -- Up-to-date: /home/propp/Independent_Study/ros_workspace/install/eigen3_cmake_module/share/eigen3_cmake_module/local_setup.zsh
[0.094s] -- Up-to-date: /home/propp/Independent_Study/ros_workspace/install/eigen3_cmake_module/share/eigen3_cmake_module/local_setup.dsv
[0.094s] -- Up-to-date: /home/propp/Independent_Study/ros_workspace/install/eigen3_cmake_module/share/eigen3_cmake_module/package.dsv
[0.094s] -- Up-to-date: /home/propp/Independent_Study/ros_workspace/install/eigen3_cmake_module/share/ament_index/resource_index/packages/eigen3_cmake_module
[0.095s] -- Up-to-date: /home/propp/Independent_Study/ros_workspace/install/eigen3_cmake_module/share/eigen3_cmake_module/cmake/eigen3_cmake_module-extras.cmake
[0.095s] -- Up-to-date: /home/propp/Independent_Study/ros_workspace/install/eigen3_cmake_module/share/eigen3_cmake_module/cmake/eigen3_cmake_moduleConfig.cmake
[0.095s] -- Up-to-date: /home/propp/Independent_Study/ros_workspace/install/eigen3_cmake_module/share/eigen3_cmake_module/cmake/eigen3_cmake_moduleConfig-version.cmake
[0.095s] -- Up-to-date: /home/propp/Independent_Study/ros_workspace/install/eigen3_cmake_module/share/eigen3_cmake_module/package.xml
[0.095s] -- Up-to-date: /home/propp/Independent_Study/ros_workspace/install/eigen3_cmake_module/share/eigen3_cmake_module/cmake
[0.095s] -- Up-to-date: /home/propp/Independent_Study/ros_workspace/install/eigen3_cmake_module/share/eigen3_cmake_module/cmake/Modules
[0.095s] -- Up-to-date: /home/propp/Independent_Study/ros_workspace/install/eigen3_cmake_module/share/eigen3_cmake_module/cmake/Modules/FindEigen3.cmake
[0.095s] Invoked command in '/home/propp/Independent_Study/ros_workspace/build/eigen3_cmake_module' returned '0': CMAKE_PREFIX_PATH=${CMAKE_PREFIX_PATH}:/home/propp/Independent_Study/ros_workspace/install/nav2_gazebo_spawner:/opt/ros/foxy /usr/bin/cmake --install /home/propp/Independent_Study/ros_workspace/build/eigen3_cmake_module
