[0.016s] Invoking command in '/home/propp/Independent_Study/ros_workspace/build/box_nav': CMAKE_PREFIX_PATH=${CMAKE_PREFIX_PATH}:/home/propp/Independent_Study/ros_workspace/install/nav2_gazebo_spawner:/opt/ros/foxy /usr/bin/cmake --build /home/propp/Independent_Study/ros_workspace/build/box_nav -- -j12 -l12
[0.042s] -- Found ament_cmake: 0.9.7 (/opt/ros/foxy/share/ament_cmake/cmake)
[0.060s] -- Using PYTHON_EXECUTABLE: /usr/bin/python3
[0.211s] -- Found rclcpp: 2.2.0 (/opt/ros/foxy/share/rclcpp/cmake)
[0.230s] -- Using all available rosidl_typesupport_c: rosidl_typesupport_fastrtps_c;rosidl_typesupport_introspection_c
[0.233s] -- Found rosidl_adapter: 1.1.0 (/opt/ros/foxy/share/rosidl_adapter/cmake)
[0.329s] -- Using all available rosidl_typesupport_cpp: rosidl_typesupport_fastrtps_cpp;rosidl_typesupport_introspection_cpp
[0.370s] -- Found rmw_implementation_cmake: 1.0.2 (/opt/ros/foxy/share/rmw_implementation_cmake/cmake)
[0.372s] -- Using RMW implementation 'rmw_fastrtps_cpp' as default
[0.484s] -- Found tf2: 0.13.6 (/opt/ros/foxy/share/tf2/cmake)
[0.521s] -- Found tf2_ros: 0.13.6 (/opt/ros/foxy/share/tf2_ros/cmake)
[0.784s] -- Found nav_msgs: 2.0.3 (/opt/ros/foxy/share/nav_msgs/cmake)
[0.843s] -- Found sensor_msgs: 2.0.3 (/opt/ros/foxy/share/sensor_msgs/cmake)
[0.902s] -- Found slam_toolbox: 2.3.0 (/opt/ros/foxy/share/slam_toolbox/cmake)
[1.215s] -- Found eigen3_cmake_module: 0.1.1 (/opt/ros/foxy/share/eigen3_cmake_module/cmake)
[1.217s] -- Found Eigen3: TRUE (found version "3.3.7") 
[1.343s] -- Configuring done
[1.353s] -- Generating done
[1.355s] -- Build files have been written to: /home/propp/Independent_Study/ros_workspace/build/box_nav
[1.393s] [100%] Built target lidar_odometry
[1.401s] Invoked command in '/home/propp/Independent_Study/ros_workspace/build/box_nav' returned '0': CMAKE_PREFIX_PATH=${CMAKE_PREFIX_PATH}:/home/propp/Independent_Study/ros_workspace/install/nav2_gazebo_spawner:/opt/ros/foxy /usr/bin/cmake --build /home/propp/Independent_Study/ros_workspace/build/box_nav -- -j12 -l12
[1.421s] Invoking command in '/home/propp/Independent_Study/ros_workspace/build/box_nav': CMAKE_PREFIX_PATH=${CMAKE_PREFIX_PATH}:/home/propp/Independent_Study/ros_workspace/install/nav2_gazebo_spawner:/opt/ros/foxy /usr/bin/cmake --install /home/propp/Independent_Study/ros_workspace/build/box_nav
[1.427s] -- Install configuration: ""
[1.427s] -- Up-to-date: /home/propp/Independent_Study/ros_workspace/install/box_nav/lib/box_nav/lidar_odometry
[1.428s] -- Up-to-date: /home/propp/Independent_Study/ros_workspace/install/box_nav/share/ament_index/resource_index/package_run_dependencies/box_nav
[1.428s] -- Up-to-date: /home/propp/Independent_Study/ros_workspace/install/box_nav/share/ament_index/resource_index/parent_prefix_path/box_nav
[1.428s] -- Up-to-date: /home/propp/Independent_Study/ros_workspace/install/box_nav/share/box_nav/environment/ament_prefix_path.sh
[1.428s] -- Installing: /home/propp/Independent_Study/ros_workspace/install/box_nav/share/box_nav/environment/ament_prefix_path.dsv
[1.428s] -- Up-to-date: /home/propp/Independent_Study/ros_workspace/install/box_nav/share/box_nav/environment/path.sh
[1.428s] -- Installing: /home/propp/Independent_Study/ros_workspace/install/box_nav/share/box_nav/environment/path.dsv
[1.428s] -- Up-to-date: /home/propp/Independent_Study/ros_workspace/install/box_nav/share/box_nav/local_setup.bash
[1.428s] -- Up-to-date: /home/propp/Independent_Study/ros_workspace/install/box_nav/share/box_nav/local_setup.sh
[1.429s] -- Up-to-date: /home/propp/Independent_Study/ros_workspace/install/box_nav/share/box_nav/local_setup.zsh
[1.429s] -- Installing: /home/propp/Independent_Study/ros_workspace/install/box_nav/share/box_nav/local_setup.dsv
[1.429s] -- Installing: /home/propp/Independent_Study/ros_workspace/install/box_nav/share/box_nav/package.dsv
[1.429s] -- Up-to-date: /home/propp/Independent_Study/ros_workspace/install/box_nav/share/ament_index/resource_index/packages/box_nav
[1.429s] -- Up-to-date: /home/propp/Independent_Study/ros_workspace/install/box_nav/share/box_nav/cmake/box_navConfig.cmake
[1.429s] -- Up-to-date: /home/propp/Independent_Study/ros_workspace/install/box_nav/share/box_nav/cmake/box_navConfig-version.cmake
[1.429s] -- Up-to-date: /home/propp/Independent_Study/ros_workspace/install/box_nav/share/box_nav/package.xml
[1.431s] Invoked command in '/home/propp/Independent_Study/ros_workspace/build/box_nav' returned '0': CMAKE_PREFIX_PATH=${CMAKE_PREFIX_PATH}:/home/propp/Independent_Study/ros_workspace/install/nav2_gazebo_spawner:/opt/ros/foxy /usr/bin/cmake --install /home/propp/Independent_Study/ros_workspace/build/box_nav
