[0.015s] Invoking command in '/home/propp/Independent_Study/ros_workspace/build/nav2_msgs': AMENT_PREFIX_PATH=/home/propp/Independent_Study/ros_workspace/install/nav2_common:${AMENT_PREFIX_PATH} CMAKE_PREFIX_PATH=/home/propp/Independent_Study/ros_workspace/install/nav2_common:${CMAKE_PREFIX_PATH} PYTHONPATH=/home/propp/Independent_Study/ros_workspace/install/nav2_common/lib/python3.8/site-packages:${PYTHONPATH} /usr/bin/cmake --build /home/propp/Independent_Study/ros_workspace/build/nav2_msgs -- -j12 -l12
[0.094s] [  0%] Built target nav2_msgs__cpp
[0.095s] [  0%] Built target nav2_msgs__dds_connext_idl
[0.101s] [  6%] Built target nav2_msgs__rosidl_generator_c
[0.130s] [ 13%] Built target nav2_msgs__rosidl_typesupport_cpp
[0.130s] [ 20%] Built target nav2_msgs__rosidl_typesupport_introspection_cpp
[0.137s] [ 27%] Built target nav2_msgs__rosidl_typesupport_c
[0.141s] [ 33%] Built target nav2_msgs__rosidl_typesupport_introspection_c
[0.146s] [ 40%] Built target nav2_msgs__rosidl_typesupport_fastrtps_cpp
[0.184s] [ 46%] Built target nav2_msgs__rosidl_typesupport_fastrtps_c
[0.317s] [ 69%] Built target nav2_msgs__rosidl_typesupport_connext_cpp
[0.510s] [ 93%] Built target nav2_msgs__rosidl_typesupport_connext_c
[0.527s] [ 93%] Built target nav2_msgs
[0.543s] [ 93%] Built target nav2_msgs__py
[0.575s] [ 99%] Built target nav2_msgs__python
[0.599s] [ 99%] Built target nav2_msgs__rosidl_typesupport_fastrtps_c__pyext
[0.601s] [100%] Built target nav2_msgs__rosidl_typesupport_introspection_c__pyext
[0.601s] [100%] Built target nav2_msgs__rosidl_typesupport_c__pyext
[0.601s] [100%] Built target nav2_msgs__rosidl_typesupport_connext_c__pyext
[0.611s] Invoked command in '/home/propp/Independent_Study/ros_workspace/build/nav2_msgs' returned '0': AMENT_PREFIX_PATH=/home/propp/Independent_Study/ros_workspace/install/nav2_common:${AMENT_PREFIX_PATH} CMAKE_PREFIX_PATH=/home/propp/Independent_Study/ros_workspace/install/nav2_common:${CMAKE_PREFIX_PATH} PYTHONPATH=/home/propp/Independent_Study/ros_workspace/install/nav2_common/lib/python3.8/site-packages:${PYTHONPATH} /usr/bin/cmake --build /home/propp/Independent_Study/ros_workspace/build/nav2_msgs -- -j12 -l12
[1.077s] Invoking command in '/home/propp/Independent_Study/ros_workspace/build/nav2_msgs': AMENT_PREFIX_PATH=/home/propp/Independent_Study/ros_workspace/install/nav2_common:${AMENT_PREFIX_PATH} CMAKE_PREFIX_PATH=/home/propp/Independent_Study/ros_workspace/install/nav2_common:${CMAKE_PREFIX_PATH} PYTHONPATH=/home/propp/Independent_Study/ros_workspace/install/nav2_common/lib/python3.8/site-packages:${PYTHONPATH} /usr/bin/cmake --install /home/propp/Independent_Study/ros_workspace/build/nav2_msgs
[1.083s] -- Install configuration: "Release"
[1.084s] -- Execute custom install script
[1.084s] -- Up-to-date symlink: /home/propp/Independent_Study/ros_workspace/install/nav2_msgs/share/ament_index/resource_index/rosidl_interfaces/nav2_msgs
[1.086s] -- Up-to-date symlink: /home/propp/Independent_Study/ros_workspace/install/nav2_msgs/include/nav2_msgs/action/back_up.h
[1.086s] -- Up-to-date symlink: /home/propp/Independent_Study/ros_workspace/install/nav2_msgs/include/nav2_msgs/action/compute_path_to_pose.h
[1.086s] -- Up-to-date symlink: /home/propp/Independent_Study/ros_workspace/install/nav2_msgs/include/nav2_msgs/action/detail/back_up__functions.h
[1.086s] -- Up-to-date symlink: /home/propp/Independent_Study/ros_workspace/install/nav2_msgs/include/nav2_msgs/action/detail/back_up__struct.h
[1.086s] -- Up-to-date symlink: /home/propp/Independent_Study/ros_workspace/install/nav2_msgs/include/nav2_msgs/action/detail/back_up__type_support.h
[1.086s] -- Up-to-date symlink: /home/propp/Independent_Study/ros_workspace/install/nav2_msgs/include/nav2_msgs/action/detail/compute_path_to_pose__functions.h
[1.087s] -- Up-to-date symlink: /home/propp/Independent_Study/ros_workspace/install/nav2_msgs/include/nav2_msgs/action/detail/compute_path_to_pose__struct.h
[1.087s] -- Up-to-date symlink: /home/propp/Independent_Study/ros_workspace/install/nav2_msgs/include/nav2_msgs/action/detail/compute_path_to_pose__type_support.h
[1.087s] -- Up-to-date symlink: /home/propp/Independent_Study/ros_workspace/install/nav2_msgs/include/nav2_msgs/action/detail/dummy_recovery__functions.h
[1.087s] -- Up-to-date symlink: /home/propp/Independent_Study/ros_workspace/install/nav2_msgs/include/nav2_msgs/action/detail/dummy_recovery__struct.h
[1.087s] -- Up-to-date symlink: /home/propp/Independent_Study/ros_workspace/install/nav2_msgs/include/nav2_msgs/action/detail/dummy_recovery__type_support.h
[1.087s] -- Up-to-date symlink: /home/propp/Independent_Study/ros_workspace/install/nav2_msgs/include/nav2_msgs/action/detail/follow_path__functions.h
[1.087s] -- Up-to-date symlink: /home/propp/Independent_Study/ros_workspace/install/nav2_msgs/include/nav2_msgs/action/detail/follow_path__struct.h
[1.087s] -- Up-to-date symlink: /home/propp/Independent_Study/ros_workspace/install/nav2_msgs/include/nav2_msgs/action/detail/follow_path__type_support.h
[1.087s] -- Up-to-date symlink: /home/propp/Independent_Study/ros_workspace/install/nav2_msgs/include/nav2_msgs/action/detail/follow_waypoints__functions.h
[1.088s] -- Up-to-date symlink: /home/propp/Independent_Study/ros_workspace/install/nav2_msgs/include/nav2_msgs/action/detail/follow_waypoints__struct.h
[1.088s] -- Up-to-date symlink: /home/propp/Independent_Study/ros_workspace/install/nav2_msgs/include/nav2_msgs/action/detail/follow_waypoints__type_support.h
[1.088s] -- Up-to-date symlink: /home/propp/Independent_Study/ros_workspace/install/nav2_msgs/include/nav2_msgs/action/detail/navigate_to_pose__functions.h
[1.088s] -- Up-to-date symlink: /home/propp/Independent_Study/ros_workspace/install/nav2_msgs/include/nav2_msgs/action/detail/navigate_to_pose__struct.h
[1.088s] -- Up-to-date symlink: /home/propp/Independent_Study/ros_workspace/install/nav2_msgs/include/nav2_msgs/action/detail/navigate_to_pose__type_support.h
[1.088s] -- Up-to-date symlink: /home/propp/Independent_Study/ros_workspace/install/nav2_msgs/include/nav2_msgs/action/detail/spin__functions.h
[1.089s] -- Up-to-date symlink: /home/propp/Independent_Study/ros_workspace/install/nav2_msgs/include/nav2_msgs/action/detail/spin__struct.h
[1.089s] -- Up-to-date symlink: /home/propp/Independent_Study/ros_workspace/install/nav2_msgs/include/nav2_msgs/action/detail/spin__type_support.h
[1.089s] -- Up-to-date symlink: /home/propp/Independent_Study/ros_workspace/install/nav2_msgs/include/nav2_msgs/action/detail/wait__functions.h
[1.089s] -- Up-to-date symlink: /home/propp/Independent_Study/ros_workspace/install/nav2_msgs/include/nav2_msgs/action/detail/wait__struct.h
[1.089s] -- Up-to-date symlink: /home/propp/Independent_Study/ros_workspace/install/nav2_msgs/include/nav2_msgs/action/detail/wait__type_support.h
[1.089s] -- Up-to-date symlink: /home/propp/Independent_Study/ros_workspace/install/nav2_msgs/include/nav2_msgs/action/dummy_recovery.h
[1.090s] -- Up-to-date symlink: /home/propp/Independent_Study/ros_workspace/install/nav2_msgs/include/nav2_msgs/action/follow_path.h
[1.090s] -- Up-to-date symlink: /home/propp/Independent_Study/ros_workspace/install/nav2_msgs/include/nav2_msgs/action/follow_waypoints.h
[1.090s] -- Up-to-date symlink: /home/propp/Independent_Study/ros_workspace/install/nav2_msgs/include/nav2_msgs/action/navigate_to_pose.h
[1.090s] -- Up-to-date symlink: /home/propp/Independent_Study/ros_workspace/install/nav2_msgs/include/nav2_msgs/action/spin.h
[1.090s] -- Up-to-date symlink: /home/propp/Independent_Study/ros_workspace/install/nav2_msgs/include/nav2_msgs/action/wait.h
[1.090s] -- Up-to-date symlink: /home/propp/Independent_Study/ros_workspace/install/nav2_msgs/include/nav2_msgs/msg/behavior_tree_log.h
[1.090s] -- Up-to-date symlink: /home/propp/Independent_Study/ros_workspace/install/nav2_msgs/include/nav2_msgs/msg/behavior_tree_status_change.h
[1.090s] -- Up-to-date symlink: /home/propp/Independent_Study/ros_workspace/install/nav2_msgs/include/nav2_msgs/msg/costmap.h
[1.091s] -- Up-to-date symlink: /home/propp/Independent_Study/ros_workspace/install/nav2_msgs/include/nav2_msgs/msg/costmap_meta_data.h
[1.091s] -- Up-to-date symlink: /home/propp/Independent_Study/ros_workspace/install/nav2_msgs/include/nav2_msgs/msg/detail/behavior_tree_log__functions.h
[1.091s] -- Up-to-date symlink: /home/propp/Independent_Study/ros_workspace/install/nav2_msgs/include/nav2_msgs/msg/detail/behavior_tree_log__struct.h
[1.091s] -- Up-to-date symlink: /home/propp/Independent_Study/ros_workspace/install/nav2_msgs/include/nav2_msgs/msg/detail/behavior_tree_log__type_support.h
[1.091s] -- Up-to-date symlink: /home/propp/Independent_Study/ros_workspace/install/nav2_msgs/include/nav2_msgs/msg/detail/behavior_tree_status_change__functions.h
[1.091s] -- Up-to-date symlink: /home/propp/Independent_Study/ros_workspace/install/nav2_msgs/include/nav2_msgs/msg/detail/behavior_tree_status_change__struct.h
[1.091s] -- Up-to-date symlink: /home/propp/Independent_Study/ros_workspace/install/nav2_msgs/include/nav2_msgs/msg/detail/behavior_tree_status_change__type_support.h
[1.092s] -- Up-to-date symlink: /home/propp/Independent_Study/ros_workspace/install/nav2_msgs/include/nav2_msgs/msg/detail/costmap__functions.h
[1.092s] -- Up-to-date symlink: /home/propp/Independent_Study/ros_workspace/install/nav2_msgs/include/nav2_msgs/msg/detail/costmap__struct.h
[1.092s] -- Up-to-date symlink: /home/propp/Independent_Study/ros_workspace/install/nav2_msgs/include/nav2_msgs/msg/detail/costmap__type_support.h
[1.092s] -- Up-to-date symlink: /home/propp/Independent_Study/ros_workspace/install/nav2_msgs/include/nav2_msgs/msg/detail/costmap_meta_data__functions.h
[1.092s] -- Up-to-date symlink: /home/propp/Independent_Study/ros_workspace/install/nav2_msgs/include/nav2_msgs/msg/detail/costmap_meta_data__struct.h
[1.092s] -- Up-to-date symlink: /home/propp/Independent_Study/ros_workspace/install/nav2_msgs/include/nav2_msgs/msg/detail/costmap_meta_data__type_support.h
[1.092s] -- Up-to-date symlink: /home/propp/Independent_Study/ros_workspace/install/nav2_msgs/include/nav2_msgs/msg/detail/particle__functions.h
[1.092s] -- Up-to-date symlink: /home/propp/Independent_Study/ros_workspace/install/nav2_msgs/include/nav2_msgs/msg/detail/particle__struct.h
[1.093s] -- Up-to-date symlink: /home/propp/Independent_Study/ros_workspace/install/nav2_msgs/include/nav2_msgs/msg/detail/particle__type_support.h
[1.093s] -- Up-to-date symlink: /home/propp/Independent_Study/ros_workspace/install/nav2_msgs/include/nav2_msgs/msg/detail/particle_cloud__functions.h
[1.093s] -- Up-to-date symlink: /home/propp/Independent_Study/ros_workspace/install/nav2_msgs/include/nav2_msgs/msg/detail/particle_cloud__struct.h
[1.093s] -- Up-to-date symlink: /home/propp/Independent_Study/ros_workspace/install/nav2_msgs/include/nav2_msgs/msg/detail/particle_cloud__type_support.h
[1.093s] -- Up-to-date symlink: /home/propp/Independent_Study/ros_workspace/install/nav2_msgs/include/nav2_msgs/msg/detail/voxel_grid__functions.h
[1.094s] -- Up-to-date symlink: /home/propp/Independent_Study/ros_workspace/install/nav2_msgs/include/nav2_msgs/msg/detail/voxel_grid__struct.h
[1.094s] -- Up-to-date symlink: /home/propp/Independent_Study/ros_workspace/install/nav2_msgs/include/nav2_msgs/msg/detail/voxel_grid__type_support.h
[1.094s] -- Up-to-date symlink: /home/propp/Independent_Study/ros_workspace/install/nav2_msgs/include/nav2_msgs/msg/particle.h
[1.094s] -- Up-to-date symlink: /home/propp/Independent_Study/ros_workspace/install/nav2_msgs/include/nav2_msgs/msg/particle_cloud.h
[1.094s] -- Up-to-date symlink: /home/propp/Independent_Study/ros_workspace/install/nav2_msgs/include/nav2_msgs/msg/rosidl_generator_c__visibility_control.h
[1.094s] -- Up-to-date symlink: /home/propp/Independent_Study/ros_workspace/install/nav2_msgs/include/nav2_msgs/msg/voxel_grid.h
[1.095s] -- Up-to-date symlink: /home/propp/Independent_Study/ros_workspace/install/nav2_msgs/include/nav2_msgs/srv/clear_costmap_around_robot.h
[1.095s] -- Up-to-date symlink: /home/propp/Independent_Study/ros_workspace/install/nav2_msgs/include/nav2_msgs/srv/clear_costmap_except_region.h
[1.095s] -- Up-to-date symlink: /home/propp/Independent_Study/ros_workspace/install/nav2_msgs/include/nav2_msgs/srv/clear_entire_costmap.h
[1.095s] -- Up-to-date symlink: /home/propp/Independent_Study/ros_workspace/install/nav2_msgs/include/nav2_msgs/srv/detail/clear_costmap_around_robot__functions.h
[1.095s] -- Up-to-date symlink: /home/propp/Independent_Study/ros_workspace/install/nav2_msgs/include/nav2_msgs/srv/detail/clear_costmap_around_robot__struct.h
[1.095s] -- Up-to-date symlink: /home/propp/Independent_Study/ros_workspace/install/nav2_msgs/include/nav2_msgs/srv/detail/clear_costmap_around_robot__type_support.h
[1.095s] -- Up-to-date symlink: /home/propp/Independent_Study/ros_workspace/install/nav2_msgs/include/nav2_msgs/srv/detail/clear_costmap_except_region__functions.h
[1.095s] -- Up-to-date symlink: /home/propp/Independent_Study/ros_workspace/install/nav2_msgs/include/nav2_msgs/srv/detail/clear_costmap_except_region__struct.h
[1.096s] -- Up-to-date symlink: /home/propp/Independent_Study/ros_workspace/install/nav2_msgs/include/nav2_msgs/srv/detail/clear_costmap_except_region__type_support.h
[1.096s] -- Up-to-date symlink: /home/propp/Independent_Study/ros_workspace/install/nav2_msgs/include/nav2_msgs/srv/detail/clear_entire_costmap__functions.h
[1.096s] -- Up-to-date symlink: /home/propp/Independent_Study/ros_workspace/install/nav2_msgs/include/nav2_msgs/srv/detail/clear_entire_costmap__struct.h
[1.096s] -- Up-to-date symlink: /home/propp/Independent_Study/ros_workspace/install/nav2_msgs/include/nav2_msgs/srv/detail/clear_entire_costmap__type_support.h
[1.096s] -- Up-to-date symlink: /home/propp/Independent_Study/ros_workspace/install/nav2_msgs/include/nav2_msgs/srv/detail/get_costmap__functions.h
[1.096s] -- Up-to-date symlink: /home/propp/Independent_Study/ros_workspace/install/nav2_msgs/include/nav2_msgs/srv/detail/get_costmap__struct.h
[1.096s] -- Up-to-date symlink: /home/propp/Independent_Study/ros_workspace/install/nav2_msgs/include/nav2_msgs/srv/detail/get_costmap__type_support.h
[1.096s] -- Up-to-date symlink: /home/propp/Independent_Study/ros_workspace/install/nav2_msgs/include/nav2_msgs/srv/detail/load_map__functions.h
[1.097s] -- Up-to-date symlink: /home/propp/Independent_Study/ros_workspace/install/nav2_msgs/include/nav2_msgs/srv/detail/load_map__struct.h
[1.097s] -- Up-to-date symlink: /home/propp/Independent_Study/ros_workspace/install/nav2_msgs/include/nav2_msgs/srv/detail/load_map__type_support.h
[1.097s] -- Up-to-date symlink: /home/propp/Independent_Study/ros_workspace/install/nav2_msgs/include/nav2_msgs/srv/detail/manage_lifecycle_nodes__functions.h
[1.097s] -- Up-to-date symlink: /home/propp/Independent_Study/ros_workspace/install/nav2_msgs/include/nav2_msgs/srv/detail/manage_lifecycle_nodes__struct.h
[1.097s] -- Up-to-date symlink: /home/propp/Independent_Study/ros_workspace/install/nav2_msgs/include/nav2_msgs/srv/detail/manage_lifecycle_nodes__type_support.h
[1.097s] -- Up-to-date symlink: /home/propp/Independent_Study/ros_workspace/install/nav2_msgs/include/nav2_msgs/srv/detail/save_map__functions.h
[1.097s] -- Up-to-date symlink: /home/propp/Independent_Study/ros_workspace/install/nav2_msgs/include/nav2_msgs/srv/detail/save_map__struct.h
[1.097s] -- Up-to-date symlink: /home/propp/Independent_Study/ros_workspace/install/nav2_msgs/include/nav2_msgs/srv/detail/save_map__type_support.h
[1.098s] -- Up-to-date symlink: /home/propp/Independent_Study/ros_workspace/install/nav2_msgs/include/nav2_msgs/srv/get_costmap.h
[1.098s] -- Up-to-date symlink: /home/propp/Independent_Study/ros_workspace/install/nav2_msgs/include/nav2_msgs/srv/load_map.h
[1.098s] -- Up-to-date symlink: /home/propp/Independent_Study/ros_workspace/install/nav2_msgs/include/nav2_msgs/srv/manage_lifecycle_nodes.h
[1.098s] -- Up-to-date symlink: /home/propp/Independent_Study/ros_workspace/install/nav2_msgs/include/nav2_msgs/srv/save_map.h
[1.098s] -- Up-to-date symlink: /home/propp/Independent_Study/ros_workspace/install/nav2_msgs/share/nav2_msgs/environment/library_path.sh
[1.099s] -- Up-to-date symlink: /home/propp/Independent_Study/ros_workspace/install/nav2_msgs/share/nav2_msgs/environment/library_path.dsv
[1.100s] -- Up-to-date symlink: /home/propp/Independent_Study/ros_workspace/install/nav2_msgs/include/nav2_msgs/action/back_up__rosidl_typesupport_connext_c.h
[1.100s] -- Up-to-date symlink: /home/propp/Independent_Study/ros_workspace/install/nav2_msgs/include/nav2_msgs/action/compute_path_to_pose__rosidl_typesupport_connext_c.h
[1.100s] -- Up-to-date symlink: /home/propp/Independent_Study/ros_workspace/install/nav2_msgs/include/nav2_msgs/action/dummy_recovery__rosidl_typesupport_connext_c.h
[1.100s] -- Up-to-date symlink: /home/propp/Independent_Study/ros_workspace/install/nav2_msgs/include/nav2_msgs/action/follow_path__rosidl_typesupport_connext_c.h
[1.100s] -- Up-to-date symlink: /home/propp/Independent_Study/ros_workspace/install/nav2_msgs/include/nav2_msgs/action/follow_waypoints__rosidl_typesupport_connext_c.h
[1.101s] -- Up-to-date symlink: /home/propp/Independent_Study/ros_workspace/install/nav2_msgs/include/nav2_msgs/action/navigate_to_pose__rosidl_typesupport_connext_c.h
[1.101s] -- Up-to-date symlink: /home/propp/Independent_Study/ros_workspace/install/nav2_msgs/include/nav2_msgs/action/spin__rosidl_typesupport_connext_c.h
[1.101s] -- Up-to-date symlink: /home/propp/Independent_Study/ros_workspace/install/nav2_msgs/include/nav2_msgs/action/wait__rosidl_typesupport_connext_c.h
[1.101s] -- Up-to-date symlink: /home/propp/Independent_Study/ros_workspace/install/nav2_msgs/include/nav2_msgs/msg/behavior_tree_log__rosidl_typesupport_connext_c.h
[1.101s] -- Up-to-date symlink: /home/propp/Independent_Study/ros_workspace/install/nav2_msgs/include/nav2_msgs/msg/behavior_tree_status_change__rosidl_typesupport_connext_c.h
[1.101s] -- Up-to-date symlink: /home/propp/Independent_Study/ros_workspace/install/nav2_msgs/include/nav2_msgs/msg/costmap__rosidl_typesupport_connext_c.h
[1.101s] -- Up-to-date symlink: /home/propp/Independent_Study/ros_workspace/install/nav2_msgs/include/nav2_msgs/msg/costmap_meta_data__rosidl_typesupport_connext_c.h
[1.101s] -- Up-to-date symlink: /home/propp/Independent_Study/ros_workspace/install/nav2_msgs/include/nav2_msgs/msg/particle__rosidl_typesupport_connext_c.h
[1.102s] -- Up-to-date symlink: /home/propp/Independent_Study/ros_workspace/install/nav2_msgs/include/nav2_msgs/msg/particle_cloud__rosidl_typesupport_connext_c.h
[1.102s] -- Up-to-date symlink: /home/propp/Independent_Study/ros_workspace/install/nav2_msgs/include/nav2_msgs/msg/rosidl_typesupport_connext_c__visibility_control.h
[1.102s] -- Up-to-date symlink: /home/propp/Independent_Study/ros_workspace/install/nav2_msgs/include/nav2_msgs/msg/voxel_grid__rosidl_typesupport_connext_c.h
[1.102s] -- Up-to-date symlink: /home/propp/Independent_Study/ros_workspace/install/nav2_msgs/include/nav2_msgs/srv/clear_costmap_around_robot__rosidl_typesupport_connext_c.h
[1.102s] -- Up-to-date symlink: /home/propp/Independent_Study/ros_workspace/install/nav2_msgs/include/nav2_msgs/srv/clear_costmap_except_region__rosidl_typesupport_connext_c.h
[1.102s] -- Up-to-date symlink: /home/propp/Independent_Study/ros_workspace/install/nav2_msgs/include/nav2_msgs/srv/clear_entire_costmap__rosidl_typesupport_connext_c.h
[1.102s] -- Up-to-date symlink: /home/propp/Independent_Study/ros_workspace/install/nav2_msgs/include/nav2_msgs/srv/get_costmap__rosidl_typesupport_connext_c.h
[1.103s] -- Up-to-date symlink: /home/propp/Independent_Study/ros_workspace/install/nav2_msgs/include/nav2_msgs/srv/load_map__rosidl_typesupport_connext_c.h
[1.103s] -- Up-to-date symlink: /home/propp/Independent_Study/ros_workspace/install/nav2_msgs/include/nav2_msgs/srv/manage_lifecycle_nodes__rosidl_typesupport_connext_c.h
[1.103s] -- Up-to-date symlink: /home/propp/Independent_Study/ros_workspace/install/nav2_msgs/include/nav2_msgs/srv/save_map__rosidl_typesupport_connext_c.h
[1.103s] -- Up-to-date symlink: /home/propp/Independent_Study/ros_workspace/install/nav2_msgs/lib/libnav2_msgs__rosidl_typesupport_connext_c.so
[1.104s] -- Up-to-date symlink: /home/propp/Independent_Study/ros_workspace/install/nav2_msgs/share/nav2_msgs/msg/dds_connext/BehaviorTreeLog_.idl
[1.104s] -- Up-to-date symlink: /home/propp/Independent_Study/ros_workspace/install/nav2_msgs/share/nav2_msgs/msg/dds_connext/BehaviorTreeStatusChange_.idl
[1.104s] -- Up-to-date symlink: /home/propp/Independent_Study/ros_workspace/install/nav2_msgs/share/nav2_msgs/msg/dds_connext/CostmapMetaData_.idl
[1.104s] -- Up-to-date symlink: /home/propp/Independent_Study/ros_workspace/install/nav2_msgs/share/nav2_msgs/msg/dds_connext/Costmap_.idl
[1.104s] -- Up-to-date symlink: /home/propp/Independent_Study/ros_workspace/install/nav2_msgs/share/nav2_msgs/msg/dds_connext/ParticleCloud_.idl
[1.105s] -- Up-to-date symlink: /home/propp/Independent_Study/ros_workspace/install/nav2_msgs/share/nav2_msgs/msg/dds_connext/Particle_.idl
[1.105s] -- Up-to-date symlink: /home/propp/Independent_Study/ros_workspace/install/nav2_msgs/share/nav2_msgs/msg/dds_connext/VoxelGrid_.idl
[1.105s] -- Up-to-date symlink: /home/propp/Independent_Study/ros_workspace/install/nav2_msgs/share/nav2_msgs/srv/dds_connext/ClearCostmapAroundRobot_.idl
[1.105s] -- Up-to-date symlink: /home/propp/Independent_Study/ros_workspace/install/nav2_msgs/share/nav2_msgs/srv/dds_connext/ClearCostmapExceptRegion_.idl
[1.106s] -- Up-to-date symlink: /home/propp/Independent_Study/ros_workspace/install/nav2_msgs/share/nav2_msgs/srv/dds_connext/ClearEntireCostmap_.idl
[1.106s] -- Up-to-date symlink: /home/propp/Independent_Study/ros_workspace/install/nav2_msgs/share/nav2_msgs/srv/dds_connext/GetCostmap_.idl
[1.106s] -- Up-to-date symlink: /home/propp/Independent_Study/ros_workspace/install/nav2_msgs/share/nav2_msgs/srv/dds_connext/LoadMap_.idl
[1.106s] -- Up-to-date symlink: /home/propp/Independent_Study/ros_workspace/install/nav2_msgs/share/nav2_msgs/srv/dds_connext/ManageLifecycleNodes_.idl
[1.106s] -- Up-to-date symlink: /home/propp/Independent_Study/ros_workspace/install/nav2_msgs/share/nav2_msgs/srv/dds_connext/SaveMap_.idl
[1.107s] -- Up-to-date symlink: /home/propp/Independent_Study/ros_workspace/install/nav2_msgs/share/nav2_msgs/action/dds_connext/BackUp_.idl
[1.107s] -- Up-to-date symlink: /home/propp/Independent_Study/ros_workspace/install/nav2_msgs/share/nav2_msgs/action/dds_connext/ComputePathToPose_.idl
[1.107s] -- Up-to-date symlink: /home/propp/Independent_Study/ros_workspace/install/nav2_msgs/share/nav2_msgs/action/dds_connext/DummyRecovery_.idl
[1.107s] -- Up-to-date symlink: /home/propp/Independent_Study/ros_workspace/install/nav2_msgs/share/nav2_msgs/action/dds_connext/FollowPath_.idl
[1.107s] -- Up-to-date symlink: /home/propp/Independent_Study/ros_workspace/install/nav2_msgs/share/nav2_msgs/action/dds_connext/FollowWaypoints_.idl
[1.108s] -- Up-to-date symlink: /home/propp/Independent_Study/ros_workspace/install/nav2_msgs/share/nav2_msgs/action/dds_connext/NavigateToPose_.idl
[1.108s] -- Up-to-date symlink: /home/propp/Independent_Study/ros_workspace/install/nav2_msgs/share/nav2_msgs/action/dds_connext/Spin_.idl
[1.108s] -- Up-to-date symlink: /home/propp/Independent_Study/ros_workspace/install/nav2_msgs/share/nav2_msgs/action/dds_connext/Wait_.idl
[1.111s] -- Up-to-date symlink: /home/propp/Independent_Study/ros_workspace/install/nav2_msgs/include/nav2_msgs/action/back_up__rosidl_typesupport_connext_cpp.hpp
[1.111s] -- Up-to-date symlink: /home/propp/Independent_Study/ros_workspace/install/nav2_msgs/include/nav2_msgs/action/compute_path_to_pose__rosidl_typesupport_connext_cpp.hpp
[1.111s] -- Up-to-date symlink: /home/propp/Independent_Study/ros_workspace/install/nav2_msgs/include/nav2_msgs/action/dds_connext/BackUp_.cxx
[1.111s] -- Up-to-date symlink: /home/propp/Independent_Study/ros_workspace/install/nav2_msgs/include/nav2_msgs/action/dds_connext/BackUp_.h
[1.111s] -- Up-to-date symlink: /home/propp/Independent_Study/ros_workspace/install/nav2_msgs/include/nav2_msgs/action/dds_connext/BackUp_Plugin.cxx
[1.111s] -- Up-to-date symlink: /home/propp/Independent_Study/ros_workspace/install/nav2_msgs/include/nav2_msgs/action/dds_connext/BackUp_Plugin.h
[1.111s] -- Up-to-date symlink: /home/propp/Independent_Study/ros_workspace/install/nav2_msgs/include/nav2_msgs/action/dds_connext/BackUp_Support.cxx
[1.112s] -- Up-to-date symlink: /home/propp/Independent_Study/ros_workspace/install/nav2_msgs/include/nav2_msgs/action/dds_connext/BackUp_Support.h
[1.112s] -- Up-to-date symlink: /home/propp/Independent_Study/ros_workspace/install/nav2_msgs/include/nav2_msgs/action/dds_connext/ComputePathToPose_.cxx
[1.112s] -- Up-to-date symlink: /home/propp/Independent_Study/ros_workspace/install/nav2_msgs/include/nav2_msgs/action/dds_connext/ComputePathToPose_.h
[1.112s] -- Up-to-date symlink: /home/propp/Independent_Study/ros_workspace/install/nav2_msgs/include/nav2_msgs/action/dds_connext/ComputePathToPose_Plugin.cxx
[1.112s] -- Up-to-date symlink: /home/propp/Independent_Study/ros_workspace/install/nav2_msgs/include/nav2_msgs/action/dds_connext/ComputePathToPose_Plugin.h
[1.112s] -- Up-to-date symlink: /home/propp/Independent_Study/ros_workspace/install/nav2_msgs/include/nav2_msgs/action/dds_connext/ComputePathToPose_Support.cxx
[1.113s] -- Up-to-date symlink: /home/propp/Independent_Study/ros_workspace/install/nav2_msgs/include/nav2_msgs/action/dds_connext/ComputePathToPose_Support.h
[1.113s] -- Up-to-date symlink: /home/propp/Independent_Study/ros_workspace/install/nav2_msgs/include/nav2_msgs/action/dds_connext/DummyRecovery_.cxx
[1.113s] -- Up-to-date symlink: /home/propp/Independent_Study/ros_workspace/install/nav2_msgs/include/nav2_msgs/action/dds_connext/DummyRecovery_.h
[1.113s] -- Up-to-date symlink: /home/propp/Independent_Study/ros_workspace/install/nav2_msgs/include/nav2_msgs/action/dds_connext/DummyRecovery_Plugin.cxx
[1.113s] -- Up-to-date symlink: /home/propp/Independent_Study/ros_workspace/install/nav2_msgs/include/nav2_msgs/action/dds_connext/DummyRecovery_Plugin.h
[1.113s] -- Up-to-date symlink: /home/propp/Independent_Study/ros_workspace/install/nav2_msgs/include/nav2_msgs/action/dds_connext/DummyRecovery_Support.cxx
[1.113s] -- Up-to-date symlink: /home/propp/Independent_Study/ros_workspace/install/nav2_msgs/include/nav2_msgs/action/dds_connext/DummyRecovery_Support.h
[1.113s] -- Up-to-date symlink: /home/propp/Independent_Study/ros_workspace/install/nav2_msgs/include/nav2_msgs/action/dds_connext/FollowPath_.cxx
[1.114s] -- Up-to-date symlink: /home/propp/Independent_Study/ros_workspace/install/nav2_msgs/include/nav2_msgs/action/dds_connext/FollowPath_.h
[1.114s] -- Up-to-date symlink: /home/propp/Independent_Study/ros_workspace/install/nav2_msgs/include/nav2_msgs/action/dds_connext/FollowPath_Plugin.cxx
[1.114s] -- Up-to-date symlink: /home/propp/Independent_Study/ros_workspace/install/nav2_msgs/include/nav2_msgs/action/dds_connext/FollowPath_Plugin.h
[1.114s] -- Up-to-date symlink: /home/propp/Independent_Study/ros_workspace/install/nav2_msgs/include/nav2_msgs/action/dds_connext/FollowPath_Support.cxx
[1.114s] -- Up-to-date symlink: /home/propp/Independent_Study/ros_workspace/install/nav2_msgs/include/nav2_msgs/action/dds_connext/FollowPath_Support.h
[1.114s] -- Up-to-date symlink: /home/propp/Independent_Study/ros_workspace/install/nav2_msgs/include/nav2_msgs/action/dds_connext/FollowWaypoints_.cxx
[1.114s] -- Up-to-date symlink: /home/propp/Independent_Study/ros_workspace/install/nav2_msgs/include/nav2_msgs/action/dds_connext/FollowWaypoints_.h
[1.115s] -- Up-to-date symlink: /home/propp/Independent_Study/ros_workspace/install/nav2_msgs/include/nav2_msgs/action/dds_connext/FollowWaypoints_Plugin.cxx
[1.115s] -- Up-to-date symlink: /home/propp/Independent_Study/ros_workspace/install/nav2_msgs/include/nav2_msgs/action/dds_connext/FollowWaypoints_Plugin.h
[1.115s] -- Up-to-date symlink: /home/propp/Independent_Study/ros_workspace/install/nav2_msgs/include/nav2_msgs/action/dds_connext/FollowWaypoints_Support.cxx
[1.115s] -- Up-to-date symlink: /home/propp/Independent_Study/ros_workspace/install/nav2_msgs/include/nav2_msgs/action/dds_connext/FollowWaypoints_Support.h
[1.115s] -- Up-to-date symlink: /home/propp/Independent_Study/ros_workspace/install/nav2_msgs/include/nav2_msgs/action/dds_connext/NavigateToPose_.cxx
[1.115s] -- Up-to-date symlink: /home/propp/Independent_Study/ros_workspace/install/nav2_msgs/include/nav2_msgs/action/dds_connext/NavigateToPose_.h
[1.115s] -- Up-to-date symlink: /home/propp/Independent_Study/ros_workspace/install/nav2_msgs/include/nav2_msgs/action/dds_connext/NavigateToPose_Plugin.cxx
[1.116s] -- Up-to-date symlink: /home/propp/Independent_Study/ros_workspace/install/nav2_msgs/include/nav2_msgs/action/dds_connext/NavigateToPose_Plugin.h
[1.116s] -- Up-to-date symlink: /home/propp/Independent_Study/ros_workspace/install/nav2_msgs/include/nav2_msgs/action/dds_connext/NavigateToPose_Support.cxx
[1.116s] -- Up-to-date symlink: /home/propp/Independent_Study/ros_workspace/install/nav2_msgs/include/nav2_msgs/action/dds_connext/NavigateToPose_Support.h
[1.116s] -- Up-to-date symlink: /home/propp/Independent_Study/ros_workspace/install/nav2_msgs/include/nav2_msgs/action/dds_connext/Spin_.cxx
[1.116s] -- Up-to-date symlink: /home/propp/Independent_Study/ros_workspace/install/nav2_msgs/include/nav2_msgs/action/dds_connext/Spin_.h
[1.116s] -- Up-to-date symlink: /home/propp/Independent_Study/ros_workspace/install/nav2_msgs/include/nav2_msgs/action/dds_connext/Spin_Plugin.cxx
[1.116s] -- Up-to-date symlink: /home/propp/Independent_Study/ros_workspace/install/nav2_msgs/include/nav2_msgs/action/dds_connext/Spin_Plugin.h
[1.117s] -- Up-to-date symlink: /home/propp/Independent_Study/ros_workspace/install/nav2_msgs/include/nav2_msgs/action/dds_connext/Spin_Support.cxx
[1.117s] -- Up-to-date symlink: /home/propp/Independent_Study/ros_workspace/install/nav2_msgs/include/nav2_msgs/action/dds_connext/Spin_Support.h
[1.117s] -- Up-to-date symlink: /home/propp/Independent_Study/ros_workspace/install/nav2_msgs/include/nav2_msgs/action/dds_connext/Wait_.cxx
[1.117s] -- Up-to-date symlink: /home/propp/Independent_Study/ros_workspace/install/nav2_msgs/include/nav2_msgs/action/dds_connext/Wait_.h
[1.117s] -- Up-to-date symlink: /home/propp/Independent_Study/ros_workspace/install/nav2_msgs/include/nav2_msgs/action/dds_connext/Wait_Plugin.cxx
[1.117s] -- Up-to-date symlink: /home/propp/Independent_Study/ros_workspace/install/nav2_msgs/include/nav2_msgs/action/dds_connext/Wait_Plugin.h
[1.118s] -- Up-to-date symlink: /home/propp/Independent_Study/ros_workspace/install/nav2_msgs/include/nav2_msgs/action/dds_connext/Wait_Support.cxx
[1.118s] -- Up-to-date symlink: /home/propp/Independent_Study/ros_workspace/install/nav2_msgs/include/nav2_msgs/action/dds_connext/Wait_Support.h
[1.118s] -- Up-to-date symlink: /home/propp/Independent_Study/ros_workspace/install/nav2_msgs/include/nav2_msgs/action/dummy_recovery__rosidl_typesupport_connext_cpp.hpp
[1.118s] -- Up-to-date symlink: /home/propp/Independent_Study/ros_workspace/install/nav2_msgs/include/nav2_msgs/action/follow_path__rosidl_typesupport_connext_cpp.hpp
[1.118s] -- Up-to-date symlink: /home/propp/Independent_Study/ros_workspace/install/nav2_msgs/include/nav2_msgs/action/follow_waypoints__rosidl_typesupport_connext_cpp.hpp
[1.118s] -- Up-to-date symlink: /home/propp/Independent_Study/ros_workspace/install/nav2_msgs/include/nav2_msgs/action/navigate_to_pose__rosidl_typesupport_connext_cpp.hpp
[1.118s] -- Up-to-date symlink: /home/propp/Independent_Study/ros_workspace/install/nav2_msgs/include/nav2_msgs/action/spin__rosidl_typesupport_connext_cpp.hpp
[1.119s] -- Up-to-date symlink: /home/propp/Independent_Study/ros_workspace/install/nav2_msgs/include/nav2_msgs/action/wait__rosidl_typesupport_connext_cpp.hpp
[1.119s] -- Up-to-date symlink: /home/propp/Independent_Study/ros_workspace/install/nav2_msgs/include/nav2_msgs/msg/behavior_tree_log__rosidl_typesupport_connext_cpp.hpp
[1.119s] -- Up-to-date symlink: /home/propp/Independent_Study/ros_workspace/install/nav2_msgs/include/nav2_msgs/msg/behavior_tree_status_change__rosidl_typesupport_connext_cpp.hpp
[1.119s] -- Up-to-date symlink: /home/propp/Independent_Study/ros_workspace/install/nav2_msgs/include/nav2_msgs/msg/costmap__rosidl_typesupport_connext_cpp.hpp
[1.119s] -- Up-to-date symlink: /home/propp/Independent_Study/ros_workspace/install/nav2_msgs/include/nav2_msgs/msg/costmap_meta_data__rosidl_typesupport_connext_cpp.hpp
[1.119s] -- Up-to-date symlink: /home/propp/Independent_Study/ros_workspace/install/nav2_msgs/include/nav2_msgs/msg/dds_connext/BehaviorTreeLog_.cxx
[1.119s] -- Up-to-date symlink: /home/propp/Independent_Study/ros_workspace/install/nav2_msgs/include/nav2_msgs/msg/dds_connext/BehaviorTreeLog_.h
[1.120s] -- Up-to-date symlink: /home/propp/Independent_Study/ros_workspace/install/nav2_msgs/include/nav2_msgs/msg/dds_connext/BehaviorTreeLog_Plugin.cxx
[1.120s] -- Up-to-date symlink: /home/propp/Independent_Study/ros_workspace/install/nav2_msgs/include/nav2_msgs/msg/dds_connext/BehaviorTreeLog_Plugin.h
[1.120s] -- Up-to-date symlink: /home/propp/Independent_Study/ros_workspace/install/nav2_msgs/include/nav2_msgs/msg/dds_connext/BehaviorTreeLog_Support.cxx
[1.120s] -- Up-to-date symlink: /home/propp/Independent_Study/ros_workspace/install/nav2_msgs/include/nav2_msgs/msg/dds_connext/BehaviorTreeLog_Support.h
[1.120s] -- Up-to-date symlink: /home/propp/Independent_Study/ros_workspace/install/nav2_msgs/include/nav2_msgs/msg/dds_connext/BehaviorTreeStatusChange_.cxx
[1.120s] -- Up-to-date symlink: /home/propp/Independent_Study/ros_workspace/install/nav2_msgs/include/nav2_msgs/msg/dds_connext/BehaviorTreeStatusChange_.h
[1.121s] -- Up-to-date symlink: /home/propp/Independent_Study/ros_workspace/install/nav2_msgs/include/nav2_msgs/msg/dds_connext/BehaviorTreeStatusChange_Plugin.cxx
[1.121s] -- Up-to-date symlink: /home/propp/Independent_Study/ros_workspace/install/nav2_msgs/include/nav2_msgs/msg/dds_connext/BehaviorTreeStatusChange_Plugin.h
[1.121s] -- Up-to-date symlink: /home/propp/Independent_Study/ros_workspace/install/nav2_msgs/include/nav2_msgs/msg/dds_connext/BehaviorTreeStatusChange_Support.cxx
[1.121s] -- Up-to-date symlink: /home/propp/Independent_Study/ros_workspace/install/nav2_msgs/include/nav2_msgs/msg/dds_connext/BehaviorTreeStatusChange_Support.h
[1.121s] -- Up-to-date symlink: /home/propp/Independent_Study/ros_workspace/install/nav2_msgs/include/nav2_msgs/msg/dds_connext/CostmapMetaData_.cxx
[1.121s] -- Up-to-date symlink: /home/propp/Independent_Study/ros_workspace/install/nav2_msgs/include/nav2_msgs/msg/dds_connext/CostmapMetaData_.h
[1.122s] -- Up-to-date symlink: /home/propp/Independent_Study/ros_workspace/install/nav2_msgs/include/nav2_msgs/msg/dds_connext/CostmapMetaData_Plugin.cxx
[1.122s] -- Up-to-date symlink: /home/propp/Independent_Study/ros_workspace/install/nav2_msgs/include/nav2_msgs/msg/dds_connext/CostmapMetaData_Plugin.h
[1.122s] -- Up-to-date symlink: /home/propp/Independent_Study/ros_workspace/install/nav2_msgs/include/nav2_msgs/msg/dds_connext/CostmapMetaData_Support.cxx
[1.122s] -- Up-to-date symlink: /home/propp/Independent_Study/ros_workspace/install/nav2_msgs/include/nav2_msgs/msg/dds_connext/CostmapMetaData_Support.h
[1.122s] -- Up-to-date symlink: /home/propp/Independent_Study/ros_workspace/install/nav2_msgs/include/nav2_msgs/msg/dds_connext/Costmap_.cxx
[1.122s] -- Up-to-date symlink: /home/propp/Independent_Study/ros_workspace/install/nav2_msgs/include/nav2_msgs/msg/dds_connext/Costmap_.h
[1.122s] -- Up-to-date symlink: /home/propp/Independent_Study/ros_workspace/install/nav2_msgs/include/nav2_msgs/msg/dds_connext/Costmap_Plugin.cxx
[1.123s] -- Up-to-date symlink: /home/propp/Independent_Study/ros_workspace/install/nav2_msgs/include/nav2_msgs/msg/dds_connext/Costmap_Plugin.h
[1.123s] -- Up-to-date symlink: /home/propp/Independent_Study/ros_workspace/install/nav2_msgs/include/nav2_msgs/msg/dds_connext/Costmap_Support.cxx
[1.123s] -- Up-to-date symlink: /home/propp/Independent_Study/ros_workspace/install/nav2_msgs/include/nav2_msgs/msg/dds_connext/Costmap_Support.h
[1.123s] -- Up-to-date symlink: /home/propp/Independent_Study/ros_workspace/install/nav2_msgs/include/nav2_msgs/msg/dds_connext/ParticleCloud_.cxx
[1.123s] -- Up-to-date symlink: /home/propp/Independent_Study/ros_workspace/install/nav2_msgs/include/nav2_msgs/msg/dds_connext/ParticleCloud_.h
[1.123s] -- Up-to-date symlink: /home/propp/Independent_Study/ros_workspace/install/nav2_msgs/include/nav2_msgs/msg/dds_connext/ParticleCloud_Plugin.cxx
[1.124s] -- Up-to-date symlink: /home/propp/Independent_Study/ros_workspace/install/nav2_msgs/include/nav2_msgs/msg/dds_connext/ParticleCloud_Plugin.h
[1.124s] -- Up-to-date symlink: /home/propp/Independent_Study/ros_workspace/install/nav2_msgs/include/nav2_msgs/msg/dds_connext/ParticleCloud_Support.cxx
[1.124s] -- Up-to-date symlink: /home/propp/Independent_Study/ros_workspace/install/nav2_msgs/include/nav2_msgs/msg/dds_connext/ParticleCloud_Support.h
[1.124s] -- Up-to-date symlink: /home/propp/Independent_Study/ros_workspace/install/nav2_msgs/include/nav2_msgs/msg/dds_connext/Particle_.cxx
[1.124s] -- Up-to-date symlink: /home/propp/Independent_Study/ros_workspace/install/nav2_msgs/include/nav2_msgs/msg/dds_connext/Particle_.h
[1.124s] -- Up-to-date symlink: /home/propp/Independent_Study/ros_workspace/install/nav2_msgs/include/nav2_msgs/msg/dds_connext/Particle_Plugin.cxx
[1.124s] -- Up-to-date symlink: /home/propp/Independent_Study/ros_workspace/install/nav2_msgs/include/nav2_msgs/msg/dds_connext/Particle_Plugin.h
[1.124s] -- Up-to-date symlink: /home/propp/Independent_Study/ros_workspace/install/nav2_msgs/include/nav2_msgs/msg/dds_connext/Particle_Support.cxx
[1.125s] -- Up-to-date symlink: /home/propp/Independent_Study/ros_workspace/install/nav2_msgs/include/nav2_msgs/msg/dds_connext/Particle_Support.h
[1.125s] -- Up-to-date symlink: /home/propp/Independent_Study/ros_workspace/install/nav2_msgs/include/nav2_msgs/msg/dds_connext/VoxelGrid_.cxx
[1.125s] -- Up-to-date symlink: /home/propp/Independent_Study/ros_workspace/install/nav2_msgs/include/nav2_msgs/msg/dds_connext/VoxelGrid_.h
[1.125s] -- Up-to-date symlink: /home/propp/Independent_Study/ros_workspace/install/nav2_msgs/include/nav2_msgs/msg/dds_connext/VoxelGrid_Plugin.cxx
[1.125s] -- Up-to-date symlink: /home/propp/Independent_Study/ros_workspace/install/nav2_msgs/include/nav2_msgs/msg/dds_connext/VoxelGrid_Plugin.h
[1.125s] -- Up-to-date symlink: /home/propp/Independent_Study/ros_workspace/install/nav2_msgs/include/nav2_msgs/msg/dds_connext/VoxelGrid_Support.cxx
[1.125s] -- Up-to-date symlink: /home/propp/Independent_Study/ros_workspace/install/nav2_msgs/include/nav2_msgs/msg/dds_connext/VoxelGrid_Support.h
[1.125s] -- Up-to-date symlink: /home/propp/Independent_Study/ros_workspace/install/nav2_msgs/include/nav2_msgs/msg/particle__rosidl_typesupport_connext_cpp.hpp
[1.126s] -- Up-to-date symlink: /home/propp/Independent_Study/ros_workspace/install/nav2_msgs/include/nav2_msgs/msg/particle_cloud__rosidl_typesupport_connext_cpp.hpp
[1.126s] -- Up-to-date symlink: /home/propp/Independent_Study/ros_workspace/install/nav2_msgs/include/nav2_msgs/msg/rosidl_typesupport_connext_cpp__visibility_control.h
[1.126s] -- Up-to-date symlink: /home/propp/Independent_Study/ros_workspace/install/nav2_msgs/include/nav2_msgs/msg/voxel_grid__rosidl_typesupport_connext_cpp.hpp
[1.126s] -- Up-to-date symlink: /home/propp/Independent_Study/ros_workspace/install/nav2_msgs/include/nav2_msgs/srv/clear_costmap_around_robot__rosidl_typesupport_connext_cpp.hpp
[1.126s] -- Up-to-date symlink: /home/propp/Independent_Study/ros_workspace/install/nav2_msgs/include/nav2_msgs/srv/clear_costmap_except_region__rosidl_typesupport_connext_cpp.hpp
[1.126s] -- Up-to-date symlink: /home/propp/Independent_Study/ros_workspace/install/nav2_msgs/include/nav2_msgs/srv/clear_entire_costmap__rosidl_typesupport_connext_cpp.hpp
[1.126s] -- Up-to-date symlink: /home/propp/Independent_Study/ros_workspace/install/nav2_msgs/include/nav2_msgs/srv/dds_connext/ClearCostmapAroundRobot_.cxx
[1.126s] -- Up-to-date symlink: /home/propp/Independent_Study/ros_workspace/install/nav2_msgs/include/nav2_msgs/srv/dds_connext/ClearCostmapAroundRobot_.h
[1.127s] -- Up-to-date symlink: /home/propp/Independent_Study/ros_workspace/install/nav2_msgs/include/nav2_msgs/srv/dds_connext/ClearCostmapAroundRobot_Plugin.cxx
[1.127s] -- Up-to-date symlink: /home/propp/Independent_Study/ros_workspace/install/nav2_msgs/include/nav2_msgs/srv/dds_connext/ClearCostmapAroundRobot_Plugin.h
[1.127s] -- Up-to-date symlink: /home/propp/Independent_Study/ros_workspace/install/nav2_msgs/include/nav2_msgs/srv/dds_connext/ClearCostmapAroundRobot_Support.cxx
[1.127s] -- Up-to-date symlink: /home/propp/Independent_Study/ros_workspace/install/nav2_msgs/include/nav2_msgs/srv/dds_connext/ClearCostmapAroundRobot_Support.h
[1.127s] -- Up-to-date symlink: /home/propp/Independent_Study/ros_workspace/install/nav2_msgs/include/nav2_msgs/srv/dds_connext/ClearCostmapExceptRegion_.cxx
[1.127s] -- Up-to-date symlink: /home/propp/Independent_Study/ros_workspace/install/nav2_msgs/include/nav2_msgs/srv/dds_connext/ClearCostmapExceptRegion_.h
[1.128s] -- Up-to-date symlink: /home/propp/Independent_Study/ros_workspace/install/nav2_msgs/include/nav2_msgs/srv/dds_connext/ClearCostmapExceptRegion_Plugin.cxx
[1.128s] -- Up-to-date symlink: /home/propp/Independent_Study/ros_workspace/install/nav2_msgs/include/nav2_msgs/srv/dds_connext/ClearCostmapExceptRegion_Plugin.h
[1.128s] -- Up-to-date symlink: /home/propp/Independent_Study/ros_workspace/install/nav2_msgs/include/nav2_msgs/srv/dds_connext/ClearCostmapExceptRegion_Support.cxx
[1.128s] -- Up-to-date symlink: /home/propp/Independent_Study/ros_workspace/install/nav2_msgs/include/nav2_msgs/srv/dds_connext/ClearCostmapExceptRegion_Support.h
[1.128s] -- Up-to-date symlink: /home/propp/Independent_Study/ros_workspace/install/nav2_msgs/include/nav2_msgs/srv/dds_connext/ClearEntireCostmap_.cxx
[1.128s] -- Up-to-date symlink: /home/propp/Independent_Study/ros_workspace/install/nav2_msgs/include/nav2_msgs/srv/dds_connext/ClearEntireCostmap_.h
[1.128s] -- Up-to-date symlink: /home/propp/Independent_Study/ros_workspace/install/nav2_msgs/include/nav2_msgs/srv/dds_connext/ClearEntireCostmap_Plugin.cxx
[1.128s] -- Up-to-date symlink: /home/propp/Independent_Study/ros_workspace/install/nav2_msgs/include/nav2_msgs/srv/dds_connext/ClearEntireCostmap_Plugin.h
[1.129s] -- Up-to-date symlink: /home/propp/Independent_Study/ros_workspace/install/nav2_msgs/include/nav2_msgs/srv/dds_connext/ClearEntireCostmap_Support.cxx
[1.129s] -- Up-to-date symlink: /home/propp/Independent_Study/ros_workspace/install/nav2_msgs/include/nav2_msgs/srv/dds_connext/ClearEntireCostmap_Support.h
[1.129s] -- Up-to-date symlink: /home/propp/Independent_Study/ros_workspace/install/nav2_msgs/include/nav2_msgs/srv/dds_connext/GetCostmap_.cxx
[1.129s] -- Up-to-date symlink: /home/propp/Independent_Study/ros_workspace/install/nav2_msgs/include/nav2_msgs/srv/dds_connext/GetCostmap_.h
[1.129s] -- Up-to-date symlink: /home/propp/Independent_Study/ros_workspace/install/nav2_msgs/include/nav2_msgs/srv/dds_connext/GetCostmap_Plugin.cxx
[1.130s] -- Up-to-date symlink: /home/propp/Independent_Study/ros_workspace/install/nav2_msgs/include/nav2_msgs/srv/dds_connext/GetCostmap_Plugin.h
[1.130s] -- Up-to-date symlink: /home/propp/Independent_Study/ros_workspace/install/nav2_msgs/include/nav2_msgs/srv/dds_connext/GetCostmap_Support.cxx
[1.130s] -- Up-to-date symlink: /home/propp/Independent_Study/ros_workspace/install/nav2_msgs/include/nav2_msgs/srv/dds_connext/GetCostmap_Support.h
[1.130s] -- Up-to-date symlink: /home/propp/Independent_Study/ros_workspace/install/nav2_msgs/include/nav2_msgs/srv/dds_connext/LoadMap_.cxx
[1.130s] -- Up-to-date symlink: /home/propp/Independent_Study/ros_workspace/install/nav2_msgs/include/nav2_msgs/srv/dds_connext/LoadMap_.h
[1.130s] -- Up-to-date symlink: /home/propp/Independent_Study/ros_workspace/install/nav2_msgs/include/nav2_msgs/srv/dds_connext/LoadMap_Plugin.cxx
[1.130s] -- Up-to-date symlink: /home/propp/Independent_Study/ros_workspace/install/nav2_msgs/include/nav2_msgs/srv/dds_connext/LoadMap_Plugin.h
[1.131s] -- Up-to-date symlink: /home/propp/Independent_Study/ros_workspace/install/nav2_msgs/include/nav2_msgs/srv/dds_connext/LoadMap_Support.cxx
[1.131s] -- Up-to-date symlink: /home/propp/Independent_Study/ros_workspace/install/nav2_msgs/include/nav2_msgs/srv/dds_connext/LoadMap_Support.h
[1.131s] -- Up-to-date symlink: /home/propp/Independent_Study/ros_workspace/install/nav2_msgs/include/nav2_msgs/srv/dds_connext/ManageLifecycleNodes_.cxx
[1.131s] -- Up-to-date symlink: /home/propp/Independent_Study/ros_workspace/install/nav2_msgs/include/nav2_msgs/srv/dds_connext/ManageLifecycleNodes_.h
[1.131s] -- Up-to-date symlink: /home/propp/Independent_Study/ros_workspace/install/nav2_msgs/include/nav2_msgs/srv/dds_connext/ManageLifecycleNodes_Plugin.cxx
[1.131s] -- Up-to-date symlink: /home/propp/Independent_Study/ros_workspace/install/nav2_msgs/include/nav2_msgs/srv/dds_connext/ManageLifecycleNodes_Plugin.h
[1.131s] -- Up-to-date symlink: /home/propp/Independent_Study/ros_workspace/install/nav2_msgs/include/nav2_msgs/srv/dds_connext/ManageLifecycleNodes_Support.cxx
[1.131s] -- Up-to-date symlink: /home/propp/Independent_Study/ros_workspace/install/nav2_msgs/include/nav2_msgs/srv/dds_connext/ManageLifecycleNodes_Support.h
[1.132s] -- Up-to-date symlink: /home/propp/Independent_Study/ros_workspace/install/nav2_msgs/include/nav2_msgs/srv/dds_connext/SaveMap_.cxx
[1.132s] -- Up-to-date symlink: /home/propp/Independent_Study/ros_workspace/install/nav2_msgs/include/nav2_msgs/srv/dds_connext/SaveMap_.h
[1.132s] -- Up-to-date symlink: /home/propp/Independent_Study/ros_workspace/install/nav2_msgs/include/nav2_msgs/srv/dds_connext/SaveMap_Plugin.cxx
[1.132s] -- Up-to-date symlink: /home/propp/Independent_Study/ros_workspace/install/nav2_msgs/include/nav2_msgs/srv/dds_connext/SaveMap_Plugin.h
[1.132s] -- Up-to-date symlink: /home/propp/Independent_Study/ros_workspace/install/nav2_msgs/include/nav2_msgs/srv/dds_connext/SaveMap_Support.cxx
[1.132s] -- Up-to-date symlink: /home/propp/Independent_Study/ros_workspace/install/nav2_msgs/include/nav2_msgs/srv/dds_connext/SaveMap_Support.h
[1.132s] -- Up-to-date symlink: /home/propp/Independent_Study/ros_workspace/install/nav2_msgs/include/nav2_msgs/srv/get_costmap__rosidl_typesupport_connext_cpp.hpp
[1.133s] -- Up-to-date symlink: /home/propp/Independent_Study/ros_workspace/install/nav2_msgs/include/nav2_msgs/srv/load_map__rosidl_typesupport_connext_cpp.hpp
[1.133s] -- Up-to-date symlink: /home/propp/Independent_Study/ros_workspace/install/nav2_msgs/include/nav2_msgs/srv/manage_lifecycle_nodes__rosidl_typesupport_connext_cpp.hpp
[1.133s] -- Up-to-date symlink: /home/propp/Independent_Study/ros_workspace/install/nav2_msgs/include/nav2_msgs/srv/save_map__rosidl_typesupport_connext_cpp.hpp
[1.133s] -- Up-to-date symlink: /home/propp/Independent_Study/ros_workspace/install/nav2_msgs/lib/libnav2_msgs__rosidl_typesupport_connext_cpp.so
[1.134s] -- Up-to-date symlink: /home/propp/Independent_Study/ros_workspace/install/nav2_msgs/include/nav2_msgs/action/detail/back_up__rosidl_typesupport_fastrtps_c.h
[1.135s] -- Up-to-date symlink: /home/propp/Independent_Study/ros_workspace/install/nav2_msgs/include/nav2_msgs/action/detail/compute_path_to_pose__rosidl_typesupport_fastrtps_c.h
[1.135s] -- Up-to-date symlink: /home/propp/Independent_Study/ros_workspace/install/nav2_msgs/include/nav2_msgs/action/detail/dummy_recovery__rosidl_typesupport_fastrtps_c.h
[1.135s] -- Up-to-date symlink: /home/propp/Independent_Study/ros_workspace/install/nav2_msgs/include/nav2_msgs/action/detail/follow_path__rosidl_typesupport_fastrtps_c.h
[1.135s] -- Up-to-date symlink: /home/propp/Independent_Study/ros_workspace/install/nav2_msgs/include/nav2_msgs/action/detail/follow_waypoints__rosidl_typesupport_fastrtps_c.h
[1.135s] -- Up-to-date symlink: /home/propp/Independent_Study/ros_workspace/install/nav2_msgs/include/nav2_msgs/action/detail/navigate_to_pose__rosidl_typesupport_fastrtps_c.h
[1.135s] -- Up-to-date symlink: /home/propp/Independent_Study/ros_workspace/install/nav2_msgs/include/nav2_msgs/action/detail/spin__rosidl_typesupport_fastrtps_c.h
[1.136s] -- Up-to-date symlink: /home/propp/Independent_Study/ros_workspace/install/nav2_msgs/include/nav2_msgs/action/detail/wait__rosidl_typesupport_fastrtps_c.h
[1.136s] -- Up-to-date symlink: /home/propp/Independent_Study/ros_workspace/install/nav2_msgs/include/nav2_msgs/msg/detail/behavior_tree_log__rosidl_typesupport_fastrtps_c.h
[1.136s] -- Up-to-date symlink: /home/propp/Independent_Study/ros_workspace/install/nav2_msgs/include/nav2_msgs/msg/detail/behavior_tree_status_change__rosidl_typesupport_fastrtps_c.h
[1.136s] -- Up-to-date symlink: /home/propp/Independent_Study/ros_workspace/install/nav2_msgs/include/nav2_msgs/msg/detail/costmap__rosidl_typesupport_fastrtps_c.h
[1.136s] -- Up-to-date symlink: /home/propp/Independent_Study/ros_workspace/install/nav2_msgs/include/nav2_msgs/msg/detail/costmap_meta_data__rosidl_typesupport_fastrtps_c.h
[1.136s] -- Up-to-date symlink: /home/propp/Independent_Study/ros_workspace/install/nav2_msgs/include/nav2_msgs/msg/detail/particle__rosidl_typesupport_fastrtps_c.h
[1.136s] -- Up-to-date symlink: /home/propp/Independent_Study/ros_workspace/install/nav2_msgs/include/nav2_msgs/msg/detail/particle_cloud__rosidl_typesupport_fastrtps_c.h
[1.137s] -- Up-to-date symlink: /home/propp/Independent_Study/ros_workspace/install/nav2_msgs/include/nav2_msgs/msg/detail/voxel_grid__rosidl_typesupport_fastrtps_c.h
[1.137s] -- Up-to-date symlink: /home/propp/Independent_Study/ros_workspace/install/nav2_msgs/include/nav2_msgs/msg/rosidl_typesupport_fastrtps_c__visibility_control.h
[1.137s] -- Up-to-date symlink: /home/propp/Independent_Study/ros_workspace/install/nav2_msgs/include/nav2_msgs/srv/detail/clear_costmap_around_robot__rosidl_typesupport_fastrtps_c.h
[1.137s] -- Up-to-date symlink: /home/propp/Independent_Study/ros_workspace/install/nav2_msgs/include/nav2_msgs/srv/detail/clear_costmap_except_region__rosidl_typesupport_fastrtps_c.h
[1.137s] -- Up-to-date symlink: /home/propp/Independent_Study/ros_workspace/install/nav2_msgs/include/nav2_msgs/srv/detail/clear_entire_costmap__rosidl_typesupport_fastrtps_c.h
[1.137s] -- Up-to-date symlink: /home/propp/Independent_Study/ros_workspace/install/nav2_msgs/include/nav2_msgs/srv/detail/get_costmap__rosidl_typesupport_fastrtps_c.h
[1.137s] -- Up-to-date symlink: /home/propp/Independent_Study/ros_workspace/install/nav2_msgs/include/nav2_msgs/srv/detail/load_map__rosidl_typesupport_fastrtps_c.h
[1.138s] -- Up-to-date symlink: /home/propp/Independent_Study/ros_workspace/install/nav2_msgs/include/nav2_msgs/srv/detail/manage_lifecycle_nodes__rosidl_typesupport_fastrtps_c.h
[1.138s] -- Up-to-date symlink: /home/propp/Independent_Study/ros_workspace/install/nav2_msgs/include/nav2_msgs/srv/detail/save_map__rosidl_typesupport_fastrtps_c.h
[1.138s] -- Up-to-date symlink: /home/propp/Independent_Study/ros_workspace/install/nav2_msgs/lib/libnav2_msgs__rosidl_typesupport_fastrtps_c.so
[1.140s] -- Up-to-date symlink: /home/propp/Independent_Study/ros_workspace/install/nav2_msgs/include/nav2_msgs/action/detail/back_up__rosidl_typesupport_fastrtps_cpp.hpp
[1.140s] -- Up-to-date symlink: /home/propp/Independent_Study/ros_workspace/install/nav2_msgs/include/nav2_msgs/action/detail/compute_path_to_pose__rosidl_typesupport_fastrtps_cpp.hpp
[1.140s] -- Up-to-date symlink: /home/propp/Independent_Study/ros_workspace/install/nav2_msgs/include/nav2_msgs/action/detail/dummy_recovery__rosidl_typesupport_fastrtps_cpp.hpp
[1.140s] -- Up-to-date symlink: /home/propp/Independent_Study/ros_workspace/install/nav2_msgs/include/nav2_msgs/action/detail/follow_path__rosidl_typesupport_fastrtps_cpp.hpp
[1.140s] -- Up-to-date symlink: /home/propp/Independent_Study/ros_workspace/install/nav2_msgs/include/nav2_msgs/action/detail/follow_waypoints__rosidl_typesupport_fastrtps_cpp.hpp
[1.141s] -- Up-to-date symlink: /home/propp/Independent_Study/ros_workspace/install/nav2_msgs/include/nav2_msgs/action/detail/navigate_to_pose__rosidl_typesupport_fastrtps_cpp.hpp
[1.141s] -- Up-to-date symlink: /home/propp/Independent_Study/ros_workspace/install/nav2_msgs/include/nav2_msgs/action/detail/spin__rosidl_typesupport_fastrtps_cpp.hpp
[1.141s] -- Up-to-date symlink: /home/propp/Independent_Study/ros_workspace/install/nav2_msgs/include/nav2_msgs/action/detail/wait__rosidl_typesupport_fastrtps_cpp.hpp
[1.141s] -- Up-to-date symlink: /home/propp/Independent_Study/ros_workspace/install/nav2_msgs/include/nav2_msgs/msg/detail/behavior_tree_log__rosidl_typesupport_fastrtps_cpp.hpp
[1.141s] -- Up-to-date symlink: /home/propp/Independent_Study/ros_workspace/install/nav2_msgs/include/nav2_msgs/msg/detail/behavior_tree_status_change__rosidl_typesupport_fastrtps_cpp.hpp
[1.142s] -- Up-to-date symlink: /home/propp/Independent_Study/ros_workspace/install/nav2_msgs/include/nav2_msgs/msg/detail/costmap__rosidl_typesupport_fastrtps_cpp.hpp
[1.142s] -- Up-to-date symlink: /home/propp/Independent_Study/ros_workspace/install/nav2_msgs/include/nav2_msgs/msg/detail/costmap_meta_data__rosidl_typesupport_fastrtps_cpp.hpp
[1.142s] -- Up-to-date symlink: /home/propp/Independent_Study/ros_workspace/install/nav2_msgs/include/nav2_msgs/msg/detail/particle__rosidl_typesupport_fastrtps_cpp.hpp
[1.142s] -- Up-to-date symlink: /home/propp/Independent_Study/ros_workspace/install/nav2_msgs/include/nav2_msgs/msg/detail/particle_cloud__rosidl_typesupport_fastrtps_cpp.hpp
[1.142s] -- Up-to-date symlink: /home/propp/Independent_Study/ros_workspace/install/nav2_msgs/include/nav2_msgs/msg/detail/voxel_grid__rosidl_typesupport_fastrtps_cpp.hpp
[1.142s] -- Up-to-date symlink: /home/propp/Independent_Study/ros_workspace/install/nav2_msgs/include/nav2_msgs/msg/rosidl_typesupport_fastrtps_cpp__visibility_control.h
[1.143s] -- Up-to-date symlink: /home/propp/Independent_Study/ros_workspace/install/nav2_msgs/include/nav2_msgs/srv/detail/clear_costmap_around_robot__rosidl_typesupport_fastrtps_cpp.hpp
[1.143s] -- Up-to-date symlink: /home/propp/Independent_Study/ros_workspace/install/nav2_msgs/include/nav2_msgs/srv/detail/clear_costmap_except_region__rosidl_typesupport_fastrtps_cpp.hpp
[1.143s] -- Up-to-date symlink: /home/propp/Independent_Study/ros_workspace/install/nav2_msgs/include/nav2_msgs/srv/detail/clear_entire_costmap__rosidl_typesupport_fastrtps_cpp.hpp
[1.143s] -- Up-to-date symlink: /home/propp/Independent_Study/ros_workspace/install/nav2_msgs/include/nav2_msgs/srv/detail/get_costmap__rosidl_typesupport_fastrtps_cpp.hpp
[1.143s] -- Up-to-date symlink: /home/propp/Independent_Study/ros_workspace/install/nav2_msgs/include/nav2_msgs/srv/detail/load_map__rosidl_typesupport_fastrtps_cpp.hpp
[1.144s] -- Up-to-date symlink: /home/propp/Independent_Study/ros_workspace/install/nav2_msgs/include/nav2_msgs/srv/detail/manage_lifecycle_nodes__rosidl_typesupport_fastrtps_cpp.hpp
[1.144s] -- Up-to-date symlink: /home/propp/Independent_Study/ros_workspace/install/nav2_msgs/include/nav2_msgs/srv/detail/save_map__rosidl_typesupport_fastrtps_cpp.hpp
[1.144s] -- Up-to-date symlink: /home/propp/Independent_Study/ros_workspace/install/nav2_msgs/lib/libnav2_msgs__rosidl_typesupport_fastrtps_cpp.so
[1.145s] -- Up-to-date symlink: /home/propp/Independent_Study/ros_workspace/install/nav2_msgs/include/nav2_msgs/action/detail/back_up__rosidl_typesupport_introspection_c.h
[1.145s] -- Up-to-date symlink: /home/propp/Independent_Study/ros_workspace/install/nav2_msgs/include/nav2_msgs/action/detail/compute_path_to_pose__rosidl_typesupport_introspection_c.h
[1.145s] -- Up-to-date symlink: /home/propp/Independent_Study/ros_workspace/install/nav2_msgs/include/nav2_msgs/action/detail/dummy_recovery__rosidl_typesupport_introspection_c.h
[1.145s] -- Up-to-date symlink: /home/propp/Independent_Study/ros_workspace/install/nav2_msgs/include/nav2_msgs/action/detail/follow_path__rosidl_typesupport_introspection_c.h
[1.146s] -- Up-to-date symlink: /home/propp/Independent_Study/ros_workspace/install/nav2_msgs/include/nav2_msgs/action/detail/follow_waypoints__rosidl_typesupport_introspection_c.h
[1.146s] -- Up-to-date symlink: /home/propp/Independent_Study/ros_workspace/install/nav2_msgs/include/nav2_msgs/action/detail/navigate_to_pose__rosidl_typesupport_introspection_c.h
[1.146s] -- Up-to-date symlink: /home/propp/Independent_Study/ros_workspace/install/nav2_msgs/include/nav2_msgs/action/detail/spin__rosidl_typesupport_introspection_c.h
[1.146s] -- Up-to-date symlink: /home/propp/Independent_Study/ros_workspace/install/nav2_msgs/include/nav2_msgs/action/detail/wait__rosidl_typesupport_introspection_c.h
[1.147s] -- Up-to-date symlink: /home/propp/Independent_Study/ros_workspace/install/nav2_msgs/include/nav2_msgs/msg/detail/behavior_tree_log__rosidl_typesupport_introspection_c.h
[1.147s] -- Up-to-date symlink: /home/propp/Independent_Study/ros_workspace/install/nav2_msgs/include/nav2_msgs/msg/detail/behavior_tree_status_change__rosidl_typesupport_introspection_c.h
[1.147s] -- Up-to-date symlink: /home/propp/Independent_Study/ros_workspace/install/nav2_msgs/include/nav2_msgs/msg/detail/costmap__rosidl_typesupport_introspection_c.h
[1.147s] -- Up-to-date symlink: /home/propp/Independent_Study/ros_workspace/install/nav2_msgs/include/nav2_msgs/msg/detail/costmap_meta_data__rosidl_typesupport_introspection_c.h
[1.147s] -- Up-to-date symlink: /home/propp/Independent_Study/ros_workspace/install/nav2_msgs/include/nav2_msgs/msg/detail/particle__rosidl_typesupport_introspection_c.h
[1.148s] -- Up-to-date symlink: /home/propp/Independent_Study/ros_workspace/install/nav2_msgs/include/nav2_msgs/msg/detail/particle_cloud__rosidl_typesupport_introspection_c.h
[1.148s] -- Up-to-date symlink: /home/propp/Independent_Study/ros_workspace/install/nav2_msgs/include/nav2_msgs/msg/detail/voxel_grid__rosidl_typesupport_introspection_c.h
[1.148s] -- Up-to-date symlink: /home/propp/Independent_Study/ros_workspace/install/nav2_msgs/include/nav2_msgs/msg/rosidl_typesupport_introspection_c__visibility_control.h
[1.148s] -- Up-to-date symlink: /home/propp/Independent_Study/ros_workspace/install/nav2_msgs/include/nav2_msgs/srv/detail/clear_costmap_around_robot__rosidl_typesupport_introspection_c.h
[1.148s] -- Up-to-date symlink: /home/propp/Independent_Study/ros_workspace/install/nav2_msgs/include/nav2_msgs/srv/detail/clear_costmap_except_region__rosidl_typesupport_introspection_c.h
[1.149s] -- Up-to-date symlink: /home/propp/Independent_Study/ros_workspace/install/nav2_msgs/include/nav2_msgs/srv/detail/clear_entire_costmap__rosidl_typesupport_introspection_c.h
[1.149s] -- Up-to-date symlink: /home/propp/Independent_Study/ros_workspace/install/nav2_msgs/include/nav2_msgs/srv/detail/get_costmap__rosidl_typesupport_introspection_c.h
[1.149s] -- Up-to-date symlink: /home/propp/Independent_Study/ros_workspace/install/nav2_msgs/include/nav2_msgs/srv/detail/load_map__rosidl_typesupport_introspection_c.h
[1.149s] -- Up-to-date symlink: /home/propp/Independent_Study/ros_workspace/install/nav2_msgs/include/nav2_msgs/srv/detail/manage_lifecycle_nodes__rosidl_typesupport_introspection_c.h
[1.150s] -- Up-to-date symlink: /home/propp/Independent_Study/ros_workspace/install/nav2_msgs/include/nav2_msgs/srv/detail/save_map__rosidl_typesupport_introspection_c.h
[1.151s] -- Up-to-date symlink: /home/propp/Independent_Study/ros_workspace/install/nav2_msgs/include/nav2_msgs/action/back_up.hpp
[1.151s] -- Up-to-date symlink: /home/propp/Independent_Study/ros_workspace/install/nav2_msgs/include/nav2_msgs/action/compute_path_to_pose.hpp
[1.151s] -- Up-to-date symlink: /home/propp/Independent_Study/ros_workspace/install/nav2_msgs/include/nav2_msgs/action/detail/back_up__builder.hpp
[1.152s] -- Up-to-date symlink: /home/propp/Independent_Study/ros_workspace/install/nav2_msgs/include/nav2_msgs/action/detail/back_up__struct.hpp
[1.152s] -- Up-to-date symlink: /home/propp/Independent_Study/ros_workspace/install/nav2_msgs/include/nav2_msgs/action/detail/back_up__traits.hpp
[1.152s] -- Up-to-date symlink: /home/propp/Independent_Study/ros_workspace/install/nav2_msgs/include/nav2_msgs/action/detail/compute_path_to_pose__builder.hpp
[1.152s] -- Up-to-date symlink: /home/propp/Independent_Study/ros_workspace/install/nav2_msgs/include/nav2_msgs/action/detail/compute_path_to_pose__struct.hpp
[1.152s] -- Up-to-date symlink: /home/propp/Independent_Study/ros_workspace/install/nav2_msgs/include/nav2_msgs/action/detail/compute_path_to_pose__traits.hpp
[1.153s] -- Up-to-date symlink: /home/propp/Independent_Study/ros_workspace/install/nav2_msgs/include/nav2_msgs/action/detail/dummy_recovery__builder.hpp
[1.153s] -- Up-to-date symlink: /home/propp/Independent_Study/ros_workspace/install/nav2_msgs/include/nav2_msgs/action/detail/dummy_recovery__struct.hpp
[1.153s] -- Up-to-date symlink: /home/propp/Independent_Study/ros_workspace/install/nav2_msgs/include/nav2_msgs/action/detail/dummy_recovery__traits.hpp
[1.153s] -- Up-to-date symlink: /home/propp/Independent_Study/ros_workspace/install/nav2_msgs/include/nav2_msgs/action/detail/follow_path__builder.hpp
[1.153s] -- Up-to-date symlink: /home/propp/Independent_Study/ros_workspace/install/nav2_msgs/include/nav2_msgs/action/detail/follow_path__struct.hpp
[1.153s] -- Up-to-date symlink: /home/propp/Independent_Study/ros_workspace/install/nav2_msgs/include/nav2_msgs/action/detail/follow_path__traits.hpp
[1.153s] -- Up-to-date symlink: /home/propp/Independent_Study/ros_workspace/install/nav2_msgs/include/nav2_msgs/action/detail/follow_waypoints__builder.hpp
[1.153s] -- Up-to-date symlink: /home/propp/Independent_Study/ros_workspace/install/nav2_msgs/include/nav2_msgs/action/detail/follow_waypoints__struct.hpp
[1.154s] -- Up-to-date symlink: /home/propp/Independent_Study/ros_workspace/install/nav2_msgs/include/nav2_msgs/action/detail/follow_waypoints__traits.hpp
[1.154s] -- Up-to-date symlink: /home/propp/Independent_Study/ros_workspace/install/nav2_msgs/include/nav2_msgs/action/detail/navigate_to_pose__builder.hpp
[1.154s] -- Up-to-date symlink: /home/propp/Independent_Study/ros_workspace/install/nav2_msgs/include/nav2_msgs/action/detail/navigate_to_pose__struct.hpp
[1.154s] -- Up-to-date symlink: /home/propp/Independent_Study/ros_workspace/install/nav2_msgs/include/nav2_msgs/action/detail/navigate_to_pose__traits.hpp
[1.154s] -- Up-to-date symlink: /home/propp/Independent_Study/ros_workspace/install/nav2_msgs/include/nav2_msgs/action/detail/spin__builder.hpp
[1.154s] -- Up-to-date symlink: /home/propp/Independent_Study/ros_workspace/install/nav2_msgs/include/nav2_msgs/action/detail/spin__struct.hpp
[1.154s] -- Up-to-date symlink: /home/propp/Independent_Study/ros_workspace/install/nav2_msgs/include/nav2_msgs/action/detail/spin__traits.hpp
[1.155s] -- Up-to-date symlink: /home/propp/Independent_Study/ros_workspace/install/nav2_msgs/include/nav2_msgs/action/detail/wait__builder.hpp
[1.155s] -- Up-to-date symlink: /home/propp/Independent_Study/ros_workspace/install/nav2_msgs/include/nav2_msgs/action/detail/wait__struct.hpp
[1.155s] -- Up-to-date symlink: /home/propp/Independent_Study/ros_workspace/install/nav2_msgs/include/nav2_msgs/action/detail/wait__traits.hpp
[1.155s] -- Up-to-date symlink: /home/propp/Independent_Study/ros_workspace/install/nav2_msgs/include/nav2_msgs/action/dummy_recovery.hpp
[1.155s] -- Up-to-date symlink: /home/propp/Independent_Study/ros_workspace/install/nav2_msgs/include/nav2_msgs/action/follow_path.hpp
[1.156s] -- Up-to-date symlink: /home/propp/Independent_Study/ros_workspace/install/nav2_msgs/include/nav2_msgs/action/follow_waypoints.hpp
[1.156s] -- Up-to-date symlink: /home/propp/Independent_Study/ros_workspace/install/nav2_msgs/include/nav2_msgs/action/navigate_to_pose.hpp
[1.156s] -- Up-to-date symlink: /home/propp/Independent_Study/ros_workspace/install/nav2_msgs/include/nav2_msgs/action/spin.hpp
[1.156s] -- Up-to-date symlink: /home/propp/Independent_Study/ros_workspace/install/nav2_msgs/include/nav2_msgs/action/wait.hpp
[1.156s] -- Up-to-date symlink: /home/propp/Independent_Study/ros_workspace/install/nav2_msgs/include/nav2_msgs/msg/behavior_tree_log.hpp
[1.156s] -- Up-to-date symlink: /home/propp/Independent_Study/ros_workspace/install/nav2_msgs/include/nav2_msgs/msg/behavior_tree_status_change.hpp
[1.156s] -- Up-to-date symlink: /home/propp/Independent_Study/ros_workspace/install/nav2_msgs/include/nav2_msgs/msg/costmap.hpp
[1.157s] -- Up-to-date symlink: /home/propp/Independent_Study/ros_workspace/install/nav2_msgs/include/nav2_msgs/msg/costmap_meta_data.hpp
[1.157s] -- Up-to-date symlink: /home/propp/Independent_Study/ros_workspace/install/nav2_msgs/include/nav2_msgs/msg/detail/behavior_tree_log__builder.hpp
[1.157s] -- Up-to-date symlink: /home/propp/Independent_Study/ros_workspace/install/nav2_msgs/include/nav2_msgs/msg/detail/behavior_tree_log__struct.hpp
[1.157s] -- Up-to-date symlink: /home/propp/Independent_Study/ros_workspace/install/nav2_msgs/include/nav2_msgs/msg/detail/behavior_tree_log__traits.hpp
[1.157s] -- Up-to-date symlink: /home/propp/Independent_Study/ros_workspace/install/nav2_msgs/include/nav2_msgs/msg/detail/behavior_tree_status_change__builder.hpp
[1.157s] -- Up-to-date symlink: /home/propp/Independent_Study/ros_workspace/install/nav2_msgs/include/nav2_msgs/msg/detail/behavior_tree_status_change__struct.hpp
[1.157s] -- Up-to-date symlink: /home/propp/Independent_Study/ros_workspace/install/nav2_msgs/include/nav2_msgs/msg/detail/behavior_tree_status_change__traits.hpp
[1.158s] -- Up-to-date symlink: /home/propp/Independent_Study/ros_workspace/install/nav2_msgs/include/nav2_msgs/msg/detail/costmap__builder.hpp
[1.158s] -- Up-to-date symlink: /home/propp/Independent_Study/ros_workspace/install/nav2_msgs/include/nav2_msgs/msg/detail/costmap__struct.hpp
[1.158s] -- Up-to-date symlink: /home/propp/Independent_Study/ros_workspace/install/nav2_msgs/include/nav2_msgs/msg/detail/costmap__traits.hpp
[1.158s] -- Up-to-date symlink: /home/propp/Independent_Study/ros_workspace/install/nav2_msgs/include/nav2_msgs/msg/detail/costmap_meta_data__builder.hpp
[1.158s] -- Up-to-date symlink: /home/propp/Independent_Study/ros_workspace/install/nav2_msgs/include/nav2_msgs/msg/detail/costmap_meta_data__struct.hpp
[1.159s] -- Up-to-date symlink: /home/propp/Independent_Study/ros_workspace/install/nav2_msgs/include/nav2_msgs/msg/detail/costmap_meta_data__traits.hpp
[1.159s] -- Up-to-date symlink: /home/propp/Independent_Study/ros_workspace/install/nav2_msgs/include/nav2_msgs/msg/detail/particle__builder.hpp
[1.159s] -- Up-to-date symlink: /home/propp/Independent_Study/ros_workspace/install/nav2_msgs/include/nav2_msgs/msg/detail/particle__struct.hpp
[1.159s] -- Up-to-date symlink: /home/propp/Independent_Study/ros_workspace/install/nav2_msgs/include/nav2_msgs/msg/detail/particle__traits.hpp
[1.159s] -- Up-to-date symlink: /home/propp/Independent_Study/ros_workspace/install/nav2_msgs/include/nav2_msgs/msg/detail/particle_cloud__builder.hpp
[1.159s] -- Up-to-date symlink: /home/propp/Independent_Study/ros_workspace/install/nav2_msgs/include/nav2_msgs/msg/detail/particle_cloud__struct.hpp
[1.159s] -- Up-to-date symlink: /home/propp/Independent_Study/ros_workspace/install/nav2_msgs/include/nav2_msgs/msg/detail/particle_cloud__traits.hpp
[1.160s] -- Up-to-date symlink: /home/propp/Independent_Study/ros_workspace/install/nav2_msgs/include/nav2_msgs/msg/detail/voxel_grid__builder.hpp
[1.160s] -- Up-to-date symlink: /home/propp/Independent_Study/ros_workspace/install/nav2_msgs/include/nav2_msgs/msg/detail/voxel_grid__struct.hpp
[1.160s] -- Up-to-date symlink: /home/propp/Independent_Study/ros_workspace/install/nav2_msgs/include/nav2_msgs/msg/detail/voxel_grid__traits.hpp
[1.160s] -- Up-to-date symlink: /home/propp/Independent_Study/ros_workspace/install/nav2_msgs/include/nav2_msgs/msg/particle.hpp
[1.160s] -- Up-to-date symlink: /home/propp/Independent_Study/ros_workspace/install/nav2_msgs/include/nav2_msgs/msg/particle_cloud.hpp
[1.160s] -- Up-to-date symlink: /home/propp/Independent_Study/ros_workspace/install/nav2_msgs/include/nav2_msgs/msg/voxel_grid.hpp
[1.160s] -- Up-to-date symlink: /home/propp/Independent_Study/ros_workspace/install/nav2_msgs/include/nav2_msgs/srv/clear_costmap_around_robot.hpp
[1.160s] -- Up-to-date symlink: /home/propp/Independent_Study/ros_workspace/install/nav2_msgs/include/nav2_msgs/srv/clear_costmap_except_region.hpp
[1.161s] -- Up-to-date symlink: /home/propp/Independent_Study/ros_workspace/install/nav2_msgs/include/nav2_msgs/srv/clear_entire_costmap.hpp
[1.161s] -- Up-to-date symlink: /home/propp/Independent_Study/ros_workspace/install/nav2_msgs/include/nav2_msgs/srv/detail/clear_costmap_around_robot__builder.hpp
[1.161s] -- Up-to-date symlink: /home/propp/Independent_Study/ros_workspace/install/nav2_msgs/include/nav2_msgs/srv/detail/clear_costmap_around_robot__struct.hpp
[1.161s] -- Up-to-date symlink: /home/propp/Independent_Study/ros_workspace/install/nav2_msgs/include/nav2_msgs/srv/detail/clear_costmap_around_robot__traits.hpp
[1.161s] -- Up-to-date symlink: /home/propp/Independent_Study/ros_workspace/install/nav2_msgs/include/nav2_msgs/srv/detail/clear_costmap_except_region__builder.hpp
[1.161s] -- Up-to-date symlink: /home/propp/Independent_Study/ros_workspace/install/nav2_msgs/include/nav2_msgs/srv/detail/clear_costmap_except_region__struct.hpp
[1.161s] -- Up-to-date symlink: /home/propp/Independent_Study/ros_workspace/install/nav2_msgs/include/nav2_msgs/srv/detail/clear_costmap_except_region__traits.hpp
[1.162s] -- Up-to-date symlink: /home/propp/Independent_Study/ros_workspace/install/nav2_msgs/include/nav2_msgs/srv/detail/clear_entire_costmap__builder.hpp
[1.162s] -- Up-to-date symlink: /home/propp/Independent_Study/ros_workspace/install/nav2_msgs/include/nav2_msgs/srv/detail/clear_entire_costmap__struct.hpp
[1.162s] -- Up-to-date symlink: /home/propp/Independent_Study/ros_workspace/install/nav2_msgs/include/nav2_msgs/srv/detail/clear_entire_costmap__traits.hpp
[1.162s] -- Up-to-date symlink: /home/propp/Independent_Study/ros_workspace/install/nav2_msgs/include/nav2_msgs/srv/detail/get_costmap__builder.hpp
[1.162s] -- Up-to-date symlink: /home/propp/Independent_Study/ros_workspace/install/nav2_msgs/include/nav2_msgs/srv/detail/get_costmap__struct.hpp
[1.162s] -- Up-to-date symlink: /home/propp/Independent_Study/ros_workspace/install/nav2_msgs/include/nav2_msgs/srv/detail/get_costmap__traits.hpp
[1.162s] -- Up-to-date symlink: /home/propp/Independent_Study/ros_workspace/install/nav2_msgs/include/nav2_msgs/srv/detail/load_map__builder.hpp
[1.163s] -- Up-to-date symlink: /home/propp/Independent_Study/ros_workspace/install/nav2_msgs/include/nav2_msgs/srv/detail/load_map__struct.hpp
[1.163s] -- Up-to-date symlink: /home/propp/Independent_Study/ros_workspace/install/nav2_msgs/include/nav2_msgs/srv/detail/load_map__traits.hpp
[1.163s] -- Up-to-date symlink: /home/propp/Independent_Study/ros_workspace/install/nav2_msgs/include/nav2_msgs/srv/detail/manage_lifecycle_nodes__builder.hpp
[1.163s] -- Up-to-date symlink: /home/propp/Independent_Study/ros_workspace/install/nav2_msgs/include/nav2_msgs/srv/detail/manage_lifecycle_nodes__struct.hpp
[1.163s] -- Up-to-date symlink: /home/propp/Independent_Study/ros_workspace/install/nav2_msgs/include/nav2_msgs/srv/detail/manage_lifecycle_nodes__traits.hpp
[1.163s] -- Up-to-date symlink: /home/propp/Independent_Study/ros_workspace/install/nav2_msgs/include/nav2_msgs/srv/detail/save_map__builder.hpp
[1.164s] -- Up-to-date symlink: /home/propp/Independent_Study/ros_workspace/install/nav2_msgs/include/nav2_msgs/srv/detail/save_map__struct.hpp
[1.164s] -- Up-to-date symlink: /home/propp/Independent_Study/ros_workspace/install/nav2_msgs/include/nav2_msgs/srv/detail/save_map__traits.hpp
[1.164s] -- Up-to-date symlink: /home/propp/Independent_Study/ros_workspace/install/nav2_msgs/include/nav2_msgs/srv/get_costmap.hpp
[1.164s] -- Up-to-date symlink: /home/propp/Independent_Study/ros_workspace/install/nav2_msgs/include/nav2_msgs/srv/load_map.hpp
[1.164s] -- Up-to-date symlink: /home/propp/Independent_Study/ros_workspace/install/nav2_msgs/include/nav2_msgs/srv/manage_lifecycle_nodes.hpp
[1.164s] -- Up-to-date symlink: /home/propp/Independent_Study/ros_workspace/install/nav2_msgs/include/nav2_msgs/srv/save_map.hpp
[1.165s] -- Up-to-date symlink: /home/propp/Independent_Study/ros_workspace/install/nav2_msgs/include/nav2_msgs/action/detail/back_up__rosidl_typesupport_introspection_cpp.hpp
[1.165s] -- Up-to-date symlink: /home/propp/Independent_Study/ros_workspace/install/nav2_msgs/include/nav2_msgs/action/detail/compute_path_to_pose__rosidl_typesupport_introspection_cpp.hpp
[1.165s] -- Up-to-date symlink: /home/propp/Independent_Study/ros_workspace/install/nav2_msgs/include/nav2_msgs/action/detail/dummy_recovery__rosidl_typesupport_introspection_cpp.hpp
[1.165s] -- Up-to-date symlink: /home/propp/Independent_Study/ros_workspace/install/nav2_msgs/include/nav2_msgs/action/detail/follow_path__rosidl_typesupport_introspection_cpp.hpp
[1.166s] -- Up-to-date symlink: /home/propp/Independent_Study/ros_workspace/install/nav2_msgs/include/nav2_msgs/action/detail/follow_waypoints__rosidl_typesupport_introspection_cpp.hpp
[1.166s] -- Up-to-date symlink: /home/propp/Independent_Study/ros_workspace/install/nav2_msgs/include/nav2_msgs/action/detail/navigate_to_pose__rosidl_typesupport_introspection_cpp.hpp
[1.166s] -- Up-to-date symlink: /home/propp/Independent_Study/ros_workspace/install/nav2_msgs/include/nav2_msgs/action/detail/spin__rosidl_typesupport_introspection_cpp.hpp
[1.166s] -- Up-to-date symlink: /home/propp/Independent_Study/ros_workspace/install/nav2_msgs/include/nav2_msgs/action/detail/wait__rosidl_typesupport_introspection_cpp.hpp
[1.166s] -- Up-to-date symlink: /home/propp/Independent_Study/ros_workspace/install/nav2_msgs/include/nav2_msgs/msg/detail/behavior_tree_log__rosidl_typesupport_introspection_cpp.hpp
[1.166s] -- Up-to-date symlink: /home/propp/Independent_Study/ros_workspace/install/nav2_msgs/include/nav2_msgs/msg/detail/behavior_tree_status_change__rosidl_typesupport_introspection_cpp.hpp
[1.166s] -- Up-to-date symlink: /home/propp/Independent_Study/ros_workspace/install/nav2_msgs/include/nav2_msgs/msg/detail/costmap__rosidl_typesupport_introspection_cpp.hpp
[1.166s] -- Up-to-date symlink: /home/propp/Independent_Study/ros_workspace/install/nav2_msgs/include/nav2_msgs/msg/detail/costmap_meta_data__rosidl_typesupport_introspection_cpp.hpp
[1.167s] -- Up-to-date symlink: /home/propp/Independent_Study/ros_workspace/install/nav2_msgs/include/nav2_msgs/msg/detail/particle__rosidl_typesupport_introspection_cpp.hpp
[1.167s] -- Up-to-date symlink: /home/propp/Independent_Study/ros_workspace/install/nav2_msgs/include/nav2_msgs/msg/detail/particle_cloud__rosidl_typesupport_introspection_cpp.hpp
[1.167s] -- Up-to-date symlink: /home/propp/Independent_Study/ros_workspace/install/nav2_msgs/include/nav2_msgs/msg/detail/voxel_grid__rosidl_typesupport_introspection_cpp.hpp
[1.167s] -- Up-to-date symlink: /home/propp/Independent_Study/ros_workspace/install/nav2_msgs/include/nav2_msgs/srv/detail/clear_costmap_around_robot__rosidl_typesupport_introspection_cpp.hpp
[1.167s] -- Up-to-date symlink: /home/propp/Independent_Study/ros_workspace/install/nav2_msgs/include/nav2_msgs/srv/detail/clear_costmap_except_region__rosidl_typesupport_introspection_cpp.hpp
[1.167s] -- Up-to-date symlink: /home/propp/Independent_Study/ros_workspace/install/nav2_msgs/include/nav2_msgs/srv/detail/clear_entire_costmap__rosidl_typesupport_introspection_cpp.hpp
[1.168s] -- Up-to-date symlink: /home/propp/Independent_Study/ros_workspace/install/nav2_msgs/include/nav2_msgs/srv/detail/get_costmap__rosidl_typesupport_introspection_cpp.hpp
[1.168s] -- Up-to-date symlink: /home/propp/Independent_Study/ros_workspace/install/nav2_msgs/include/nav2_msgs/srv/detail/load_map__rosidl_typesupport_introspection_cpp.hpp
[1.168s] -- Up-to-date symlink: /home/propp/Independent_Study/ros_workspace/install/nav2_msgs/include/nav2_msgs/srv/detail/manage_lifecycle_nodes__rosidl_typesupport_introspection_cpp.hpp
[1.168s] -- Up-to-date symlink: /home/propp/Independent_Study/ros_workspace/install/nav2_msgs/include/nav2_msgs/srv/detail/save_map__rosidl_typesupport_introspection_cpp.hpp
[1.168s] -- Up-to-date symlink: /home/propp/Independent_Study/ros_workspace/install/nav2_msgs/share/nav2_msgs/environment/pythonpath.sh
[1.168s] -- Up-to-date symlink: /home/propp/Independent_Study/ros_workspace/install/nav2_msgs/share/nav2_msgs/environment/pythonpath.dsv
[1.169s] -- Up-to-date symlink: /home/propp/Independent_Study/ros_workspace/install/nav2_msgs/lib/python3.8/site-packages/nav2_msgs/__init__.py
[1.169s] -- Up-to-date symlink: /home/propp/Independent_Study/ros_workspace/install/nav2_msgs/lib/python3.8/site-packages/nav2_msgs/msg/__init__.py
[1.169s] -- Up-to-date symlink: /home/propp/Independent_Study/ros_workspace/install/nav2_msgs/lib/python3.8/site-packages/nav2_msgs/msg/_behavior_tree_log.py
[1.169s] -- Up-to-date symlink: /home/propp/Independent_Study/ros_workspace/install/nav2_msgs/lib/python3.8/site-packages/nav2_msgs/msg/_behavior_tree_status_change.py
[1.169s] -- Up-to-date symlink: /home/propp/Independent_Study/ros_workspace/install/nav2_msgs/lib/python3.8/site-packages/nav2_msgs/msg/_costmap.py
[1.169s] -- Up-to-date symlink: /home/propp/Independent_Study/ros_workspace/install/nav2_msgs/lib/python3.8/site-packages/nav2_msgs/msg/_costmap_meta_data.py
[1.170s] -- Up-to-date symlink: /home/propp/Independent_Study/ros_workspace/install/nav2_msgs/lib/python3.8/site-packages/nav2_msgs/msg/_particle.py
[1.170s] -- Up-to-date symlink: /home/propp/Independent_Study/ros_workspace/install/nav2_msgs/lib/python3.8/site-packages/nav2_msgs/msg/_particle_cloud.py
[1.170s] -- Up-to-date symlink: /home/propp/Independent_Study/ros_workspace/install/nav2_msgs/lib/python3.8/site-packages/nav2_msgs/msg/_voxel_grid.py
[1.170s] -- Up-to-date symlink: /home/propp/Independent_Study/ros_workspace/install/nav2_msgs/lib/python3.8/site-packages/nav2_msgs/srv/__init__.py
[1.171s] -- Up-to-date symlink: /home/propp/Independent_Study/ros_workspace/install/nav2_msgs/lib/python3.8/site-packages/nav2_msgs/srv/_clear_costmap_around_robot.py
[1.171s] -- Up-to-date symlink: /home/propp/Independent_Study/ros_workspace/install/nav2_msgs/lib/python3.8/site-packages/nav2_msgs/srv/_clear_costmap_except_region.py
[1.171s] -- Up-to-date symlink: /home/propp/Independent_Study/ros_workspace/install/nav2_msgs/lib/python3.8/site-packages/nav2_msgs/srv/_clear_entire_costmap.py
[1.171s] -- Up-to-date symlink: /home/propp/Independent_Study/ros_workspace/install/nav2_msgs/lib/python3.8/site-packages/nav2_msgs/srv/_get_costmap.py
[1.171s] -- Up-to-date symlink: /home/propp/Independent_Study/ros_workspace/install/nav2_msgs/lib/python3.8/site-packages/nav2_msgs/srv/_load_map.py
[1.171s] -- Up-to-date symlink: /home/propp/Independent_Study/ros_workspace/install/nav2_msgs/lib/python3.8/site-packages/nav2_msgs/srv/_manage_lifecycle_nodes.py
[1.172s] -- Up-to-date symlink: /home/propp/Independent_Study/ros_workspace/install/nav2_msgs/lib/python3.8/site-packages/nav2_msgs/srv/_save_map.py
[1.172s] -- Up-to-date symlink: /home/propp/Independent_Study/ros_workspace/install/nav2_msgs/lib/python3.8/site-packages/nav2_msgs/action/__init__.py
[1.172s] -- Up-to-date symlink: /home/propp/Independent_Study/ros_workspace/install/nav2_msgs/lib/python3.8/site-packages/nav2_msgs/action/_back_up.py
[1.172s] -- Up-to-date symlink: /home/propp/Independent_Study/ros_workspace/install/nav2_msgs/lib/python3.8/site-packages/nav2_msgs/action/_compute_path_to_pose.py
[1.173s] -- Up-to-date symlink: /home/propp/Independent_Study/ros_workspace/install/nav2_msgs/lib/python3.8/site-packages/nav2_msgs/action/_dummy_recovery.py
[1.173s] -- Up-to-date symlink: /home/propp/Independent_Study/ros_workspace/install/nav2_msgs/lib/python3.8/site-packages/nav2_msgs/action/_follow_path.py
[1.173s] -- Up-to-date symlink: /home/propp/Independent_Study/ros_workspace/install/nav2_msgs/lib/python3.8/site-packages/nav2_msgs/action/_follow_waypoints.py
[1.173s] -- Up-to-date symlink: /home/propp/Independent_Study/ros_workspace/install/nav2_msgs/lib/python3.8/site-packages/nav2_msgs/action/_navigate_to_pose.py
[1.173s] -- Up-to-date symlink: /home/propp/Independent_Study/ros_workspace/install/nav2_msgs/lib/python3.8/site-packages/nav2_msgs/action/_spin.py
[1.173s] -- Up-to-date symlink: /home/propp/Independent_Study/ros_workspace/install/nav2_msgs/lib/python3.8/site-packages/nav2_msgs/action/_wait.py
[1.174s] -- Up-to-date symlink: /home/propp/Independent_Study/ros_workspace/install/nav2_msgs/lib/python3.8/site-packages/nav2_msgs/nav2_msgs_s__rosidl_typesupport_connext_c.cpython-38-x86_64-linux-gnu.so
[1.174s] -- Up-to-date symlink: /home/propp/Independent_Study/ros_workspace/install/nav2_msgs/lib/python3.8/site-packages/nav2_msgs/nav2_msgs_s__rosidl_typesupport_fastrtps_c.cpython-38-x86_64-linux-gnu.so
[1.174s] -- Up-to-date symlink: /home/propp/Independent_Study/ros_workspace/install/nav2_msgs/lib/python3.8/site-packages/nav2_msgs/nav2_msgs_s__rosidl_typesupport_introspection_c.cpython-38-x86_64-linux-gnu.so
[1.175s] -- Up-to-date symlink: /home/propp/Independent_Study/ros_workspace/install/nav2_msgs/lib/python3.8/site-packages/nav2_msgs/nav2_msgs_s__rosidl_typesupport_c.cpython-38-x86_64-linux-gnu.so
[1.175s] -- Up-to-date symlink: /home/propp/Independent_Study/ros_workspace/install/nav2_msgs/lib/libnav2_msgs__python.so
[1.175s] -- Up-to-date symlink: /home/propp/Independent_Study/ros_workspace/install/nav2_msgs/share/nav2_msgs/msg/Costmap.idl
[1.175s] -- Up-to-date symlink: /home/propp/Independent_Study/ros_workspace/install/nav2_msgs/share/nav2_msgs/msg/CostmapMetaData.idl
[1.176s] -- Up-to-date symlink: /home/propp/Independent_Study/ros_workspace/install/nav2_msgs/share/nav2_msgs/msg/VoxelGrid.idl
[1.176s] -- Up-to-date symlink: /home/propp/Independent_Study/ros_workspace/install/nav2_msgs/share/nav2_msgs/msg/BehaviorTreeStatusChange.idl
[1.176s] -- Up-to-date symlink: /home/propp/Independent_Study/ros_workspace/install/nav2_msgs/share/nav2_msgs/msg/BehaviorTreeLog.idl
[1.176s] -- Up-to-date symlink: /home/propp/Independent_Study/ros_workspace/install/nav2_msgs/share/nav2_msgs/msg/Particle.idl
[1.177s] -- Up-to-date symlink: /home/propp/Independent_Study/ros_workspace/install/nav2_msgs/share/nav2_msgs/msg/ParticleCloud.idl
[1.177s] -- Up-to-date symlink: /home/propp/Independent_Study/ros_workspace/install/nav2_msgs/share/nav2_msgs/srv/GetCostmap.idl
[1.177s] -- Up-to-date symlink: /home/propp/Independent_Study/ros_workspace/install/nav2_msgs/share/nav2_msgs/srv/ClearCostmapExceptRegion.idl
[1.177s] -- Up-to-date symlink: /home/propp/Independent_Study/ros_workspace/install/nav2_msgs/share/nav2_msgs/srv/ClearCostmapAroundRobot.idl
[1.178s] -- Up-to-date symlink: /home/propp/Independent_Study/ros_workspace/install/nav2_msgs/share/nav2_msgs/srv/ClearEntireCostmap.idl
[1.178s] -- Up-to-date symlink: /home/propp/Independent_Study/ros_workspace/install/nav2_msgs/share/nav2_msgs/srv/ManageLifecycleNodes.idl
[1.178s] -- Up-to-date symlink: /home/propp/Independent_Study/ros_workspace/install/nav2_msgs/share/nav2_msgs/srv/LoadMap.idl
[1.178s] -- Up-to-date symlink: /home/propp/Independent_Study/ros_workspace/install/nav2_msgs/share/nav2_msgs/srv/SaveMap.idl
[1.179s] -- Up-to-date symlink: /home/propp/Independent_Study/ros_workspace/install/nav2_msgs/share/nav2_msgs/action/BackUp.idl
[1.179s] -- Up-to-date symlink: /home/propp/Independent_Study/ros_workspace/install/nav2_msgs/share/nav2_msgs/action/ComputePathToPose.idl
[1.179s] -- Up-to-date symlink: /home/propp/Independent_Study/ros_workspace/install/nav2_msgs/share/nav2_msgs/action/FollowPath.idl
[1.179s] -- Up-to-date symlink: /home/propp/Independent_Study/ros_workspace/install/nav2_msgs/share/nav2_msgs/action/NavigateToPose.idl
[1.179s] -- Up-to-date symlink: /home/propp/Independent_Study/ros_workspace/install/nav2_msgs/share/nav2_msgs/action/Wait.idl
[1.180s] -- Up-to-date symlink: /home/propp/Independent_Study/ros_workspace/install/nav2_msgs/share/nav2_msgs/action/Spin.idl
[1.180s] -- Up-to-date symlink: /home/propp/Independent_Study/ros_workspace/install/nav2_msgs/share/nav2_msgs/action/DummyRecovery.idl
[1.180s] -- Up-to-date symlink: /home/propp/Independent_Study/ros_workspace/install/nav2_msgs/share/nav2_msgs/action/FollowWaypoints.idl
[1.180s] -- Up-to-date symlink: /home/propp/Independent_Study/ros_workspace/install/nav2_msgs/share/nav2_msgs/msg/Costmap.msg
[1.181s] -- Up-to-date symlink: /home/propp/Independent_Study/ros_workspace/install/nav2_msgs/share/nav2_msgs/msg/CostmapMetaData.msg
[1.181s] -- Up-to-date symlink: /home/propp/Independent_Study/ros_workspace/install/nav2_msgs/share/nav2_msgs/msg/VoxelGrid.msg
[1.181s] -- Up-to-date symlink: /home/propp/Independent_Study/ros_workspace/install/nav2_msgs/share/nav2_msgs/msg/BehaviorTreeStatusChange.msg
[1.181s] -- Up-to-date symlink: /home/propp/Independent_Study/ros_workspace/install/nav2_msgs/share/nav2_msgs/msg/BehaviorTreeLog.msg
[1.181s] -- Up-to-date symlink: /home/propp/Independent_Study/ros_workspace/install/nav2_msgs/share/nav2_msgs/msg/Particle.msg
[1.182s] -- Up-to-date symlink: /home/propp/Independent_Study/ros_workspace/install/nav2_msgs/share/nav2_msgs/msg/ParticleCloud.msg
[1.182s] -- Up-to-date symlink: /home/propp/Independent_Study/ros_workspace/install/nav2_msgs/share/nav2_msgs/srv/GetCostmap.srv
[1.182s] -- Up-to-date symlink: /home/propp/Independent_Study/ros_workspace/install/nav2_msgs/share/nav2_msgs/srv/GetCostmap_Request.msg
[1.182s] -- Up-to-date symlink: /home/propp/Independent_Study/ros_workspace/install/nav2_msgs/share/nav2_msgs/srv/GetCostmap_Response.msg
[1.183s] -- Up-to-date symlink: /home/propp/Independent_Study/ros_workspace/install/nav2_msgs/share/nav2_msgs/srv/ClearCostmapExceptRegion.srv
[1.183s] -- Up-to-date symlink: /home/propp/Independent_Study/ros_workspace/install/nav2_msgs/share/nav2_msgs/srv/ClearCostmapExceptRegion_Request.msg
[1.183s] -- Up-to-date symlink: /home/propp/Independent_Study/ros_workspace/install/nav2_msgs/share/nav2_msgs/srv/ClearCostmapExceptRegion_Response.msg
[1.183s] -- Up-to-date symlink: /home/propp/Independent_Study/ros_workspace/install/nav2_msgs/share/nav2_msgs/srv/ClearCostmapAroundRobot.srv
[1.184s] -- Up-to-date symlink: /home/propp/Independent_Study/ros_workspace/install/nav2_msgs/share/nav2_msgs/srv/ClearCostmapAroundRobot_Request.msg
[1.184s] -- Up-to-date symlink: /home/propp/Independent_Study/ros_workspace/install/nav2_msgs/share/nav2_msgs/srv/ClearCostmapAroundRobot_Response.msg
[1.184s] -- Up-to-date symlink: /home/propp/Independent_Study/ros_workspace/install/nav2_msgs/share/nav2_msgs/srv/ClearEntireCostmap.srv
[1.184s] -- Up-to-date symlink: /home/propp/Independent_Study/ros_workspace/install/nav2_msgs/share/nav2_msgs/srv/ClearEntireCostmap_Request.msg
[1.184s] -- Up-to-date symlink: /home/propp/Independent_Study/ros_workspace/install/nav2_msgs/share/nav2_msgs/srv/ClearEntireCostmap_Response.msg
[1.185s] -- Up-to-date symlink: /home/propp/Independent_Study/ros_workspace/install/nav2_msgs/share/nav2_msgs/srv/ManageLifecycleNodes.srv
[1.185s] -- Up-to-date symlink: /home/propp/Independent_Study/ros_workspace/install/nav2_msgs/share/nav2_msgs/srv/ManageLifecycleNodes_Request.msg
[1.185s] -- Up-to-date symlink: /home/propp/Independent_Study/ros_workspace/install/nav2_msgs/share/nav2_msgs/srv/ManageLifecycleNodes_Response.msg
[1.185s] -- Up-to-date symlink: /home/propp/Independent_Study/ros_workspace/install/nav2_msgs/share/nav2_msgs/srv/LoadMap.srv
[1.185s] -- Up-to-date symlink: /home/propp/Independent_Study/ros_workspace/install/nav2_msgs/share/nav2_msgs/srv/LoadMap_Request.msg
[1.186s] -- Up-to-date symlink: /home/propp/Independent_Study/ros_workspace/install/nav2_msgs/share/nav2_msgs/srv/LoadMap_Response.msg
[1.186s] -- Up-to-date symlink: /home/propp/Independent_Study/ros_workspace/install/nav2_msgs/share/nav2_msgs/srv/SaveMap.srv
[1.186s] -- Up-to-date symlink: /home/propp/Independent_Study/ros_workspace/install/nav2_msgs/share/nav2_msgs/srv/SaveMap_Request.msg
[1.186s] -- Up-to-date symlink: /home/propp/Independent_Study/ros_workspace/install/nav2_msgs/share/nav2_msgs/srv/SaveMap_Response.msg
[1.186s] -- Up-to-date symlink: /home/propp/Independent_Study/ros_workspace/install/nav2_msgs/share/nav2_msgs/action/BackUp.action
[1.187s] -- Up-to-date symlink: /home/propp/Independent_Study/ros_workspace/install/nav2_msgs/share/nav2_msgs/action/ComputePathToPose.action
[1.187s] -- Up-to-date symlink: /home/propp/Independent_Study/ros_workspace/install/nav2_msgs/share/nav2_msgs/action/FollowPath.action
[1.187s] -- Up-to-date symlink: /home/propp/Independent_Study/ros_workspace/install/nav2_msgs/share/nav2_msgs/action/NavigateToPose.action
[1.187s] -- Up-to-date symlink: /home/propp/Independent_Study/ros_workspace/install/nav2_msgs/share/nav2_msgs/action/Wait.action
[1.188s] -- Up-to-date symlink: /home/propp/Independent_Study/ros_workspace/install/nav2_msgs/share/nav2_msgs/action/Spin.action
[1.188s] -- Up-to-date symlink: /home/propp/Independent_Study/ros_workspace/install/nav2_msgs/share/nav2_msgs/action/DummyRecovery.action
[1.188s] -- Up-to-date symlink: /home/propp/Independent_Study/ros_workspace/install/nav2_msgs/share/nav2_msgs/action/FollowWaypoints.action
[1.188s] -- Up-to-date symlink: /home/propp/Independent_Study/ros_workspace/install/nav2_msgs/share/ament_index/resource_index/package_run_dependencies/nav2_msgs
[1.188s] -- Up-to-date symlink: /home/propp/Independent_Study/ros_workspace/install/nav2_msgs/share/ament_index/resource_index/parent_prefix_path/nav2_msgs
[1.189s] -- Up-to-date symlink: /home/propp/Independent_Study/ros_workspace/install/nav2_msgs/share/nav2_msgs/environment/ament_prefix_path.sh
[1.189s] -- Up-to-date symlink: /home/propp/Independent_Study/ros_workspace/install/nav2_msgs/share/nav2_msgs/environment/ament_prefix_path.dsv
[1.189s] -- Up-to-date symlink: /home/propp/Independent_Study/ros_workspace/install/nav2_msgs/share/nav2_msgs/environment/path.sh
[1.189s] -- Up-to-date symlink: /home/propp/Independent_Study/ros_workspace/install/nav2_msgs/share/nav2_msgs/environment/path.dsv
[1.189s] -- Up-to-date symlink: /home/propp/Independent_Study/ros_workspace/install/nav2_msgs/share/nav2_msgs/local_setup.bash
[1.190s] -- Up-to-date symlink: /home/propp/Independent_Study/ros_workspace/install/nav2_msgs/share/nav2_msgs/local_setup.sh
[1.190s] -- Up-to-date symlink: /home/propp/Independent_Study/ros_workspace/install/nav2_msgs/share/nav2_msgs/local_setup.zsh
[1.190s] -- Up-to-date symlink: /home/propp/Independent_Study/ros_workspace/install/nav2_msgs/share/nav2_msgs/local_setup.dsv
[1.191s] -- Symlinking: /home/propp/Independent_Study/ros_workspace/install/nav2_msgs/share/nav2_msgs/package.dsv
[1.201s] -- Up-to-date symlink: /home/propp/Independent_Study/ros_workspace/install/nav2_msgs/share/ament_index/resource_index/packages/nav2_msgs
[1.201s] -- Up-to-date symlink: /home/propp/Independent_Study/ros_workspace/install/nav2_msgs/share/nav2_msgs/cmake/rosidl_cmake-extras.cmake
[1.201s] -- Up-to-date symlink: /home/propp/Independent_Study/ros_workspace/install/nav2_msgs/share/nav2_msgs/cmake/ament_cmake_export_dependencies-extras.cmake
[1.201s] -- Up-to-date symlink: /home/propp/Independent_Study/ros_workspace/install/nav2_msgs/share/nav2_msgs/cmake/ament_cmake_export_libraries-extras.cmake
[1.201s] -- Up-to-date symlink: /home/propp/Independent_Study/ros_workspace/install/nav2_msgs/share/nav2_msgs/cmake/ament_cmake_export_targets-extras.cmake
[1.202s] -- Up-to-date symlink: /home/propp/Independent_Study/ros_workspace/install/nav2_msgs/share/nav2_msgs/cmake/ament_cmake_export_include_directories-extras.cmake
[1.202s] -- Up-to-date symlink: /home/propp/Independent_Study/ros_workspace/install/nav2_msgs/share/nav2_msgs/cmake/rosidl_cmake_export_typesupport_libraries-extras.cmake
[1.202s] -- Up-to-date symlink: /home/propp/Independent_Study/ros_workspace/install/nav2_msgs/share/nav2_msgs/cmake/rosidl_cmake_export_typesupport_targets-extras.cmake
[1.202s] -- Up-to-date symlink: /home/propp/Independent_Study/ros_workspace/install/nav2_msgs/share/nav2_msgs/cmake/nav2_msgsConfig.cmake
[1.203s] -- Up-to-date symlink: /home/propp/Independent_Study/ros_workspace/install/nav2_msgs/share/nav2_msgs/cmake/nav2_msgsConfig-version.cmake
[1.203s] -- Up-to-date symlink: /home/propp/Independent_Study/ros_workspace/install/nav2_msgs/share/nav2_msgs/package.xml
[1.203s] -- Up-to-date: /home/propp/Independent_Study/ros_workspace/install/nav2_msgs/lib/libnav2_msgs__rosidl_generator_c.so
[1.203s] -- Up-to-date: /home/propp/Independent_Study/ros_workspace/install/nav2_msgs/lib/libnav2_msgs__rosidl_typesupport_introspection_c.so
[1.204s] -- Up-to-date: /home/propp/Independent_Study/ros_workspace/install/nav2_msgs/lib/libnav2_msgs__rosidl_typesupport_c.so
[1.204s] -- Up-to-date: /home/propp/Independent_Study/ros_workspace/install/nav2_msgs/lib/libnav2_msgs__rosidl_typesupport_introspection_cpp.so
[1.204s] -- Up-to-date: /home/propp/Independent_Study/ros_workspace/install/nav2_msgs/lib/libnav2_msgs__rosidl_typesupport_cpp.so
[1.230s] -- Up-to-date: /home/propp/Independent_Study/ros_workspace/install/nav2_msgs/share/nav2_msgs/cmake/nav2_msgs__rosidl_generator_cExport.cmake
[1.231s] -- Up-to-date: /home/propp/Independent_Study/ros_workspace/install/nav2_msgs/share/nav2_msgs/cmake/nav2_msgs__rosidl_generator_cExport-release.cmake
[1.231s] -- Up-to-date: /home/propp/Independent_Study/ros_workspace/install/nav2_msgs/share/nav2_msgs/cmake/nav2_msgs__rosidl_typesupport_introspection_cExport.cmake
[1.231s] -- Up-to-date: /home/propp/Independent_Study/ros_workspace/install/nav2_msgs/share/nav2_msgs/cmake/nav2_msgs__rosidl_typesupport_introspection_cExport-release.cmake
[1.231s] -- Up-to-date: /home/propp/Independent_Study/ros_workspace/install/nav2_msgs/share/nav2_msgs/cmake/nav2_msgs__rosidl_typesupport_cExport.cmake
[1.231s] -- Up-to-date: /home/propp/Independent_Study/ros_workspace/install/nav2_msgs/share/nav2_msgs/cmake/nav2_msgs__rosidl_typesupport_cExport-release.cmake
[1.231s] -- Up-to-date: /home/propp/Independent_Study/ros_workspace/install/nav2_msgs/share/nav2_msgs/cmake/nav2_msgs__rosidl_generator_cppExport.cmake
[1.231s] -- Up-to-date: /home/propp/Independent_Study/ros_workspace/install/nav2_msgs/share/nav2_msgs/cmake/nav2_msgs__rosidl_typesupport_introspection_cppExport.cmake
[1.231s] -- Up-to-date: /home/propp/Independent_Study/ros_workspace/install/nav2_msgs/share/nav2_msgs/cmake/nav2_msgs__rosidl_typesupport_introspection_cppExport-release.cmake
[1.231s] -- Up-to-date: /home/propp/Independent_Study/ros_workspace/install/nav2_msgs/share/nav2_msgs/cmake/nav2_msgs__rosidl_typesupport_cppExport.cmake
[1.231s] -- Up-to-date: /home/propp/Independent_Study/ros_workspace/install/nav2_msgs/share/nav2_msgs/cmake/nav2_msgs__rosidl_typesupport_cppExport-release.cmake
[1.234s] Invoked command in '/home/propp/Independent_Study/ros_workspace/build/nav2_msgs' returned '0': AMENT_PREFIX_PATH=/home/propp/Independent_Study/ros_workspace/install/nav2_common:${AMENT_PREFIX_PATH} CMAKE_PREFIX_PATH=/home/propp/Independent_Study/ros_workspace/install/nav2_common:${CMAKE_PREFIX_PATH} PYTHONPATH=/home/propp/Independent_Study/ros_workspace/install/nav2_common/lib/python3.8/site-packages:${PYTHONPATH} /usr/bin/cmake --install /home/propp/Independent_Study/ros_workspace/build/nav2_msgs
