-- The C compiler identification is GNU 9.3.0
-- The CXX compiler identification is GNU 9.3.0
-- Check for working C compiler: /usr/bin/cc
-- Check for working C compiler: /usr/bin/cc -- works
-- Detecting C compiler ABI info
-- Detecting C compiler ABI info - done
-- Detecting C compile features
-- Detecting C compile features - done
-- Check for working CXX compiler: /usr/bin/c++
-- Check for working CXX compiler: /usr/bin/c++ -- works
-- Detecting CXX compiler ABI info
-- Detecting CXX compiler ABI info - done
-- Detecting CXX compile features
-- Detecting CXX compile features - done
-- Found ament_cmake: 0.9.7 (/home/propp/ros2_foxy/ros2-linux/share/ament_cmake/cmake)
-- Found PythonInterp: /usr/bin/python3 (found suitable version "3.8.5", minimum required is "3") 
-- Using PYTHON_EXECUTABLE: /usr/bin/python3
-- Override CMake install command with custom implementation using symlinks instead of copying resources
-- Found nav2_common: 0.4.5 (/home/propp/Independent_Study/ros_workspace/install/nav2_common/share/nav2_common/cmake)
-- Found rclcpp: 2.2.0 (/home/propp/ros2_foxy/ros2-linux/share/rclcpp/cmake)
-- Using all available rosidl_typesupport_c: rosidl_typesupport_connext_c;rosidl_typesupport_fastrtps_c;rosidl_typesupport_introspection_c
-- Found rosidl_adapter: 1.1.0 (/home/propp/ros2_foxy/ros2-linux/share/rosidl_adapter/cmake)
-- Found RTI Connext: /opt/rti.com/rti_connext_dds-5.3.1
-- Found OpenSSL: /usr/lib/x86_64-linux-gnu/libcrypto.so (found version "1.1.1f")  
-- Found FastRTPS: /home/propp/ros2_foxy/ros2-linux/include  
-- Using all available rosidl_typesupport_cpp: rosidl_typesupport_connext_cpp;rosidl_typesupport_fastrtps_cpp;rosidl_typesupport_introspection_cpp
-- Found rmw_implementation_cmake: 1.0.1 (/home/propp/ros2_foxy/ros2-linux/share/rmw_implementation_cmake/cmake)
-- Using RMW implementation 'rmw_fastrtps_cpp' as default
-- Looking for pthread.h
-- Looking for pthread.h - found
-- Performing Test CMAKE_HAVE_LIBC_PTHREAD
-- Performing Test CMAKE_HAVE_LIBC_PTHREAD - Failed
-- Looking for pthread_create in pthreads
-- Looking for pthread_create in pthreads - not found
-- Looking for pthread_create in pthread
-- Looking for pthread_create in pthread - found
-- Found Threads: TRUE  
-- Found rclcpp_action: 2.2.0 (/home/propp/ros2_foxy/ros2-linux/share/rclcpp_action/cmake)
-- Found rclcpp_lifecycle: 2.2.0 (/home/propp/ros2_foxy/ros2-linux/share/rclcpp_lifecycle/cmake)
-- Found nav_msgs: 2.0.3 (/home/propp/ros2_foxy/ros2-linux/share/nav_msgs/cmake)
-- Found nav2_msgs: 0.4.5 (/home/propp/Independent_Study/ros_workspace/install/nav2_msgs/share/nav2_msgs/cmake)
-- Found nav2_util: 0.4.5 (/home/propp/Independent_Study/ros_workspace/install/nav2_util/share/nav2_util/cmake)
-- Found eigen3_cmake_module: 0.1.1 (/home/propp/ros2_foxy/ros2-linux/share/eigen3_cmake_module/cmake)
-- Found Eigen3: TRUE (found version "3.3.7") 
-- Setting build type to Release as none was specified.
-- Found ament_lint_auto: 0.9.5 (/home/propp/ros2_foxy/ros2-linux/share/ament_lint_auto/cmake)
-- Added test 'copyright' to check source files copyright and LICENSE
-- Added test 'cppcheck' to perform static code analysis on C / C++ code
-- Configured cppcheck include dirs: /home/propp/Independent_Study/ros_workspace/src/navigation2/nav2_waypoint_follower/include
-- Configured cppcheck exclude dirs and/or files: 
-- Added test 'cpplint' to check C / C++ code against the Google style
-- Configured cpplint exclude dirs and/or files: 
-- Added test 'lint_cmake' to check CMake code style
-- Added test 'uncrustify' to check C / C++ code style
-- Configured uncrustify additional arguments: 
-- Added test 'xmllint' to check XML markup files
-- Configuring done
-- Generating done
-- Build files have been written to: /home/propp/Independent_Study/ros_workspace/build/nav2_waypoint_follower
