[0.033s] Invoking command in '/home/propp/Independent_Study/ros_workspace/build/nav2_waypoint_follower': AMENT_PREFIX_PATH=/home/propp/Independent_Study/ros_workspace/install/nav2_util:/home/propp/Independent_Study/ros_workspace/install/nav2_msgs:/home/propp/Independent_Study/ros_workspace/install/nav2_common:${AMENT_PREFIX_PATH} CMAKE_PREFIX_PATH=/home/propp/Independent_Study/ros_workspace/install/nav2_util:/home/propp/Independent_Study/ros_workspace/install/nav2_msgs:/home/propp/Independent_Study/ros_workspace/install/nav2_common:/home/propp/Independent_Study/first_ros_package/src/first_ros_package/install/first_ros_package:/home/propp/ros2_foxy/ros2-linux:/home/propp/Independent_Study/src/Test_Ros/install/my_package LD_LIBRARY_PATH=/home/propp/Independent_Study/ros_workspace/install/nav2_util/lib:/home/propp/Independent_Study/ros_workspace/install/nav2_msgs/lib:${LD_LIBRARY_PATH} PYTHONPATH=/home/propp/Independent_Study/ros_workspace/install/nav2_msgs/lib/python3.8/site-packages:/home/propp/Independent_Study/ros_workspace/install/nav2_common/lib/python3.8/site-packages:${PYTHONPATH} /usr/bin/cmake /home/propp/Independent_Study/ros_workspace/src/navigation2/nav2_waypoint_follower -DAMENT_CMAKE_SYMLINK_INSTALL=1 -DCMAKE_INSTALL_PREFIX=/home/propp/Independent_Study/ros_workspace/install/nav2_waypoint_follower
[0.096s] -- The C compiler identification is GNU 9.3.0
[0.156s] -- The CXX compiler identification is GNU 9.3.0
[0.162s] -- Check for working C compiler: /usr/bin/cc
[0.243s] -- Check for working C compiler: /usr/bin/cc -- works
[0.244s] -- Detecting C compiler ABI info
[0.326s] -- Detecting C compiler ABI info - done
[0.340s] -- Detecting C compile features
[0.340s] -- Detecting C compile features - done
[0.343s] -- Check for working CXX compiler: /usr/bin/c++
[0.435s] -- Check for working CXX compiler: /usr/bin/c++ -- works
[0.436s] -- Detecting CXX compiler ABI info
[0.530s] -- Detecting CXX compiler ABI info - done
[0.544s] -- Detecting CXX compile features
[0.545s] -- Detecting CXX compile features - done
[0.548s] -- Found ament_cmake: 0.9.7 (/home/propp/ros2_foxy/ros2-linux/share/ament_cmake/cmake)
[0.571s] -- Found PythonInterp: /usr/bin/python3 (found suitable version "3.8.5", minimum required is "3") 
[0.571s] -- Using PYTHON_EXECUTABLE: /usr/bin/python3
[0.744s] -- Override CMake install command with custom implementation using symlinks instead of copying resources
[0.763s] -- Found nav2_common: 0.4.5 (/home/propp/Independent_Study/ros_workspace/install/nav2_common/share/nav2_common/cmake)
[0.765s] -- Found rclcpp: 2.2.0 (/home/propp/ros2_foxy/ros2-linux/share/rclcpp/cmake)
[0.793s] -- Using all available rosidl_typesupport_c: rosidl_typesupport_connext_c;rosidl_typesupport_fastrtps_c;rosidl_typesupport_introspection_c
[0.799s] -- Found rosidl_adapter: 1.1.0 (/home/propp/ros2_foxy/ros2-linux/share/rosidl_adapter/cmake)
[0.803s] -- Found RTI Connext: /opt/rti.com/rti_connext_dds-5.3.1
[1.752s] -- Found OpenSSL: /usr/lib/x86_64-linux-gnu/libcrypto.so (found version "1.1.1f")  
[1.774s] -- Found FastRTPS: /home/propp/ros2_foxy/ros2-linux/include  
[1.859s] -- Using all available rosidl_typesupport_cpp: rosidl_typesupport_connext_cpp;rosidl_typesupport_fastrtps_cpp;rosidl_typesupport_introspection_cpp
[1.940s] -- Found rmw_implementation_cmake: 1.0.1 (/home/propp/ros2_foxy/ros2-linux/share/rmw_implementation_cmake/cmake)
[1.942s] -- Using RMW implementation 'rmw_fastrtps_cpp' as default
[1.943s] -- Looking for pthread.h
[2.021s] -- Looking for pthread.h - found
[2.021s] -- Performing Test CMAKE_HAVE_LIBC_PTHREAD
[2.100s] -- Performing Test CMAKE_HAVE_LIBC_PTHREAD - Failed
[2.100s] -- Looking for pthread_create in pthreads
[2.162s] -- Looking for pthread_create in pthreads - not found
[2.162s] -- Looking for pthread_create in pthread
[2.228s] -- Looking for pthread_create in pthread - found
[2.229s] -- Found Threads: TRUE  
[2.318s] -- Found rclcpp_action: 2.2.0 (/home/propp/ros2_foxy/ros2-linux/share/rclcpp_action/cmake)
[2.398s] -- Found rclcpp_lifecycle: 2.2.0 (/home/propp/ros2_foxy/ros2-linux/share/rclcpp_lifecycle/cmake)
[2.425s] -- Found nav_msgs: 2.0.3 (/home/propp/ros2_foxy/ros2-linux/share/nav_msgs/cmake)
[2.559s] -- Found nav2_msgs: 0.4.5 (/home/propp/Independent_Study/ros_workspace/install/nav2_msgs/share/nav2_msgs/cmake)
[2.796s] -- Found nav2_util: 0.4.5 (/home/propp/Independent_Study/ros_workspace/install/nav2_util/share/nav2_util/cmake)
[3.114s] -- Found eigen3_cmake_module: 0.1.1 (/home/propp/ros2_foxy/ros2-linux/share/eigen3_cmake_module/cmake)
[3.117s] -- Found Eigen3: TRUE (found version "3.3.7") 
[3.239s] -- Setting build type to Release as none was specified.
[3.520s] -- Found ament_lint_auto: 0.9.5 (/home/propp/ros2_foxy/ros2-linux/share/ament_lint_auto/cmake)
[3.584s] -- Added test 'copyright' to check source files copyright and LICENSE
[3.586s] -- Added test 'cppcheck' to perform static code analysis on C / C++ code
[3.586s] -- Configured cppcheck include dirs: /home/propp/Independent_Study/ros_workspace/src/navigation2/nav2_waypoint_follower/include
[3.586s] -- Configured cppcheck exclude dirs and/or files: 
[3.587s] -- Added test 'cpplint' to check C / C++ code against the Google style
[3.587s] -- Configured cpplint exclude dirs and/or files: 
[3.588s] -- Added test 'lint_cmake' to check CMake code style
[3.589s] -- Added test 'uncrustify' to check C / C++ code style
[3.589s] -- Configured uncrustify additional arguments: 
[3.590s] -- Added test 'xmllint' to check XML markup files
[3.596s] -- Configuring done
[3.675s] -- Generating done
[3.676s] -- Build files have been written to: /home/propp/Independent_Study/ros_workspace/build/nav2_waypoint_follower
